2020-05-06 20:00:49.584 INFO  [restartedMain]com.hnxx.zy.clms.ClmsApplication.logStarting:55 -Starting ClmsApplication on USER-20200114VO with PID 10696 (E:\ideaProject\clms\target\classes started by Administrator in E:\ideaProject\clms)
2020-05-06 20:00:49.591 DEBUG [restartedMain]com.hnxx.zy.clms.ClmsApplication.logStarting:56 -Running with Spring Boot v2.2.5.RELEASE, Spring v5.2.4.RELEASE
2020-05-06 20:00:49.609 INFO  [restartedMain]com.hnxx.zy.clms.ClmsApplication.logStartupProfileInfo:651 -No active profile set, falling back to default profiles: default
2020-05-06 20:00:49.684 INFO  [restartedMain]org.springframework.boot.devtools.restart.ChangeableUrls.logTo:225 -The Class-Path manifest attribute in E:\安装包\个人仓库\repo\com\sun\xml\bind\jaxb-impl\2.3.0\jaxb-impl-2.3.0.jar referenced one or more files that do not exist: file:/E:/%e5%ae%89%e8%a3%85%e5%8c%85/%e4%b8%aa%e4%ba%ba%e4%bb%93%e5%ba%93/repo/com/sun/xml/bind/jaxb-impl/2.3.0/jaxb-core.jar
2020-05-06 20:00:49.686 INFO  [restartedMain]org.springframework.boot.devtools.restart.ChangeableUrls.logTo:225 -The Class-Path manifest attribute in E:\安装包\个人仓库\repo\com\sun\xml\bind\jaxb-core\2.3.0\jaxb-core-2.3.0.jar referenced one or more files that do not exist: file:/E:/%e5%ae%89%e8%a3%85%e5%8c%85/%e4%b8%aa%e4%ba%ba%e4%bb%93%e5%ba%93/repo/com/sun/xml/bind/jaxb-core/2.3.0/jaxb-api.jar
2020-05-06 20:00:49.686 INFO  [restartedMain]o.s.b.devtools.env.DevToolsPropertyDefaultsPostProcessor.logTo:225 -Devtools property defaults active! Set 'spring.devtools.add-properties' to 'false' to disable
2020-05-06 20:00:49.686 INFO  [restartedMain]o.s.b.devtools.env.DevToolsPropertyDefaultsPostProcessor.logTo:225 -For additional web related logging consider setting the 'logging.level.web' property to 'DEBUG'
2020-05-06 20:00:55.223 INFO  [restartedMain]o.s.boot.web.embedded.tomcat.TomcatWebServer.initialize:92 -Tomcat initialized with port(s): 8080 (http)
2020-05-06 20:00:55.236 INFO  [restartedMain]org.apache.coyote.http11.Http11NioProtocol.log:173 -Initializing ProtocolHandler ["http-nio-8080"]
2020-05-06 20:00:55.237 INFO  [restartedMain]org.apache.catalina.core.StandardService.log:173 -Starting service [Tomcat]
2020-05-06 20:00:55.237 INFO  [restartedMain]org.apache.catalina.core.StandardEngine.log:173 -Starting Servlet engine: [Apache Tomcat/9.0.31]
2020-05-06 20:00:55.479 INFO  [restartedMain]o.a.catalina.core.ContainerBase.[Tomcat].[localhost].[/].log:173 -Initializing Spring embedded WebApplicationContext
2020-05-06 20:00:55.479 INFO  [restartedMain]org.springframework.web.context.ContextLoader.prepareWebApplicationContext:284 -Root WebApplicationContext: initialization completed in 5792 ms
2020-05-06 20:00:56.296 INFO  [restartedMain]org.springframework.boot.web.servlet.RegistrationBean.register:110 -Filter webStatFilter was not registered (possibly already registered?)
2020-05-06 20:00:56.299 INFO  [restartedMain]org.springframework.boot.web.servlet.RegistrationBean.register:110 -Servlet statViewServlet was not registered (possibly already registered?)
2020-05-06 20:00:56.377 DEBUG [restartedMain]com.hnxx.zy.clms.security.jwt.JwtAuthTokenFilter.init:242 -Filter 'authenticationJwtTokenFilter' configured for use
2020-05-06 20:00:57.384 INFO  [restartedMain]o.s.security.web.DefaultSecurityFilterChain.<init>:43 -Creating filter chain: Ant [pattern='/css/**'], []
2020-05-06 20:00:57.385 INFO  [restartedMain]o.s.security.web.DefaultSecurityFilterChain.<init>:43 -Creating filter chain: Ant [pattern='/js/**,/static/**'], []
2020-05-06 20:00:57.385 INFO  [restartedMain]o.s.security.web.DefaultSecurityFilterChain.<init>:43 -Creating filter chain: Ant [pattern='/templates/**'], []
2020-05-06 20:00:57.385 INFO  [restartedMain]o.s.security.web.DefaultSecurityFilterChain.<init>:43 -Creating filter chain: Ant [pattern='/img/**'], []
2020-05-06 20:00:57.675 INFO  [restartedMain]o.s.b.a.web.servlet.WelcomePageHandlerMapping.<init>:58 -Adding welcome page template: index
2020-05-06 20:00:57.879 INFO  [restartedMain]o.s.security.web.DefaultSecurityFilterChain.<init>:43 -Creating filter chain: any request, [org.springframework.security.web.context.request.async.WebAsyncManagerIntegrationFilter@727bc4d8, org.springframework.security.web.context.SecurityContextPersistenceFilter@271258fc, org.springframework.security.web.header.HeaderWriterFilter@30add541, org.springframework.web.filter.CorsFilter@3368779e, org.springframework.security.web.authentication.logout.LogoutFilter@5da24f82, com.hnxx.zy.clms.security.jwt.JwtAuthTokenFilter@6a864cab, org.springframework.security.web.authentication.UsernamePasswordAuthenticationFilter@73ff1777, org.springframework.security.web.savedrequest.RequestCacheAwareFilter@27cca3d6, org.springframework.security.web.servletapi.SecurityContextHolderAwareRequestFilter@d9091ff, org.springframework.security.web.authentication.AnonymousAuthenticationFilter@6591e552, org.springframework.security.web.session.SessionManagementFilter@4f396660, org.springframework.security.web.access.ExceptionTranslationFilter@72e97146, org.springframework.security.web.access.intercept.FilterSecurityInterceptor@48b609d0]
2020-05-06 20:00:57.995 INFO  [restartedMain]o.s.scheduling.concurrent.ThreadPoolTaskExecutor.initialize:181 -Initializing ExecutorService 'applicationTaskExecutor'
2020-05-06 20:01:05.573 INFO  [restartedMain]o.s.scheduling.concurrent.ThreadPoolTaskScheduler.initialize:181 -Initializing ExecutorService 'taskScheduler'
2020-05-06 20:01:07.374 INFO  [restartedMain]o.s.boot.devtools.autoconfigure.OptionalLiveReloadServer.startServer:58 -LiveReload server is running on port 35729
2020-05-06 20:01:07.414 INFO  [restartedMain]org.apache.coyote.http11.Http11NioProtocol.log:173 -Starting ProtocolHandler ["http-nio-8080"]
2020-05-06 20:01:07.733 INFO  [restartedMain]o.s.boot.web.embedded.tomcat.TomcatWebServer.start:204 -Tomcat started on port(s): 8080 (http) with context path ''
2020-05-06 20:01:07.737 INFO  [restartedMain]com.hnxx.zy.clms.ClmsApplication.logStarted:61 -Started ClmsApplication in 19.758 seconds (JVM running for 21.581)
