2020-03-27 00:26:04.636 DEBUG [restartedMain]com.hnxx.zy.clms.ClmsApplication.logStarting:56 -Running with Spring Boot v2.2.5.RELEASE, Spring v5.2.4.RELEASE
2020-03-27 00:26:12.353 DEBUG [restartedMain]com.hnxx.zy.clms.security.jwt.JwtAuthTokenFilter.init:242 -Filter 'authenticationJwtTokenFilter' configured for use
2020-03-27 00:26:57.002 DEBUG [http-nio-8080-exec-2]com.hnxx.zy.clms.core.mapper.UserMapper.selectByName.debug:159 -==>  Preparing: select user_id,user_name,user_password,user_position_id from cl_user where user_name=? 
2020-03-27 00:26:57.042 DEBUG [http-nio-8080-exec-2]com.hnxx.zy.clms.core.mapper.UserMapper.selectByName.debug:159 -==> Parameters: test(String)
2020-03-27 00:26:57.120 DEBUG [http-nio-8080-exec-2]com.hnxx.zy.clms.core.mapper.UserMapper.selectByName.debug:159 -<==      Total: 1
2020-03-27 00:26:57.576 DEBUG [http-nio-8080-exec-2]c.h.zy.clms.core.mapper.ReportMapper.getReportByUserId.debug:159 -==>  Preparing: select b.* from cl_user_report a left join cl_report b on a.report_id=b.report_id where user_id = ? and report_type = ? and is_deleted = 0 and b.created_time <= ? and b.created_time >= ? 
2020-03-27 00:26:57.578 DEBUG [http-nio-8080-exec-2]c.h.zy.clms.core.mapper.ReportMapper.getReportByUserId.debug:159 -==> Parameters: 2(Integer), 1(Integer), 2020-03-26(String), 2020-03-25(String)
2020-03-27 00:26:57.616 DEBUG [http-nio-8080-exec-2]c.h.zy.clms.core.mapper.ReportMapper.getReportByUserId.debug:159 -<==      Total: 1
2020-03-27 00:26:57.869 DEBUG [http-nio-8080-exec-2]com.hnxx.zy.clms.core.mapper.LogMapper.save.debug:159 -==>  Preparing: insert into cl_log(log_url, log_params, log_status, log_message, log_method, log_time, log_result, log_ip) values (?, ?, ?, ?, ?, ?, ?, ?) 
2020-03-27 00:26:57.872 DEBUG [http-nio-8080-exec-2]com.hnxx.zy.clms.core.mapper.LogMapper.save.debug:159 -==> Parameters: /report/getByUserId(String), [Page(currentPage=1, pageSize=4, totalPage=0, totalCount=0, index=0, list=null, params={userId=2, reportType=1, startTime=2020-03-26, endTime=2020-03-25}, sortColumn=null, sortMethod=asc)](String), 1(Integer), null, POST(String), 262(Long), {"code":200,"data":{"currentPage":1,"index":0,"list":[{"createdTime":1585145089000,"difficulty":"test","experience":"test","isChecked":0,"isDeleted":0,"isEnabled":0,"plan":"test","reportId":6,"reportType":1,"solution":"test","updatedTime":1585145093000,"workContent":"test"}],"pageSize":4,"params":{"userId":2,"reportType":1,"startTime":"2020-03-26","endTime":"2020-03-25"},"sortMethod":"asc","totalCount":1,"totalPage":1},"msg":"操作成功！"}(String), 0:0:0:0:0:0:0:1(String)
2020-03-27 00:26:57.949 DEBUG [http-nio-8080-exec-2]com.hnxx.zy.clms.core.mapper.LogMapper.save.debug:159 -<==    Updates: 1
2020-03-27 00:27:17.899 DEBUG [http-nio-8080-exec-3]com.hnxx.zy.clms.core.mapper.UserMapper.selectByName.debug:159 -==>  Preparing: select user_id,user_name,user_password,user_position_id from cl_user where user_name=? 
2020-03-27 00:27:17.900 DEBUG [http-nio-8080-exec-3]com.hnxx.zy.clms.core.mapper.UserMapper.selectByName.debug:159 -==> Parameters: test(String)
2020-03-27 00:27:17.934 DEBUG [http-nio-8080-exec-3]com.hnxx.zy.clms.core.mapper.UserMapper.selectByName.debug:159 -<==      Total: 1
2020-03-27 00:27:18.350 DEBUG [http-nio-8080-exec-3]c.h.zy.clms.core.mapper.ReportMapper.getReportByUserId.debug:159 -==>  Preparing: select b.* from cl_user_report a left join cl_report b on a.report_id=b.report_id where user_id = ? and report_type = ? and is_deleted = 0 and b.created_time <= ? and b.created_time >= ? 
2020-03-27 00:27:18.352 DEBUG [http-nio-8080-exec-3]c.h.zy.clms.core.mapper.ReportMapper.getReportByUserId.debug:159 -==> Parameters: 2(Integer), 1(Integer), 2020-03-26(String), 2020-03-25(String)
2020-03-27 00:27:18.388 DEBUG [http-nio-8080-exec-3]c.h.zy.clms.core.mapper.ReportMapper.getReportByUserId.debug:159 -<==      Total: 1
2020-03-27 00:27:18.604 DEBUG [http-nio-8080-exec-3]com.hnxx.zy.clms.core.mapper.LogMapper.save.debug:159 -==>  Preparing: insert into cl_log(log_url, log_params, log_status, log_message, log_method, log_time, log_result, log_ip) values (?, ?, ?, ?, ?, ?, ?, ?) 
2020-03-27 00:27:18.607 DEBUG [http-nio-8080-exec-3]com.hnxx.zy.clms.core.mapper.LogMapper.save.debug:159 -==> Parameters: /report/UserExcelDownloads(String), [Page(currentPage=1, pageSize=4, totalPage=0, totalCount=0, index=0, list=null, params={userId=2, reportType=1, startTime=2020-03-26, endTime=2020-03-25}, sortColumn=null, sortMethod=asc), com.alibaba.druid.support.http.WebStatFilter$StatHttpServletResponseWrapper@a1df34d](String), 1(Integer), null, POST(String), 464(Long), null(String), 0:0:0:0:0:0:0:1(String)
2020-03-27 00:27:18.679 DEBUG [http-nio-8080-exec-3]com.hnxx.zy.clms.core.mapper.LogMapper.save.debug:159 -<==    Updates: 1
2020-03-27 00:30:02.074 DEBUG [restartedMain]com.hnxx.zy.clms.ClmsApplication.logStarting:56 -Running with Spring Boot v2.2.5.RELEASE, Spring v5.2.4.RELEASE
2020-03-27 00:30:14.098 DEBUG [restartedMain]com.hnxx.zy.clms.security.jwt.JwtAuthTokenFilter.init:242 -Filter 'authenticationJwtTokenFilter' configured for use
2020-03-27 00:31:01.819 DEBUG [http-nio-8080-exec-2]com.hnxx.zy.clms.core.mapper.UserMapper.selectByName.debug:159 -==>  Preparing: select user_id,user_name,user_password,user_position_id from cl_user where user_name=? 
2020-03-27 00:31:01.863 DEBUG [http-nio-8080-exec-2]com.hnxx.zy.clms.core.mapper.UserMapper.selectByName.debug:159 -==> Parameters: test(String)
2020-03-27 00:31:01.924 DEBUG [http-nio-8080-exec-2]com.hnxx.zy.clms.core.mapper.UserMapper.selectByName.debug:159 -<==      Total: 1
2020-03-27 00:31:02.271 DEBUG [http-nio-8080-exec-2]com.hnxx.zy.clms.core.mapper.LogMapper.save.debug:159 -==>  Preparing: insert into cl_log(log_url, log_params, log_status, log_message, log_method, log_time, log_result, log_ip) values (?, ?, ?, ?, ?, ?, ?, ?) 
2020-03-27 00:31:02.275 DEBUG [http-nio-8080-exec-2]com.hnxx.zy.clms.core.mapper.LogMapper.save.debug:159 -==> Parameters: /error(String), [SecurityContextHolderAwareRequestWrapper[ FirewalledRequest[ org.apache.catalina.core.ApplicationHttpRequest@6167bb55]]](String), 1(Integer), null, POST(String), 21(Long), {"code":404,"msg":"访问连接不存在"}(String), 0:0:0:0:0:0:0:1(String)
2020-03-27 00:31:02.361 DEBUG [http-nio-8080-exec-2]com.hnxx.zy.clms.core.mapper.LogMapper.save.debug:159 -<==    Updates: 1
2020-03-27 00:31:08.259 DEBUG [http-nio-8080-exec-3]com.hnxx.zy.clms.core.mapper.UserMapper.selectByName.debug:159 -==>  Preparing: select user_id,user_name,user_password,user_position_id from cl_user where user_name=? 
2020-03-27 00:31:08.259 DEBUG [http-nio-8080-exec-3]com.hnxx.zy.clms.core.mapper.UserMapper.selectByName.debug:159 -==> Parameters: test(String)
2020-03-27 00:31:08.292 DEBUG [http-nio-8080-exec-3]com.hnxx.zy.clms.core.mapper.UserMapper.selectByName.debug:159 -<==      Total: 1
2020-03-27 00:31:08.679 DEBUG [http-nio-8080-exec-3]c.h.zy.clms.core.mapper.ReportMapper.getReportByUserId.debug:159 -==>  Preparing: select b.* from cl_user_report a left join cl_report b on a.report_id=b.report_id where user_id = ? and report_type = ? and is_deleted = 0 and b.created_time <= ? and b.created_time >= ? 
2020-03-27 00:31:08.681 DEBUG [http-nio-8080-exec-3]c.h.zy.clms.core.mapper.ReportMapper.getReportByUserId.debug:159 -==> Parameters: 2(Integer), 1(Integer), 2020-03-26(String), 2020-03-25(String)
2020-03-27 00:31:08.721 DEBUG [http-nio-8080-exec-3]c.h.zy.clms.core.mapper.ReportMapper.getReportByUserId.debug:159 -<==      Total: 1
2020-03-27 00:31:08.901 DEBUG [http-nio-8080-exec-3]com.hnxx.zy.clms.core.mapper.LogMapper.save.debug:159 -==>  Preparing: insert into cl_log(log_url, log_params, log_status, log_message, log_method, log_time, log_result, log_ip) values (?, ?, ?, ?, ?, ?, ?, ?) 
2020-03-27 00:31:08.902 DEBUG [http-nio-8080-exec-3]com.hnxx.zy.clms.core.mapper.LogMapper.save.debug:159 -==> Parameters: /report/userExcelDownloads(String), [Page(currentPage=1, pageSize=4, totalPage=0, totalCount=0, index=0, list=null, params={userId=2, reportType=1, startTime=2020-03-26, endTime=2020-03-25}, sortColumn=null, sortMethod=asc), com.alibaba.druid.support.http.WebStatFilter$StatHttpServletResponseWrapper@7dd9938d](String), 1(Integer), null, POST(String), 389(Long), null(String), 0:0:0:0:0:0:0:1(String)
2020-03-27 00:31:08.973 DEBUG [http-nio-8080-exec-3]com.hnxx.zy.clms.core.mapper.LogMapper.save.debug:159 -<==    Updates: 1
2020-03-27 00:32:21.775 DEBUG [restartedMain]com.hnxx.zy.clms.ClmsApplication.logStarting:56 -Running with Spring Boot v2.2.5.RELEASE, Spring v5.2.4.RELEASE
2020-03-27 00:32:29.006 DEBUG [restartedMain]com.hnxx.zy.clms.security.jwt.JwtAuthTokenFilter.init:242 -Filter 'authenticationJwtTokenFilter' configured for use
2020-03-27 00:34:45.078 DEBUG [http-nio-8080-exec-1]com.hnxx.zy.clms.core.mapper.UserMapper.selectByName.debug:159 -==>  Preparing: select user_id,user_name,user_password,user_position_id from cl_user where user_name=? 
2020-03-27 00:34:45.125 DEBUG [http-nio-8080-exec-1]com.hnxx.zy.clms.core.mapper.UserMapper.selectByName.debug:159 -==> Parameters: test(String)
2020-03-27 00:34:45.202 DEBUG [http-nio-8080-exec-1]com.hnxx.zy.clms.core.mapper.UserMapper.selectByName.debug:159 -<==      Total: 1
2020-03-27 00:34:45.823 DEBUG [http-nio-8080-exec-1]c.h.zy.clms.core.mapper.ReportMapper.getReportByUserId.debug:159 -==>  Preparing: select b.* from cl_user_report a left join cl_report b on a.report_id=b.report_id where user_id = ? and report_type = ? and is_deleted = 0 
2020-03-27 00:34:45.826 DEBUG [http-nio-8080-exec-1]c.h.zy.clms.core.mapper.ReportMapper.getReportByUserId.debug:159 -==> Parameters: 2(Integer), 1(Integer)
2020-03-27 00:34:45.869 DEBUG [http-nio-8080-exec-1]c.h.zy.clms.core.mapper.ReportMapper.getReportByUserId.debug:159 -<==      Total: 1
2020-03-27 00:34:46.098 DEBUG [http-nio-8080-exec-1]com.hnxx.zy.clms.core.mapper.LogMapper.save.debug:159 -==>  Preparing: insert into cl_log(log_url, log_params, log_status, log_message, log_method, log_time, log_result, log_ip) values (?, ?, ?, ?, ?, ?, ?, ?) 
2020-03-27 00:34:46.103 DEBUG [http-nio-8080-exec-1]com.hnxx.zy.clms.core.mapper.LogMapper.save.debug:159 -==> Parameters: /report/userExcelDownloads(String), [Page(currentPage=1, pageSize=4, totalPage=0, totalCount=0, index=0, list=null, params={userId=2, reportType=1}, sortColumn=null, sortMethod=asc), com.alibaba.druid.support.http.WebStatFilter$StatHttpServletResponseWrapper@42ca2c8a](String), 1(Integer), null, POST(String), 494(Long), null(String), 0:0:0:0:0:0:0:1(String)
2020-03-27 00:34:46.198 DEBUG [http-nio-8080-exec-1]com.hnxx.zy.clms.core.mapper.LogMapper.save.debug:159 -<==    Updates: 1
2020-03-27 00:35:25.959 DEBUG [restartedMain]com.hnxx.zy.clms.ClmsApplication.logStarting:56 -Running with Spring Boot v2.2.5.RELEASE, Spring v5.2.4.RELEASE
2020-03-27 00:35:34.062 DEBUG [restartedMain]com.hnxx.zy.clms.security.jwt.JwtAuthTokenFilter.init:242 -Filter 'authenticationJwtTokenFilter' configured for use
2020-03-27 00:35:51.870 DEBUG [http-nio-8080-exec-1]com.hnxx.zy.clms.core.mapper.UserMapper.selectByName.debug:159 -==>  Preparing: select user_id,user_name,user_password,user_position_id from cl_user where user_name=? 
2020-03-27 00:35:51.940 DEBUG [http-nio-8080-exec-1]com.hnxx.zy.clms.core.mapper.UserMapper.selectByName.debug:159 -==> Parameters: test(String)
2020-03-27 00:35:52.011 DEBUG [http-nio-8080-exec-1]com.hnxx.zy.clms.core.mapper.UserMapper.selectByName.debug:159 -<==      Total: 1
2020-03-27 00:35:52.499 DEBUG [http-nio-8080-exec-1]c.h.zy.clms.core.mapper.ReportMapper.getReportByUserId.debug:159 -==>  Preparing: select b.* from cl_user_report a left join cl_report b on a.report_id=b.report_id where user_id = ? and report_type = ? and is_deleted = 0 
2020-03-27 00:35:52.502 DEBUG [http-nio-8080-exec-1]c.h.zy.clms.core.mapper.ReportMapper.getReportByUserId.debug:159 -==> Parameters: 2(Integer), 1(Integer)
2020-03-27 00:35:52.540 DEBUG [http-nio-8080-exec-1]c.h.zy.clms.core.mapper.ReportMapper.getReportByUserId.debug:159 -<==      Total: 1
2020-03-27 00:35:52.761 DEBUG [http-nio-8080-exec-1]com.hnxx.zy.clms.core.mapper.LogMapper.save.debug:159 -==>  Preparing: insert into cl_log(log_url, log_params, log_status, log_message, log_method, log_time, log_result, log_ip) values (?, ?, ?, ?, ?, ?, ?, ?) 
2020-03-27 00:35:52.765 DEBUG [http-nio-8080-exec-1]com.hnxx.zy.clms.core.mapper.LogMapper.save.debug:159 -==> Parameters: /report/userExcelDownloads(String), [Page(currentPage=1, pageSize=4, totalPage=0, totalCount=0, index=0, list=null, params={userId=2, reportType=1}, sortColumn=null, sortMethod=asc), com.alibaba.druid.support.http.WebStatFilter$StatHttpServletResponseWrapper@6c7209a3](String), 1(Integer), null, POST(String), 384(Long), null(String), 0:0:0:0:0:0:0:1(String)
2020-03-27 00:35:52.841 DEBUG [http-nio-8080-exec-1]com.hnxx.zy.clms.core.mapper.LogMapper.save.debug:159 -<==    Updates: 1
2020-03-27 00:38:41.705 DEBUG [restartedMain]com.hnxx.zy.clms.ClmsApplication.logStarting:56 -Running with Spring Boot v2.2.5.RELEASE, Spring v5.2.4.RELEASE
2020-03-27 00:38:48.965 DEBUG [restartedMain]com.hnxx.zy.clms.security.jwt.JwtAuthTokenFilter.init:242 -Filter 'authenticationJwtTokenFilter' configured for use
2020-03-27 00:39:06.850 DEBUG [http-nio-8080-exec-1]com.hnxx.zy.clms.core.mapper.UserMapper.selectByName.debug:159 -==>  Preparing: select user_id,user_name,user_password,user_position_id from cl_user where user_name=? 
2020-03-27 00:39:06.893 DEBUG [http-nio-8080-exec-1]com.hnxx.zy.clms.core.mapper.UserMapper.selectByName.debug:159 -==> Parameters: test(String)
2020-03-27 00:39:06.955 DEBUG [http-nio-8080-exec-1]com.hnxx.zy.clms.core.mapper.UserMapper.selectByName.debug:159 -<==      Total: 1
2020-03-27 00:39:07.432 DEBUG [http-nio-8080-exec-1]c.h.zy.clms.core.mapper.ReportMapper.getReportByUserId.debug:159 -==>  Preparing: select b.* from cl_user_report a left join cl_report b on a.report_id=b.report_id where user_id = ? and report_type = ? and is_deleted = 0 
2020-03-27 00:39:07.434 DEBUG [http-nio-8080-exec-1]c.h.zy.clms.core.mapper.ReportMapper.getReportByUserId.debug:159 -==> Parameters: 1(Integer), 1(Integer)
2020-03-27 00:39:07.474 DEBUG [http-nio-8080-exec-1]c.h.zy.clms.core.mapper.ReportMapper.getReportByUserId.debug:159 -<==      Total: 4
2020-03-27 00:39:07.717 DEBUG [http-nio-8080-exec-1]com.hnxx.zy.clms.core.mapper.LogMapper.save.debug:159 -==>  Preparing: insert into cl_log(log_url, log_params, log_status, log_message, log_method, log_time, log_result, log_ip) values (?, ?, ?, ?, ?, ?, ?, ?) 
2020-03-27 00:39:07.720 DEBUG [http-nio-8080-exec-1]com.hnxx.zy.clms.core.mapper.LogMapper.save.debug:159 -==> Parameters: /report/userExcelDownloads(String), [Page(currentPage=1, pageSize=4, totalPage=0, totalCount=0, index=0, list=null, params={userId=1, reportType=1}, sortColumn=null, sortMethod=asc), com.alibaba.druid.support.http.WebStatFilter$StatHttpServletResponseWrapper@50f942df](String), 1(Integer), null, POST(String), 405(Long), null(String), 0:0:0:0:0:0:0:1(String)
2020-03-27 00:39:07.792 DEBUG [http-nio-8080-exec-1]com.hnxx.zy.clms.core.mapper.LogMapper.save.debug:159 -<==    Updates: 1
2020-03-27 00:39:34.181 DEBUG [http-nio-8080-exec-3]com.hnxx.zy.clms.core.mapper.UserMapper.selectByName.debug:159 -==>  Preparing: select user_id,user_name,user_password,user_position_id from cl_user where user_name=? 
2020-03-27 00:39:34.183 DEBUG [http-nio-8080-exec-3]com.hnxx.zy.clms.core.mapper.UserMapper.selectByName.debug:159 -==> Parameters: test(String)
2020-03-27 00:39:34.218 DEBUG [http-nio-8080-exec-3]com.hnxx.zy.clms.core.mapper.UserMapper.selectByName.debug:159 -<==      Total: 1
2020-03-27 00:39:34.424 DEBUG [http-nio-8080-exec-3]c.h.zy.clms.core.mapper.ReportMapper.getReportByUserId.debug:159 -==>  Preparing: select b.* from cl_user_report a left join cl_report b on a.report_id=b.report_id where user_id = ? and report_type = ? and is_deleted = 0 
2020-03-27 00:39:34.426 DEBUG [http-nio-8080-exec-3]c.h.zy.clms.core.mapper.ReportMapper.getReportByUserId.debug:159 -==> Parameters: 1(Integer), 1(Integer)
2020-03-27 00:39:34.470 DEBUG [http-nio-8080-exec-3]c.h.zy.clms.core.mapper.ReportMapper.getReportByUserId.debug:159 -<==      Total: 4
2020-03-27 00:39:34.575 DEBUG [http-nio-8080-exec-3]com.hnxx.zy.clms.core.mapper.LogMapper.save.debug:159 -==>  Preparing: insert into cl_log(log_url, log_params, log_status, log_message, log_method, log_time, log_result, log_ip) values (?, ?, ?, ?, ?, ?, ?, ?) 
2020-03-27 00:39:34.577 DEBUG [http-nio-8080-exec-3]com.hnxx.zy.clms.core.mapper.LogMapper.save.debug:159 -==> Parameters: /report/userExcelDownloads(String), [Page(currentPage=1, pageSize=10, totalPage=0, totalCount=0, index=0, list=null, params={userId=1, reportType=1}, sortColumn=null, sortMethod=asc), com.alibaba.druid.support.http.WebStatFilter$StatHttpServletResponseWrapper@560492db](String), 1(Integer), null, POST(String), 188(Long), null(String), 0:0:0:0:0:0:0:1(String)
2020-03-27 00:39:34.648 DEBUG [http-nio-8080-exec-3]com.hnxx.zy.clms.core.mapper.LogMapper.save.debug:159 -<==    Updates: 1
