2020-05-24 01:20:38.704 ERROR [restartedMain]o.s.boot.diagnostics.LoggingFailureAnalysisReporter.report:40 -

***************************
APPLICATION FAILED TO START
***************************

Description:

Field userService in com.hnxx.zy.clms.controller.UserController required a bean of type 'com.hnxx.zy.clms.core.service.UserService' that could not be found.

The injection point has the following annotations:
	- @org.springframework.beans.factory.annotation.Autowired(required=true)


Action:

Consider defining a bean of type 'com.hnxx.zy.clms.core.service.UserService' in your configuration.

2020-05-24 01:31:24.362 ERROR [restartedMain]o.s.boot.diagnostics.LoggingFailureAnalysisReporter.report:40 -

***************************
APPLICATION FAILED TO START
***************************

Description:

Field userService in com.hnxx.zy.clms.controller.UserController required a bean of type 'com.hnxx.zy.clms.core.service.UserService' that could not be found.

The injection point has the following annotations:
	- @org.springframework.beans.factory.annotation.Autowired(required=true)


Action:

Consider defining a bean of type 'com.hnxx.zy.clms.core.service.UserService' in your configuration.

2020-05-24 01:38:51.597 ERROR [restartedMain]o.s.boot.diagnostics.LoggingFailureAnalysisReporter.report:40 -

***************************
APPLICATION FAILED TO START
***************************

Description:

Field userService in com.hnxx.zy.clms.controller.UserController required a bean of type 'com.hnxx.zy.clms.core.service.UserService' that could not be found.

The injection point has the following annotations:
	- @org.springframework.beans.factory.annotation.Autowired(required=true)


Action:

Consider defining a bean of type 'com.hnxx.zy.clms.core.service.UserService' in your configuration.

2020-05-24 01:39:48.693 ERROR [restartedMain]o.s.boot.diagnostics.LoggingFailureAnalysisReporter.report:40 -

***************************
APPLICATION FAILED TO START
***************************

Description:

Field userService in com.hnxx.zy.clms.controller.UserController required a bean of type 'com.hnxx.zy.clms.core.service.UserService' that could not be found.

The injection point has the following annotations:
	- @org.springframework.beans.factory.annotation.Autowired(required=true)


Action:

Consider defining a bean of type 'com.hnxx.zy.clms.core.service.UserService' in your configuration.

2020-05-24 02:27:03.208 ERROR [restartedMain]o.s.boot.diagnostics.LoggingFailureAnalysisReporter.report:40 -

***************************
APPLICATION FAILED TO START
***************************

Description:

Field userService in com.hnxx.zy.clms.controller.UserController required a bean of type 'com.hnxx.zy.clms.core.service.UserService' that could not be found.

The injection point has the following annotations:
	- @org.springframework.beans.factory.annotation.Autowired(required=true)


Action:

Consider defining a bean of type 'com.hnxx.zy.clms.core.service.UserService' in your configuration.

2020-05-24 03:05:17.651 ERROR [restartedMain]o.s.boot.diagnostics.LoggingFailureAnalysisReporter.report:40 -

***************************
APPLICATION FAILED TO START
***************************

Description:

Field userService in com.hnxx.zy.clms.controller.UserController required a bean of type 'com.hnxx.zy.clms.core.service.UserService' that could not be found.

The injection point has the following annotations:
	- @org.springframework.beans.factory.annotation.Autowired(required=true)


Action:

Consider defining a bean of type 'com.hnxx.zy.clms.core.service.UserService' in your configuration.

2020-05-24 03:17:41.906 ERROR [restartedMain]o.s.boot.diagnostics.LoggingFailureAnalysisReporter.report:40 -

***************************
APPLICATION FAILED TO START
***************************

Description:

Field userService in com.hnxx.zy.clms.controller.UserController required a bean of type 'com.hnxx.zy.clms.core.service.UserService' that could not be found.

The injection point has the following annotations:
	- @org.springframework.beans.factory.annotation.Autowired(required=true)


Action:

Consider defining a bean of type 'com.hnxx.zy.clms.core.service.UserService' in your configuration.

