2020-04-11 15:47:55.070 WARN  [restartedMain]org.apache.catalina.loader.WebappClassLoaderBase.log:173 -The web application [ROOT] appears to have started a thread named [Druid-ConnectionPool-Create-826266582] but has failed to stop it. This is very likely to create a memory leak. Stack trace of thread:
 java.net.SocketInputStream.socketRead0(Native Method)
 java.net.SocketInputStream.socketRead(SocketInputStream.java:116)
 java.net.SocketInputStream.read(SocketInputStream.java:171)
 java.net.SocketInputStream.read(SocketInputStream.java:141)
 com.mysql.cj.protocol.ReadAheadInputStream.fill(ReadAheadInputStream.java:107)
 com.mysql.cj.protocol.ReadAheadInputStream.readFromUnderlyingStreamIfNecessary(ReadAheadInputStream.java:150)
 com.mysql.cj.protocol.ReadAheadInputStream.read(ReadAheadInputStream.java:180)
 java.io.FilterInputStream.read(FilterInputStream.java:133)
 com.mysql.cj.protocol.FullReadInputStream.readFully(FullReadInputStream.java:64)
 com.mysql.cj.protocol.a.SimplePacketReader.readHeader(SimplePacketReader.java:63)
 com.mysql.cj.protocol.a.SimplePacketReader.readHeader(SimplePacketReader.java:45)
 com.mysql.cj.protocol.a.NativeProtocol.readMessage(NativeProtocol.java:533)
 com.mysql.cj.protocol.a.NativeProtocol.checkErrorMessage(NativeProtocol.java:703)
 com.mysql.cj.protocol.a.NativeProtocol.checkErrorMessage(NativeProtocol.java:680)
 com.mysql.cj.protocol.a.NativeProtocol.checkErrorMessage(NativeProtocol.java:128)
 com.mysql.cj.protocol.a.NativeAuthenticationProvider.proceedHandshakeWithPluggableAuthentication(NativeAuthenticationProvider.java:540)
 com.mysql.cj.protocol.a.NativeAuthenticationProvider.connect(NativeAuthenticationProvider.java:202)
 com.mysql.cj.protocol.a.NativeProtocol.connect(NativeProtocol.java:1340)
 com.mysql.cj.NativeSession.connect(NativeSession.java:157)
 com.mysql.cj.jdbc.ConnectionImpl.connectOneTryOnly(ConnectionImpl.java:956)
 com.mysql.cj.jdbc.ConnectionImpl.createNewIO(ConnectionImpl.java:826)
 com.mysql.cj.jdbc.ConnectionImpl.<init>(ConnectionImpl.java:456)
 com.mysql.cj.jdbc.ConnectionImpl.getInstance(ConnectionImpl.java:246)
 com.mysql.cj.jdbc.NonRegisteringDriver.connect(NonRegisteringDriver.java:197)
 com.alibaba.druid.filter.FilterChainImpl.connection_connect(FilterChainImpl.java:156)
 com.alibaba.druid.filter.stat.StatFilter.connection_connect(StatFilter.java:218)
 com.alibaba.druid.filter.FilterChainImpl.connection_connect(FilterChainImpl.java:150)
 com.alibaba.druid.pool.DruidAbstractDataSource.createPhysicalConnection(DruidAbstractDataSource.java:1560)
 com.alibaba.druid.pool.DruidAbstractDataSource.createPhysicalConnection(DruidAbstractDataSource.java:1623)
 com.alibaba.druid.pool.DruidDataSource$CreateConnectionThread.run(DruidDataSource.java:2468)
2020-04-11 15:47:55.075 WARN  [restartedMain]org.apache.catalina.loader.WebappClassLoaderBase.log:173 -The web application [ROOT] appears to have started a thread named [Druid-ConnectionPool-Destroy-826266582] but has failed to stop it. This is very likely to create a memory leak. Stack trace of thread:
 java.lang.Thread.sleep(Native Method)
 com.alibaba.druid.pool.DruidDataSource$DestroyConnectionThread.run(DruidDataSource.java:2540)
2020-04-11 15:47:55.080 WARN  [restartedMain]o.s.b.w.s.c.AnnotationConfigServletWebServerApplicationContext.refresh:558 -Exception encountered during context initialization - cancelling refresh attempt: org.springframework.context.ApplicationContextException: Unable to start web server; nested exception is org.springframework.boot.web.server.WebServerException: Unable to start embedded Tomcat
2020-04-17 18:54:34.968 WARN  [restartedMain]o.s.boot.devtools.autoconfigure.OptionalLiveReloadServer.startServer:61 -Unable to start LiveReload server
2020-04-17 18:54:35.181 WARN  [restartedMain]org.apache.catalina.loader.WebappClassLoaderBase.log:173 -The web application [ROOT] appears to have started a thread named [Druid-ConnectionPool-Create-1648618348] but has failed to stop it. This is very likely to create a memory leak. Stack trace of thread:
 sun.misc.Unsafe.park(Native Method)
 java.util.concurrent.locks.LockSupport.park(LockSupport.java:175)
 java.util.concurrent.locks.AbstractQueuedSynchronizer$ConditionObject.await(AbstractQueuedSynchronizer.java:2039)
 com.alibaba.druid.pool.DruidDataSource$CreateConnectionThread.run(DruidDataSource.java:2443)
2020-04-17 18:54:35.208 WARN  [restartedMain]org.apache.catalina.loader.WebappClassLoaderBase.log:173 -The web application [ROOT] appears to have started a thread named [Druid-ConnectionPool-Destroy-1648618348] but has failed to stop it. This is very likely to create a memory leak. Stack trace of thread:
 java.lang.Thread.sleep(Native Method)
 com.alibaba.druid.pool.DruidDataSource$DestroyConnectionThread.run(DruidDataSource.java:2540)
2020-04-17 22:15:58.528 WARN  [restartedMain]o.s.b.w.s.c.AnnotationConfigServletWebServerApplicationContext.refresh:558 -Exception encountered during context initialization - cancelling refresh attempt: org.springframework.beans.factory.BeanCreationException: Error creating bean with name 'springSecurityFilterChain' defined in class path resource [org/springframework/security/config/annotation/web/configuration/WebSecurityConfiguration.class]: Bean instantiation via factory method failed; nested exception is org.springframework.beans.BeanInstantiationException: Failed to instantiate [javax.servlet.Filter]: Factory method 'springSecurityFilterChain' threw exception; nested exception is org.springframework.beans.factory.BeanCreationException: Error creating bean with name 'mvcHandlerMappingIntrospector' defined in class path resource [org/springframework/boot/autoconfigure/web/servlet/WebMvcAutoConfiguration$EnableWebMvcConfiguration.class]: Invocation of init method failed; nested exception is org.springframework.beans.factory.BeanCreationException: Error creating bean with name 'requestMappingHandlerMapping' defined in class path resource [org/springframework/boot/autoconfigure/web/servlet/WebMvcAutoConfiguration$EnableWebMvcConfiguration.class]: Invocation of init method failed; nested exception is java.lang.IllegalStateException: Ambiguous mapping. Cannot map 'articleController' method 
com.hnxx.zy.clms.controller.ArticleController#getArticleCountInfo(Page)
to {POST /article/getArticleCountInfo}: There is already 'articleController' bean method
com.hnxx.zy.clms.controller.ArticleController#getUserArticleCountInfo(Page) mapped.
2020-04-25 18:39:56.988 WARN  [http-nio-8080-exec-1]o.s.w.s.mvc.support.DefaultHandlerExceptionResolver.logException:199 -Resolved [org.springframework.web.HttpRequestMethodNotSupportedException: Request method 'POST' not supported]
2020-04-25 19:05:30.940 WARN  [http-nio-8080-exec-4]o.s.w.s.mvc.support.DefaultHandlerExceptionResolver.logException:199 -Resolved [org.springframework.http.converter.HttpMessageNotReadableException: Required request body is missing: public com.hnxx.zy.clms.common.utils.Result<com.hnxx.zy.clms.common.utils.Page<com.hnxx.zy.clms.core.entity.ArticleStatistics>> com.hnxx.zy.clms.controller.ArticleTypeController.getArticleTypeCountInfo(com.hnxx.zy.clms.common.utils.Page<com.hnxx.zy.clms.core.entity.ArticleStatistics>)]
2020-04-25 19:10:59.701 WARN  [http-nio-8080-exec-6]o.s.w.s.mvc.support.DefaultHandlerExceptionResolver.logException:199 -Resolved [org.springframework.http.converter.HttpMessageNotReadableException: Required request body is missing: public com.hnxx.zy.clms.common.utils.Result<com.hnxx.zy.clms.common.utils.Page<com.hnxx.zy.clms.core.entity.ArticleStatistics>> com.hnxx.zy.clms.controller.ArticleTypeController.getArticleTypeCountInfo(com.hnxx.zy.clms.common.utils.Page<com.hnxx.zy.clms.core.entity.ArticleStatistics>)]
2020-04-25 19:29:53.756 WARN  [http-nio-8080-exec-4]o.s.w.s.mvc.support.DefaultHandlerExceptionResolver.logException:199 -Resolved [org.springframework.http.converter.HttpMessageNotReadableException: Required request body is missing: public com.hnxx.zy.clms.common.utils.Result<com.hnxx.zy.clms.common.utils.Page<com.hnxx.zy.clms.core.entity.ArticleStatistics>> com.hnxx.zy.clms.controller.ArticleTypeController.getArticleTypeCountInfo(com.hnxx.zy.clms.common.utils.Page<com.hnxx.zy.clms.core.entity.ArticleStatistics>)]
2020-04-25 19:31:03.969 WARN  [http-nio-8080-exec-8]o.s.w.s.mvc.support.DefaultHandlerExceptionResolver.logException:199 -Resolved [org.springframework.http.converter.HttpMessageNotReadableException: Required request body is missing: public com.hnxx.zy.clms.common.utils.Result<com.hnxx.zy.clms.common.utils.Page<com.hnxx.zy.clms.core.entity.ArticleStatistics>> com.hnxx.zy.clms.controller.ArticleTypeController.getArticleTypeCountInfo(com.hnxx.zy.clms.common.utils.Page<com.hnxx.zy.clms.core.entity.ArticleStatistics>)]
2020-04-25 19:33:10.978 WARN  [http-nio-8080-exec-10]o.s.w.s.mvc.support.DefaultHandlerExceptionResolver.logException:199 -Resolved [org.springframework.http.converter.HttpMessageNotReadableException: Required request body is missing: public com.hnxx.zy.clms.common.utils.Result<com.hnxx.zy.clms.common.utils.Page<com.hnxx.zy.clms.core.entity.ArticleStatistics>> com.hnxx.zy.clms.controller.ArticleTypeController.getArticleTypeCountInfo(com.hnxx.zy.clms.common.utils.Page<com.hnxx.zy.clms.core.entity.ArticleStatistics>)]
2020-04-25 19:38:47.523 WARN  [http-nio-8080-exec-9]o.s.w.s.mvc.support.DefaultHandlerExceptionResolver.logException:199 -Resolved [org.springframework.http.converter.HttpMessageNotReadableException: Required request body is missing: public com.hnxx.zy.clms.common.utils.Result<com.hnxx.zy.clms.common.utils.Page<com.hnxx.zy.clms.core.entity.ArticleStatistics>> com.hnxx.zy.clms.controller.ArticleTypeController.getArticleTypeCountInfo(com.hnxx.zy.clms.common.utils.Page<com.hnxx.zy.clms.core.entity.ArticleStatistics>)]
2020-04-25 19:48:58.560 WARN  [http-nio-8080-exec-6]o.s.w.s.mvc.support.DefaultHandlerExceptionResolver.logException:199 -Resolved [org.springframework.http.converter.HttpMessageNotReadableException: Required request body is missing: public com.hnxx.zy.clms.common.utils.Result<com.hnxx.zy.clms.common.utils.Page<com.hnxx.zy.clms.core.entity.ArticleStatistics>> com.hnxx.zy.clms.controller.ArticleTypeController.getArticleTypeCountInfo(com.hnxx.zy.clms.common.utils.Page<com.hnxx.zy.clms.core.entity.ArticleStatistics>)]
2020-04-25 19:49:25.011 WARN  [http-nio-8080-exec-5]o.s.w.s.mvc.support.DefaultHandlerExceptionResolver.logException:199 -Resolved [org.springframework.http.converter.HttpMessageNotReadableException: Required request body is missing: public com.hnxx.zy.clms.common.utils.Result<com.hnxx.zy.clms.common.utils.Page<com.hnxx.zy.clms.core.entity.ArticleStatistics>> com.hnxx.zy.clms.controller.ArticleTypeController.getArticleTypeCountInfo(com.hnxx.zy.clms.common.utils.Page<com.hnxx.zy.clms.core.entity.ArticleStatistics>)]
2020-04-25 19:54:50.213 WARN  [http-nio-8080-exec-6]o.s.w.s.mvc.support.DefaultHandlerExceptionResolver.logException:199 -Resolved [org.springframework.http.converter.HttpMessageNotReadableException: Required request body is missing: public com.hnxx.zy.clms.common.utils.Result<com.hnxx.zy.clms.common.utils.Page<com.hnxx.zy.clms.core.entity.ArticleStatistics>> com.hnxx.zy.clms.controller.ArticleTypeController.getArticleTypeCountInfo(com.hnxx.zy.clms.common.utils.Page<com.hnxx.zy.clms.core.entity.ArticleStatistics>)]
2020-04-25 19:59:57.110 WARN  [http-nio-8080-exec-9]o.s.w.s.mvc.support.DefaultHandlerExceptionResolver.logException:199 -Resolved [org.springframework.http.converter.HttpMessageNotReadableException: Required request body is missing: public com.hnxx.zy.clms.common.utils.Result<com.hnxx.zy.clms.common.utils.Page<com.hnxx.zy.clms.core.entity.ArticleStatistics>> com.hnxx.zy.clms.controller.ArticleTypeController.getArticleTypeCountInfo(com.hnxx.zy.clms.common.utils.Page<com.hnxx.zy.clms.core.entity.ArticleStatistics>)]
2020-04-25 20:00:01.897 WARN  [http-nio-8080-exec-2]o.s.w.s.mvc.support.DefaultHandlerExceptionResolver.logException:199 -Resolved [org.springframework.http.converter.HttpMessageNotReadableException: Required request body is missing: public com.hnxx.zy.clms.common.utils.Result<com.hnxx.zy.clms.common.utils.Page<com.hnxx.zy.clms.core.entity.ArticleStatistics>> com.hnxx.zy.clms.controller.ArticleTypeController.getArticleTypeCountInfo(com.hnxx.zy.clms.common.utils.Page<com.hnxx.zy.clms.core.entity.ArticleStatistics>)]
2020-04-25 20:10:08.078 WARN  [http-nio-8080-exec-7]com.alibaba.druid.pool.DruidDataSource.getConnectionDirect:1260 -get connection timeout retry : 1
2020-04-25 20:10:39.463 WARN  [http-nio-8080-exec-8]com.alibaba.druid.pool.DruidDataSource.getConnectionDirect:1260 -get connection timeout retry : 1
2020-04-25 20:10:39.799 WARN  [http-nio-8080-exec-10]com.alibaba.druid.pool.DruidDataSource.getConnectionDirect:1260 -get connection timeout retry : 1
2020-04-25 20:16:24.891 WARN  [http-nio-8080-exec-2]o.s.w.s.mvc.support.DefaultHandlerExceptionResolver.logException:199 -Resolved [org.springframework.http.converter.HttpMessageNotReadableException: Required request body is missing: public com.hnxx.zy.clms.common.utils.Result<com.hnxx.zy.clms.common.utils.Page<com.hnxx.zy.clms.core.entity.ArticleStatistics>> com.hnxx.zy.clms.controller.ArticleTypeController.getArticleTypeCountInfo(com.hnxx.zy.clms.common.utils.Page<com.hnxx.zy.clms.core.entity.ArticleStatistics>)]
2020-04-25 20:25:27.560 WARN  [http-nio-8080-exec-7]o.s.w.s.mvc.support.DefaultHandlerExceptionResolver.logException:199 -Resolved [org.springframework.http.converter.HttpMessageNotReadableException: Required request body is missing: public com.hnxx.zy.clms.common.utils.Result<com.hnxx.zy.clms.common.utils.Page<com.hnxx.zy.clms.core.entity.ArticleStatistics>> com.hnxx.zy.clms.controller.ArticleTypeController.getArticleTypeCountInfo(com.hnxx.zy.clms.common.utils.Page<com.hnxx.zy.clms.core.entity.ArticleStatistics>)]
