2020-05-02 22:14:18.482 INFO  [restartedMain]com.hnxx.zy.clms.ClmsApplication.logStarting:55 -Starting ClmsApplication on WIN-20190617RXB with PID 9620 (D:\clms\target\classes started by Administrator in D:\clms)
2020-05-02 22:14:18.499 INFO  [restartedMain]com.hnxx.zy.clms.ClmsApplication.logStartupProfileInfo:651 -No active profile set, falling back to default profiles: default
2020-05-02 22:14:18.582 INFO  [restartedMain]org.springframework.boot.devtools.restart.ChangeableUrls.logTo:225 -The Class-Path manifest attribute in C:\repo\com\sun\xml\bind\jaxb-impl\2.3.0\jaxb-impl-2.3.0.jar referenced one or more files that do not exist: file:/C:/repo/com/sun/xml/bind/jaxb-impl/2.3.0/jaxb-core.jar
2020-05-02 22:14:18.583 INFO  [restartedMain]org.springframework.boot.devtools.restart.ChangeableUrls.logTo:225 -The Class-Path manifest attribute in C:\repo\com\sun\xml\bind\jaxb-core\2.3.0\jaxb-core-2.3.0.jar referenced one or more files that do not exist: file:/C:/repo/com/sun/xml/bind/jaxb-core/2.3.0/jaxb-api.jar
2020-05-02 22:14:18.583 INFO  [restartedMain]o.s.b.devtools.env.DevToolsPropertyDefaultsPostProcessor.logTo:225 -Devtools property defaults active! Set 'spring.devtools.add-properties' to 'false' to disable
2020-05-02 22:14:18.583 INFO  [restartedMain]o.s.b.devtools.env.DevToolsPropertyDefaultsPostProcessor.logTo:225 -For additional web related logging consider setting the 'logging.level.web' property to 'DEBUG'
2020-05-02 22:14:21.149 INFO  [restartedMain]o.s.boot.web.embedded.tomcat.TomcatWebServer.initialize:92 -Tomcat initialized with port(s): 8080 (http)
2020-05-02 22:14:21.162 INFO  [restartedMain]org.apache.coyote.http11.Http11NioProtocol.log:173 -Initializing ProtocolHandler ["http-nio-8080"]
2020-05-02 22:14:21.164 INFO  [restartedMain]org.apache.catalina.core.StandardService.log:173 -Starting service [Tomcat]
2020-05-02 22:14:21.165 INFO  [restartedMain]org.apache.catalina.core.StandardEngine.log:173 -Starting Servlet engine: [Apache Tomcat/9.0.31]
2020-05-02 22:14:21.568 INFO  [restartedMain]o.a.catalina.core.ContainerBase.[Tomcat].[localhost].[/].log:173 -Initializing Spring embedded WebApplicationContext
2020-05-02 22:14:21.569 INFO  [restartedMain]org.springframework.web.context.ContextLoader.prepareWebApplicationContext:284 -Root WebApplicationContext: initialization completed in 2985 ms
2020-05-02 22:14:21.885 INFO  [restartedMain]c.a.d.s.boot.autoconfigure.DruidDataSourceAutoConfigure.dataSource:56 -Init DruidDataSource
2020-05-02 22:14:25.533 INFO  [restartedMain]com.alibaba.druid.pool.DruidDataSource.init:930 -{dataSource-1} inited
2020-05-02 22:14:27.513 INFO  [restartedMain]o.s.security.web.DefaultSecurityFilterChain.<init>:43 -Creating filter chain: Ant [pattern='/css/**'], []
2020-05-02 22:14:27.513 INFO  [restartedMain]o.s.security.web.DefaultSecurityFilterChain.<init>:43 -Creating filter chain: Ant [pattern='/js/**,/static/**'], []
2020-05-02 22:14:28.053 INFO  [restartedMain]o.s.security.web.DefaultSecurityFilterChain.<init>:43 -Creating filter chain: any request, [org.springframework.security.web.context.request.async.WebAsyncManagerIntegrationFilter@d968793, org.springframework.security.web.context.SecurityContextPersistenceFilter@311286d3, org.springframework.security.web.header.HeaderWriterFilter@55c225f1, org.springframework.web.filter.CorsFilter@68c637eb, org.springframework.security.web.authentication.logout.LogoutFilter@63d1287c, com.hnxx.zy.clms.security.jwt.JwtAuthTokenFilter@5d961f99, org.springframework.security.web.authentication.UsernamePasswordAuthenticationFilter@3fed9820, org.springframework.security.web.savedrequest.RequestCacheAwareFilter@59676876, org.springframework.security.web.servletapi.SecurityContextHolderAwareRequestFilter@22e2bfce, org.springframework.security.web.authentication.AnonymousAuthenticationFilter@31e03e19, org.springframework.security.web.session.SessionManagementFilter@659710b2, org.springframework.security.web.access.ExceptionTranslationFilter@196f395, org.springframework.security.web.access.intercept.FilterSecurityInterceptor@13b93d2c]
2020-05-02 22:14:28.218 INFO  [restartedMain]o.s.scheduling.concurrent.ThreadPoolTaskExecutor.initialize:181 -Initializing ExecutorService 'applicationTaskExecutor'
2020-05-02 22:14:28.634 INFO  [restartedMain]o.s.scheduling.concurrent.ThreadPoolTaskScheduler.initialize:181 -Initializing ExecutorService 'taskScheduler'
2020-05-02 22:14:28.767 INFO  [restartedMain]o.s.boot.devtools.autoconfigure.OptionalLiveReloadServer.startServer:58 -LiveReload server is running on port 35729
2020-05-02 22:14:28.826 INFO  [restartedMain]org.apache.coyote.http11.Http11NioProtocol.log:173 -Starting ProtocolHandler ["http-nio-8080"]
2020-05-02 22:14:28.862 INFO  [restartedMain]o.s.boot.web.embedded.tomcat.TomcatWebServer.start:204 -Tomcat started on port(s): 8080 (http) with context path ''
2020-05-02 22:14:28.870 INFO  [restartedMain]com.hnxx.zy.clms.ClmsApplication.logStarted:61 -Started ClmsApplication in 12.154 seconds (JVM running for 14.304)
2020-05-02 22:14:29.852 INFO  [http-nio-8080-exec-1]o.a.catalina.core.ContainerBase.[Tomcat].[localhost].[/].log:173 -Initializing Spring DispatcherServlet 'dispatcherServlet'
2020-05-02 22:14:29.853 INFO  [http-nio-8080-exec-1]org.springframework.web.servlet.DispatcherServlet.initServletBean:525 -Initializing Servlet 'dispatcherServlet'
2020-05-02 22:14:29.873 INFO  [http-nio-8080-exec-1]org.springframework.web.servlet.DispatcherServlet.initServletBean:547 -Completed initialization in 20 ms
2020-05-02 22:14:31.783 INFO  [http-nio-8080-exec-2]com.hnxx.zy.clms.common.aspect.RequestAspect.printRequestLog:142 -请求地址 : /articleType/getList
2020-05-02 22:14:31.786 INFO  [http-nio-8080-exec-2]com.hnxx.zy.clms.common.aspect.RequestAspect.printRequestLog:143 -请求方式 : GET
2020-05-02 22:14:31.797 INFO  [http-nio-8080-exec-2]com.hnxx.zy.clms.common.aspect.RequestAspect.printRequestLog:146 -IP : 127.0.0.1
2020-05-02 22:14:31.801 INFO  [http-nio-8080-exec-2]com.hnxx.zy.clms.common.aspect.RequestAspect.printRequestLog:148 -方法 : com.hnxx.zy.clms.controller.ArticleTypeController.getList
2020-05-02 22:14:31.803 INFO  [http-nio-8080-exec-2]com.hnxx.zy.clms.common.aspect.RequestAspect.printRequestLog:152 -请求参数：******
2020-05-02 22:14:31.885 INFO  [http-nio-8080-exec-2]com.hnxx.zy.clms.common.aspect.RequestAspect.doAround:91 -耗时 : 104
2020-05-02 22:14:31.894 INFO  [http-nio-8080-exec-2]com.hnxx.zy.clms.common.aspect.RequestAspect.doAfterReturning:109 -返回值:"******"
2020-05-02 22:14:42.151 INFO  [http-nio-8080-exec-8]com.hnxx.zy.clms.common.aspect.RequestAspect.printRequestLog:142 -请求地址 : /articleType/getList
2020-05-02 22:14:42.152 INFO  [http-nio-8080-exec-8]com.hnxx.zy.clms.common.aspect.RequestAspect.printRequestLog:143 -请求方式 : GET
2020-05-02 22:14:42.154 INFO  [http-nio-8080-exec-8]com.hnxx.zy.clms.common.aspect.RequestAspect.printRequestLog:146 -IP : 127.0.0.1
2020-05-02 22:14:42.156 INFO  [http-nio-8080-exec-8]com.hnxx.zy.clms.common.aspect.RequestAspect.printRequestLog:148 -方法 : com.hnxx.zy.clms.controller.ArticleTypeController.getList
2020-05-02 22:14:42.157 INFO  [http-nio-8080-exec-8]com.hnxx.zy.clms.common.aspect.RequestAspect.printRequestLog:152 -请求参数：******
2020-05-02 22:14:42.236 INFO  [http-nio-8080-exec-8]com.hnxx.zy.clms.common.aspect.RequestAspect.doAround:91 -耗时 : 85
2020-05-02 22:14:42.236 INFO  [http-nio-8080-exec-8]com.hnxx.zy.clms.common.aspect.RequestAspect.doAfterReturning:109 -返回值:"******"
2020-05-02 22:22:15.703 INFO  [restartedMain]com.hnxx.zy.clms.ClmsApplication.logStarting:55 -Starting ClmsApplication on WIN-20190617RXB with PID 7156 (D:\clms\target\classes started by Administrator in D:\clms)
2020-05-02 22:22:15.708 INFO  [restartedMain]com.hnxx.zy.clms.ClmsApplication.logStartupProfileInfo:651 -No active profile set, falling back to default profiles: default
2020-05-02 22:22:15.781 INFO  [restartedMain]org.springframework.boot.devtools.restart.ChangeableUrls.logTo:225 -The Class-Path manifest attribute in C:\repo\com\sun\xml\bind\jaxb-impl\2.3.0\jaxb-impl-2.3.0.jar referenced one or more files that do not exist: file:/C:/repo/com/sun/xml/bind/jaxb-impl/2.3.0/jaxb-core.jar
2020-05-02 22:22:15.782 INFO  [restartedMain]org.springframework.boot.devtools.restart.ChangeableUrls.logTo:225 -The Class-Path manifest attribute in C:\repo\com\sun\xml\bind\jaxb-core\2.3.0\jaxb-core-2.3.0.jar referenced one or more files that do not exist: file:/C:/repo/com/sun/xml/bind/jaxb-core/2.3.0/jaxb-api.jar
2020-05-02 22:22:15.782 INFO  [restartedMain]o.s.b.devtools.env.DevToolsPropertyDefaultsPostProcessor.logTo:225 -Devtools property defaults active! Set 'spring.devtools.add-properties' to 'false' to disable
2020-05-02 22:22:15.783 INFO  [restartedMain]o.s.b.devtools.env.DevToolsPropertyDefaultsPostProcessor.logTo:225 -For additional web related logging consider setting the 'logging.level.web' property to 'DEBUG'
2020-05-02 22:22:17.942 INFO  [restartedMain]o.s.boot.web.embedded.tomcat.TomcatWebServer.initialize:92 -Tomcat initialized with port(s): 8080 (http)
2020-05-02 22:22:17.955 INFO  [restartedMain]org.apache.coyote.http11.Http11NioProtocol.log:173 -Initializing ProtocolHandler ["http-nio-8080"]
2020-05-02 22:22:17.956 INFO  [restartedMain]org.apache.catalina.core.StandardService.log:173 -Starting service [Tomcat]
2020-05-02 22:22:17.957 INFO  [restartedMain]org.apache.catalina.core.StandardEngine.log:173 -Starting Servlet engine: [Apache Tomcat/9.0.31]
2020-05-02 22:22:18.212 INFO  [restartedMain]o.a.catalina.core.ContainerBase.[Tomcat].[localhost].[/].log:173 -Initializing Spring embedded WebApplicationContext
2020-05-02 22:22:18.213 INFO  [restartedMain]org.springframework.web.context.ContextLoader.prepareWebApplicationContext:284 -Root WebApplicationContext: initialization completed in 2430 ms
2020-05-02 22:22:18.506 INFO  [restartedMain]c.a.d.s.boot.autoconfigure.DruidDataSourceAutoConfigure.dataSource:56 -Init DruidDataSource
2020-05-02 22:22:22.090 INFO  [restartedMain]com.alibaba.druid.pool.DruidDataSource.init:930 -{dataSource-1} inited
2020-05-02 22:22:23.193 INFO  [restartedMain]o.s.security.web.DefaultSecurityFilterChain.<init>:43 -Creating filter chain: Ant [pattern='/css/**'], []
2020-05-02 22:22:23.193 INFO  [restartedMain]o.s.security.web.DefaultSecurityFilterChain.<init>:43 -Creating filter chain: Ant [pattern='/js/**,/static/**'], []
2020-05-02 22:22:23.663 INFO  [restartedMain]o.s.security.web.DefaultSecurityFilterChain.<init>:43 -Creating filter chain: any request, [org.springframework.security.web.context.request.async.WebAsyncManagerIntegrationFilter@3fd00584, org.springframework.security.web.context.SecurityContextPersistenceFilter@7296207c, org.springframework.security.web.header.HeaderWriterFilter@6d389744, org.springframework.web.filter.CorsFilter@75f642bf, org.springframework.security.web.authentication.logout.LogoutFilter@6bd0b528, com.hnxx.zy.clms.security.jwt.JwtAuthTokenFilter@3e195b83, org.springframework.security.web.authentication.UsernamePasswordAuthenticationFilter@20dbd0e3, org.springframework.security.web.savedrequest.RequestCacheAwareFilter@4a4bbd38, org.springframework.security.web.servletapi.SecurityContextHolderAwareRequestFilter@7394fd44, org.springframework.security.web.authentication.AnonymousAuthenticationFilter@6777e8ed, org.springframework.security.web.session.SessionManagementFilter@4374480b, org.springframework.security.web.access.ExceptionTranslationFilter@4e3a665d, org.springframework.security.web.access.intercept.FilterSecurityInterceptor@798198e2]
2020-05-02 22:22:23.765 INFO  [restartedMain]o.s.scheduling.concurrent.ThreadPoolTaskExecutor.initialize:181 -Initializing ExecutorService 'applicationTaskExecutor'
2020-05-02 22:22:24.152 INFO  [restartedMain]o.s.scheduling.concurrent.ThreadPoolTaskScheduler.initialize:181 -Initializing ExecutorService 'taskScheduler'
2020-05-02 22:22:24.274 INFO  [restartedMain]o.s.boot.devtools.autoconfigure.OptionalLiveReloadServer.startServer:58 -LiveReload server is running on port 35729
2020-05-02 22:22:24.334 INFO  [restartedMain]org.apache.coyote.http11.Http11NioProtocol.log:173 -Starting ProtocolHandler ["http-nio-8080"]
2020-05-02 22:22:24.364 INFO  [restartedMain]o.s.boot.web.embedded.tomcat.TomcatWebServer.start:204 -Tomcat started on port(s): 8080 (http) with context path ''
2020-05-02 22:22:24.368 INFO  [restartedMain]com.hnxx.zy.clms.ClmsApplication.logStarted:61 -Started ClmsApplication in 10.299 seconds (JVM running for 12.513)
2020-05-02 22:23:21.472 INFO  [http-nio-8080-exec-1]o.a.catalina.core.ContainerBase.[Tomcat].[localhost].[/].log:173 -Initializing Spring DispatcherServlet 'dispatcherServlet'
2020-05-02 22:23:21.473 INFO  [http-nio-8080-exec-1]org.springframework.web.servlet.DispatcherServlet.initServletBean:525 -Initializing Servlet 'dispatcherServlet'
2020-05-02 22:23:21.498 INFO  [http-nio-8080-exec-1]org.springframework.web.servlet.DispatcherServlet.initServletBean:547 -Completed initialization in 24 ms
2020-05-02 22:23:22.113 INFO  [http-nio-8080-exec-1]com.hnxx.zy.clms.common.aspect.RequestAspect.printRequestLog:142 -请求地址 : /articleType/getList
2020-05-02 22:23:22.116 INFO  [http-nio-8080-exec-1]com.hnxx.zy.clms.common.aspect.RequestAspect.printRequestLog:143 -请求方式 : GET
2020-05-02 22:23:22.124 INFO  [http-nio-8080-exec-1]com.hnxx.zy.clms.common.aspect.RequestAspect.printRequestLog:146 -IP : 127.0.0.1
2020-05-02 22:23:22.128 INFO  [http-nio-8080-exec-1]com.hnxx.zy.clms.common.aspect.RequestAspect.printRequestLog:148 -方法 : com.hnxx.zy.clms.controller.ArticleTypeController.getList
2020-05-02 22:23:22.129 INFO  [http-nio-8080-exec-1]com.hnxx.zy.clms.common.aspect.RequestAspect.printRequestLog:152 -请求参数：******
2020-05-02 22:23:22.235 INFO  [http-nio-8080-exec-1]com.hnxx.zy.clms.common.aspect.RequestAspect.doAround:91 -耗时 : 124
2020-05-02 22:23:22.564 INFO  [http-nio-8080-exec-1]com.hnxx.zy.clms.common.aspect.RequestAspect.doAfterReturning:109 -返回值:"******"
2020-05-02 22:23:23.137 INFO  [http-nio-8080-exec-2]com.hnxx.zy.clms.common.aspect.RequestAspect.printRequestLog:142 -请求地址 : /articleType/getList
2020-05-02 22:23:23.137 INFO  [http-nio-8080-exec-2]com.hnxx.zy.clms.common.aspect.RequestAspect.printRequestLog:143 -请求方式 : GET
2020-05-02 22:23:23.138 INFO  [http-nio-8080-exec-2]com.hnxx.zy.clms.common.aspect.RequestAspect.printRequestLog:146 -IP : 127.0.0.1
2020-05-02 22:23:23.139 INFO  [http-nio-8080-exec-2]com.hnxx.zy.clms.common.aspect.RequestAspect.printRequestLog:148 -方法 : com.hnxx.zy.clms.controller.ArticleTypeController.getList
2020-05-02 22:23:23.139 INFO  [http-nio-8080-exec-2]com.hnxx.zy.clms.common.aspect.RequestAspect.printRequestLog:152 -请求参数：******
2020-05-02 22:23:23.218 INFO  [http-nio-8080-exec-2]com.hnxx.zy.clms.common.aspect.RequestAspect.doAround:91 -耗时 : 81
2020-05-02 22:23:23.218 INFO  [http-nio-8080-exec-2]com.hnxx.zy.clms.common.aspect.RequestAspect.doAfterReturning:109 -返回值:"******"
