2020-04-11 15:04:17.861 INFO  [restartedMain]com.hnxx.zy.clms.ClmsApplication.logStarting:55 -Starting ClmsApplication on USER-20200114VO with PID 5436 (E:\ideaProject\clms\target\classes started by Administrator in E:\ideaProject\clms)
2020-04-11 15:04:17.898 INFO  [restartedMain]com.hnxx.zy.clms.ClmsApplication.logStartupProfileInfo:651 -No active profile set, falling back to default profiles: default
2020-04-11 15:04:17.966 INFO  [restartedMain]org.springframework.boot.devtools.restart.ChangeableUrls.logTo:225 -The Class-Path manifest attribute in E:\安装包\个人仓库\repo\com\sun\xml\bind\jaxb-impl\2.3.0\jaxb-impl-2.3.0.jar referenced one or more files that do not exist: file:/E:/%e5%ae%89%e8%a3%85%e5%8c%85/%e4%b8%aa%e4%ba%ba%e4%bb%93%e5%ba%93/repo/com/sun/xml/bind/jaxb-impl/2.3.0/jaxb-core.jar
2020-04-11 15:04:17.967 INFO  [restartedMain]org.springframework.boot.devtools.restart.ChangeableUrls.logTo:225 -The Class-Path manifest attribute in E:\安装包\个人仓库\repo\com\sun\xml\bind\jaxb-core\2.3.0\jaxb-core-2.3.0.jar referenced one or more files that do not exist: file:/E:/%e5%ae%89%e8%a3%85%e5%8c%85/%e4%b8%aa%e4%ba%ba%e4%bb%93%e5%ba%93/repo/com/sun/xml/bind/jaxb-core/2.3.0/jaxb-api.jar
2020-04-11 15:04:17.968 INFO  [restartedMain]o.s.b.devtools.env.DevToolsPropertyDefaultsPostProcessor.logTo:225 -Devtools property defaults active! Set 'spring.devtools.add-properties' to 'false' to disable
2020-04-11 15:04:17.968 INFO  [restartedMain]o.s.b.devtools.env.DevToolsPropertyDefaultsPostProcessor.logTo:225 -For additional web related logging consider setting the 'logging.level.web' property to 'DEBUG'
2020-04-11 15:04:20.514 INFO  [restartedMain]o.s.boot.web.embedded.tomcat.TomcatWebServer.initialize:92 -Tomcat initialized with port(s): 8887 (http)
2020-04-11 15:04:20.522 INFO  [restartedMain]org.apache.coyote.http11.Http11NioProtocol.log:173 -Initializing ProtocolHandler ["http-nio-8887"]
2020-04-11 15:04:20.523 INFO  [restartedMain]org.apache.catalina.core.StandardService.log:173 -Starting service [Tomcat]
2020-04-11 15:04:20.524 INFO  [restartedMain]org.apache.catalina.core.StandardEngine.log:173 -Starting Servlet engine: [Apache Tomcat/9.0.31]
2020-04-11 15:04:20.709 INFO  [restartedMain]o.a.catalina.core.ContainerBase.[Tomcat].[localhost].[/].log:173 -Initializing Spring embedded WebApplicationContext
2020-04-11 15:04:20.710 INFO  [restartedMain]org.springframework.web.context.ContextLoader.prepareWebApplicationContext:284 -Root WebApplicationContext: initialization completed in 2741 ms
2020-04-11 15:04:20.978 INFO  [restartedMain]c.a.d.s.boot.autoconfigure.DruidDataSourceAutoConfigure.dataSource:56 -Init DruidDataSource
2020-04-11 15:04:23.868 INFO  [restartedMain]com.alibaba.druid.pool.DruidDataSource.init:930 -{dataSource-1} inited
2020-04-11 15:04:24.965 INFO  [restartedMain]o.s.security.web.DefaultSecurityFilterChain.<init>:43 -Creating filter chain: Ant [pattern='/css/**'], []
2020-04-11 15:04:24.965 INFO  [restartedMain]o.s.security.web.DefaultSecurityFilterChain.<init>:43 -Creating filter chain: Ant [pattern='/js/**,/static/**'], []
2020-04-11 15:04:25.113 INFO  [restartedMain]com.alibaba.druid.pool.DruidDataSource.close:1825 -{dataSource-1} closed
2020-04-11 15:04:25.117 INFO  [restartedMain]org.apache.catalina.core.StandardService.log:173 -Stopping service [Tomcat]
2020-04-11 15:04:25.128 INFO  [restartedMain]o.s.b.a.logging.ConditionEvaluationReportLoggingListener.logMessage:136 -

Error starting ApplicationContext. To display the conditions report re-run your application with 'debug' enabled.
