2020-03-18 20:05:27.249 DEBUG [restartedMain]com.hnxx.zy.clms.ClmsApplication.logStarting:56 -Running with Spring Boot v2.2.5.RELEASE, Spring v5.2.4.RELEASE
2020-03-20 20:57:35.749 DEBUG [restartedMain]com.hnxx.zy.clms.ClmsApplication.logStarting:56 -Running with Spring Boot v2.2.5.RELEASE, Spring v5.2.4.RELEASE
2020-03-20 21:01:48.530 DEBUG [http-nio-8080-exec-2]com.hnxx.zy.clms.core.mapper.XxxMapper.getAll.debug:159 -==>  Preparing: select * from cl_xx 
2020-03-20 21:01:48.570 DEBUG [http-nio-8080-exec-2]com.hnxx.zy.clms.core.mapper.XxxMapper.getAll.debug:159 -==> Parameters: 
2020-03-20 21:01:48.685 DEBUG [http-nio-8080-exec-2]com.hnxx.zy.clms.core.mapper.XxxMapper.getAll.debug:159 -<==      Total: 13
2020-03-20 21:01:48.875 DEBUG [http-nio-8080-exec-2]com.hnxx.zy.clms.core.mapper.LogMapper.save.debug:159 -==>  Preparing: insert into cl_log( log_url, log_params, log_status, log_message, log_method, log_time, log_result, log_ip ) values ( ?, ?, ?, ?, ?, ?, ?, ? ) 
2020-03-20 21:01:48.880 DEBUG [http-nio-8080-exec-2]com.hnxx.zy.clms.core.mapper.LogMapper.save.debug:159 -==> Parameters: /xxx/list(String), [](String), 1(Integer), null, GET(String), 2274(Long), {"code":200,"data":[{"createdTime":"2020-03-17 22:22:57","isDeleted":0,"isEnabled":1,"updateTime":"2020-03-18 16:34:12","version":1,"xxId":1,"xxName":"测试模型1"},{"createdTime":"2020-03-18 10:06:34","isDeleted":0,"isEnabled":1,"updateTime":"2020-03-18 16:34:23","version":1,"xxId":3,"xxName":"测试模型3"},{"createdTime":"2020-03-18 10:32:13","isDeleted":0,"isEnabled":1,"updateTime":"2020-03-18 16:34:32","version":1,"xxId":4,"xxName":"测试模型4"},{"createdTime":"2020-03-18 10:32:24","isDeleted":0,"isEnabled":1,"updateTime":"2020-03-18 16:34:36","version":1,"xxId":5,"xxName":"测试模型5"},{"createdTime":"2020-03-18 10:32:31","isDeleted":0,"isEnabled":1,"updateTime":"2020-03-18 16:34:38","version":1,"xxId":6,"xxName":"测试模型6"},{"createdTime":"2020-03-18 11:20:50","isDeleted":0,"isEnabled":1,"updateTime":"2020-03-18 16:34:41","version":1,"xxId":7,"xxName":"测试模型7"},{"createdTime":"2020-03-18 11:55:58","isDeleted":0,"isEnabled":1,"updateTime":"2020-03-18 16:34:46","version":1,"xxId":8,"xxName":"测试模型8"},{"createdTime":"2020-03-18 12:15:33","isDeleted":0,"isEnabled":1,"updateTime":"2020-03-18 16:34:50","version":1,"xxId":9,"xxName":"测试模型9"},{"createdTime":"2020-03-18 12:16:27","isDeleted":0,"isEnabled":1,"updateTime":"2020-03-18 16:34:57","version":1,"xxId":10,"xxName":"测试模型10"},{"createdTime":"2020-03-18 12:17:05","isDeleted":0,"isEnabled":1,"updateTime":"2020-03-18 16:35:00","version":1,"xxId":11,"xxName":"测试模型11"},{"createdTime":"2020-03-18 12:18:35","isDeleted":0,"isEnabled":1,"updateTime":"2020-03-18 16:35:05","version":1,"xxId":12,"xxName":"测试模型12"},{"createdTime":"2020-03-18 12:28:47","isDeleted":1,"isEnabled":1,"updateTime":"2020-03-18 16:35:30","version":1,"xxId":13,"xxName":"xxx"},{"createdTime":"2020-03-18 12:28:54","isDeleted":1,"isEnabled":1,"updateTime":"2020-03-18 16:35:35","version":1,"xxId":14,"xxName":"xxxxxxx"}],"msg":"操作成功！"}(String), 127.0.0.1(String)
2020-03-20 21:01:48.961 DEBUG [http-nio-8080-exec-2]com.hnxx.zy.clms.core.mapper.LogMapper.save.debug:159 -<==    Updates: 1
2020-03-20 21:28:27.297 DEBUG [restartedMain]com.hnxx.zy.clms.ClmsApplication.logStarting:56 -Running with Spring Boot v2.2.5.RELEASE, Spring v5.2.4.RELEASE
2020-03-22 11:58:23.686 DEBUG [restartedMain]com.hnxx.zy.clms.ClmsApplication.logStarting:56 -Running with Spring Boot v2.2.5.RELEASE, Spring v5.2.4.RELEASE
2020-03-22 12:04:48.068 DEBUG [http-nio-8080-exec-1]com.hnxx.zy.clms.core.mapper.ArticleMapper.save.debug:159 -==>  Preparing: insert into cl_article( article_title, article_author, article_image, article_content, article_type, article_source ) values ( ?, ?, ?, ?, ?, ? ) 
2020-03-22 12:04:48.178 DEBUG [http-nio-8080-exec-1]com.hnxx.zy.clms.core.mapper.ArticleMapper.save.debug:159 -==> Parameters: 测试文章1(String), code-fusheng(String), null, 这是code-fsheng写的测试文章1的内容，关于文章的测试(String), 1(Integer), null
2020-03-22 12:04:48.469 DEBUG [http-nio-8080-exec-1]com.hnxx.zy.clms.core.mapper.LogMapper.save.debug:159 -==>  Preparing: insert into cl_log( log_url, log_params, log_status, log_message, log_method, log_time, log_result, log_ip ) values ( ?, ?, ?, ?, ?, ?, ?, ? ) 
2020-03-22 12:04:48.473 DEBUG [http-nio-8080-exec-1]com.hnxx.zy.clms.core.mapper.LogMapper.save.debug:159 -==> Parameters: /article/save(String), [Article(articleId=null, articleTitle=测试文章1, articleAuthor=code-fusheng, articleImage=null, articleContent=这是code-fsheng写的测试文章1的内容，关于文章的测试, articleGood=null, articleRead=null, articleCollection=null, articleType=1, articleComment=null, articleSource=null, createdTime=null, updateTime=null, isEnable=null, isDeleted=null, version=null)](String), 0(Integer), org.springframework.dao.DataIntegrityViolationException: 
### Error updating database.  Cause: com.mysql.cj.jdbc.exceptions.MysqlDataTruncation: Data truncation: Data too long for column 'article_author' at row 1
### The error may involve com.hnxx.zy.clms.core.mapper.ArticleMapper.save-Inline
### Cause: com.mysql.cj.jdbc.exceptions.MysqlDataTruncation: Data truncation: Data too long for column 'article_author' at row 1
	at com.hnxx.zy.clms.core.service.impl.ArticleServiceImpl.save(ArticleServiceImpl.java:23)
	at com.hnxx.zy.clms.controller.ArticleController.save(ArticleController.java:32)
	at com.hnxx.zy.clms.controller.ArticleController$$FastClassBySpringCGLIB$$7b8f9c4b.invoke(<generated>)
	at com.hnxx.zy.clms.common.aspect.RequestAspect.doAround(RequestAspect.java:78)
	at com.hnxx.zy.clms.controller.ArticleController$$EnhancerBySpringCGLIB$$210ce6f9.save(<generated>)
Caused by: com.mysql.cj.jdbc.exceptions.MysqlDataTruncation: Data truncation: Data too long for column 'article_author' at row 1
(String), POST(String), 0(Long), null, 0:0:0:0:0:0:0:1(String)
2020-03-22 12:04:48.552 DEBUG [http-nio-8080-exec-1]com.hnxx.zy.clms.core.mapper.LogMapper.save.debug:159 -<==    Updates: 1
2020-03-22 12:06:09.549 DEBUG [http-nio-8080-exec-4]com.hnxx.zy.clms.core.mapper.ArticleMapper.save.debug:159 -==>  Preparing: insert into cl_article( article_title, article_author, article_image, article_content, article_type, article_source ) values ( ?, ?, ?, ?, ?, ? ) 
2020-03-22 12:06:09.552 DEBUG [http-nio-8080-exec-4]com.hnxx.zy.clms.core.mapper.ArticleMapper.save.debug:159 -==> Parameters: 测试文章1(String), code-fusheng(String), null, 这是code-fsheng写的测试文章1的内容，关于文章的测试(String), 1(Integer), null
2020-03-22 12:06:09.633 DEBUG [http-nio-8080-exec-4]com.hnxx.zy.clms.core.mapper.ArticleMapper.save.debug:159 -<==    Updates: 1
2020-03-22 12:06:09.850 DEBUG [http-nio-8080-exec-4]com.hnxx.zy.clms.core.mapper.LogMapper.save.debug:159 -==>  Preparing: insert into cl_log( log_url, log_params, log_status, log_message, log_method, log_time, log_result, log_ip ) values ( ?, ?, ?, ?, ?, ?, ?, ? ) 
2020-03-22 12:06:09.854 DEBUG [http-nio-8080-exec-4]com.hnxx.zy.clms.core.mapper.LogMapper.save.debug:159 -==> Parameters: /article/save(String), [Article(articleId=null, articleTitle=测试文章1, articleAuthor=code-fusheng, articleImage=null, articleContent=这是code-fsheng写的测试文章1的内容，关于文章的测试, articleGood=null, articleRead=null, articleCollection=null, articleType=1, articleComment=null, articleSource=null, createdTime=null, updateTime=null, isEnable=null, isDeleted=null, version=null)](String), 1(Integer), null, POST(String), 141(Long), {"code":200,"msg":"添加成功！"}(String), 0:0:0:0:0:0:0:1(String)
2020-03-22 12:06:09.929 DEBUG [http-nio-8080-exec-4]com.hnxx.zy.clms.core.mapper.LogMapper.save.debug:159 -<==    Updates: 1
2020-03-22 12:16:30.504 DEBUG [http-nio-8080-exec-6]com.hnxx.zy.clms.core.mapper.ArticleMapper.save.debug:159 -==>  Preparing: insert into cl_article( article_title, article_author, article_image, article_content, article_type, article_source ) values ( ?, ?, ?, ?, ?, ? ) 
2020-03-22 12:16:30.506 DEBUG [http-nio-8080-exec-6]com.hnxx.zy.clms.core.mapper.ArticleMapper.save.debug:159 -==> Parameters: 测试文章2(String), code-fusheng(String), null, 这是code-fsheng写的测试文章2的内容，关于文章的测试(String), 2(Integer), null
2020-03-22 12:16:30.580 DEBUG [http-nio-8080-exec-6]com.hnxx.zy.clms.core.mapper.ArticleMapper.save.debug:159 -<==    Updates: 1
2020-03-22 12:16:30.623 DEBUG [http-nio-8080-exec-6]com.hnxx.zy.clms.core.mapper.LogMapper.save.debug:159 -==>  Preparing: insert into cl_log( log_url, log_params, log_status, log_message, log_method, log_time, log_result, log_ip ) values ( ?, ?, ?, ?, ?, ?, ?, ? ) 
2020-03-22 12:16:30.625 DEBUG [http-nio-8080-exec-6]com.hnxx.zy.clms.core.mapper.LogMapper.save.debug:159 -==> Parameters: /article/save(String), [Article(articleId=null, articleTitle=测试文章2, articleAuthor=code-fusheng, articleImage=null, articleContent=这是code-fsheng写的测试文章2的内容，关于文章的测试, articleGood=null, articleRead=null, articleCollection=null, articleType=2, articleComment=null, articleSource=null, createdTime=null, updateTime=null, isEnable=null, isDeleted=null, version=null)](String), 1(Integer), null, POST(String), 2134(Long), {"code":200,"msg":"添加成功！"}(String), 0:0:0:0:0:0:0:1(String)
2020-03-22 12:16:30.744 DEBUG [http-nio-8080-exec-6]com.hnxx.zy.clms.core.mapper.LogMapper.save.debug:159 -<==    Updates: 1
2020-03-22 12:39:39.076 DEBUG [restartedMain]com.hnxx.zy.clms.ClmsApplication.logStarting:56 -Running with Spring Boot v2.2.5.RELEASE, Spring v5.2.4.RELEASE
2020-03-22 12:59:09.064 DEBUG [restartedMain]com.hnxx.zy.clms.ClmsApplication.logStarting:56 -Running with Spring Boot v2.2.5.RELEASE, Spring v5.2.4.RELEASE
2020-03-22 12:59:37.129 DEBUG [http-nio-8080-exec-2]com.hnxx.zy.clms.core.mapper.ArticleMapper.save.debug:159 -==>  Preparing: insert into cl_article( article_title, article_author, article_image, article_content, article_type, article_source ) values ( ?, ?, ?, ?, ?, ? ) 
2020-03-22 12:59:37.209 DEBUG [http-nio-8080-exec-2]com.hnxx.zy.clms.core.mapper.ArticleMapper.save.debug:159 -==> Parameters: 测试文章3(String), code-fusheng(String), null, 这是code-fsheng写的测试文章3的内容，关于文章的测试(String), 2(Integer), null
2020-03-22 12:59:37.370 DEBUG [http-nio-8080-exec-2]com.hnxx.zy.clms.core.mapper.ArticleMapper.save.debug:159 -<==    Updates: 1
2020-03-22 12:59:37.549 DEBUG [http-nio-8080-exec-2]com.hnxx.zy.clms.core.mapper.LogMapper.save.debug:159 -==>  Preparing: insert into cl_log( log_url, log_params, log_status, log_message, log_method, log_time, log_result, log_ip ) values ( ?, ?, ?, ?, ?, ?, ?, ? ) 
2020-03-22 12:59:37.553 DEBUG [http-nio-8080-exec-2]com.hnxx.zy.clms.core.mapper.LogMapper.save.debug:159 -==> Parameters: /article/save(String), [Article(articleId=null, articleTitle=测试文章3, articleAuthor=code-fusheng, articleImage=null, articleContent=这是code-fsheng写的测试文章3的内容，关于文章的测试, articleGood=null, articleRead=null, articleCollection=null, articleType=2, articleComment=null, articleSource=null, createdTime=null, updateTime=null, isEnable=null, isDeleted=null, version=null)](String), 1(Integer), null, POST(String), 351(Long), {"code":200,"msg":"添加成功！"}(String), 0:0:0:0:0:0:0:1(String)
2020-03-22 12:59:37.641 DEBUG [http-nio-8080-exec-2]com.hnxx.zy.clms.core.mapper.LogMapper.save.debug:159 -<==    Updates: 1
2020-03-22 14:20:35.143 DEBUG [restartedMain]com.hnxx.zy.clms.ClmsApplication.logStarting:56 -Running with Spring Boot v2.2.5.RELEASE, Spring v5.2.4.RELEASE
2020-03-22 14:22:26.037 DEBUG [http-nio-8080-exec-1]com.hnxx.zy.clms.core.mapper.ArticleTypeMapper.save.debug:159 -==>  Preparing: insert into cl_article_type( type_name ) values ( ? ) 
2020-03-22 14:22:26.097 DEBUG [http-nio-8080-exec-1]com.hnxx.zy.clms.core.mapper.ArticleTypeMapper.save.debug:159 -==> Parameters: C(String)
2020-03-22 14:22:26.440 DEBUG [http-nio-8080-exec-1]com.hnxx.zy.clms.core.mapper.LogMapper.save.debug:159 -==>  Preparing: insert into cl_log( log_url, log_params, log_status, log_message, log_method, log_time, log_result, log_ip ) values ( ?, ?, ?, ?, ?, ?, ?, ? ) 
2020-03-22 14:22:26.444 DEBUG [http-nio-8080-exec-1]com.hnxx.zy.clms.core.mapper.LogMapper.save.debug:159 -==> Parameters: /articleType/save(String), [ArticleType(typeId=null, typeName=C, typeCount=null, createdTime=null, updateTime=null, isEnable=null, isDeleted=null)](String), 0(Integer), org.springframework.dao.DataIntegrityViolationException: 
### Error updating database.  Cause: java.sql.SQLException: Field 'type_count' doesn't have a default value
### The error may involve com.hnxx.zy.clms.core.mapper.ArticleTypeMapper.save-Inline
### Cause: java.sql.SQLException: Field 'type_count' doesn't have a default value
; Field 'type_count' doesn't have a default value; nested exception is java.sql.SQLException: Field 'type_count' doesn't have a default value
	at com.hnxx.zy.clms.core.service.impl.ArticleTypeServiceImpl.save(ArticleTypeServiceImpl.java:27)
	at com.hnxx.zy.clms.controller.ArticleTypeController.save(ArticleTypeController.java:33)
	at com.hnxx.zy.clms.controller.ArticleTypeController$$FastClassBySpringCGLIB$$1107d7a5.invoke(<generated>)
	at com.hnxx.zy.clms.common.aspect.RequestAspect.doAround(RequestAspect.java:78)
	at com.hnxx.zy.clms.controller.ArticleTypeController$$EnhancerBySpringCGLIB$$9f90931d.save(<generated>)
Caused by: java.sql.SQLException: Field 'type_count' doesn't have a default value
(String), POST(String), 0(Long), null, 0:0:0:0:0:0:0:1(String)
2020-03-22 14:22:26.578 DEBUG [http-nio-8080-exec-1]com.hnxx.zy.clms.core.mapper.LogMapper.save.debug:159 -<==    Updates: 1
2020-03-22 14:23:28.460 DEBUG [http-nio-8080-exec-4]com.hnxx.zy.clms.core.mapper.ArticleTypeMapper.save.debug:159 -==>  Preparing: insert into cl_article_type( type_name ) values ( ? ) 
2020-03-22 14:23:28.462 DEBUG [http-nio-8080-exec-4]com.hnxx.zy.clms.core.mapper.ArticleTypeMapper.save.debug:159 -==> Parameters: C(String)
2020-03-22 14:23:28.544 DEBUG [http-nio-8080-exec-4]com.hnxx.zy.clms.core.mapper.ArticleTypeMapper.save.debug:159 -<==    Updates: 1
2020-03-22 14:23:28.703 DEBUG [http-nio-8080-exec-4]com.hnxx.zy.clms.core.mapper.LogMapper.save.debug:159 -==>  Preparing: insert into cl_log( log_url, log_params, log_status, log_message, log_method, log_time, log_result, log_ip ) values ( ?, ?, ?, ?, ?, ?, ?, ? ) 
2020-03-22 14:23:28.704 DEBUG [http-nio-8080-exec-4]com.hnxx.zy.clms.core.mapper.LogMapper.save.debug:159 -==> Parameters: /articleType/save(String), [ArticleType(typeId=null, typeName=C, typeCount=null, createdTime=null, updateTime=null, isEnable=null, isDeleted=null)](String), 1(Integer), null, POST(String), 126(Long), {"code":200,"msg":"添加成功！"}(String), 0:0:0:0:0:0:0:1(String)
2020-03-22 14:23:28.786 DEBUG [http-nio-8080-exec-4]com.hnxx.zy.clms.core.mapper.LogMapper.save.debug:159 -<==    Updates: 1
2020-03-22 14:23:44.260 DEBUG [http-nio-8080-exec-5]com.hnxx.zy.clms.core.mapper.ArticleTypeMapper.save.debug:159 -==>  Preparing: insert into cl_article_type( type_name ) values ( ? ) 
2020-03-22 14:23:44.262 DEBUG [http-nio-8080-exec-5]com.hnxx.zy.clms.core.mapper.ArticleTypeMapper.save.debug:159 -==> Parameters: C++(String)
2020-03-22 14:23:44.418 DEBUG [http-nio-8080-exec-5]com.hnxx.zy.clms.core.mapper.ArticleTypeMapper.save.debug:159 -<==    Updates: 1
2020-03-22 14:23:44.430 DEBUG [http-nio-8080-exec-5]com.hnxx.zy.clms.core.mapper.LogMapper.save.debug:159 -==>  Preparing: insert into cl_log( log_url, log_params, log_status, log_message, log_method, log_time, log_result, log_ip ) values ( ?, ?, ?, ?, ?, ?, ?, ? ) 
2020-03-22 14:23:44.433 DEBUG [http-nio-8080-exec-5]com.hnxx.zy.clms.core.mapper.LogMapper.save.debug:159 -==> Parameters: /articleType/save(String), [ArticleType(typeId=null, typeName=C++, typeCount=null, createdTime=null, updateTime=null, isEnable=null, isDeleted=null)](String), 1(Integer), null, POST(String), 169(Long), {"code":200,"msg":"添加成功！"}(String), 0:0:0:0:0:0:0:1(String)
2020-03-22 14:23:44.535 DEBUG [http-nio-8080-exec-5]com.hnxx.zy.clms.core.mapper.LogMapper.save.debug:159 -<==    Updates: 1
2020-03-22 14:23:53.798 DEBUG [http-nio-8080-exec-6]com.hnxx.zy.clms.core.mapper.ArticleTypeMapper.save.debug:159 -==>  Preparing: insert into cl_article_type( type_name ) values ( ? ) 
2020-03-22 14:23:53.801 DEBUG [http-nio-8080-exec-6]com.hnxx.zy.clms.core.mapper.ArticleTypeMapper.save.debug:159 -==> Parameters: Java(String)
2020-03-22 14:23:54.143 DEBUG [http-nio-8080-exec-6]com.hnxx.zy.clms.core.mapper.ArticleTypeMapper.save.debug:159 -<==    Updates: 1
2020-03-22 14:23:54.154 DEBUG [http-nio-8080-exec-6]com.hnxx.zy.clms.core.mapper.LogMapper.save.debug:159 -==>  Preparing: insert into cl_log( log_url, log_params, log_status, log_message, log_method, log_time, log_result, log_ip ) values ( ?, ?, ?, ?, ?, ?, ?, ? ) 
2020-03-22 14:23:54.157 DEBUG [http-nio-8080-exec-6]com.hnxx.zy.clms.core.mapper.LogMapper.save.debug:159 -==> Parameters: /articleType/save(String), [ArticleType(typeId=null, typeName=Java, typeCount=null, createdTime=null, updateTime=null, isEnable=null, isDeleted=null)](String), 1(Integer), null, POST(String), 357(Long), {"code":200,"msg":"添加成功！"}(String), 0:0:0:0:0:0:0:1(String)
2020-03-22 14:23:54.270 DEBUG [http-nio-8080-exec-6]com.hnxx.zy.clms.core.mapper.LogMapper.save.debug:159 -<==    Updates: 1
2020-03-22 14:24:07.116 DEBUG [http-nio-8080-exec-7]com.hnxx.zy.clms.core.mapper.ArticleTypeMapper.save.debug:159 -==>  Preparing: insert into cl_article_type( type_name ) values ( ? ) 
2020-03-22 14:24:07.118 DEBUG [http-nio-8080-exec-7]com.hnxx.zy.clms.core.mapper.ArticleTypeMapper.save.debug:159 -==> Parameters: Python(String)
2020-03-22 14:24:07.268 DEBUG [http-nio-8080-exec-7]com.hnxx.zy.clms.core.mapper.ArticleTypeMapper.save.debug:159 -<==    Updates: 1
2020-03-22 14:24:07.278 DEBUG [http-nio-8080-exec-7]com.hnxx.zy.clms.core.mapper.LogMapper.save.debug:159 -==>  Preparing: insert into cl_log( log_url, log_params, log_status, log_message, log_method, log_time, log_result, log_ip ) values ( ?, ?, ?, ?, ?, ?, ?, ? ) 
2020-03-22 14:24:07.279 DEBUG [http-nio-8080-exec-7]com.hnxx.zy.clms.core.mapper.LogMapper.save.debug:159 -==> Parameters: /articleType/save(String), [ArticleType(typeId=null, typeName=Python, typeCount=null, createdTime=null, updateTime=null, isEnable=null, isDeleted=null)](String), 1(Integer), null, POST(String), 165(Long), {"code":200,"msg":"添加成功！"}(String), 0:0:0:0:0:0:0:1(String)
2020-03-22 14:24:07.363 DEBUG [http-nio-8080-exec-7]com.hnxx.zy.clms.core.mapper.LogMapper.save.debug:159 -<==    Updates: 1
2020-03-22 14:39:58.354 DEBUG [restartedMain]com.hnxx.zy.clms.ClmsApplication.logStarting:56 -Running with Spring Boot v2.2.5.RELEASE, Spring v5.2.4.RELEASE
2020-03-22 14:41:11.552 DEBUG [http-nio-8080-exec-2]com.hnxx.zy.clms.core.mapper.ArticleTypeMapper.getById.debug:159 -==>  Preparing: select type_id, type_name, type_count, is_deleted from cl_article_type where type_id = ? and is_deleted = 0 
2020-03-22 14:41:11.586 DEBUG [http-nio-8080-exec-2]com.hnxx.zy.clms.core.mapper.ArticleTypeMapper.getById.debug:159 -==> Parameters: 1(Integer)
2020-03-22 14:41:11.699 DEBUG [http-nio-8080-exec-2]com.hnxx.zy.clms.core.mapper.ArticleTypeMapper.getById.debug:159 -<==      Total: 1
2020-03-22 14:41:11.831 DEBUG [http-nio-8080-exec-2]com.hnxx.zy.clms.core.mapper.LogMapper.save.debug:159 -==>  Preparing: insert into cl_log( log_url, log_params, log_status, log_message, log_method, log_time, log_result, log_ip ) values ( ?, ?, ?, ?, ?, ?, ?, ? ) 
2020-03-22 14:41:11.834 DEBUG [http-nio-8080-exec-2]com.hnxx.zy.clms.core.mapper.LogMapper.save.debug:159 -==> Parameters: /articleType/get/1(String), [1](String), 1(Integer), null, GET(String), 211(Long), {"code":200,"data":{"isDeleted":0,"typeCount":0,"typeId":1,"typeName":"C"},"msg":"操作成功！"}(String), 0:0:0:0:0:0:0:1(String)
2020-03-22 14:41:11.931 DEBUG [http-nio-8080-exec-2]com.hnxx.zy.clms.core.mapper.LogMapper.save.debug:159 -<==    Updates: 1
2020-03-22 14:41:46.886 DEBUG [http-nio-8080-exec-3]com.hnxx.zy.clms.core.mapper.ArticleTypeMapper.getById.debug:159 -==>  Preparing: select type_id, type_name, type_count, is_deleted from cl_article_type where type_id = ? and is_deleted = 0 
2020-03-22 14:41:46.888 DEBUG [http-nio-8080-exec-3]com.hnxx.zy.clms.core.mapper.ArticleTypeMapper.getById.debug:159 -==> Parameters: 2(Integer)
2020-03-22 14:41:46.892 DEBUG [http-nio-8080-exec-3]com.hnxx.zy.clms.core.mapper.ArticleTypeMapper.getById.debug:159 -<==      Total: 1
2020-03-22 14:41:46.901 DEBUG [http-nio-8080-exec-3]com.hnxx.zy.clms.core.mapper.LogMapper.save.debug:159 -==>  Preparing: insert into cl_log( log_url, log_params, log_status, log_message, log_method, log_time, log_result, log_ip ) values ( ?, ?, ?, ?, ?, ?, ?, ? ) 
2020-03-22 14:41:46.903 DEBUG [http-nio-8080-exec-3]com.hnxx.zy.clms.core.mapper.LogMapper.save.debug:159 -==> Parameters: /articleType/get/2(String), [2](String), 1(Integer), null, GET(String), 22(Long), {"code":200,"data":{"isDeleted":0,"typeCount":0,"typeId":2,"typeName":"C++"},"msg":"操作成功！"}(String), 0:0:0:0:0:0:0:1(String)
2020-03-22 14:41:47.104 DEBUG [http-nio-8080-exec-3]com.hnxx.zy.clms.core.mapper.LogMapper.save.debug:159 -<==    Updates: 1
2020-03-22 14:47:21.390 DEBUG [restartedMain]com.hnxx.zy.clms.ClmsApplication.logStarting:56 -Running with Spring Boot v2.2.5.RELEASE, Spring v5.2.4.RELEASE
2020-03-22 14:47:43.939 DEBUG [http-nio-8080-exec-2]com.hnxx.zy.clms.core.mapper.ArticleTypeMapper.getById.debug:159 -==>  Preparing: select type_id, type_name, type_count, is_deleted from cl_article_type where type_id = ? and is_deleted = 0 
2020-03-22 14:47:44.001 DEBUG [http-nio-8080-exec-2]com.hnxx.zy.clms.core.mapper.ArticleTypeMapper.getById.debug:159 -==> Parameters: 2(Integer)
2020-03-22 14:47:44.129 DEBUG [http-nio-8080-exec-2]com.hnxx.zy.clms.core.mapper.ArticleTypeMapper.getById.debug:159 -<==      Total: 1
2020-03-22 14:47:44.356 DEBUG [http-nio-8080-exec-2]com.hnxx.zy.clms.core.mapper.LogMapper.save.debug:159 -==>  Preparing: insert into cl_log( log_url, log_params, log_status, log_message, log_method, log_time, log_result, log_ip ) values ( ?, ?, ?, ?, ?, ?, ?, ? ) 
2020-03-22 14:47:44.360 DEBUG [http-nio-8080-exec-2]com.hnxx.zy.clms.core.mapper.LogMapper.save.debug:159 -==> Parameters: /articleType/get/2(String), [2](String), 1(Integer), null, GET(String), 258(Long), {"code":200,"data":{"isDeleted":0,"typeCount":0,"typeId":2,"typeName":"C++"},"msg":"操作成功！"}(String), 0:0:0:0:0:0:0:1(String)
2020-03-22 14:47:44.665 DEBUG [http-nio-8080-exec-2]com.hnxx.zy.clms.core.mapper.LogMapper.save.debug:159 -<==    Updates: 1
2020-03-22 15:11:54.491 DEBUG [restartedMain]com.hnxx.zy.clms.ClmsApplication.logStarting:56 -Running with Spring Boot v2.2.5.RELEASE, Spring v5.2.4.RELEASE
2020-03-22 15:13:42.660 DEBUG [http-nio-8080-exec-2]com.hnxx.zy.clms.core.mapper.ArticleTypeMapper.getList.debug:159 -==>  Preparing: select type_id, type_name, type_count from cl_article_type where is_deleted = 0 and is_enabled = 1 
2020-03-22 15:13:42.692 DEBUG [http-nio-8080-exec-2]com.hnxx.zy.clms.core.mapper.ArticleTypeMapper.getList.debug:159 -==> Parameters: 
2020-03-22 15:13:42.789 DEBUG [http-nio-8080-exec-2]com.hnxx.zy.clms.core.mapper.ArticleTypeMapper.getList.debug:159 -<==      Total: 4
2020-03-22 15:13:42.906 DEBUG [http-nio-8080-exec-2]com.hnxx.zy.clms.core.mapper.LogMapper.save.debug:159 -==>  Preparing: insert into cl_log( log_url, log_params, log_status, log_message, log_method, log_time, log_result, log_ip ) values ( ?, ?, ?, ?, ?, ?, ?, ? ) 
2020-03-22 15:13:42.914 DEBUG [http-nio-8080-exec-2]com.hnxx.zy.clms.core.mapper.LogMapper.save.debug:159 -==> Parameters: /articleType/getList(String), [](String), 1(Integer), null, GET(String), 199(Long), {"code":200,"data":[{"typeCount":0,"typeId":1,"typeName":"C"},{"typeCount":0,"typeId":2,"typeName":"C++"},{"typeCount":0,"typeId":3,"typeName":"Java"},{"typeCount":0,"typeId":4,"typeName":"Python"}],"msg":"操作成功！"}(String), 0:0:0:0:0:0:0:1(String)
2020-03-22 15:13:43.014 DEBUG [http-nio-8080-exec-2]com.hnxx.zy.clms.core.mapper.LogMapper.save.debug:159 -<==    Updates: 1
2020-03-22 15:14:44.326 DEBUG [http-nio-8080-exec-5]com.hnxx.zy.clms.core.mapper.ArticleTypeMapper.getAll.debug:159 -==>  Preparing: select type_id, type_name, type_count, created_time, update_time, is_enabled, is_deleted from cl_article_type where is_deleted = 0 
2020-03-22 15:14:44.328 DEBUG [http-nio-8080-exec-5]com.hnxx.zy.clms.core.mapper.ArticleTypeMapper.getAll.debug:159 -==> Parameters: 
2020-03-22 15:14:44.341 DEBUG [http-nio-8080-exec-5]com.hnxx.zy.clms.core.mapper.ArticleTypeMapper.getAll.debug:159 -<==      Total: 4
2020-03-22 15:14:44.371 DEBUG [http-nio-8080-exec-5]com.hnxx.zy.clms.core.mapper.LogMapper.save.debug:159 -==>  Preparing: insert into cl_log( log_url, log_params, log_status, log_message, log_method, log_time, log_result, log_ip ) values ( ?, ?, ?, ?, ?, ?, ?, ? ) 
2020-03-22 15:14:44.374 DEBUG [http-nio-8080-exec-5]com.hnxx.zy.clms.core.mapper.LogMapper.save.debug:159 -==> Parameters: /articleType/getAll(String), [](String), 1(Integer), null, GET(String), 27(Long), {"code":200,"data":[{"createdTime":"2020-03-22 14:23:28","isDeleted":0,"isEnable":1,"typeCount":0,"typeId":1,"typeName":"C","updateTime":"2020-03-22 14:23:28"},{"createdTime":"2020-03-22 14:23:44","isDeleted":0,"isEnable":1,"typeCount":0,"typeId":2,"typeName":"C++","updateTime":"2020-03-22 14:23:44"},{"createdTime":"2020-03-22 14:23:53","isDeleted":0,"isEnable":1,"typeCount":0,"typeId":3,"typeName":"Java","updateTime":"2020-03-22 14:23:53"},{"createdTime":"2020-03-22 14:24:07","isDeleted":0,"isEnable":1,"typeCount":0,"typeId":4,"typeName":"Python","updateTime":"2020-03-22 14:24:07"}],"msg":"操作成功！"}(String), 0:0:0:0:0:0:0:1(String)
2020-03-22 15:14:44.569 DEBUG [http-nio-8080-exec-5]com.hnxx.zy.clms.core.mapper.LogMapper.save.debug:159 -<==    Updates: 1
2020-03-22 15:32:46.153 DEBUG [restartedMain]com.hnxx.zy.clms.ClmsApplication.logStarting:56 -Running with Spring Boot v2.2.5.RELEASE, Spring v5.2.4.RELEASE
2020-03-22 15:35:34.521 DEBUG [restartedMain]com.hnxx.zy.clms.ClmsApplication.logStarting:56 -Running with Spring Boot v2.2.5.RELEASE, Spring v5.2.4.RELEASE
2020-03-22 15:38:20.250 DEBUG [http-nio-8080-exec-1]com.hnxx.zy.clms.core.mapper.ArticleTypeMapper.update.debug:159 -==>  Preparing: update cl_article_type version = version + 1 where type_id = ? and version = ? 
2020-03-22 15:38:20.308 DEBUG [http-nio-8080-exec-1]com.hnxx.zy.clms.core.mapper.ArticleTypeMapper.update.debug:159 -==> Parameters: null, null
2020-03-22 15:38:20.607 DEBUG [http-nio-8080-exec-1]com.hnxx.zy.clms.core.mapper.LogMapper.save.debug:159 -==>  Preparing: insert into cl_log( log_url, log_params, log_status, log_message, log_method, log_time, log_result, log_ip ) values ( ?, ?, ?, ?, ?, ?, ?, ? ) 
2020-03-22 15:38:20.612 DEBUG [http-nio-8080-exec-1]com.hnxx.zy.clms.core.mapper.LogMapper.save.debug:159 -==> Parameters: /articleType/update(String), [ArticleType(typeId=1, typeName=分类修改测试1, typeCount=null, createdTime=null, updateTime=null, isEnable=null, isDeleted=null, version=null)](String), 0(Integer), org.springframework.jdbc.BadSqlGrammarException: 
### Error updating database.  Cause: java.sql.SQLSyntaxErrorException: You have an error in your SQL syntax; check the manual that corresponds to your MySQL server version for the right syntax to use near '= version + 1
### The error may involve com.hnxx.zy.clms.core.mapper.ArticleTypeMapper.update-Inline
### Cause: java.sql.SQLSyntaxErrorException: You have an error in your SQL syntax; check the manual that corresponds to your MySQL server version for the right syntax to use near '= version + 1
; bad SQL grammar []; nested exception is java.sql.SQLSyntaxErrorException: You have an error in your SQL syntax; check the manual that corresponds to your MySQL server version for the right syntax to use near '= version + 1
	at com.hnxx.zy.clms.core.service.impl.ArticleTypeServiceImpl.update(ArticleTypeServiceImpl.java:62)
	at com.hnxx.zy.clms.controller.ArticleTypeController.update(ArticleTypeController.java:74)
	at com.hnxx.zy.clms.controller.ArticleTypeController$$FastClassBySpringCGLIB$$1107d7a5.invoke(<generated>)
	at com.hnxx.zy.clms.common.aspect.RequestAspect.doAround(RequestAspect.java:78)
	at com.hnxx.zy.clms.controller.ArticleTypeController$$EnhancerBySpringCGLIB$$df38a3a5.update(<generated>)
Caused by: java.sql.SQLSyntaxErrorException: You have an error in your SQL syntax; check the manual that corresponds to your MySQL server version for the right syntax to use near '= version + 1
(String), PUT(String), 0(Long), null, 0:0:0:0:0:0:0:1(String)
2020-03-22 15:38:20.709 DEBUG [http-nio-8080-exec-1]com.hnxx.zy.clms.core.mapper.LogMapper.save.debug:159 -<==    Updates: 1
2020-03-22 15:39:55.496 DEBUG [restartedMain]com.hnxx.zy.clms.ClmsApplication.logStarting:56 -Running with Spring Boot v2.2.5.RELEASE, Spring v5.2.4.RELEASE
2020-03-22 15:40:21.930 DEBUG [http-nio-8080-exec-1]com.hnxx.zy.clms.core.mapper.ArticleTypeMapper.update.debug:159 -==>  Preparing: update cl_article_type set version = version + 1 where type_id = ? and version = ? 
2020-03-22 15:40:21.967 DEBUG [http-nio-8080-exec-1]com.hnxx.zy.clms.core.mapper.ArticleTypeMapper.update.debug:159 -==> Parameters: null, null
2020-03-22 15:40:22.070 DEBUG [http-nio-8080-exec-1]com.hnxx.zy.clms.core.mapper.ArticleTypeMapper.update.debug:159 -<==    Updates: 0
2020-03-22 15:40:22.192 DEBUG [http-nio-8080-exec-1]com.hnxx.zy.clms.core.mapper.LogMapper.save.debug:159 -==>  Preparing: insert into cl_log( log_url, log_params, log_status, log_message, log_method, log_time, log_result, log_ip ) values ( ?, ?, ?, ?, ?, ?, ?, ? ) 
2020-03-22 15:40:22.201 DEBUG [http-nio-8080-exec-1]com.hnxx.zy.clms.core.mapper.LogMapper.save.debug:159 -==> Parameters: /articleType/update(String), [ArticleType(typeId=1, typeName=分类修改测试1, typeCount=null, createdTime=null, updateTime=null, isEnable=null, isDeleted=null, version=null)](String), 1(Integer), null, PUT(String), 218(Long), {"code":200,"msg":"修改成功!"}(String), 0:0:0:0:0:0:0:1(String)
2020-03-22 15:40:22.269 DEBUG [http-nio-8080-exec-1]com.hnxx.zy.clms.core.mapper.LogMapper.save.debug:159 -<==    Updates: 1
2020-03-22 15:41:44.765 DEBUG [http-nio-8080-exec-5]com.hnxx.zy.clms.core.mapper.ArticleTypeMapper.update.debug:159 -==>  Preparing: update cl_article_type set version = version + 1 where type_id = ? and version = ? 
2020-03-22 15:41:44.770 DEBUG [http-nio-8080-exec-5]com.hnxx.zy.clms.core.mapper.ArticleTypeMapper.update.debug:159 -==> Parameters: null, null
2020-03-22 15:41:44.772 DEBUG [http-nio-8080-exec-5]com.hnxx.zy.clms.core.mapper.ArticleTypeMapper.update.debug:159 -<==    Updates: 0
2020-03-22 15:41:44.783 DEBUG [http-nio-8080-exec-5]com.hnxx.zy.clms.core.mapper.LogMapper.save.debug:159 -==>  Preparing: insert into cl_log( log_url, log_params, log_status, log_message, log_method, log_time, log_result, log_ip ) values ( ?, ?, ?, ?, ?, ?, ?, ? ) 
2020-03-22 15:41:44.785 DEBUG [http-nio-8080-exec-5]com.hnxx.zy.clms.core.mapper.LogMapper.save.debug:159 -==> Parameters: /articleType/update(String), [ArticleType(typeId=1, typeName=分类修改测试1, typeCount=null, createdTime=null, updateTime=null, isEnable=null, isDeleted=null, version=null)](String), 1(Integer), null, PUT(String), 21(Long), {"code":200,"msg":"修改成功!"}(String), 0:0:0:0:0:0:0:1(String)
2020-03-22 15:41:44.977 DEBUG [http-nio-8080-exec-5]com.hnxx.zy.clms.core.mapper.LogMapper.save.debug:159 -<==    Updates: 1
2020-03-22 15:41:53.467 DEBUG [http-nio-8080-exec-6]com.hnxx.zy.clms.core.mapper.ArticleTypeMapper.getById.debug:159 -==>  Preparing: select type_id, type_name, type_count, is_deleted from cl_article_type where type_id = ? and is_deleted = 0 
2020-03-22 15:41:53.469 DEBUG [http-nio-8080-exec-6]com.hnxx.zy.clms.core.mapper.ArticleTypeMapper.getById.debug:159 -==> Parameters: 1(Integer)
2020-03-22 15:41:53.512 DEBUG [http-nio-8080-exec-6]com.hnxx.zy.clms.core.mapper.ArticleTypeMapper.getById.debug:159 -<==      Total: 1
2020-03-22 15:41:53.547 DEBUG [http-nio-8080-exec-6]com.hnxx.zy.clms.core.mapper.LogMapper.save.debug:159 -==>  Preparing: insert into cl_log( log_url, log_params, log_status, log_message, log_method, log_time, log_result, log_ip ) values ( ?, ?, ?, ?, ?, ?, ?, ? ) 
2020-03-22 15:41:53.549 DEBUG [http-nio-8080-exec-6]com.hnxx.zy.clms.core.mapper.LogMapper.save.debug:159 -==> Parameters: /articleType/get/1(String), [1](String), 1(Integer), null, GET(String), 68(Long), {"code":200,"data":{"isDeleted":0,"typeCount":0,"typeId":1,"typeName":"C"},"msg":"操作成功！"}(String), 0:0:0:0:0:0:0:1(String)
2020-03-22 15:41:53.597 DEBUG [http-nio-8080-exec-6]com.hnxx.zy.clms.core.mapper.LogMapper.save.debug:159 -<==    Updates: 1
2020-03-22 15:42:31.547 DEBUG [http-nio-8080-exec-7]com.hnxx.zy.clms.core.mapper.ArticleTypeMapper.update.debug:159 -==>  Preparing: update cl_article_type set version = version + 1 where type_id = ? and version = ? 
2020-03-22 15:42:31.548 DEBUG [http-nio-8080-exec-7]com.hnxx.zy.clms.core.mapper.ArticleTypeMapper.update.debug:159 -==> Parameters: null, null
2020-03-22 15:42:31.551 DEBUG [http-nio-8080-exec-7]com.hnxx.zy.clms.core.mapper.ArticleTypeMapper.update.debug:159 -<==    Updates: 0
2020-03-22 15:42:31.562 DEBUG [http-nio-8080-exec-7]com.hnxx.zy.clms.core.mapper.LogMapper.save.debug:159 -==>  Preparing: insert into cl_log( log_url, log_params, log_status, log_message, log_method, log_time, log_result, log_ip ) values ( ?, ?, ?, ?, ?, ?, ?, ? ) 
2020-03-22 15:42:31.564 DEBUG [http-nio-8080-exec-7]com.hnxx.zy.clms.core.mapper.LogMapper.save.debug:159 -==> Parameters: /articleType/update(String), [ArticleType(typeId=1, typeName=分类修改测试1, typeCount=2, createdTime=null, updateTime=null, isEnable=null, isDeleted=null, version=null)](String), 1(Integer), null, PUT(String), 20(Long), {"code":200,"msg":"修改成功!"}(String), 0:0:0:0:0:0:0:1(String)
2020-03-22 15:42:31.745 DEBUG [http-nio-8080-exec-7]com.hnxx.zy.clms.core.mapper.LogMapper.save.debug:159 -<==    Updates: 1
2020-03-22 15:44:40.871 DEBUG [restartedMain]com.hnxx.zy.clms.ClmsApplication.logStarting:56 -Running with Spring Boot v2.2.5.RELEASE, Spring v5.2.4.RELEASE
2020-03-22 15:45:07.368 DEBUG [http-nio-8080-exec-2]com.hnxx.zy.clms.core.mapper.ArticleTypeMapper.update.debug:159 -==>  Preparing: update cl_article_type set version = version + 1 where type_id = ? and version = ? 
2020-03-22 15:45:07.411 DEBUG [http-nio-8080-exec-2]com.hnxx.zy.clms.core.mapper.ArticleTypeMapper.update.debug:159 -==> Parameters: null, null
2020-03-22 15:45:07.453 DEBUG [http-nio-8080-exec-2]com.hnxx.zy.clms.core.mapper.ArticleTypeMapper.update.debug:159 -<==    Updates: 0
2020-03-22 15:45:07.575 DEBUG [http-nio-8080-exec-2]com.hnxx.zy.clms.core.mapper.LogMapper.save.debug:159 -==>  Preparing: insert into cl_log( log_url, log_params, log_status, log_message, log_method, log_time, log_result, log_ip ) values ( ?, ?, ?, ?, ?, ?, ?, ? ) 
2020-03-22 15:45:07.582 DEBUG [http-nio-8080-exec-2]com.hnxx.zy.clms.core.mapper.LogMapper.save.debug:159 -==> Parameters: /articleType/update(String), [ArticleType(typeId=1, typeName=分类修改测试1, typeCount=2, createdTime=null, updateTime=null, isEnable=null, isDeleted=null, version=null)](String), 1(Integer), null, PUT(String), 173(Long), {"code":200,"msg":"修改成功!"}(String), 0:0:0:0:0:0:0:1(String)
2020-03-22 15:45:07.638 DEBUG [http-nio-8080-exec-2]com.hnxx.zy.clms.core.mapper.LogMapper.save.debug:159 -<==    Updates: 1
2020-03-22 15:47:29.186 DEBUG [restartedMain]com.hnxx.zy.clms.ClmsApplication.logStarting:56 -Running with Spring Boot v2.2.5.RELEASE, Spring v5.2.4.RELEASE
2020-03-22 15:48:01.670 DEBUG [http-nio-8080-exec-2]com.hnxx.zy.clms.core.mapper.ArticleTypeMapper.update.debug:159 -==>  Preparing: update cl_article_type set version = version + 1 where type_id = ? and version = ? 
2020-03-22 15:48:01.714 DEBUG [http-nio-8080-exec-2]com.hnxx.zy.clms.core.mapper.ArticleTypeMapper.update.debug:159 -==> Parameters: null, null
2020-03-22 15:48:01.809 DEBUG [http-nio-8080-exec-2]com.hnxx.zy.clms.core.mapper.ArticleTypeMapper.update.debug:159 -<==    Updates: 0
2020-03-22 15:48:01.942 DEBUG [http-nio-8080-exec-2]com.hnxx.zy.clms.core.mapper.LogMapper.save.debug:159 -==>  Preparing: insert into cl_log( log_url, log_params, log_status, log_message, log_method, log_time, log_result, log_ip ) values ( ?, ?, ?, ?, ?, ?, ?, ? ) 
2020-03-22 15:48:01.951 DEBUG [http-nio-8080-exec-2]com.hnxx.zy.clms.core.mapper.LogMapper.save.debug:159 -==> Parameters: /articleType/update(String), [ArticleType(typeId=1, typeName=分类修改测试1, typeCount=null, createdTime=null, updateTime=null, isEnable=null, isDeleted=null, version=1)](String), 1(Integer), null, PUT(String), 230(Long), {"code":200,"msg":"修改成功!"}(String), 0:0:0:0:0:0:0:1(String)
2020-03-22 15:48:02.073 DEBUG [http-nio-8080-exec-2]com.hnxx.zy.clms.core.mapper.LogMapper.save.debug:159 -<==    Updates: 1
2020-03-22 15:48:26.641 DEBUG [http-nio-8080-exec-3]com.hnxx.zy.clms.core.mapper.ArticleTypeMapper.update.debug:159 -==>  Preparing: update cl_article_type set version = version + 1 where type_id = ? and version = ? 
2020-03-22 15:48:26.642 DEBUG [http-nio-8080-exec-3]com.hnxx.zy.clms.core.mapper.ArticleTypeMapper.update.debug:159 -==> Parameters: null, null
2020-03-22 15:48:26.644 DEBUG [http-nio-8080-exec-3]com.hnxx.zy.clms.core.mapper.ArticleTypeMapper.update.debug:159 -<==    Updates: 0
2020-03-22 15:48:26.654 DEBUG [http-nio-8080-exec-3]com.hnxx.zy.clms.core.mapper.LogMapper.save.debug:159 -==>  Preparing: insert into cl_log( log_url, log_params, log_status, log_message, log_method, log_time, log_result, log_ip ) values ( ?, ?, ?, ?, ?, ?, ?, ? ) 
2020-03-22 15:48:26.656 DEBUG [http-nio-8080-exec-3]com.hnxx.zy.clms.core.mapper.LogMapper.save.debug:159 -==> Parameters: /articleType/update(String), [ArticleType(typeId=1, typeName=分类修改测试1, typeCount=null, createdTime=null, updateTime=null, isEnable=null, isDeleted=null, version=1)](String), 1(Integer), null, PUT(String), 23(Long), {"code":200,"msg":"修改成功!"}(String), 0:0:0:0:0:0:0:1(String)
2020-03-22 15:48:26.806 DEBUG [http-nio-8080-exec-3]com.hnxx.zy.clms.core.mapper.LogMapper.save.debug:159 -<==    Updates: 1
2020-03-22 15:49:48.806 DEBUG [http-nio-8080-exec-6]com.hnxx.zy.clms.core.mapper.ArticleTypeMapper.update.debug:159 -==>  Preparing: update cl_article_type set version = version + 1 where type_id = ? and version = ? 
2020-03-22 15:49:48.807 DEBUG [http-nio-8080-exec-6]com.hnxx.zy.clms.core.mapper.ArticleTypeMapper.update.debug:159 -==> Parameters: null, null
2020-03-22 15:49:48.810 DEBUG [http-nio-8080-exec-6]com.hnxx.zy.clms.core.mapper.ArticleTypeMapper.update.debug:159 -<==    Updates: 0
2020-03-22 15:49:48.820 DEBUG [http-nio-8080-exec-6]com.hnxx.zy.clms.core.mapper.LogMapper.save.debug:159 -==>  Preparing: insert into cl_log( log_url, log_params, log_status, log_message, log_method, log_time, log_result, log_ip ) values ( ?, ?, ?, ?, ?, ?, ?, ? ) 
2020-03-22 15:49:48.822 DEBUG [http-nio-8080-exec-6]com.hnxx.zy.clms.core.mapper.LogMapper.save.debug:159 -==> Parameters: /articleType/update(String), [ArticleType(typeId=1, typeName=分类修改测试1, typeCount=2, createdTime=null, updateTime=null, isEnable=null, isDeleted=null, version=1)](String), 1(Integer), null, PUT(String), 20(Long), {"code":200,"msg":"修改成功!"}(String), 0:0:0:0:0:0:0:1(String)
2020-03-22 15:49:48.912 DEBUG [http-nio-8080-exec-6]com.hnxx.zy.clms.core.mapper.LogMapper.save.debug:159 -<==    Updates: 1
2020-03-22 15:53:57.247 DEBUG [restartedMain]com.hnxx.zy.clms.ClmsApplication.logStarting:56 -Running with Spring Boot v2.2.5.RELEASE, Spring v5.2.4.RELEASE
2020-03-22 15:54:37.886 DEBUG [http-nio-8080-exec-2]com.hnxx.zy.clms.core.mapper.ArticleTypeMapper.update.debug:159 -==>  Preparing: update cl_article_type set version = version + 1 where type_id = ? and version = ? 
2020-03-22 15:54:37.966 DEBUG [http-nio-8080-exec-2]com.hnxx.zy.clms.core.mapper.ArticleTypeMapper.update.debug:159 -==> Parameters: null, null
2020-03-22 15:54:38.016 DEBUG [http-nio-8080-exec-2]com.hnxx.zy.clms.core.mapper.ArticleTypeMapper.update.debug:159 -<==    Updates: 0
2020-03-22 15:54:38.263 DEBUG [http-nio-8080-exec-2]com.hnxx.zy.clms.core.mapper.LogMapper.save.debug:159 -==>  Preparing: insert into cl_log( log_url, log_params, log_status, log_message, log_method, log_time, log_result, log_ip ) values ( ?, ?, ?, ?, ?, ?, ?, ? ) 
2020-03-22 15:54:38.279 DEBUG [http-nio-8080-exec-2]com.hnxx.zy.clms.core.mapper.LogMapper.save.debug:159 -==> Parameters: /articleType/update(String), [ArticleType(typeId=1, typeName=分类修改测试1, typeCount=2, createdTime=null, updateTime=null, isEnable=null, isDeleted=null, version=1)](String), 1(Integer), null, PUT(String), 243(Long), {"code":200,"msg":"修改成功!"}(String), 0:0:0:0:0:0:0:1(String)
2020-03-22 15:54:38.349 DEBUG [http-nio-8080-exec-2]com.hnxx.zy.clms.core.mapper.LogMapper.save.debug:159 -<==    Updates: 1
2020-03-22 15:55:57.454 DEBUG [restartedMain]com.hnxx.zy.clms.ClmsApplication.logStarting:56 -Running with Spring Boot v2.2.5.RELEASE, Spring v5.2.4.RELEASE
2020-03-22 15:56:50.101 DEBUG [restartedMain]com.hnxx.zy.clms.ClmsApplication.logStarting:56 -Running with Spring Boot v2.2.5.RELEASE, Spring v5.2.4.RELEASE
2020-03-22 15:57:12.616 DEBUG [http-nio-8080-exec-2]com.hnxx.zy.clms.core.mapper.ArticleTypeMapper.update.debug:159 -==>  Preparing: update cl_article_type set version = version + 1 ,type_name = ? where type_id = ? and version = ? 
2020-03-22 15:57:12.667 DEBUG [http-nio-8080-exec-2]com.hnxx.zy.clms.core.mapper.ArticleTypeMapper.update.debug:159 -==> Parameters: 分类修改测试1(String), 1(Integer), 1(Integer)
2020-03-22 15:57:12.947 DEBUG [http-nio-8080-exec-2]com.hnxx.zy.clms.core.mapper.LogMapper.save.debug:159 -==>  Preparing: insert into cl_log( log_url, log_params, log_status, log_message, log_method, log_time, log_result, log_ip ) values ( ?, ?, ?, ?, ?, ?, ?, ? ) 
2020-03-22 15:57:12.951 DEBUG [http-nio-8080-exec-2]com.hnxx.zy.clms.core.mapper.LogMapper.save.debug:159 -==> Parameters: /articleType/update(String), [ArticleType(typeId=1, typeName=分类修改测试1, typeCount=null, createdTime=null, updateTime=null, isEnable=null, isDeleted=null, version=1)](String), 0(Integer), org.springframework.jdbc.UncategorizedSQLException: 
### Error updating database.  Cause: java.sql.SQLException: Incorrect string value: '\xE5\x88\x86\xE7\xB1\xBB...' for column 'type_name' at row 1
### The error may involve com.hnxx.zy.clms.core.mapper.ArticleTypeMapper.update-Inline
### Cause: java.sql.SQLException: Incorrect string value: '\xE5\x88\x86\xE7\xB1\xBB...' for column 'type_name' at row 1
; uncategorized SQLException; SQL state [HY000]; error code [1366]; Incorrect string value: '\xE5\x88\x86\xE7\xB1\xBB...' for column 'type_name' at row 1; nested exception is java.sql.SQLException: Incorrect string value: '\xE5\x88\x86\xE7\xB1\xBB...' for column 'type_name' at row 1
	at com.hnxx.zy.clms.core.service.impl.ArticleTypeServiceImpl.update(ArticleTypeServiceImpl.java:62)
	at com.hnxx.zy.clms.controller.ArticleTypeController.update(ArticleTypeController.java:74)
	at com.hnxx.zy.clms.controller.ArticleTypeController$$FastClassBySpringCGLIB$$1107d7a5.invoke(<generated>)
	at com.hnxx.zy.clms.common.aspect.RequestAspect.doAround(RequestAspect.java:78)
	at com.hnxx.zy.clms.controller.ArticleTypeController$$EnhancerBySpringCGLIB$$80ab62ca.update(<generated>)
Caused by: java.sql.SQLException: Incorrect string value: '\xE5\x88\x86\xE7\xB1\xBB...' for column 'type_name' at row 1
(String), PUT(String), 0(Long), null, 0:0:0:0:0:0:0:1(String)
2020-03-22 15:57:13.109 DEBUG [http-nio-8080-exec-2]com.hnxx.zy.clms.core.mapper.LogMapper.save.debug:159 -<==    Updates: 1
2020-03-22 15:57:58.881 DEBUG [restartedMain]com.hnxx.zy.clms.ClmsApplication.logStarting:56 -Running with Spring Boot v2.2.5.RELEASE, Spring v5.2.4.RELEASE
2020-03-22 15:58:10.673 DEBUG [http-nio-8080-exec-2]com.hnxx.zy.clms.core.mapper.ArticleTypeMapper.update.debug:159 -==>  Preparing: update cl_article_type set version = version + 1 ,type_name = ? where type_id = ? and version = ? 
2020-03-22 15:58:10.777 DEBUG [http-nio-8080-exec-2]com.hnxx.zy.clms.core.mapper.ArticleTypeMapper.update.debug:159 -==> Parameters: 分类修改测试1(String), 1(Integer), 1(Integer)
2020-03-22 15:58:11.010 DEBUG [http-nio-8080-exec-2]com.hnxx.zy.clms.core.mapper.LogMapper.save.debug:159 -==>  Preparing: insert into cl_log( log_url, log_params, log_status, log_message, log_method, log_time, log_result, log_ip ) values ( ?, ?, ?, ?, ?, ?, ?, ? ) 
2020-03-22 15:58:11.018 DEBUG [http-nio-8080-exec-2]com.hnxx.zy.clms.core.mapper.LogMapper.save.debug:159 -==> Parameters: /articleType/update(String), [ArticleType(typeId=1, typeName=分类修改测试1, typeCount=null, createdTime=null, updateTime=null, isEnable=null, isDeleted=null, version=1)](String), 0(Integer), org.springframework.jdbc.UncategorizedSQLException: 
### Error updating database.  Cause: java.sql.SQLException: Incorrect string value: '\xE5\x88\x86\xE7\xB1\xBB...' for column 'type_name' at row 1
### The error may involve com.hnxx.zy.clms.core.mapper.ArticleTypeMapper.update-Inline
### Cause: java.sql.SQLException: Incorrect string value: '\xE5\x88\x86\xE7\xB1\xBB...' for column 'type_name' at row 1
; uncategorized SQLException; SQL state [HY000]; error code [1366]; Incorrect string value: '\xE5\x88\x86\xE7\xB1\xBB...' for column 'type_name' at row 1; nested exception is java.sql.SQLException: Incorrect string value: '\xE5\x88\x86\xE7\xB1\xBB...' for column 'type_name' at row 1
	at com.hnxx.zy.clms.core.service.impl.ArticleTypeServiceImpl.update(ArticleTypeServiceImpl.java:62)
	at com.hnxx.zy.clms.controller.ArticleTypeController.update(ArticleTypeController.java:74)
	at com.hnxx.zy.clms.controller.ArticleTypeController$$FastClassBySpringCGLIB$$1107d7a5.invoke(<generated>)
	at com.hnxx.zy.clms.common.aspect.RequestAspect.doAround(RequestAspect.java:78)
	at com.hnxx.zy.clms.controller.ArticleTypeController$$EnhancerBySpringCGLIB$$92aead80.update(<generated>)
Caused by: java.sql.SQLException: Incorrect string value: '\xE5\x88\x86\xE7\xB1\xBB...' for column 'type_name' at row 1
(String), PUT(String), 0(Long), null, 0:0:0:0:0:0:0:1(String)
2020-03-22 15:58:11.127 DEBUG [http-nio-8080-exec-2]com.hnxx.zy.clms.core.mapper.LogMapper.save.debug:159 -<==    Updates: 1
2020-03-22 15:59:18.661 DEBUG [http-nio-8080-exec-4]com.hnxx.zy.clms.core.mapper.ArticleTypeMapper.update.debug:159 -==>  Preparing: update cl_article_type set version = version + 1 ,type_name = ? where type_id = ? and version = ? 
2020-03-22 15:59:18.663 DEBUG [http-nio-8080-exec-4]com.hnxx.zy.clms.core.mapper.ArticleTypeMapper.update.debug:159 -==> Parameters: C+++(String), 1(Integer), 1(Integer)
2020-03-22 15:59:18.823 DEBUG [http-nio-8080-exec-4]com.hnxx.zy.clms.core.mapper.ArticleTypeMapper.update.debug:159 -<==    Updates: 1
2020-03-22 15:59:19.042 DEBUG [http-nio-8080-exec-4]com.hnxx.zy.clms.core.mapper.LogMapper.save.debug:159 -==>  Preparing: insert into cl_log( log_url, log_params, log_status, log_message, log_method, log_time, log_result, log_ip ) values ( ?, ?, ?, ?, ?, ?, ?, ? ) 
2020-03-22 15:59:19.045 DEBUG [http-nio-8080-exec-4]com.hnxx.zy.clms.core.mapper.LogMapper.save.debug:159 -==> Parameters: /articleType/update(String), [ArticleType(typeId=1, typeName=C+++, typeCount=null, createdTime=null, updateTime=null, isEnable=null, isDeleted=null, version=1)](String), 1(Integer), null, PUT(String), 180(Long), {"code":200,"msg":"修改成功!"}(String), 0:0:0:0:0:0:0:1(String)
2020-03-22 15:59:19.103 DEBUG [http-nio-8080-exec-4]com.hnxx.zy.clms.core.mapper.LogMapper.save.debug:159 -<==    Updates: 1
2020-03-22 15:59:59.979 DEBUG [http-nio-8080-exec-5]com.hnxx.zy.clms.core.mapper.ArticleTypeMapper.update.debug:159 -==>  Preparing: update cl_article_type set version = version + 1 ,type_name = ? where type_id = ? and version = ? 
2020-03-22 15:59:59.981 DEBUG [http-nio-8080-exec-5]com.hnxx.zy.clms.core.mapper.ArticleTypeMapper.update.debug:159 -==> Parameters: 软件工程(String), 1(Integer), 1(Integer)
2020-03-22 15:59:59.986 DEBUG [http-nio-8080-exec-5]com.hnxx.zy.clms.core.mapper.ArticleTypeMapper.update.debug:159 -<==    Updates: 0
2020-03-22 15:59:59.992 DEBUG [http-nio-8080-exec-5]com.hnxx.zy.clms.core.mapper.LogMapper.save.debug:159 -==>  Preparing: insert into cl_log( log_url, log_params, log_status, log_message, log_method, log_time, log_result, log_ip ) values ( ?, ?, ?, ?, ?, ?, ?, ? ) 
2020-03-22 15:59:59.995 DEBUG [http-nio-8080-exec-5]com.hnxx.zy.clms.core.mapper.LogMapper.save.debug:159 -==> Parameters: /articleType/update(String), [ArticleType(typeId=1, typeName=软件工程, typeCount=null, createdTime=null, updateTime=null, isEnable=null, isDeleted=null, version=1)](String), 1(Integer), null, PUT(String), 21(Long), {"code":200,"msg":"修改成功!"}(String), 0:0:0:0:0:0:0:1(String)
2020-03-22 16:00:00.110 DEBUG [http-nio-8080-exec-5]com.hnxx.zy.clms.core.mapper.LogMapper.save.debug:159 -<==    Updates: 1
2020-03-22 16:00:33.677 DEBUG [http-nio-8080-exec-6]com.hnxx.zy.clms.core.mapper.ArticleTypeMapper.update.debug:159 -==>  Preparing: update cl_article_type set version = version + 1 ,type_name = ? where type_id = ? and version = ? 
2020-03-22 16:00:33.680 DEBUG [http-nio-8080-exec-6]com.hnxx.zy.clms.core.mapper.ArticleTypeMapper.update.debug:159 -==> Parameters: xxx(String), 1(Integer), 1(Integer)
2020-03-22 16:00:33.683 DEBUG [http-nio-8080-exec-6]com.hnxx.zy.clms.core.mapper.ArticleTypeMapper.update.debug:159 -<==    Updates: 0
2020-03-22 16:00:33.694 DEBUG [http-nio-8080-exec-6]com.hnxx.zy.clms.core.mapper.LogMapper.save.debug:159 -==>  Preparing: insert into cl_log( log_url, log_params, log_status, log_message, log_method, log_time, log_result, log_ip ) values ( ?, ?, ?, ?, ?, ?, ?, ? ) 
2020-03-22 16:00:33.696 DEBUG [http-nio-8080-exec-6]com.hnxx.zy.clms.core.mapper.LogMapper.save.debug:159 -==> Parameters: /articleType/update(String), [ArticleType(typeId=1, typeName=xxx, typeCount=null, createdTime=null, updateTime=null, isEnable=null, isDeleted=null, version=1)](String), 1(Integer), null, PUT(String), 27(Long), {"code":200,"msg":"修改成功!"}(String), 0:0:0:0:0:0:0:1(String)
2020-03-22 16:00:33.799 DEBUG [http-nio-8080-exec-6]com.hnxx.zy.clms.core.mapper.LogMapper.save.debug:159 -<==    Updates: 1
2020-03-22 16:00:38.135 DEBUG [http-nio-8080-exec-7]com.hnxx.zy.clms.core.mapper.ArticleTypeMapper.update.debug:159 -==>  Preparing: update cl_article_type set version = version + 1 ,type_name = ? where type_id = ? and version = ? 
2020-03-22 16:00:38.137 DEBUG [http-nio-8080-exec-7]com.hnxx.zy.clms.core.mapper.ArticleTypeMapper.update.debug:159 -==> Parameters: xxx(String), 1(Integer), 1(Integer)
2020-03-22 16:00:38.141 DEBUG [http-nio-8080-exec-7]com.hnxx.zy.clms.core.mapper.ArticleTypeMapper.update.debug:159 -<==    Updates: 0
2020-03-22 16:00:38.152 DEBUG [http-nio-8080-exec-7]com.hnxx.zy.clms.core.mapper.LogMapper.save.debug:159 -==>  Preparing: insert into cl_log( log_url, log_params, log_status, log_message, log_method, log_time, log_result, log_ip ) values ( ?, ?, ?, ?, ?, ?, ?, ? ) 
2020-03-22 16:00:38.154 DEBUG [http-nio-8080-exec-7]com.hnxx.zy.clms.core.mapper.LogMapper.save.debug:159 -==> Parameters: /articleType/update(String), [ArticleType(typeId=1, typeName=xxx, typeCount=null, createdTime=null, updateTime=null, isEnable=null, isDeleted=null, version=1)](String), 1(Integer), null, PUT(String), 19(Long), {"code":200,"msg":"修改成功!"}(String), 0:0:0:0:0:0:0:1(String)
2020-03-22 16:00:38.260 DEBUG [http-nio-8080-exec-7]com.hnxx.zy.clms.core.mapper.LogMapper.save.debug:159 -<==    Updates: 1
2020-03-22 16:01:07.862 DEBUG [http-nio-8080-exec-8]com.hnxx.zy.clms.core.mapper.ArticleTypeMapper.update.debug:159 -==>  Preparing: update cl_article_type set version = version + 1 ,type_name = ? where type_id = ? and version = ? 
2020-03-22 16:01:07.864 DEBUG [http-nio-8080-exec-8]com.hnxx.zy.clms.core.mapper.ArticleTypeMapper.update.debug:159 -==> Parameters: 软件工程(String), 1(Integer), 2(Integer)
2020-03-22 16:01:07.875 DEBUG [http-nio-8080-exec-8]com.hnxx.zy.clms.core.mapper.LogMapper.save.debug:159 -==>  Preparing: insert into cl_log( log_url, log_params, log_status, log_message, log_method, log_time, log_result, log_ip ) values ( ?, ?, ?, ?, ?, ?, ?, ? ) 
2020-03-22 16:01:07.877 DEBUG [http-nio-8080-exec-8]com.hnxx.zy.clms.core.mapper.LogMapper.save.debug:159 -==> Parameters: /articleType/update(String), [ArticleType(typeId=1, typeName=软件工程, typeCount=null, createdTime=null, updateTime=null, isEnable=null, isDeleted=null, version=2)](String), 0(Integer), org.springframework.jdbc.UncategorizedSQLException: 
### Error updating database.  Cause: java.sql.SQLException: Incorrect string value: '\xE8\xBD\xAF\xE4\xBB\xB6...' for column 'type_name' at row 1
### The error may involve com.hnxx.zy.clms.core.mapper.ArticleTypeMapper.update-Inline
### Cause: java.sql.SQLException: Incorrect string value: '\xE8\xBD\xAF\xE4\xBB\xB6...' for column 'type_name' at row 1
; uncategorized SQLException; SQL state [HY000]; error code [1366]; Incorrect string value: '\xE8\xBD\xAF\xE4\xBB\xB6...' for column 'type_name' at row 1; nested exception is java.sql.SQLException: Incorrect string value: '\xE8\xBD\xAF\xE4\xBB\xB6...' for column 'type_name' at row 1
	at com.hnxx.zy.clms.core.service.impl.ArticleTypeServiceImpl.update(ArticleTypeServiceImpl.java:62)
	at com.hnxx.zy.clms.controller.ArticleTypeController.update(ArticleTypeController.java:74)
	at com.hnxx.zy.clms.controller.ArticleTypeController$$FastClassBySpringCGLIB$$1107d7a5.invoke(<generated>)
	at com.hnxx.zy.clms.common.aspect.RequestAspect.doAround(RequestAspect.java:78)
	at com.hnxx.zy.clms.controller.ArticleTypeController$$EnhancerBySpringCGLIB$$92aead80.update(<generated>)
Caused by: java.sql.SQLException: Incorrect string value: '\xE8\xBD\xAF\xE4\xBB\xB6...' for column 'type_name' at row 1
(String), PUT(String), 0(Long), null, 0:0:0:0:0:0:0:1(String)
2020-03-22 16:01:07.998 DEBUG [http-nio-8080-exec-8]com.hnxx.zy.clms.core.mapper.LogMapper.save.debug:159 -<==    Updates: 1
2020-03-22 16:02:04.623 DEBUG [http-nio-8080-exec-9]com.hnxx.zy.clms.core.mapper.ArticleTypeMapper.update.debug:159 -==>  Preparing: update cl_article_type set version = version + 1 ,type_name = ? where type_id = ? and version = ? 
2020-03-22 16:02:04.625 DEBUG [http-nio-8080-exec-9]com.hnxx.zy.clms.core.mapper.ArticleTypeMapper.update.debug:159 -==> Parameters: 软件工程(String), 1(Integer), 2(Integer)
2020-03-22 16:02:04.732 DEBUG [http-nio-8080-exec-9]com.hnxx.zy.clms.core.mapper.ArticleTypeMapper.update.debug:159 -<==    Updates: 1
2020-03-22 16:02:04.741 DEBUG [http-nio-8080-exec-9]com.hnxx.zy.clms.core.mapper.LogMapper.save.debug:159 -==>  Preparing: insert into cl_log( log_url, log_params, log_status, log_message, log_method, log_time, log_result, log_ip ) values ( ?, ?, ?, ?, ?, ?, ?, ? ) 
2020-03-22 16:02:04.743 DEBUG [http-nio-8080-exec-9]com.hnxx.zy.clms.core.mapper.LogMapper.save.debug:159 -==> Parameters: /articleType/update(String), [ArticleType(typeId=1, typeName=软件工程, typeCount=null, createdTime=null, updateTime=null, isEnable=null, isDeleted=null, version=2)](String), 1(Integer), null, PUT(String), 124(Long), {"code":200,"msg":"修改成功!"}(String), 0:0:0:0:0:0:0:1(String)
2020-03-22 16:02:04.830 DEBUG [http-nio-8080-exec-9]com.hnxx.zy.clms.core.mapper.LogMapper.save.debug:159 -<==    Updates: 1
2020-03-22 16:14:17.037 DEBUG [restartedMain]com.hnxx.zy.clms.ClmsApplication.logStarting:56 -Running with Spring Boot v2.2.5.RELEASE, Spring v5.2.4.RELEASE
2020-03-22 16:16:21.871 DEBUG [http-nio-8080-exec-3]c.hnxx.zy.clms.core.mapper.ArticleTypeMapper.deleteById.debug:159 -==>  Preparing: update cl_article_type set is_deleted = 1 where type_id = ? 
2020-03-22 16:16:21.928 DEBUG [http-nio-8080-exec-3]c.hnxx.zy.clms.core.mapper.ArticleTypeMapper.deleteById.debug:159 -==> Parameters: 1(Integer)
2020-03-22 16:16:22.032 DEBUG [http-nio-8080-exec-3]c.hnxx.zy.clms.core.mapper.ArticleTypeMapper.deleteById.debug:159 -<==    Updates: 1
2020-03-22 16:16:22.153 DEBUG [http-nio-8080-exec-3]com.hnxx.zy.clms.core.mapper.LogMapper.save.debug:159 -==>  Preparing: insert into cl_log( log_url, log_params, log_status, log_message, log_method, log_time, log_result, log_ip ) values ( ?, ?, ?, ?, ?, ?, ?, ? ) 
2020-03-22 16:16:22.159 DEBUG [http-nio-8080-exec-3]com.hnxx.zy.clms.core.mapper.LogMapper.save.debug:159 -==> Parameters: /articleType/delete/1(String), [1](String), 1(Integer), null, DELETE(String), 249(Long), {"code":200,"msg":"删除成功!"}(String), 0:0:0:0:0:0:0:1(String)
2020-03-22 16:16:22.242 DEBUG [http-nio-8080-exec-3]com.hnxx.zy.clms.core.mapper.LogMapper.save.debug:159 -<==    Updates: 1
2020-03-22 16:16:49.890 DEBUG [http-nio-8080-exec-4]com.hnxx.zy.clms.core.mapper.ArticleTypeMapper.getList.debug:159 -==>  Preparing: select type_id, type_name, type_count from cl_article_type where is_deleted = 0 and is_enabled = 1 
2020-03-22 16:16:49.891 DEBUG [http-nio-8080-exec-4]com.hnxx.zy.clms.core.mapper.ArticleTypeMapper.getList.debug:159 -==> Parameters: 
2020-03-22 16:16:49.924 DEBUG [http-nio-8080-exec-4]com.hnxx.zy.clms.core.mapper.ArticleTypeMapper.getList.debug:159 -<==      Total: 3
2020-03-22 16:16:49.949 DEBUG [http-nio-8080-exec-4]com.hnxx.zy.clms.core.mapper.LogMapper.save.debug:159 -==>  Preparing: insert into cl_log( log_url, log_params, log_status, log_message, log_method, log_time, log_result, log_ip ) values ( ?, ?, ?, ?, ?, ?, ?, ? ) 
2020-03-22 16:16:49.951 DEBUG [http-nio-8080-exec-4]com.hnxx.zy.clms.core.mapper.LogMapper.save.debug:159 -==> Parameters: /articleType/getList(String), [](String), 1(Integer), null, GET(String), 50(Long), {"code":200,"data":[{"typeCount":0,"typeId":2,"typeName":"C++"},{"typeCount":0,"typeId":3,"typeName":"Java"},{"typeCount":0,"typeId":4,"typeName":"Python"}],"msg":"操作成功！"}(String), 0:0:0:0:0:0:0:1(String)
2020-03-22 16:16:50.030 DEBUG [http-nio-8080-exec-4]com.hnxx.zy.clms.core.mapper.LogMapper.save.debug:159 -<==    Updates: 1
2020-03-22 16:16:54.322 DEBUG [http-nio-8080-exec-5]com.hnxx.zy.clms.core.mapper.ArticleTypeMapper.getAll.debug:159 -==>  Preparing: select type_id, type_name, type_count, created_time, update_time, is_enabled, is_deleted from cl_article_type where is_deleted = 0 
2020-03-22 16:16:54.324 DEBUG [http-nio-8080-exec-5]com.hnxx.zy.clms.core.mapper.ArticleTypeMapper.getAll.debug:159 -==> Parameters: 
2020-03-22 16:16:54.343 DEBUG [http-nio-8080-exec-5]com.hnxx.zy.clms.core.mapper.ArticleTypeMapper.getAll.debug:159 -<==      Total: 3
2020-03-22 16:16:54.354 DEBUG [http-nio-8080-exec-5]com.hnxx.zy.clms.core.mapper.LogMapper.save.debug:159 -==>  Preparing: insert into cl_log( log_url, log_params, log_status, log_message, log_method, log_time, log_result, log_ip ) values ( ?, ?, ?, ?, ?, ?, ?, ? ) 
2020-03-22 16:16:54.356 DEBUG [http-nio-8080-exec-5]com.hnxx.zy.clms.core.mapper.LogMapper.save.debug:159 -==> Parameters: /articleType/getAll(String), [](String), 1(Integer), null, GET(String), 50(Long), {"code":200,"data":[{"createdTime":"2020-03-22 14:23:44","isDeleted":0,"isEnable":1,"typeCount":0,"typeId":2,"typeName":"C++","updateTime":"2020-03-22 14:23:44"},{"createdTime":"2020-03-22 14:23:53","isDeleted":0,"isEnable":1,"typeCount":0,"typeId":3,"typeName":"Java","updateTime":"2020-03-22 14:23:53"},{"createdTime":"2020-03-22 14:24:07","isDeleted":0,"isEnable":1,"typeCount":0,"typeId":4,"typeName":"Python","updateTime":"2020-03-22 14:24:07"}],"msg":"操作成功！"}(String), 0:0:0:0:0:0:0:1(String)
2020-03-22 16:16:54.590 DEBUG [http-nio-8080-exec-5]com.hnxx.zy.clms.core.mapper.LogMapper.save.debug:159 -<==    Updates: 1
2020-03-22 16:27:12.662 DEBUG [restartedMain]com.hnxx.zy.clms.ClmsApplication.logStarting:56 -Running with Spring Boot v2.2.5.RELEASE, Spring v5.2.4.RELEASE
2020-03-22 16:27:35.659 DEBUG [http-nio-8080-exec-2]com.hnxx.zy.clms.core.mapper.ArticleTypeMapper.getByName.debug:159 -==>  Preparing: select type_id, type_name, type_count, is_deleted, version from cl_article_type where type_name = ? and is_deleted = 0 
2020-03-22 16:27:35.699 DEBUG [http-nio-8080-exec-2]com.hnxx.zy.clms.core.mapper.ArticleTypeMapper.getByName.debug:159 -==> Parameters: Python(String)
2020-03-22 16:27:35.744 DEBUG [http-nio-8080-exec-2]com.hnxx.zy.clms.core.mapper.ArticleTypeMapper.getByName.debug:159 -<==      Total: 1
2020-03-22 16:27:35.761 DEBUG [http-nio-8080-exec-2]com.hnxx.zy.clms.core.mapper.LogMapper.save.debug:159 -==>  Preparing: insert into cl_log( log_url, log_params, log_status, log_message, log_method, log_time, log_result, log_ip ) values ( ?, ?, ?, ?, ?, ?, ?, ? ) 
2020-03-22 16:27:35.764 DEBUG [http-nio-8080-exec-2]com.hnxx.zy.clms.core.mapper.LogMapper.save.debug:159 -==> Parameters: /articleType/save(String), [ArticleType(typeId=null, typeName=Python, typeCount=null, createdTime=null, updateTime=null, isEnable=null, isDeleted=null, version=null)](String), 0(Integer), com.hnxx.zy.clms.common.exception.ClmsException: 该文章分类已经存在!
	at com.hnxx.zy.clms.core.service.impl.ArticleTypeServiceImpl.save(ArticleTypeServiceImpl.java:33)
	at com.hnxx.zy.clms.controller.ArticleTypeController.save(ArticleTypeController.java:32)
	at com.hnxx.zy.clms.controller.ArticleTypeController$$FastClassBySpringCGLIB$$1107d7a5.invoke(<generated>)
	at com.hnxx.zy.clms.common.aspect.RequestAspect.doAround(RequestAspect.java:78)
	at com.hnxx.zy.clms.controller.ArticleTypeController$$EnhancerBySpringCGLIB$$3b2c3976.save(<generated>)
(String), POST(String), 0(Long), null, 0:0:0:0:0:0:0:1(String)
2020-03-22 16:27:35.837 DEBUG [http-nio-8080-exec-2]com.hnxx.zy.clms.core.mapper.LogMapper.save.debug:159 -<==    Updates: 1
2020-03-22 16:47:55.232 DEBUG [restartedMain]com.hnxx.zy.clms.ClmsApplication.logStarting:56 -Running with Spring Boot v2.2.5.RELEASE, Spring v5.2.4.RELEASE
2020-03-22 16:49:10.133 DEBUG [http-nio-8080-exec-3]com.hnxx.zy.clms.core.mapper.ArticleTypeMapper.getById.debug:159 -==>  Preparing: select type_id, type_name, type_count, is_deleted, version from cl_article_type where type_id = ? and is_deleted = 0 
2020-03-22 16:49:10.221 DEBUG [http-nio-8080-exec-3]com.hnxx.zy.clms.core.mapper.ArticleTypeMapper.getById.debug:159 -==> Parameters: 1(Integer)
2020-03-22 16:49:10.279 DEBUG [http-nio-8080-exec-3]com.hnxx.zy.clms.core.mapper.ArticleTypeMapper.getById.debug:159 -<==      Total: 1
2020-03-22 16:49:10.357 DEBUG [http-nio-8080-exec-3]com.hnxx.zy.clms.core.mapper.LogMapper.save.debug:159 -==>  Preparing: insert into cl_log( log_url, log_params, log_status, log_message, log_method, log_time, log_result, log_ip ) values ( ?, ?, ?, ?, ?, ?, ?, ? ) 
2020-03-22 16:49:10.362 DEBUG [http-nio-8080-exec-3]com.hnxx.zy.clms.core.mapper.LogMapper.save.debug:159 -==> Parameters: /articleType/enable/1(String), [1](String), 0(Integer), org.mybatis.spring.MyBatisSystemException: nested exception is org.apache.ibatis.reflection.ReflectionException: There is no getter for property named 'articleType' in 'class com.hnxx.zy.clms.core.entity.ArticleType'
	at com.hnxx.zy.clms.core.service.impl.ArticleTypeServiceImpl.enabledById(ArticleTypeServiceImpl.java:95)
	at com.hnxx.zy.clms.controller.ArticleTypeController.enable(ArticleTypeController.java:96)
	at com.hnxx.zy.clms.controller.ArticleTypeController$$FastClassBySpringCGLIB$$1107d7a5.invoke(<generated>)
	at com.hnxx.zy.clms.common.aspect.RequestAspect.doAround(RequestAspect.java:78)
	at com.hnxx.zy.clms.controller.ArticleTypeController$$EnhancerBySpringCGLIB$$ea528a6f.enable(<generated>)
Caused by: org.apache.ibatis.reflection.ReflectionException: There is no getter for property named 'articleType' in 'class com.hnxx.zy.clms.core.entity.ArticleType'
(String), PUT(String), 0(Long), null, 0:0:0:0:0:0:0:1(String)
2020-03-22 16:49:10.457 DEBUG [http-nio-8080-exec-3]com.hnxx.zy.clms.core.mapper.LogMapper.save.debug:159 -<==    Updates: 1
2020-03-22 17:23:44.608 DEBUG [restartedMain]com.hnxx.zy.clms.ClmsApplication.logStarting:56 -Running with Spring Boot v2.2.5.RELEASE, Spring v5.2.4.RELEASE
2020-03-22 17:23:56.342 DEBUG [http-nio-8080-exec-1]com.hnxx.zy.clms.core.mapper.ArticleTypeMapper.getById.debug:159 -==>  Preparing: select type_id, type_name, type_count, is_deleted, version from cl_article_type where type_id = ? and is_deleted = 0 
2020-03-22 17:23:56.373 DEBUG [http-nio-8080-exec-1]com.hnxx.zy.clms.core.mapper.ArticleTypeMapper.getById.debug:159 -==> Parameters: 1(Integer)
2020-03-22 17:23:56.411 DEBUG [http-nio-8080-exec-1]com.hnxx.zy.clms.core.mapper.ArticleTypeMapper.getById.debug:159 -<==      Total: 1
2020-03-22 17:23:56.459 DEBUG [http-nio-8080-exec-1]com.hnxx.zy.clms.core.mapper.LogMapper.save.debug:159 -==>  Preparing: insert into cl_log( log_url, log_params, log_status, log_message, log_method, log_time, log_result, log_ip ) values ( ?, ?, ?, ?, ?, ?, ?, ? ) 
2020-03-22 17:23:56.463 DEBUG [http-nio-8080-exec-1]com.hnxx.zy.clms.core.mapper.LogMapper.save.debug:159 -==> Parameters: /articleType/enable/1(String), [1](String), 0(Integer), org.mybatis.spring.MyBatisSystemException: nested exception is org.apache.ibatis.reflection.ReflectionException: There is no getter for property named 'articleType' in 'class com.hnxx.zy.clms.core.entity.ArticleType'
	at com.hnxx.zy.clms.core.service.impl.ArticleTypeServiceImpl.enabledById(ArticleTypeServiceImpl.java:95)
	at com.hnxx.zy.clms.controller.ArticleTypeController.enable(ArticleTypeController.java:96)
	at com.hnxx.zy.clms.controller.ArticleTypeController$$FastClassBySpringCGLIB$$1107d7a5.invoke(<generated>)
	at com.hnxx.zy.clms.common.aspect.RequestAspect.doAround(RequestAspect.java:78)
	at com.hnxx.zy.clms.controller.ArticleTypeController$$EnhancerBySpringCGLIB$$2b0f20bb.enable(<generated>)
Caused by: org.apache.ibatis.reflection.ReflectionException: There is no getter for property named 'articleType' in 'class com.hnxx.zy.clms.core.entity.ArticleType'
(String), PUT(String), 0(Long), null, 0:0:0:0:0:0:0:1(String)
2020-03-22 17:23:56.581 DEBUG [http-nio-8080-exec-1]com.hnxx.zy.clms.core.mapper.LogMapper.save.debug:159 -<==    Updates: 1
2020-03-22 17:24:20.886 DEBUG [http-nio-8080-exec-4]com.hnxx.zy.clms.core.mapper.ArticleTypeMapper.getById.debug:159 -==>  Preparing: select type_id, type_name, type_count, is_deleted, version from cl_article_type where type_id = ? and is_deleted = 0 
2020-03-22 17:24:20.889 DEBUG [http-nio-8080-exec-4]com.hnxx.zy.clms.core.mapper.ArticleTypeMapper.getById.debug:159 -==> Parameters: 2(Integer)
2020-03-22 17:24:20.892 DEBUG [http-nio-8080-exec-4]com.hnxx.zy.clms.core.mapper.ArticleTypeMapper.getById.debug:159 -<==      Total: 1
2020-03-22 17:24:20.903 DEBUG [http-nio-8080-exec-4]com.hnxx.zy.clms.core.mapper.LogMapper.save.debug:159 -==>  Preparing: insert into cl_log( log_url, log_params, log_status, log_message, log_method, log_time, log_result, log_ip ) values ( ?, ?, ?, ?, ?, ?, ?, ? ) 
2020-03-22 17:24:20.905 DEBUG [http-nio-8080-exec-4]com.hnxx.zy.clms.core.mapper.LogMapper.save.debug:159 -==> Parameters: /articleType/enable/2(String), [2](String), 0(Integer), org.mybatis.spring.MyBatisSystemException: nested exception is org.apache.ibatis.reflection.ReflectionException: There is no getter for property named 'articleType' in 'class com.hnxx.zy.clms.core.entity.ArticleType'
	at com.hnxx.zy.clms.core.service.impl.ArticleTypeServiceImpl.enabledById(ArticleTypeServiceImpl.java:95)
	at com.hnxx.zy.clms.controller.ArticleTypeController.enable(ArticleTypeController.java:96)
	at com.hnxx.zy.clms.controller.ArticleTypeController$$FastClassBySpringCGLIB$$1107d7a5.invoke(<generated>)
	at com.hnxx.zy.clms.common.aspect.RequestAspect.doAround(RequestAspect.java:78)
	at com.hnxx.zy.clms.controller.ArticleTypeController$$EnhancerBySpringCGLIB$$2b0f20bb.enable(<generated>)
Caused by: org.apache.ibatis.reflection.ReflectionException: There is no getter for property named 'articleType' in 'class com.hnxx.zy.clms.core.entity.ArticleType'
(String), PUT(String), 0(Long), null, 0:0:0:0:0:0:0:1(String)
2020-03-22 17:24:21.033 DEBUG [http-nio-8080-exec-4]com.hnxx.zy.clms.core.mapper.LogMapper.save.debug:159 -<==    Updates: 1
2020-03-22 17:35:50.715 DEBUG [restartedMain]com.hnxx.zy.clms.ClmsApplication.logStarting:56 -Running with Spring Boot v2.2.5.RELEASE, Spring v5.2.4.RELEASE
2020-03-22 17:37:00.167 DEBUG [http-nio-8080-exec-1]com.hnxx.zy.clms.core.mapper.ArticleTypeMapper.getById.debug:159 -==>  Preparing: select type_id, type_name, type_count, is_deleted, version from cl_article_type where type_id = ? and is_deleted = 0 
2020-03-22 17:37:00.234 DEBUG [http-nio-8080-exec-1]com.hnxx.zy.clms.core.mapper.ArticleTypeMapper.getById.debug:159 -==> Parameters: 2(Integer)
2020-03-22 17:37:00.301 DEBUG [http-nio-8080-exec-1]com.hnxx.zy.clms.core.mapper.ArticleTypeMapper.getById.debug:159 -<==      Total: 1
2020-03-22 17:37:00.336 DEBUG [http-nio-8080-exec-1]c.h.zy.clms.core.mapper.ArticleTypeMapper.updateEnable.debug:159 -==>  Preparing: update cl_article_type set version = version + 1, is_enabled = ? where type_id = ? and version = ? 
2020-03-22 17:37:00.382 DEBUG [http-nio-8080-exec-1]com.hnxx.zy.clms.core.mapper.LogMapper.save.debug:159 -==>  Preparing: insert into cl_log( log_url, log_params, log_status, log_message, log_method, log_time, log_result, log_ip ) values ( ?, ?, ?, ?, ?, ?, ?, ? ) 
2020-03-22 17:37:00.393 DEBUG [http-nio-8080-exec-1]com.hnxx.zy.clms.core.mapper.LogMapper.save.debug:159 -==> Parameters: /articleType/enable/2(String), [2](String), 0(Integer), org.mybatis.spring.MyBatisSystemException: nested exception is org.apache.ibatis.reflection.ReflectionException: There is no getter for property named 'isEnable' in 'class com.hnxx.zy.clms.core.entity.ArticleType'
	at com.hnxx.zy.clms.core.service.impl.ArticleTypeServiceImpl.enabledById(ArticleTypeServiceImpl.java:95)
	at com.hnxx.zy.clms.controller.ArticleTypeController.enable(ArticleTypeController.java:96)
	at com.hnxx.zy.clms.controller.ArticleTypeController$$FastClassBySpringCGLIB$$1107d7a5.invoke(<generated>)
	at com.hnxx.zy.clms.common.aspect.RequestAspect.doAround(RequestAspect.java:78)
	at com.hnxx.zy.clms.controller.ArticleTypeController$$EnhancerBySpringCGLIB$$7048233a.enable(<generated>)
Caused by: org.apache.ibatis.reflection.ReflectionException: There is no getter for property named 'isEnable' in 'class com.hnxx.zy.clms.core.entity.ArticleType'
(String), PUT(String), 0(Long), null, 0:0:0:0:0:0:0:1(String)
2020-03-22 17:37:00.464 DEBUG [http-nio-8080-exec-1]com.hnxx.zy.clms.core.mapper.LogMapper.save.debug:159 -<==    Updates: 1
2020-03-22 17:37:53.536 DEBUG [restartedMain]com.hnxx.zy.clms.ClmsApplication.logStarting:56 -Running with Spring Boot v2.2.5.RELEASE, Spring v5.2.4.RELEASE
2020-03-22 17:39:12.810 DEBUG [restartedMain]com.hnxx.zy.clms.ClmsApplication.logStarting:56 -Running with Spring Boot v2.2.5.RELEASE, Spring v5.2.4.RELEASE
2020-03-22 17:39:37.403 DEBUG [http-nio-8080-exec-2]com.hnxx.zy.clms.core.mapper.ArticleTypeMapper.getById.debug:159 -==>  Preparing: select type_id, type_name, type_count, is_deleted, version from cl_article_type where type_id = ? and is_deleted = 0 
2020-03-22 17:39:37.442 DEBUG [http-nio-8080-exec-2]com.hnxx.zy.clms.core.mapper.ArticleTypeMapper.getById.debug:159 -==> Parameters: 2(Integer)
2020-03-22 17:39:37.499 DEBUG [http-nio-8080-exec-2]com.hnxx.zy.clms.core.mapper.ArticleTypeMapper.getById.debug:159 -<==      Total: 1
2020-03-22 17:39:37.523 DEBUG [http-nio-8080-exec-2]c.h.zy.clms.core.mapper.ArticleTypeMapper.updateEnable.debug:159 -==>  Preparing: update cl_article_type set version = version + 1, is_enabled = ? where type_id = ? and version = ? 
2020-03-22 17:39:37.525 DEBUG [http-nio-8080-exec-2]c.h.zy.clms.core.mapper.ArticleTypeMapper.updateEnable.debug:159 -==> Parameters: 1(Integer), 2(Integer), 1(Integer)
2020-03-22 17:39:37.636 DEBUG [http-nio-8080-exec-2]c.h.zy.clms.core.mapper.ArticleTypeMapper.updateEnable.debug:159 -<==    Updates: 1
2020-03-22 17:39:37.929 DEBUG [http-nio-8080-exec-2]com.hnxx.zy.clms.core.mapper.LogMapper.save.debug:159 -==>  Preparing: insert into cl_log( log_url, log_params, log_status, log_message, log_method, log_time, log_result, log_ip ) values ( ?, ?, ?, ?, ?, ?, ?, ? ) 
2020-03-22 17:39:37.936 DEBUG [http-nio-8080-exec-2]com.hnxx.zy.clms.core.mapper.LogMapper.save.debug:159 -==> Parameters: /articleType/enable/2(String), [2](String), 1(Integer), null, PUT(String), 307(Long), {"code":200,"msg":"已启用!"}(String), 0:0:0:0:0:0:0:1(String)
2020-03-22 17:39:38.045 DEBUG [http-nio-8080-exec-2]com.hnxx.zy.clms.core.mapper.LogMapper.save.debug:159 -<==    Updates: 1
2020-03-22 17:41:19.788 DEBUG [http-nio-8080-exec-5]com.hnxx.zy.clms.core.mapper.ArticleTypeMapper.getById.debug:159 -==>  Preparing: select type_id, type_name, type_count, is_deleted, version from cl_article_type where type_id = ? and is_deleted = 0 
2020-03-22 17:41:19.790 DEBUG [http-nio-8080-exec-5]com.hnxx.zy.clms.core.mapper.ArticleTypeMapper.getById.debug:159 -==> Parameters: 2(Integer)
2020-03-22 17:41:19.794 DEBUG [http-nio-8080-exec-5]com.hnxx.zy.clms.core.mapper.ArticleTypeMapper.getById.debug:159 -<==      Total: 1
2020-03-22 17:41:19.804 DEBUG [http-nio-8080-exec-5]c.h.zy.clms.core.mapper.ArticleTypeMapper.updateEnable.debug:159 -==>  Preparing: update cl_article_type set version = version + 1, is_enabled = ? where type_id = ? and version = ? 
2020-03-22 17:41:19.805 DEBUG [http-nio-8080-exec-5]c.h.zy.clms.core.mapper.ArticleTypeMapper.updateEnable.debug:159 -==> Parameters: 1(Integer), 2(Integer), 2(Integer)
2020-03-22 17:41:19.938 DEBUG [http-nio-8080-exec-5]c.h.zy.clms.core.mapper.ArticleTypeMapper.updateEnable.debug:159 -<==    Updates: 1
2020-03-22 17:41:19.949 DEBUG [http-nio-8080-exec-5]com.hnxx.zy.clms.core.mapper.LogMapper.save.debug:159 -==>  Preparing: insert into cl_log( log_url, log_params, log_status, log_message, log_method, log_time, log_result, log_ip ) values ( ?, ?, ?, ?, ?, ?, ?, ? ) 
2020-03-22 17:41:19.951 DEBUG [http-nio-8080-exec-5]com.hnxx.zy.clms.core.mapper.LogMapper.save.debug:159 -==> Parameters: /articleType/enable/2(String), [2](String), 1(Integer), null, PUT(String), 168(Long), {"code":200,"msg":"已启用!"}(String), 0:0:0:0:0:0:0:1(String)
2020-03-22 17:41:20.024 DEBUG [http-nio-8080-exec-5]com.hnxx.zy.clms.core.mapper.LogMapper.save.debug:159 -<==    Updates: 1
2020-03-22 17:41:30.604 DEBUG [http-nio-8080-exec-6]com.hnxx.zy.clms.core.mapper.ArticleTypeMapper.getById.debug:159 -==>  Preparing: select type_id, type_name, type_count, is_deleted, version from cl_article_type where type_id = ? and is_deleted = 0 
2020-03-22 17:41:30.605 DEBUG [http-nio-8080-exec-6]com.hnxx.zy.clms.core.mapper.ArticleTypeMapper.getById.debug:159 -==> Parameters: 1(Integer)
2020-03-22 17:41:30.608 DEBUG [http-nio-8080-exec-6]com.hnxx.zy.clms.core.mapper.ArticleTypeMapper.getById.debug:159 -<==      Total: 1
2020-03-22 17:41:30.618 DEBUG [http-nio-8080-exec-6]c.h.zy.clms.core.mapper.ArticleTypeMapper.updateEnable.debug:159 -==>  Preparing: update cl_article_type set version = version + 1, is_enabled = ? where type_id = ? and version = ? 
2020-03-22 17:41:30.620 DEBUG [http-nio-8080-exec-6]c.h.zy.clms.core.mapper.ArticleTypeMapper.updateEnable.debug:159 -==> Parameters: 1(Integer), 1(Integer), 3(Integer)
2020-03-22 17:41:30.746 DEBUG [http-nio-8080-exec-6]c.h.zy.clms.core.mapper.ArticleTypeMapper.updateEnable.debug:159 -<==    Updates: 1
2020-03-22 17:41:30.759 DEBUG [http-nio-8080-exec-6]com.hnxx.zy.clms.core.mapper.LogMapper.save.debug:159 -==>  Preparing: insert into cl_log( log_url, log_params, log_status, log_message, log_method, log_time, log_result, log_ip ) values ( ?, ?, ?, ?, ?, ?, ?, ? ) 
2020-03-22 17:41:30.761 DEBUG [http-nio-8080-exec-6]com.hnxx.zy.clms.core.mapper.LogMapper.save.debug:159 -==> Parameters: /articleType/enable/1(String), [1](String), 1(Integer), null, PUT(String), 154(Long), {"code":200,"msg":"已启用!"}(String), 0:0:0:0:0:0:0:1(String)
2020-03-22 17:41:30.829 DEBUG [http-nio-8080-exec-6]com.hnxx.zy.clms.core.mapper.LogMapper.save.debug:159 -<==    Updates: 1
2020-03-22 17:43:06.121 DEBUG [http-nio-8080-exec-10]com.hnxx.zy.clms.core.mapper.ArticleTypeMapper.getById.debug:159 -==>  Preparing: select type_id, type_name, type_count, is_deleted, version from cl_article_type where type_id = ? and is_deleted = 0 
2020-03-22 17:43:06.123 DEBUG [http-nio-8080-exec-10]com.hnxx.zy.clms.core.mapper.ArticleTypeMapper.getById.debug:159 -==> Parameters: 1(Integer)
2020-03-22 17:43:06.129 DEBUG [http-nio-8080-exec-10]com.hnxx.zy.clms.core.mapper.ArticleTypeMapper.getById.debug:159 -<==      Total: 1
2020-03-22 17:43:06.138 DEBUG [http-nio-8080-exec-10]c.h.zy.clms.core.mapper.ArticleTypeMapper.updateEnable.debug:159 -==>  Preparing: update cl_article_type set version = version + 1, is_enabled = ? where type_id = ? and version = ? 
2020-03-22 17:43:06.140 DEBUG [http-nio-8080-exec-10]c.h.zy.clms.core.mapper.ArticleTypeMapper.updateEnable.debug:159 -==> Parameters: 0(Integer), 1(Integer), 4(Integer)
2020-03-22 17:43:06.246 DEBUG [http-nio-8080-exec-10]c.h.zy.clms.core.mapper.ArticleTypeMapper.updateEnable.debug:159 -<==    Updates: 1
2020-03-22 17:43:06.257 DEBUG [http-nio-8080-exec-10]com.hnxx.zy.clms.core.mapper.LogMapper.save.debug:159 -==>  Preparing: insert into cl_log( log_url, log_params, log_status, log_message, log_method, log_time, log_result, log_ip ) values ( ?, ?, ?, ?, ?, ?, ?, ? ) 
2020-03-22 17:43:06.259 DEBUG [http-nio-8080-exec-10]com.hnxx.zy.clms.core.mapper.LogMapper.save.debug:159 -==> Parameters: /articleType/disable/1(String), [1](String), 1(Integer), null, PUT(String), 146(Long), {"code":200,"msg":"已弃用!"}(String), 0:0:0:0:0:0:0:1(String)
2020-03-22 17:43:06.328 DEBUG [http-nio-8080-exec-10]com.hnxx.zy.clms.core.mapper.LogMapper.save.debug:159 -<==    Updates: 1
2020-03-22 19:26:04.832 DEBUG [http-nio-8080-exec-2]com.hnxx.zy.clms.core.mapper.ArticleTypeMapper.getByName.debug:159 -==>  Preparing: select type_id, type_name, type_count, is_deleted, version from cl_article_type where type_name = ? and is_deleted = 0 
2020-03-22 19:26:04.837 DEBUG [http-nio-8080-exec-2]com.hnxx.zy.clms.core.mapper.ArticleTypeMapper.getByName.debug:159 -==> Parameters: Spring Boot(String)
2020-03-22 19:26:04.868 DEBUG [http-nio-8080-exec-2]com.hnxx.zy.clms.core.mapper.ArticleTypeMapper.getByName.debug:159 -<==      Total: 0
2020-03-22 19:26:04.883 DEBUG [http-nio-8080-exec-2]com.hnxx.zy.clms.core.mapper.ArticleTypeMapper.save.debug:159 -==>  Preparing: insert into cl_article_type( type_name ) values ( ? ) 
2020-03-22 19:26:04.886 DEBUG [http-nio-8080-exec-2]com.hnxx.zy.clms.core.mapper.ArticleTypeMapper.save.debug:159 -==> Parameters: Spring Boot(String)
2020-03-22 19:26:05.130 DEBUG [http-nio-8080-exec-2]com.hnxx.zy.clms.core.mapper.ArticleTypeMapper.save.debug:159 -<==    Updates: 1
2020-03-22 19:26:05.155 DEBUG [http-nio-8080-exec-2]com.hnxx.zy.clms.core.mapper.LogMapper.save.debug:159 -==>  Preparing: insert into cl_log( log_url, log_params, log_status, log_message, log_method, log_time, log_result, log_ip ) values ( ?, ?, ?, ?, ?, ?, ?, ? ) 
2020-03-22 19:26:05.158 DEBUG [http-nio-8080-exec-2]com.hnxx.zy.clms.core.mapper.LogMapper.save.debug:159 -==> Parameters: /articleType/save(String), [ArticleType(typeId=null, typeName=Spring Boot, typeCount=null, createdTime=null, updateTime=null, isEnabled=null, isDeleted=null, version=null)](String), 1(Integer), null, POST(String), 341(Long), {"code":200,"msg":"添加成功！"}(String), 0:0:0:0:0:0:0:1(String)
2020-03-22 19:26:05.352 DEBUG [http-nio-8080-exec-2]com.hnxx.zy.clms.core.mapper.LogMapper.save.debug:159 -<==    Updates: 1
2020-03-22 19:26:33.745 DEBUG [http-nio-8080-exec-4]com.hnxx.zy.clms.core.mapper.ArticleTypeMapper.getById.debug:159 -==>  Preparing: select type_id, type_name, type_count, is_deleted, version from cl_article_type where type_id = ? and is_deleted = 0 
2020-03-22 19:26:33.747 DEBUG [http-nio-8080-exec-4]com.hnxx.zy.clms.core.mapper.ArticleTypeMapper.getById.debug:159 -==> Parameters: 2(Integer)
2020-03-22 19:26:33.751 DEBUG [http-nio-8080-exec-4]com.hnxx.zy.clms.core.mapper.ArticleTypeMapper.getById.debug:159 -<==      Total: 1
2020-03-22 19:26:33.782 DEBUG [http-nio-8080-exec-4]com.hnxx.zy.clms.core.mapper.LogMapper.save.debug:159 -==>  Preparing: insert into cl_log( log_url, log_params, log_status, log_message, log_method, log_time, log_result, log_ip ) values ( ?, ?, ?, ?, ?, ?, ?, ? ) 
2020-03-22 19:26:33.785 DEBUG [http-nio-8080-exec-4]com.hnxx.zy.clms.core.mapper.LogMapper.save.debug:159 -==> Parameters: /articleType/get/2(String), [2](String), 1(Integer), null, GET(String), 29(Long), {"code":200,"data":{"isDeleted":0,"typeCount":0,"typeId":2,"typeName":"C++","version":3},"msg":"操作成功！"}(String), 0:0:0:0:0:0:0:1(String)
2020-03-22 19:26:33.892 DEBUG [http-nio-8080-exec-4]com.hnxx.zy.clms.core.mapper.LogMapper.save.debug:159 -<==    Updates: 1
2020-03-22 19:26:41.095 DEBUG [http-nio-8080-exec-5]com.hnxx.zy.clms.core.mapper.ArticleTypeMapper.getList.debug:159 -==>  Preparing: select type_id, type_name, type_count from cl_article_type where is_deleted = 0 and is_enabled = 1 
2020-03-22 19:26:41.097 DEBUG [http-nio-8080-exec-5]com.hnxx.zy.clms.core.mapper.ArticleTypeMapper.getList.debug:159 -==> Parameters: 
2020-03-22 19:26:41.101 DEBUG [http-nio-8080-exec-5]com.hnxx.zy.clms.core.mapper.ArticleTypeMapper.getList.debug:159 -<==      Total: 4
2020-03-22 19:26:41.117 DEBUG [http-nio-8080-exec-5]com.hnxx.zy.clms.core.mapper.LogMapper.save.debug:159 -==>  Preparing: insert into cl_log( log_url, log_params, log_status, log_message, log_method, log_time, log_result, log_ip ) values ( ?, ?, ?, ?, ?, ?, ?, ? ) 
2020-03-22 19:26:41.119 DEBUG [http-nio-8080-exec-5]com.hnxx.zy.clms.core.mapper.LogMapper.save.debug:159 -==> Parameters: /articleType/getList(String), [](String), 1(Integer), null, GET(String), 21(Long), {"code":200,"data":[{"typeCount":0,"typeId":2,"typeName":"C++"},{"typeCount":0,"typeId":3,"typeName":"Java"},{"typeCount":0,"typeId":4,"typeName":"Python"},{"typeCount":0,"typeId":5,"typeName":"Spring Boot"}],"msg":"操作成功！"}(String), 0:0:0:0:0:0:0:1(String)
2020-03-22 19:26:41.257 DEBUG [http-nio-8080-exec-5]com.hnxx.zy.clms.core.mapper.LogMapper.save.debug:159 -<==    Updates: 1
2020-03-22 19:26:56.198 DEBUG [http-nio-8080-exec-6]com.hnxx.zy.clms.core.mapper.ArticleTypeMapper.getAll.debug:159 -==>  Preparing: select type_id, type_name, type_count, created_time, update_time, is_enabled, is_deleted from cl_article_type where is_deleted = 0 
2020-03-22 19:26:56.198 DEBUG [http-nio-8080-exec-6]com.hnxx.zy.clms.core.mapper.ArticleTypeMapper.getAll.debug:159 -==> Parameters: 
2020-03-22 19:26:56.231 DEBUG [http-nio-8080-exec-6]com.hnxx.zy.clms.core.mapper.ArticleTypeMapper.getAll.debug:159 -<==      Total: 5
2020-03-22 19:26:56.243 DEBUG [http-nio-8080-exec-6]com.hnxx.zy.clms.core.mapper.LogMapper.save.debug:159 -==>  Preparing: insert into cl_log( log_url, log_params, log_status, log_message, log_method, log_time, log_result, log_ip ) values ( ?, ?, ?, ?, ?, ?, ?, ? ) 
2020-03-22 19:26:56.244 DEBUG [http-nio-8080-exec-6]com.hnxx.zy.clms.core.mapper.LogMapper.save.debug:159 -==> Parameters: /articleType/getAll(String), [](String), 1(Integer), null, GET(String), 43(Long), {"code":200,"data":[{"createdTime":"2020-03-22 14:23:28","isDeleted":0,"isEnabled":0,"typeCount":0,"typeId":1,"typeName":"软件工程","updateTime":"2020-03-22 17:43:06"},{"createdTime":"2020-03-22 14:23:44","isDeleted":0,"isEnabled":1,"typeCount":0,"typeId":2,"typeName":"C++","updateTime":"2020-03-22 17:41:19"},{"createdTime":"2020-03-22 14:23:53","isDeleted":0,"isEnabled":1,"typeCount":0,"typeId":3,"typeName":"Java","updateTime":"2020-03-22 14:23:53"},{"createdTime":"2020-03-22 14:24:07","isDeleted":0,"isEnabled":1,"typeCount":0,"typeId":4,"typeName":"Python","updateTime":"2020-03-22 14:24:07"},{"createdTime":"2020-03-22 19:26:04","isDeleted":0,"isEnabled":1,"typeCount":0,"typeId":5,"typeName":"Spring Boot","updateTime":"2020-03-22 19:26:04"}],"msg":"操作成功！"}(String), 0:0:0:0:0:0:0:1(String)
2020-03-22 19:26:56.441 DEBUG [http-nio-8080-exec-6]com.hnxx.zy.clms.core.mapper.LogMapper.save.debug:159 -<==    Updates: 1
2020-03-22 19:27:22.217 DEBUG [http-nio-8080-exec-7]com.hnxx.zy.clms.core.mapper.ArticleTypeMapper.update.debug:159 -==>  Preparing: update cl_article_type set version = version + 1 ,type_name = ? where type_id = ? and version = ? 
2020-03-22 19:27:22.219 DEBUG [http-nio-8080-exec-7]com.hnxx.zy.clms.core.mapper.ArticleTypeMapper.update.debug:159 -==> Parameters: 软件工程++(String), 1(Integer), 6(Integer)
2020-03-22 19:27:22.221 DEBUG [http-nio-8080-exec-7]com.hnxx.zy.clms.core.mapper.ArticleTypeMapper.update.debug:159 -<==    Updates: 0
2020-03-22 19:27:22.232 DEBUG [http-nio-8080-exec-7]com.hnxx.zy.clms.core.mapper.LogMapper.save.debug:159 -==>  Preparing: insert into cl_log( log_url, log_params, log_status, log_message, log_method, log_time, log_result, log_ip ) values ( ?, ?, ?, ?, ?, ?, ?, ? ) 
2020-03-22 19:27:22.234 DEBUG [http-nio-8080-exec-7]com.hnxx.zy.clms.core.mapper.LogMapper.save.debug:159 -==> Parameters: /articleType/update(String), [ArticleType(typeId=1, typeName=软件工程++, typeCount=null, createdTime=null, updateTime=null, isEnabled=null, isDeleted=null, version=6)](String), 1(Integer), null, PUT(String), 146(Long), {"code":200,"msg":"修改成功!"}(String), 0:0:0:0:0:0:0:1(String)
2020-03-22 19:27:22.293 DEBUG [http-nio-8080-exec-7]com.hnxx.zy.clms.core.mapper.LogMapper.save.debug:159 -<==    Updates: 1
2020-03-22 19:27:49.490 DEBUG [http-nio-8080-exec-9]com.hnxx.zy.clms.core.mapper.ArticleTypeMapper.getById.debug:159 -==>  Preparing: select type_id, type_name, type_count, is_deleted, version from cl_article_type where type_id = ? and is_deleted = 0 
2020-03-22 19:27:49.492 DEBUG [http-nio-8080-exec-9]com.hnxx.zy.clms.core.mapper.ArticleTypeMapper.getById.debug:159 -==> Parameters: 1(Integer)
2020-03-22 19:27:49.496 DEBUG [http-nio-8080-exec-9]com.hnxx.zy.clms.core.mapper.ArticleTypeMapper.getById.debug:159 -<==      Total: 1
2020-03-22 19:27:49.504 DEBUG [http-nio-8080-exec-9]c.h.zy.clms.core.mapper.ArticleTypeMapper.updateEnable.debug:159 -==>  Preparing: update cl_article_type set version = version + 1, is_enabled = ? where type_id = ? and version = ? 
2020-03-22 19:27:49.507 DEBUG [http-nio-8080-exec-9]c.h.zy.clms.core.mapper.ArticleTypeMapper.updateEnable.debug:159 -==> Parameters: 1(Integer), 1(Integer), 5(Integer)
2020-03-22 19:27:49.614 DEBUG [http-nio-8080-exec-9]c.h.zy.clms.core.mapper.ArticleTypeMapper.updateEnable.debug:159 -<==    Updates: 1
2020-03-22 19:27:49.624 DEBUG [http-nio-8080-exec-9]com.hnxx.zy.clms.core.mapper.LogMapper.save.debug:159 -==>  Preparing: insert into cl_log( log_url, log_params, log_status, log_message, log_method, log_time, log_result, log_ip ) values ( ?, ?, ?, ?, ?, ?, ?, ? ) 
2020-03-22 19:27:49.626 DEBUG [http-nio-8080-exec-9]com.hnxx.zy.clms.core.mapper.LogMapper.save.debug:159 -==> Parameters: /articleType/enable/1(String), [1](String), 1(Integer), null, PUT(String), 137(Long), {"code":200,"msg":"已启用!"}(String), 0:0:0:0:0:0:0:1(String)
2020-03-22 19:27:49.705 DEBUG [http-nio-8080-exec-9]com.hnxx.zy.clms.core.mapper.LogMapper.save.debug:159 -<==    Updates: 1
2020-03-22 19:28:01.854 DEBUG [http-nio-8080-exec-8]com.hnxx.zy.clms.core.mapper.ArticleTypeMapper.getById.debug:159 -==>  Preparing: select type_id, type_name, type_count, is_deleted, version from cl_article_type where type_id = ? and is_deleted = 0 
2020-03-22 19:28:01.858 DEBUG [http-nio-8080-exec-8]com.hnxx.zy.clms.core.mapper.ArticleTypeMapper.getById.debug:159 -==> Parameters: 1(Integer)
2020-03-22 19:28:01.861 DEBUG [http-nio-8080-exec-8]com.hnxx.zy.clms.core.mapper.ArticleTypeMapper.getById.debug:159 -<==      Total: 1
2020-03-22 19:28:01.866 DEBUG [http-nio-8080-exec-8]c.h.zy.clms.core.mapper.ArticleTypeMapper.updateEnable.debug:159 -==>  Preparing: update cl_article_type set version = version + 1, is_enabled = ? where type_id = ? and version = ? 
2020-03-22 19:28:01.868 DEBUG [http-nio-8080-exec-8]c.h.zy.clms.core.mapper.ArticleTypeMapper.updateEnable.debug:159 -==> Parameters: 0(Integer), 1(Integer), 6(Integer)
2020-03-22 19:28:01.964 DEBUG [http-nio-8080-exec-8]c.h.zy.clms.core.mapper.ArticleTypeMapper.updateEnable.debug:159 -<==    Updates: 1
2020-03-22 19:28:01.971 DEBUG [http-nio-8080-exec-8]com.hnxx.zy.clms.core.mapper.LogMapper.save.debug:159 -==>  Preparing: insert into cl_log( log_url, log_params, log_status, log_message, log_method, log_time, log_result, log_ip ) values ( ?, ?, ?, ?, ?, ?, ?, ? ) 
2020-03-22 19:28:01.973 DEBUG [http-nio-8080-exec-8]com.hnxx.zy.clms.core.mapper.LogMapper.save.debug:159 -==> Parameters: /articleType/disable/1(String), [1](String), 1(Integer), null, PUT(String), 119(Long), {"code":200,"msg":"已弃用!"}(String), 0:0:0:0:0:0:0:1(String)
2020-03-22 19:28:02.105 DEBUG [http-nio-8080-exec-8]com.hnxx.zy.clms.core.mapper.LogMapper.save.debug:159 -<==    Updates: 1
2020-03-22 19:28:05.631 DEBUG [http-nio-8080-exec-10]com.hnxx.zy.clms.core.mapper.ArticleTypeMapper.getById.debug:159 -==>  Preparing: select type_id, type_name, type_count, is_deleted, version from cl_article_type where type_id = ? and is_deleted = 0 
2020-03-22 19:28:05.632 DEBUG [http-nio-8080-exec-10]com.hnxx.zy.clms.core.mapper.ArticleTypeMapper.getById.debug:159 -==> Parameters: 1(Integer)
2020-03-22 19:28:05.635 DEBUG [http-nio-8080-exec-10]com.hnxx.zy.clms.core.mapper.ArticleTypeMapper.getById.debug:159 -<==      Total: 1
2020-03-22 19:28:05.643 DEBUG [http-nio-8080-exec-10]c.h.zy.clms.core.mapper.ArticleTypeMapper.updateEnable.debug:159 -==>  Preparing: update cl_article_type set version = version + 1, is_enabled = ? where type_id = ? and version = ? 
2020-03-22 19:28:05.644 DEBUG [http-nio-8080-exec-10]c.h.zy.clms.core.mapper.ArticleTypeMapper.updateEnable.debug:159 -==> Parameters: 1(Integer), 1(Integer), 7(Integer)
2020-03-22 19:28:05.790 DEBUG [http-nio-8080-exec-10]c.h.zy.clms.core.mapper.ArticleTypeMapper.updateEnable.debug:159 -<==    Updates: 1
2020-03-22 19:28:05.797 DEBUG [http-nio-8080-exec-10]com.hnxx.zy.clms.core.mapper.LogMapper.save.debug:159 -==>  Preparing: insert into cl_log( log_url, log_params, log_status, log_message, log_method, log_time, log_result, log_ip ) values ( ?, ?, ?, ?, ?, ?, ?, ? ) 
2020-03-22 19:28:05.799 DEBUG [http-nio-8080-exec-10]com.hnxx.zy.clms.core.mapper.LogMapper.save.debug:159 -==> Parameters: /articleType/enable/1(String), [1](String), 1(Integer), null, PUT(String), 167(Long), {"code":200,"msg":"已启用!"}(String), 0:0:0:0:0:0:0:1(String)
2020-03-22 19:28:05.957 DEBUG [http-nio-8080-exec-10]com.hnxx.zy.clms.core.mapper.LogMapper.save.debug:159 -<==    Updates: 1
2020-03-22 21:21:35.490 DEBUG [http-nio-8080-exec-2]com.hnxx.zy.clms.core.mapper.ArticleMapper.save.debug:159 -==>  Preparing: insert into cl_article( article_title, article_author, article_image, article_content, article_type, article_source ) values ( ?, ?, ?, ?, ?, ? ) 
2020-03-22 21:21:35.494 DEBUG [http-nio-8080-exec-2]com.hnxx.zy.clms.core.mapper.ArticleMapper.save.debug:159 -==> Parameters: 测试文章2(String), code-fusheng(String), null, 这是code-fsheng写的测试文章1的内容，关于文章的测试(String), 1(Integer), null
2020-03-22 21:21:36.384 DEBUG [http-nio-8080-exec-2]com.hnxx.zy.clms.core.mapper.ArticleMapper.save.debug:159 -<==    Updates: 1
2020-03-22 21:21:36.421 DEBUG [http-nio-8080-exec-2]com.hnxx.zy.clms.core.mapper.LogMapper.save.debug:159 -==>  Preparing: insert into cl_log( log_url, log_params, log_status, log_message, log_method, log_time, log_result, log_ip ) values ( ?, ?, ?, ?, ?, ?, ?, ? ) 
2020-03-22 21:21:36.496 DEBUG [http-nio-8080-exec-2]com.hnxx.zy.clms.core.mapper.LogMapper.save.debug:159 -==> Parameters: /article/save(String), [Article(articleId=null, articleTitle=测试文章2, articleAuthor=code-fusheng, articleImage=null, articleContent=这是code-fsheng写的测试文章1的内容，关于文章的测试, articleGood=null, articleRead=null, articleCollection=null, articleType=1, articleComment=null, articleSource=null, createdTime=null, updateTime=null, isEnabled=null, isDeleted=null, version=null)](String), 1(Integer), null, POST(String), 1365(Long), {"code":200,"msg":"添加成功！"}(String), 0:0:0:0:0:0:0:1(String)
2020-03-22 21:21:36.781 DEBUG [http-nio-8080-exec-2]com.hnxx.zy.clms.core.mapper.LogMapper.save.debug:159 -<==    Updates: 1
