2020-04-21 16:47:25.971 DEBUG [restartedMain]com.hnxx.zy.clms.ClmsApplication.logStarting:56 -Running with Spring Boot v2.2.5.RELEASE, Spring v5.2.4.RELEASE
2020-04-21 16:47:37.755 DEBUG [restartedMain]com.hnxx.zy.clms.security.jwt.JwtAuthTokenFilter.init:242 -Filter 'authenticationJwtTokenFilter' configured for use
2020-04-21 16:49:03.776 DEBUG [http-nio-8080-exec-1]com.hnxx.zy.clms.core.mapper.UserMapper.selectByName.debug:159 -==>  Preparing: select user_id,user_name,user_password,user_position_id from cl_user where user_name=? 
2020-04-21 16:49:03.830 DEBUG [http-nio-8080-exec-1]com.hnxx.zy.clms.core.mapper.UserMapper.selectByName.debug:159 -==> Parameters: admin(String)
2020-04-21 16:49:03.906 DEBUG [http-nio-8080-exec-1]com.hnxx.zy.clms.core.mapper.UserMapper.selectByName.debug:159 -<==      Total: 1
2020-04-21 16:49:04.940 DEBUG [http-nio-8080-exec-2]com.hnxx.zy.clms.core.mapper.UserMapper.selectByName.debug:159 -==>  Preparing: select user_id,user_name,user_password,user_position_id from cl_user where user_name=? 
2020-04-21 16:49:04.941 DEBUG [http-nio-8080-exec-2]com.hnxx.zy.clms.core.mapper.UserMapper.selectByName.debug:159 -==> Parameters: admin(String)
2020-04-21 16:49:04.977 DEBUG [http-nio-8080-exec-2]com.hnxx.zy.clms.core.mapper.UserMapper.selectByName.debug:159 -<==      Total: 1
2020-04-21 16:49:05.232 DEBUG [http-nio-8080-exec-2]com.hnxx.zy.clms.core.mapper.ArticleTypeMapper.getList.debug:159 -==>  Preparing: select type_id, type_name, type_count from cl_article_type where is_deleted = 0 and is_enabled = 1 
2020-04-21 16:49:05.233 DEBUG [http-nio-8080-exec-2]com.hnxx.zy.clms.core.mapper.ArticleTypeMapper.getList.debug:159 -==> Parameters: 
2020-04-21 16:49:05.269 DEBUG [http-nio-8080-exec-2]com.hnxx.zy.clms.core.mapper.ArticleTypeMapper.getList.debug:159 -<==      Total: 7
2020-04-21 16:49:05.322 DEBUG [http-nio-8080-exec-2]com.hnxx.zy.clms.core.mapper.LogMapper.save.debug:159 -==>  Preparing: insert into cl_log(log_url, log_params, log_status, log_message, log_method, log_time, log_result, log_ip) values (?, ?, ?, ?, ?, ?, ?, ?) 
2020-04-21 16:49:05.327 DEBUG [http-nio-8080-exec-2]com.hnxx.zy.clms.core.mapper.LogMapper.save.debug:159 -==> Parameters: /articleType/getList(String), ******(String), 1(Integer), null, GET(String), 96(Long), ******(String), 127.0.0.1(String)
2020-04-21 16:49:05.402 DEBUG [http-nio-8080-exec-2]com.hnxx.zy.clms.core.mapper.LogMapper.save.debug:159 -<==    Updates: 1
2020-04-21 16:49:35.641 DEBUG [http-nio-8080-exec-4]com.hnxx.zy.clms.core.mapper.UserMapper.selectByName.debug:159 -==>  Preparing: select user_id,user_name,user_password,user_position_id from cl_user where user_name=? 
2020-04-21 16:49:35.643 DEBUG [http-nio-8080-exec-4]com.hnxx.zy.clms.core.mapper.UserMapper.selectByName.debug:159 -==> Parameters: admin(String)
2020-04-21 16:49:35.676 DEBUG [http-nio-8080-exec-4]com.hnxx.zy.clms.core.mapper.UserMapper.selectByName.debug:159 -<==      Total: 1
2020-04-21 16:49:36.017 DEBUG [http-nio-8080-exec-4]c.h.z.c.c.m.ClassesMapper.findAllClassesByPage_COUNT.debug:159 -==>  Preparing: SELECT count(0) FROM cl_classes 
2020-04-21 16:49:36.018 DEBUG [http-nio-8080-exec-4]c.h.z.c.c.m.ClassesMapper.findAllClassesByPage_COUNT.debug:159 -==> Parameters: 
2020-04-21 16:49:36.052 DEBUG [http-nio-8080-exec-4]c.h.z.c.c.m.ClassesMapper.findAllClassesByPage_COUNT.debug:159 -<==      Total: 1
2020-04-21 16:49:36.055 DEBUG [http-nio-8080-exec-4]c.h.z.c.core.mapper.ClassesMapper.findAllClassesByPage.debug:159 -==>  Preparing: select * from cl_classes LIMIT ? 
2020-04-21 16:49:36.055 DEBUG [http-nio-8080-exec-4]c.h.z.c.core.mapper.ClassesMapper.findAllClassesByPage.debug:159 -==> Parameters: 10(Integer)
2020-04-21 16:49:36.096 DEBUG [http-nio-8080-exec-4]c.h.z.c.core.mapper.ClassesMapper.findAllClassesByPage.debug:159 -<==      Total: 10
2020-04-21 16:49:36.207 DEBUG [http-nio-8080-exec-4]com.hnxx.zy.clms.core.mapper.LogMapper.save.debug:159 -==>  Preparing: insert into cl_log(log_url, log_params, log_status, log_message, log_method, log_time, log_result, log_ip) values (?, ?, ?, ?, ?, ?, ?, ?) 
2020-04-21 16:49:36.209 DEBUG [http-nio-8080-exec-4]com.hnxx.zy.clms.core.mapper.LogMapper.save.debug:159 -==> Parameters: /classes/all/1/10(String), ******(String), 1(Integer), null, GET(String), 319(Long), ******(String), 127.0.0.1(String)
2020-04-21 16:49:36.283 DEBUG [http-nio-8080-exec-4]com.hnxx.zy.clms.core.mapper.LogMapper.save.debug:159 -<==    Updates: 1
2020-04-21 18:15:05.111 DEBUG [http-nio-8080-exec-5]com.hnxx.zy.clms.core.mapper.UserMapper.selectByName.debug:159 -==>  Preparing: select user_id,user_name,user_password,user_position_id from cl_user where user_name=? 
2020-04-21 18:15:05.112 DEBUG [http-nio-8080-exec-5]com.hnxx.zy.clms.core.mapper.UserMapper.selectByName.debug:159 -==> Parameters: admin(String)
2020-04-21 18:15:05.149 DEBUG [http-nio-8080-exec-5]com.hnxx.zy.clms.core.mapper.UserMapper.selectByName.debug:159 -<==      Total: 1
2020-04-21 18:15:05.632 DEBUG [http-nio-8080-exec-6]com.hnxx.zy.clms.core.mapper.UserMapper.selectByName.debug:159 -==>  Preparing: select user_id,user_name,user_password,user_position_id from cl_user where user_name=? 
2020-04-21 18:15:05.635 DEBUG [http-nio-8080-exec-6]com.hnxx.zy.clms.core.mapper.UserMapper.selectByName.debug:159 -==> Parameters: admin(String)
2020-04-21 18:15:05.670 DEBUG [http-nio-8080-exec-6]com.hnxx.zy.clms.core.mapper.UserMapper.selectByName.debug:159 -<==      Total: 1
2020-04-21 18:15:05.931 DEBUG [http-nio-8080-exec-6]com.hnxx.zy.clms.core.mapper.ArticleTypeMapper.getList.debug:159 -==>  Preparing: select type_id, type_name, type_count from cl_article_type where is_deleted = 0 and is_enabled = 1 
2020-04-21 18:15:05.932 DEBUG [http-nio-8080-exec-6]com.hnxx.zy.clms.core.mapper.ArticleTypeMapper.getList.debug:159 -==> Parameters: 
2020-04-21 18:15:05.965 DEBUG [http-nio-8080-exec-6]com.hnxx.zy.clms.core.mapper.ArticleTypeMapper.getList.debug:159 -<==      Total: 7
2020-04-21 18:15:06.002 DEBUG [http-nio-8080-exec-6]com.hnxx.zy.clms.core.mapper.LogMapper.save.debug:159 -==>  Preparing: insert into cl_log(log_url, log_params, log_status, log_message, log_method, log_time, log_result, log_ip) values (?, ?, ?, ?, ?, ?, ?, ?) 
2020-04-21 18:15:06.005 DEBUG [http-nio-8080-exec-6]com.hnxx.zy.clms.core.mapper.LogMapper.save.debug:159 -==> Parameters: /articleType/getList(String), ******(String), 1(Integer), null, GET(String), 137(Long), ******(String), 127.0.0.1(String)
2020-04-21 18:15:06.076 DEBUG [http-nio-8080-exec-6]com.hnxx.zy.clms.core.mapper.LogMapper.save.debug:159 -<==    Updates: 1
2020-04-21 18:15:10.022 DEBUG [http-nio-8080-exec-8]com.hnxx.zy.clms.core.mapper.UserMapper.selectByName.debug:159 -==>  Preparing: select user_id,user_name,user_password,user_position_id from cl_user where user_name=? 
2020-04-21 18:15:10.024 DEBUG [http-nio-8080-exec-8]com.hnxx.zy.clms.core.mapper.UserMapper.selectByName.debug:159 -==> Parameters: admin(String)
2020-04-21 18:15:10.057 DEBUG [http-nio-8080-exec-8]com.hnxx.zy.clms.core.mapper.UserMapper.selectByName.debug:159 -<==      Total: 1
2020-04-21 18:15:10.309 DEBUG [http-nio-8080-exec-8]c.h.z.c.c.m.ClassesMapper.findAllClassesByPage_COUNT.debug:159 -==>  Preparing: SELECT count(0) FROM cl_classes 
2020-04-21 18:15:10.311 DEBUG [http-nio-8080-exec-8]c.h.z.c.c.m.ClassesMapper.findAllClassesByPage_COUNT.debug:159 -==> Parameters: 
2020-04-21 18:15:10.350 DEBUG [http-nio-8080-exec-8]c.h.z.c.c.m.ClassesMapper.findAllClassesByPage_COUNT.debug:159 -<==      Total: 1
2020-04-21 18:15:10.353 DEBUG [http-nio-8080-exec-8]c.h.z.c.core.mapper.ClassesMapper.findAllClassesByPage.debug:159 -==>  Preparing: select * from cl_classes LIMIT ? 
2020-04-21 18:15:10.354 DEBUG [http-nio-8080-exec-8]c.h.z.c.core.mapper.ClassesMapper.findAllClassesByPage.debug:159 -==> Parameters: 10(Integer)
2020-04-21 18:15:10.391 DEBUG [http-nio-8080-exec-8]c.h.z.c.core.mapper.ClassesMapper.findAllClassesByPage.debug:159 -<==      Total: 10
2020-04-21 18:15:10.499 DEBUG [http-nio-8080-exec-8]com.hnxx.zy.clms.core.mapper.LogMapper.save.debug:159 -==>  Preparing: insert into cl_log(log_url, log_params, log_status, log_message, log_method, log_time, log_result, log_ip) values (?, ?, ?, ?, ?, ?, ?, ?) 
2020-04-21 18:15:10.501 DEBUG [http-nio-8080-exec-8]com.hnxx.zy.clms.core.mapper.LogMapper.save.debug:159 -==> Parameters: /classes/all/1/10(String), ******(String), 1(Integer), null, GET(String), 233(Long), ******(String), 127.0.0.1(String)
2020-04-21 18:15:10.572 DEBUG [http-nio-8080-exec-8]com.hnxx.zy.clms.core.mapper.LogMapper.save.debug:159 -<==    Updates: 1
2020-04-21 18:15:33.442 DEBUG [http-nio-8080-exec-9]com.hnxx.zy.clms.core.mapper.UserMapper.selectByName.debug:159 -==>  Preparing: select user_id,user_name,user_password,user_position_id from cl_user where user_name=? 
2020-04-21 18:15:33.444 DEBUG [http-nio-8080-exec-9]com.hnxx.zy.clms.core.mapper.UserMapper.selectByName.debug:159 -==> Parameters: admin(String)
2020-04-21 18:15:33.479 DEBUG [http-nio-8080-exec-9]com.hnxx.zy.clms.core.mapper.UserMapper.selectByName.debug:159 -<==      Total: 1
2020-04-21 18:15:33.663 DEBUG [http-nio-8080-exec-9]com.hnxx.zy.clms.core.mapper.ArticleTypeMapper.getAll.debug:159 -==>  Preparing: select * from cl_article_type where is_deleted = 0 
2020-04-21 18:15:33.663 DEBUG [http-nio-8080-exec-9]com.hnxx.zy.clms.core.mapper.ArticleTypeMapper.getAll.debug:159 -==> Parameters: 
2020-04-21 18:15:33.724 DEBUG [http-nio-8080-exec-9]com.hnxx.zy.clms.core.mapper.ArticleTypeMapper.getAll.debug:159 -<==      Total: 8
2020-04-21 18:15:33.770 DEBUG [http-nio-8080-exec-9]com.hnxx.zy.clms.core.mapper.LogMapper.save.debug:159 -==>  Preparing: insert into cl_log(log_url, log_params, log_status, log_message, log_method, log_time, log_result, log_ip) values (?, ?, ?, ?, ?, ?, ?, ?) 
2020-04-21 18:15:33.773 DEBUG [http-nio-8080-exec-9]com.hnxx.zy.clms.core.mapper.LogMapper.save.debug:159 -==> Parameters: /articleType/getAll(String), ******(String), 1(Integer), null, GET(String), 110(Long), ******(String), 127.0.0.1(String)
2020-04-21 18:15:34.150 DEBUG [http-nio-8080-exec-9]com.hnxx.zy.clms.core.mapper.LogMapper.save.debug:159 -<==    Updates: 1
2020-04-21 20:35:10.500 DEBUG [restartedMain]com.hnxx.zy.clms.ClmsApplication.logStarting:56 -Running with Spring Boot v2.2.5.RELEASE, Spring v5.2.4.RELEASE
2020-04-21 20:35:17.680 DEBUG [restartedMain]com.hnxx.zy.clms.security.jwt.JwtAuthTokenFilter.init:242 -Filter 'authenticationJwtTokenFilter' configured for use
2020-04-21 20:36:01.443 DEBUG [restartedMain]com.hnxx.zy.clms.ClmsApplication.logStarting:56 -Running with Spring Boot v2.2.5.RELEASE, Spring v5.2.4.RELEASE
2020-04-21 20:36:12.089 DEBUG [restartedMain]com.hnxx.zy.clms.ClmsApplication.logStarting:56 -Running with Spring Boot v2.2.5.RELEASE, Spring v5.2.4.RELEASE
2020-04-21 20:36:18.950 DEBUG [restartedMain]com.hnxx.zy.clms.security.jwt.JwtAuthTokenFilter.init:242 -Filter 'authenticationJwtTokenFilter' configured for use
2020-04-21 20:37:31.171 DEBUG [restartedMain]com.hnxx.zy.clms.ClmsApplication.logStarting:56 -Running with Spring Boot v2.2.5.RELEASE, Spring v5.2.4.RELEASE
2020-04-21 20:37:40.101 DEBUG [restartedMain]com.hnxx.zy.clms.security.jwt.JwtAuthTokenFilter.init:242 -Filter 'authenticationJwtTokenFilter' configured for use
2020-04-21 20:37:53.023 DEBUG [http-nio-8080-exec-2]com.hnxx.zy.clms.core.mapper.UserMapper.selectByName.debug:159 -==>  Preparing: select user_id,user_name,user_password,user_position_id from cl_user where user_name=? 
2020-04-21 20:37:53.075 DEBUG [http-nio-8080-exec-2]com.hnxx.zy.clms.core.mapper.UserMapper.selectByName.debug:159 -==> Parameters: admin(String)
2020-04-21 20:37:53.158 DEBUG [http-nio-8080-exec-2]com.hnxx.zy.clms.core.mapper.UserMapper.selectByName.debug:159 -<==      Total: 1
2020-04-21 20:37:53.477 DEBUG [http-nio-8080-exec-2]com.hnxx.zy.clms.core.mapper.ArticleTypeMapper.getList.debug:159 -==>  Preparing: select type_id, type_name, type_count from cl_article_type where is_deleted = 0 and is_enabled = 1 
2020-04-21 20:37:53.478 DEBUG [http-nio-8080-exec-2]com.hnxx.zy.clms.core.mapper.ArticleTypeMapper.getList.debug:159 -==> Parameters: 
2020-04-21 20:37:53.517 DEBUG [http-nio-8080-exec-2]com.hnxx.zy.clms.core.mapper.ArticleTypeMapper.getList.debug:159 -<==      Total: 7
2020-04-21 20:37:53.795 DEBUG [http-nio-8080-exec-2]com.hnxx.zy.clms.core.mapper.LogMapper.save.debug:159 -==>  Preparing: insert into cl_log(log_url, log_params, log_status, log_message, log_method, log_time, log_result, log_ip) values (?, ?, ?, ?, ?, ?, ?, ?) 
2020-04-21 20:37:53.801 DEBUG [http-nio-8080-exec-2]com.hnxx.zy.clms.core.mapper.LogMapper.save.debug:159 -==> Parameters: /articleType/getList(String), ******(String), 1(Integer), null, GET(String), 160(Long), ******(String), 127.0.0.1(String)
2020-04-21 20:37:53.876 DEBUG [http-nio-8080-exec-2]com.hnxx.zy.clms.core.mapper.LogMapper.save.debug:159 -<==    Updates: 1
2020-04-21 20:37:55.201 DEBUG [http-nio-8080-exec-3]com.hnxx.zy.clms.core.mapper.UserMapper.selectByName.debug:159 -==>  Preparing: select user_id,user_name,user_password,user_position_id from cl_user where user_name=? 
2020-04-21 20:37:55.203 DEBUG [http-nio-8080-exec-3]com.hnxx.zy.clms.core.mapper.UserMapper.selectByName.debug:159 -==> Parameters: admin(String)
2020-04-21 20:37:55.240 DEBUG [http-nio-8080-exec-3]com.hnxx.zy.clms.core.mapper.UserMapper.selectByName.debug:159 -<==      Total: 1
2020-04-21 20:37:55.610 DEBUG [http-nio-8080-exec-3]c.h.z.c.c.m.ClassesMapper.findAllClassesByPage_COUNT.debug:159 -==>  Preparing: SELECT count(0) FROM cl_classes 
2020-04-21 20:37:55.611 DEBUG [http-nio-8080-exec-3]c.h.z.c.c.m.ClassesMapper.findAllClassesByPage_COUNT.debug:159 -==> Parameters: 
2020-04-21 20:37:55.646 DEBUG [http-nio-8080-exec-3]c.h.z.c.c.m.ClassesMapper.findAllClassesByPage_COUNT.debug:159 -<==      Total: 1
2020-04-21 20:37:55.651 DEBUG [http-nio-8080-exec-3]c.h.z.c.core.mapper.ClassesMapper.findAllClassesByPage.debug:159 -==>  Preparing: select * from cl_classes LIMIT ? 
2020-04-21 20:37:55.652 DEBUG [http-nio-8080-exec-3]c.h.z.c.core.mapper.ClassesMapper.findAllClassesByPage.debug:159 -==> Parameters: 10(Integer)
2020-04-21 20:37:55.688 DEBUG [http-nio-8080-exec-3]c.h.z.c.core.mapper.ClassesMapper.findAllClassesByPage.debug:159 -<==      Total: 10
2020-04-21 20:37:55.807 DEBUG [http-nio-8080-exec-3]com.hnxx.zy.clms.core.mapper.LogMapper.save.debug:159 -==>  Preparing: insert into cl_log(log_url, log_params, log_status, log_message, log_method, log_time, log_result, log_ip) values (?, ?, ?, ?, ?, ?, ?, ?) 
2020-04-21 20:37:55.811 DEBUG [http-nio-8080-exec-3]com.hnxx.zy.clms.core.mapper.LogMapper.save.debug:159 -==> Parameters: /classes/all/1/10(String), ******(String), 1(Integer), null, GET(String), 333(Long), ******(String), 127.0.0.1(String)
2020-04-21 20:37:55.888 DEBUG [http-nio-8080-exec-3]com.hnxx.zy.clms.core.mapper.LogMapper.save.debug:159 -<==    Updates: 1
2020-04-21 20:37:58.911 DEBUG [http-nio-8080-exec-4]com.hnxx.zy.clms.core.mapper.UserMapper.selectByName.debug:159 -==>  Preparing: select user_id,user_name,user_password,user_position_id from cl_user where user_name=? 
2020-04-21 20:37:58.913 DEBUG [http-nio-8080-exec-4]com.hnxx.zy.clms.core.mapper.UserMapper.selectByName.debug:159 -==> Parameters: admin(String)
2020-04-21 20:37:58.950 DEBUG [http-nio-8080-exec-4]com.hnxx.zy.clms.core.mapper.UserMapper.selectByName.debug:159 -<==      Total: 1
2020-04-21 20:37:59.212 DEBUG [http-nio-8080-exec-4]c.h.z.c.c.m.ClassesMapper.findAllClassesByPage_COUNT.debug:159 -==>  Preparing: SELECT count(0) FROM cl_classes 
2020-04-21 20:37:59.213 DEBUG [http-nio-8080-exec-4]c.h.z.c.c.m.ClassesMapper.findAllClassesByPage_COUNT.debug:159 -==> Parameters: 
2020-04-21 20:37:59.248 DEBUG [http-nio-8080-exec-4]c.h.z.c.c.m.ClassesMapper.findAllClassesByPage_COUNT.debug:159 -<==      Total: 1
2020-04-21 20:37:59.249 DEBUG [http-nio-8080-exec-4]c.h.z.c.core.mapper.ClassesMapper.findAllClassesByPage.debug:159 -==>  Preparing: select * from cl_classes LIMIT ?, ? 
2020-04-21 20:37:59.250 DEBUG [http-nio-8080-exec-4]c.h.z.c.core.mapper.ClassesMapper.findAllClassesByPage.debug:159 -==> Parameters: 10(Integer), 10(Integer)
2020-04-21 20:37:59.285 DEBUG [http-nio-8080-exec-4]c.h.z.c.core.mapper.ClassesMapper.findAllClassesByPage.debug:159 -<==      Total: 3
2020-04-21 20:37:59.392 DEBUG [http-nio-8080-exec-4]com.hnxx.zy.clms.core.mapper.LogMapper.save.debug:159 -==>  Preparing: insert into cl_log(log_url, log_params, log_status, log_message, log_method, log_time, log_result, log_ip) values (?, ?, ?, ?, ?, ?, ?, ?) 
2020-04-21 20:37:59.396 DEBUG [http-nio-8080-exec-4]com.hnxx.zy.clms.core.mapper.LogMapper.save.debug:159 -==> Parameters: /classes/all/2/10(String), ******(String), 1(Integer), null, GET(String), 223(Long), ******(String), 127.0.0.1(String)
2020-04-21 20:37:59.471 DEBUG [http-nio-8080-exec-4]com.hnxx.zy.clms.core.mapper.LogMapper.save.debug:159 -<==    Updates: 1
2020-04-21 20:38:02.640 DEBUG [http-nio-8080-exec-5]com.hnxx.zy.clms.core.mapper.UserMapper.selectByName.debug:159 -==>  Preparing: select user_id,user_name,user_password,user_position_id from cl_user where user_name=? 
2020-04-21 20:38:02.645 DEBUG [http-nio-8080-exec-5]com.hnxx.zy.clms.core.mapper.UserMapper.selectByName.debug:159 -==> Parameters: admin(String)
2020-04-21 20:38:02.681 DEBUG [http-nio-8080-exec-5]com.hnxx.zy.clms.core.mapper.UserMapper.selectByName.debug:159 -<==      Total: 1
2020-04-21 20:38:02.878 DEBUG [http-nio-8080-exec-5]c.h.z.c.c.m.ClassesMapper.findAllClassesByPage_COUNT.debug:159 -==>  Preparing: SELECT count(0) FROM cl_classes 
2020-04-21 20:38:02.880 DEBUG [http-nio-8080-exec-5]c.h.z.c.c.m.ClassesMapper.findAllClassesByPage_COUNT.debug:159 -==> Parameters: 
2020-04-21 20:38:02.913 DEBUG [http-nio-8080-exec-5]c.h.z.c.c.m.ClassesMapper.findAllClassesByPage_COUNT.debug:159 -<==      Total: 1
2020-04-21 20:38:02.915 DEBUG [http-nio-8080-exec-5]c.h.z.c.core.mapper.ClassesMapper.findAllClassesByPage.debug:159 -==>  Preparing: select * from cl_classes LIMIT ? 
2020-04-21 20:38:02.916 DEBUG [http-nio-8080-exec-5]c.h.z.c.core.mapper.ClassesMapper.findAllClassesByPage.debug:159 -==> Parameters: 10(Integer)
2020-04-21 20:38:02.957 DEBUG [http-nio-8080-exec-5]c.h.z.c.core.mapper.ClassesMapper.findAllClassesByPage.debug:159 -<==      Total: 10
2020-04-21 20:38:03.063 DEBUG [http-nio-8080-exec-5]com.hnxx.zy.clms.core.mapper.LogMapper.save.debug:159 -==>  Preparing: insert into cl_log(log_url, log_params, log_status, log_message, log_method, log_time, log_result, log_ip) values (?, ?, ?, ?, ?, ?, ?, ?) 
2020-04-21 20:38:03.064 DEBUG [http-nio-8080-exec-5]com.hnxx.zy.clms.core.mapper.LogMapper.save.debug:159 -==> Parameters: /classes/all/1/10(String), ******(String), 1(Integer), null, GET(String), 223(Long), ******(String), 127.0.0.1(String)
2020-04-21 20:38:03.140 DEBUG [http-nio-8080-exec-5]com.hnxx.zy.clms.core.mapper.LogMapper.save.debug:159 -<==    Updates: 1
2020-04-21 20:38:16.226 DEBUG [http-nio-8080-exec-6]com.hnxx.zy.clms.core.mapper.UserMapper.selectByName.debug:159 -==>  Preparing: select user_id,user_name,user_password,user_position_id from cl_user where user_name=? 
2020-04-21 20:38:16.227 DEBUG [http-nio-8080-exec-6]com.hnxx.zy.clms.core.mapper.UserMapper.selectByName.debug:159 -==> Parameters: admin(String)
2020-04-21 20:38:16.264 DEBUG [http-nio-8080-exec-6]com.hnxx.zy.clms.core.mapper.UserMapper.selectByName.debug:159 -<==      Total: 1
2020-04-21 20:38:16.531 DEBUG [http-nio-8080-exec-6]c.h.z.c.c.m.ClassesMapper.findAllClassesByPage_COUNT.debug:159 -==>  Preparing: SELECT count(0) FROM cl_classes 
2020-04-21 20:38:16.532 DEBUG [http-nio-8080-exec-6]c.h.z.c.c.m.ClassesMapper.findAllClassesByPage_COUNT.debug:159 -==> Parameters: 
2020-04-21 20:38:16.566 DEBUG [http-nio-8080-exec-6]c.h.z.c.c.m.ClassesMapper.findAllClassesByPage_COUNT.debug:159 -<==      Total: 1
2020-04-21 20:38:16.567 DEBUG [http-nio-8080-exec-6]c.h.z.c.core.mapper.ClassesMapper.findAllClassesByPage.debug:159 -==>  Preparing: select * from cl_classes LIMIT ?, ? 
2020-04-21 20:38:16.568 DEBUG [http-nio-8080-exec-6]c.h.z.c.core.mapper.ClassesMapper.findAllClassesByPage.debug:159 -==> Parameters: 10(Integer), 10(Integer)
2020-04-21 20:38:16.603 DEBUG [http-nio-8080-exec-6]c.h.z.c.core.mapper.ClassesMapper.findAllClassesByPage.debug:159 -<==      Total: 3
2020-04-21 20:38:16.712 DEBUG [http-nio-8080-exec-6]com.hnxx.zy.clms.core.mapper.LogMapper.save.debug:159 -==>  Preparing: insert into cl_log(log_url, log_params, log_status, log_message, log_method, log_time, log_result, log_ip) values (?, ?, ?, ?, ?, ?, ?, ?) 
2020-04-21 20:38:16.714 DEBUG [http-nio-8080-exec-6]com.hnxx.zy.clms.core.mapper.LogMapper.save.debug:159 -==> Parameters: /classes/all/2/10(String), ******(String), 1(Integer), null, GET(String), 288(Long), ******(String), 127.0.0.1(String)
2020-04-21 20:38:16.788 DEBUG [http-nio-8080-exec-6]com.hnxx.zy.clms.core.mapper.LogMapper.save.debug:159 -<==    Updates: 1
2020-04-21 20:38:18.255 DEBUG [http-nio-8080-exec-7]com.hnxx.zy.clms.core.mapper.UserMapper.selectByName.debug:159 -==>  Preparing: select user_id,user_name,user_password,user_position_id from cl_user where user_name=? 
2020-04-21 20:38:18.256 DEBUG [http-nio-8080-exec-7]com.hnxx.zy.clms.core.mapper.UserMapper.selectByName.debug:159 -==> Parameters: admin(String)
2020-04-21 20:38:18.290 DEBUG [http-nio-8080-exec-7]com.hnxx.zy.clms.core.mapper.UserMapper.selectByName.debug:159 -<==      Total: 1
2020-04-21 20:38:18.500 DEBUG [http-nio-8080-exec-7]c.h.z.c.c.m.ClassesMapper.findAllClassesByPage_COUNT.debug:159 -==>  Preparing: SELECT count(0) FROM cl_classes 
2020-04-21 20:38:18.501 DEBUG [http-nio-8080-exec-7]c.h.z.c.c.m.ClassesMapper.findAllClassesByPage_COUNT.debug:159 -==> Parameters: 
2020-04-21 20:38:18.538 DEBUG [http-nio-8080-exec-7]c.h.z.c.c.m.ClassesMapper.findAllClassesByPage_COUNT.debug:159 -<==      Total: 1
2020-04-21 20:38:18.541 DEBUG [http-nio-8080-exec-7]c.h.z.c.core.mapper.ClassesMapper.findAllClassesByPage.debug:159 -==>  Preparing: select * from cl_classes LIMIT ? 
2020-04-21 20:38:18.543 DEBUG [http-nio-8080-exec-7]c.h.z.c.core.mapper.ClassesMapper.findAllClassesByPage.debug:159 -==> Parameters: 10(Integer)
2020-04-21 20:38:18.580 DEBUG [http-nio-8080-exec-7]c.h.z.c.core.mapper.ClassesMapper.findAllClassesByPage.debug:159 -<==      Total: 10
2020-04-21 20:38:18.689 DEBUG [http-nio-8080-exec-7]com.hnxx.zy.clms.core.mapper.LogMapper.save.debug:159 -==>  Preparing: insert into cl_log(log_url, log_params, log_status, log_message, log_method, log_time, log_result, log_ip) values (?, ?, ?, ?, ?, ?, ?, ?) 
2020-04-21 20:38:18.690 DEBUG [http-nio-8080-exec-7]com.hnxx.zy.clms.core.mapper.LogMapper.save.debug:159 -==> Parameters: /classes/all/1/10(String), ******(String), 1(Integer), null, GET(String), 230(Long), ******(String), 127.0.0.1(String)
2020-04-21 20:38:18.765 DEBUG [http-nio-8080-exec-7]com.hnxx.zy.clms.core.mapper.LogMapper.save.debug:159 -<==    Updates: 1
2020-04-21 20:38:31.149 DEBUG [http-nio-8080-exec-8]com.hnxx.zy.clms.core.mapper.UserMapper.selectByName.debug:159 -==>  Preparing: select user_id,user_name,user_password,user_position_id from cl_user where user_name=? 
2020-04-21 20:38:31.151 DEBUG [http-nio-8080-exec-8]com.hnxx.zy.clms.core.mapper.UserMapper.selectByName.debug:159 -==> Parameters: admin(String)
2020-04-21 20:38:31.193 DEBUG [http-nio-8080-exec-8]com.hnxx.zy.clms.core.mapper.UserMapper.selectByName.debug:159 -<==      Total: 1
2020-04-21 20:38:31.437 DEBUG [http-nio-8080-exec-8]c.h.z.clms.core.mapper.CollegeMapper.findAllByPage_COUNT.debug:159 -==>  Preparing: SELECT count(0) FROM cl_college 
2020-04-21 20:38:31.438 DEBUG [http-nio-8080-exec-8]c.h.z.clms.core.mapper.CollegeMapper.findAllByPage_COUNT.debug:159 -==> Parameters: 
2020-04-21 20:38:31.470 DEBUG [http-nio-8080-exec-8]c.h.z.clms.core.mapper.CollegeMapper.findAllByPage_COUNT.debug:159 -<==      Total: 1
2020-04-21 20:38:31.471 DEBUG [http-nio-8080-exec-8]com.hnxx.zy.clms.core.mapper.CollegeMapper.findAllByPage.debug:159 -==>  Preparing: select * from cl_college LIMIT ? 
2020-04-21 20:38:31.472 DEBUG [http-nio-8080-exec-8]com.hnxx.zy.clms.core.mapper.CollegeMapper.findAllByPage.debug:159 -==> Parameters: 10(Integer)
2020-04-21 20:38:31.510 DEBUG [http-nio-8080-exec-8]com.hnxx.zy.clms.core.mapper.CollegeMapper.findAllByPage.debug:159 -<==      Total: 1
2020-04-21 20:38:31.628 DEBUG [http-nio-8080-exec-8]com.hnxx.zy.clms.core.mapper.LogMapper.save.debug:159 -==>  Preparing: insert into cl_log(log_url, log_params, log_status, log_message, log_method, log_time, log_result, log_ip) values (?, ?, ?, ?, ?, ?, ?, ?) 
2020-04-21 20:38:31.630 DEBUG [http-nio-8080-exec-8]com.hnxx.zy.clms.core.mapper.LogMapper.save.debug:159 -==> Parameters: /college/all/1/10(String), ******(String), 1(Integer), null, GET(String), 235(Long), ******(String), 127.0.0.1(String)
2020-04-21 20:38:31.714 DEBUG [http-nio-8080-exec-8]com.hnxx.zy.clms.core.mapper.LogMapper.save.debug:159 -<==    Updates: 1
2020-04-21 20:38:33.725 DEBUG [http-nio-8080-exec-9]com.hnxx.zy.clms.core.mapper.UserMapper.selectByName.debug:159 -==>  Preparing: select user_id,user_name,user_password,user_position_id from cl_user where user_name=? 
2020-04-21 20:38:33.727 DEBUG [http-nio-8080-exec-9]com.hnxx.zy.clms.core.mapper.UserMapper.selectByName.debug:159 -==> Parameters: admin(String)
2020-04-21 20:38:33.766 DEBUG [http-nio-8080-exec-9]com.hnxx.zy.clms.core.mapper.UserMapper.selectByName.debug:159 -<==      Total: 1
2020-04-21 20:38:33.985 DEBUG [http-nio-8080-exec-9]c.h.z.c.c.m.ClassesMapper.findAllClassesByPage_COUNT.debug:159 -==>  Preparing: SELECT count(0) FROM cl_classes 
2020-04-21 20:38:33.986 DEBUG [http-nio-8080-exec-9]c.h.z.c.c.m.ClassesMapper.findAllClassesByPage_COUNT.debug:159 -==> Parameters: 
2020-04-21 20:38:34.025 DEBUG [http-nio-8080-exec-9]c.h.z.c.c.m.ClassesMapper.findAllClassesByPage_COUNT.debug:159 -<==      Total: 1
2020-04-21 20:38:34.028 DEBUG [http-nio-8080-exec-9]c.h.z.c.core.mapper.ClassesMapper.findAllClassesByPage.debug:159 -==>  Preparing: select * from cl_classes LIMIT ? 
2020-04-21 20:38:34.030 DEBUG [http-nio-8080-exec-9]c.h.z.c.core.mapper.ClassesMapper.findAllClassesByPage.debug:159 -==> Parameters: 10(Integer)
2020-04-21 20:38:34.065 DEBUG [http-nio-8080-exec-9]c.h.z.c.core.mapper.ClassesMapper.findAllClassesByPage.debug:159 -<==      Total: 10
2020-04-21 20:38:34.169 DEBUG [http-nio-8080-exec-9]com.hnxx.zy.clms.core.mapper.LogMapper.save.debug:159 -==>  Preparing: insert into cl_log(log_url, log_params, log_status, log_message, log_method, log_time, log_result, log_ip) values (?, ?, ?, ?, ?, ?, ?, ?) 
2020-04-21 20:38:34.170 DEBUG [http-nio-8080-exec-9]com.hnxx.zy.clms.core.mapper.LogMapper.save.debug:159 -==> Parameters: /classes/all/1/10(String), ******(String), 1(Integer), null, GET(String), 219(Long), ******(String), 127.0.0.1(String)
2020-04-21 20:38:34.242 DEBUG [http-nio-8080-exec-9]com.hnxx.zy.clms.core.mapper.LogMapper.save.debug:159 -<==    Updates: 1
2020-04-21 21:32:08.106 DEBUG [http-nio-8080-exec-10]com.hnxx.zy.clms.core.mapper.UserMapper.selectByName.debug:159 -==>  Preparing: select user_id,user_name,user_password,user_position_id from cl_user where user_name=? 
2020-04-21 21:32:08.109 DEBUG [http-nio-8080-exec-10]com.hnxx.zy.clms.core.mapper.UserMapper.selectByName.debug:159 -==> Parameters: admin(String)
2020-04-21 21:32:08.150 DEBUG [http-nio-8080-exec-10]com.hnxx.zy.clms.core.mapper.UserMapper.selectByName.debug:159 -<==      Total: 1
2020-04-21 21:32:08.350 DEBUG [http-nio-8080-exec-10]com.hnxx.zy.clms.core.mapper.ArticleTypeMapper.getList.debug:159 -==>  Preparing: select type_id, type_name, type_count from cl_article_type where is_deleted = 0 and is_enabled = 1 
2020-04-21 21:32:08.352 DEBUG [http-nio-8080-exec-10]com.hnxx.zy.clms.core.mapper.ArticleTypeMapper.getList.debug:159 -==> Parameters: 
2020-04-21 21:32:08.391 DEBUG [http-nio-8080-exec-10]com.hnxx.zy.clms.core.mapper.ArticleTypeMapper.getList.debug:159 -<==      Total: 7
2020-04-21 21:32:08.439 DEBUG [http-nio-8080-exec-10]com.hnxx.zy.clms.core.mapper.LogMapper.save.debug:159 -==>  Preparing: insert into cl_log(log_url, log_params, log_status, log_message, log_method, log_time, log_result, log_ip) values (?, ?, ?, ?, ?, ?, ?, ?) 
2020-04-21 21:32:08.441 DEBUG [http-nio-8080-exec-10]com.hnxx.zy.clms.core.mapper.LogMapper.save.debug:159 -==> Parameters: /articleType/getList(String), ******(String), 1(Integer), null, GET(String), 85(Long), ******(String), 127.0.0.1(String)
2020-04-21 21:32:08.564 DEBUG [http-nio-8080-exec-10]com.hnxx.zy.clms.core.mapper.LogMapper.save.debug:159 -<==    Updates: 1
2020-04-21 21:32:09.094 DEBUG [http-nio-8080-exec-1]com.hnxx.zy.clms.core.mapper.UserMapper.selectByName.debug:159 -==>  Preparing: select user_id,user_name,user_password,user_position_id from cl_user where user_name=? 
2020-04-21 21:32:09.095 DEBUG [http-nio-8080-exec-1]com.hnxx.zy.clms.core.mapper.UserMapper.selectByName.debug:159 -==> Parameters: admin(String)
2020-04-21 21:32:09.128 DEBUG [http-nio-8080-exec-1]com.hnxx.zy.clms.core.mapper.UserMapper.selectByName.debug:159 -<==      Total: 1
2020-04-21 21:32:09.370 DEBUG [http-nio-8080-exec-1]c.h.z.c.c.m.ClassesMapper.findAllClassesByPage_COUNT.debug:159 -==>  Preparing: SELECT count(0) FROM cl_classes 
2020-04-21 21:32:09.372 DEBUG [http-nio-8080-exec-1]c.h.z.c.c.m.ClassesMapper.findAllClassesByPage_COUNT.debug:159 -==> Parameters: 
2020-04-21 21:32:09.406 DEBUG [http-nio-8080-exec-1]c.h.z.c.c.m.ClassesMapper.findAllClassesByPage_COUNT.debug:159 -<==      Total: 1
2020-04-21 21:32:09.409 DEBUG [http-nio-8080-exec-1]c.h.z.c.core.mapper.ClassesMapper.findAllClassesByPage.debug:159 -==>  Preparing: select * from cl_classes LIMIT ? 
2020-04-21 21:32:09.410 DEBUG [http-nio-8080-exec-1]c.h.z.c.core.mapper.ClassesMapper.findAllClassesByPage.debug:159 -==> Parameters: 10(Integer)
2020-04-21 21:32:09.445 DEBUG [http-nio-8080-exec-1]c.h.z.c.core.mapper.ClassesMapper.findAllClassesByPage.debug:159 -<==      Total: 10
2020-04-21 21:32:09.551 DEBUG [http-nio-8080-exec-1]com.hnxx.zy.clms.core.mapper.LogMapper.save.debug:159 -==>  Preparing: insert into cl_log(log_url, log_params, log_status, log_message, log_method, log_time, log_result, log_ip) values (?, ?, ?, ?, ?, ?, ?, ?) 
2020-04-21 21:32:09.554 DEBUG [http-nio-8080-exec-1]com.hnxx.zy.clms.core.mapper.LogMapper.save.debug:159 -==> Parameters: /classes/all/1/10(String), ******(String), 1(Integer), null, GET(String), 217(Long), ******(String), 127.0.0.1(String)
2020-04-21 21:32:09.627 DEBUG [http-nio-8080-exec-1]com.hnxx.zy.clms.core.mapper.LogMapper.save.debug:159 -<==    Updates: 1
2020-04-21 22:00:02.126 DEBUG [scheduling-1]c.h.zy.clms.core.mapper.ReportMapper.getToDayAllReport.debug:159 -==>  Preparing: select * from cl_report where report_type = 0 and is_deleted = 0 and created_time <=? and created_time >= ? 
2020-04-21 22:00:02.128 DEBUG [scheduling-1]c.h.zy.clms.core.mapper.ReportMapper.getToDayAllReport.debug:159 -==> Parameters: 2020-04-21 22:00:00(String), 2020-04-21(String)
2020-04-21 22:00:02.163 DEBUG [scheduling-1]c.h.zy.clms.core.mapper.ReportMapper.getToDayAllReport.debug:159 -<==      Total: 0
