2020-04-18 19:31:31.956 INFO  [restartedMain]com.hnxx.zy.clms.ClmsApplication.logStarting:55 -Starting ClmsApplication on DESKTOP-UFFICG8 with PID 16976 (started by 25610 in G:\Code_fusheng\【班务管理系统】\clms)
2020-04-18 19:31:32.067 INFO  [restartedMain]com.hnxx.zy.clms.ClmsApplication.logStartupProfileInfo:651 -No active profile set, falling back to default profiles: default
2020-04-18 19:31:32.480 INFO  [restartedMain]org.springframework.boot.devtools.restart.ChangeableUrls.logTo:225 -The Class-Path manifest attribute in D:\repo\com\sun\xml\bind\jaxb-impl\2.3.0\jaxb-impl-2.3.0.jar referenced one or more files that do not exist: file:/D:/repo/com/sun/xml/bind/jaxb-impl/2.3.0/jaxb-core.jar
2020-04-18 19:31:32.481 INFO  [restartedMain]org.springframework.boot.devtools.restart.ChangeableUrls.logTo:225 -The Class-Path manifest attribute in D:\repo\com\sun\xml\bind\jaxb-core\2.3.0\jaxb-core-2.3.0.jar referenced one or more files that do not exist: file:/D:/repo/com/sun/xml/bind/jaxb-core/2.3.0/jaxb-api.jar
2020-04-18 19:31:32.482 INFO  [restartedMain]o.s.b.devtools.env.DevToolsPropertyDefaultsPostProcessor.logTo:225 -Devtools property defaults active! Set 'spring.devtools.add-properties' to 'false' to disable
2020-04-18 19:31:32.483 INFO  [restartedMain]o.s.b.devtools.env.DevToolsPropertyDefaultsPostProcessor.logTo:225 -For additional web related logging consider setting the 'logging.level.web' property to 'DEBUG'
2020-04-18 19:31:59.965 INFO  [restartedMain]o.s.boot.web.embedded.tomcat.TomcatWebServer.initialize:92 -Tomcat initialized with port(s): 8080 (http)
2020-04-18 19:31:59.991 INFO  [restartedMain]org.apache.coyote.http11.Http11NioProtocol.log:173 -Initializing ProtocolHandler ["http-nio-8080"]
2020-04-18 19:31:59.992 INFO  [restartedMain]org.apache.catalina.core.StandardService.log:173 -Starting service [Tomcat]
2020-04-18 19:31:59.993 INFO  [restartedMain]org.apache.catalina.core.StandardEngine.log:173 -Starting Servlet engine: [Apache Tomcat/9.0.31]
2020-04-18 19:32:03.261 INFO  [restartedMain]o.a.catalina.core.ContainerBase.[Tomcat].[localhost].[/].log:173 -Initializing Spring embedded WebApplicationContext
2020-04-18 19:32:03.262 INFO  [restartedMain]org.springframework.web.context.ContextLoader.prepareWebApplicationContext:284 -Root WebApplicationContext: initialization completed in 30779 ms
2020-04-18 19:32:11.278 INFO  [restartedMain]c.a.d.s.boot.autoconfigure.DruidDataSourceAutoConfigure.dataSource:56 -Init DruidDataSource
2020-04-18 19:32:14.940 INFO  [restartedMain]com.alibaba.druid.pool.DruidDataSource.init:930 -{dataSource-1} inited
2020-04-18 19:32:16.953 INFO  [restartedMain]o.s.security.web.DefaultSecurityFilterChain.<init>:43 -Creating filter chain: Ant [pattern='/css/**'], []
2020-04-18 19:32:16.953 INFO  [restartedMain]o.s.security.web.DefaultSecurityFilterChain.<init>:43 -Creating filter chain: Ant [pattern='/js/**,/static/**'], []
2020-04-18 19:32:17.455 INFO  [restartedMain]o.s.security.web.DefaultSecurityFilterChain.<init>:43 -Creating filter chain: any request, [org.springframework.security.web.context.request.async.WebAsyncManagerIntegrationFilter@1604d673, org.springframework.security.web.context.SecurityContextPersistenceFilter@eb61292, org.springframework.security.web.header.HeaderWriterFilter@6e3b73b0, org.springframework.web.filter.CorsFilter@3a0c3846, org.springframework.security.web.authentication.logout.LogoutFilter@1dcaf0f4, com.hnxx.zy.clms.security.jwt.JwtAuthTokenFilter@6bd7774e, org.springframework.security.web.authentication.UsernamePasswordAuthenticationFilter@379ff487, org.springframework.security.web.savedrequest.RequestCacheAwareFilter@7cec6d22, org.springframework.security.web.servletapi.SecurityContextHolderAwareRequestFilter@17806cee, org.springframework.security.web.authentication.AnonymousAuthenticationFilter@24bf193e, org.springframework.security.web.session.SessionManagementFilter@7118081a, org.springframework.security.web.access.ExceptionTranslationFilter@5ca5cad0, org.springframework.security.web.access.intercept.FilterSecurityInterceptor@6b842467]
2020-04-18 19:32:17.601 INFO  [restartedMain]o.s.scheduling.concurrent.ThreadPoolTaskExecutor.initialize:181 -Initializing ExecutorService 'applicationTaskExecutor'
2020-04-18 19:32:17.957 INFO  [restartedMain]o.s.scheduling.concurrent.ThreadPoolTaskScheduler.initialize:181 -Initializing ExecutorService 'taskScheduler'
2020-04-18 19:32:18.073 INFO  [restartedMain]o.s.boot.devtools.autoconfigure.OptionalLiveReloadServer.startServer:58 -LiveReload server is running on port 35729
2020-04-18 19:32:18.120 INFO  [restartedMain]org.apache.coyote.http11.Http11NioProtocol.log:173 -Starting ProtocolHandler ["http-nio-8080"]
2020-04-18 19:32:18.154 INFO  [restartedMain]o.s.boot.web.embedded.tomcat.TomcatWebServer.start:204 -Tomcat started on port(s): 8080 (http) with context path ''
2020-04-18 19:32:18.159 INFO  [restartedMain]com.hnxx.zy.clms.ClmsApplication.logStarted:61 -Started ClmsApplication in 50.413 seconds (JVM running for 53.59)
2020-04-18 19:32:40.726 INFO  [http-nio-8080-exec-1]o.a.catalina.core.ContainerBase.[Tomcat].[localhost].[/].log:173 -Initializing Spring DispatcherServlet 'dispatcherServlet'
2020-04-18 19:32:40.728 INFO  [http-nio-8080-exec-1]org.springframework.web.servlet.DispatcherServlet.initServletBean:525 -Initializing Servlet 'dispatcherServlet'
2020-04-18 19:32:40.750 INFO  [http-nio-8080-exec-1]org.springframework.web.servlet.DispatcherServlet.initServletBean:547 -Completed initialization in 22 ms
2020-04-18 19:32:42.493 INFO  [http-nio-8080-exec-1]com.hnxx.zy.clms.common.aspect.RequestAspect.printRequestLog:142 -请求地址 : /articleType/getArticleTypeCountInfo
2020-04-18 19:32:42.496 INFO  [http-nio-8080-exec-1]com.hnxx.zy.clms.common.aspect.RequestAspect.printRequestLog:143 -请求方式 : POST
2020-04-18 19:32:42.498 INFO  [http-nio-8080-exec-1]com.hnxx.zy.clms.common.aspect.RequestAspect.printRequestLog:146 -IP : 0:0:0:0:0:0:0:1
2020-04-18 19:32:42.501 INFO  [http-nio-8080-exec-1]com.hnxx.zy.clms.common.aspect.RequestAspect.printRequestLog:148 -方法 : com.hnxx.zy.clms.controller.ArticleTypeController.getArticleTypeCountInfo
2020-04-18 19:32:42.502 INFO  [http-nio-8080-exec-1]com.hnxx.zy.clms.common.aspect.RequestAspect.printRequestLog:152 -请求参数：******
2020-04-18 19:32:42.691 INFO  [http-nio-8080-exec-1]com.hnxx.zy.clms.common.aspect.RequestAspect.doAround:91 -耗时 : 216
2020-04-18 19:32:42.892 INFO  [http-nio-8080-exec-1]com.hnxx.zy.clms.common.aspect.RequestAspect.doAfterReturning:109 -返回值:"******"
2020-04-18 19:42:05.121 INFO  [http-nio-8080-exec-5]com.hnxx.zy.clms.common.aspect.RequestAspect.printRequestLog:142 -请求地址 : /article/getArticleCountInfo
2020-04-18 19:42:05.122 INFO  [http-nio-8080-exec-5]com.hnxx.zy.clms.common.aspect.RequestAspect.printRequestLog:143 -请求方式 : POST
2020-04-18 19:42:05.122 INFO  [http-nio-8080-exec-5]com.hnxx.zy.clms.common.aspect.RequestAspect.printRequestLog:146 -IP : 0:0:0:0:0:0:0:1
2020-04-18 19:42:05.123 INFO  [http-nio-8080-exec-5]com.hnxx.zy.clms.common.aspect.RequestAspect.printRequestLog:148 -方法 : com.hnxx.zy.clms.controller.ArticleController.getArticleCountInfo
2020-04-18 19:42:05.124 INFO  [http-nio-8080-exec-5]com.hnxx.zy.clms.common.aspect.RequestAspect.printRequestLog:152 -请求参数：******
2020-04-18 19:42:05.235 INFO  [http-nio-8080-exec-5]com.hnxx.zy.clms.common.aspect.RequestAspect.doAround:91 -耗时 : 114
2020-04-18 19:42:05.236 INFO  [http-nio-8080-exec-5]com.hnxx.zy.clms.common.aspect.RequestAspect.doAfterReturning:109 -返回值:"******"
2020-04-18 19:42:22.172 INFO  [http-nio-8080-exec-6]com.hnxx.zy.clms.common.aspect.RequestAspect.printRequestLog:142 -请求地址 : /article/getArticleCountInfo
2020-04-18 19:42:22.173 INFO  [http-nio-8080-exec-6]com.hnxx.zy.clms.common.aspect.RequestAspect.printRequestLog:143 -请求方式 : POST
2020-04-18 19:42:22.174 INFO  [http-nio-8080-exec-6]com.hnxx.zy.clms.common.aspect.RequestAspect.printRequestLog:146 -IP : 0:0:0:0:0:0:0:1
2020-04-18 19:42:22.175 INFO  [http-nio-8080-exec-6]com.hnxx.zy.clms.common.aspect.RequestAspect.printRequestLog:148 -方法 : com.hnxx.zy.clms.controller.ArticleController.getArticleCountInfo
2020-04-18 19:42:22.175 INFO  [http-nio-8080-exec-6]com.hnxx.zy.clms.common.aspect.RequestAspect.printRequestLog:152 -请求参数：******
2020-04-18 19:42:22.283 INFO  [http-nio-8080-exec-6]com.hnxx.zy.clms.common.aspect.RequestAspect.doAround:91 -耗时 : 111
2020-04-18 19:42:22.284 INFO  [http-nio-8080-exec-6]com.hnxx.zy.clms.common.aspect.RequestAspect.doAfterReturning:109 -返回值:"******"
2020-04-18 19:53:50.927 INFO  [http-nio-8080-exec-8]com.hnxx.zy.clms.common.aspect.RequestAspect.printRequestLog:142 -请求地址 : /article/getUserArticleCountInfo
2020-04-18 19:53:50.928 INFO  [http-nio-8080-exec-8]com.hnxx.zy.clms.common.aspect.RequestAspect.printRequestLog:143 -请求方式 : POST
2020-04-18 19:53:50.929 INFO  [http-nio-8080-exec-8]com.hnxx.zy.clms.common.aspect.RequestAspect.printRequestLog:146 -IP : 0:0:0:0:0:0:0:1
2020-04-18 19:53:50.929 INFO  [http-nio-8080-exec-8]com.hnxx.zy.clms.common.aspect.RequestAspect.printRequestLog:148 -方法 : com.hnxx.zy.clms.controller.ArticleController.getUserArticleCountInfo
2020-04-18 19:53:50.930 INFO  [http-nio-8080-exec-8]com.hnxx.zy.clms.common.aspect.RequestAspect.printRequestLog:152 -请求参数：******
2020-04-18 19:53:51.026 INFO  [http-nio-8080-exec-8]com.hnxx.zy.clms.common.aspect.RequestAspect.doAround:91 -耗时 : 99
2020-04-18 19:53:51.028 INFO  [http-nio-8080-exec-8]com.hnxx.zy.clms.common.aspect.RequestAspect.doAfterReturning:109 -返回值:"******"
2020-04-18 19:57:56.197 INFO  [http-nio-8080-exec-1]com.hnxx.zy.clms.common.aspect.RequestAspect.printRequestLog:142 -请求地址 : /article/getUserArticleCountInfo
2020-04-18 19:57:56.198 INFO  [http-nio-8080-exec-1]com.hnxx.zy.clms.common.aspect.RequestAspect.printRequestLog:143 -请求方式 : POST
2020-04-18 19:57:56.198 INFO  [http-nio-8080-exec-1]com.hnxx.zy.clms.common.aspect.RequestAspect.printRequestLog:146 -IP : 0:0:0:0:0:0:0:1
2020-04-18 19:57:56.199 INFO  [http-nio-8080-exec-1]com.hnxx.zy.clms.common.aspect.RequestAspect.printRequestLog:148 -方法 : com.hnxx.zy.clms.controller.ArticleController.getUserArticleCountInfo
2020-04-18 19:57:56.200 INFO  [http-nio-8080-exec-1]com.hnxx.zy.clms.common.aspect.RequestAspect.printRequestLog:152 -请求参数：******
2020-04-18 19:57:56.292 INFO  [http-nio-8080-exec-1]com.hnxx.zy.clms.common.aspect.RequestAspect.doAround:91 -耗时 : 96
2020-04-18 19:57:56.293 INFO  [http-nio-8080-exec-1]com.hnxx.zy.clms.common.aspect.RequestAspect.doAfterReturning:109 -返回值:"******"
2020-04-18 19:58:04.179 INFO  [http-nio-8080-exec-3]com.hnxx.zy.clms.common.aspect.RequestAspect.printRequestLog:142 -请求地址 : /article/getUserArticleCountInfo
2020-04-18 19:58:04.180 INFO  [http-nio-8080-exec-3]com.hnxx.zy.clms.common.aspect.RequestAspect.printRequestLog:143 -请求方式 : POST
2020-04-18 19:58:04.181 INFO  [http-nio-8080-exec-3]com.hnxx.zy.clms.common.aspect.RequestAspect.printRequestLog:146 -IP : 0:0:0:0:0:0:0:1
2020-04-18 19:58:04.182 INFO  [http-nio-8080-exec-3]com.hnxx.zy.clms.common.aspect.RequestAspect.printRequestLog:148 -方法 : com.hnxx.zy.clms.controller.ArticleController.getUserArticleCountInfo
2020-04-18 19:58:04.182 INFO  [http-nio-8080-exec-3]com.hnxx.zy.clms.common.aspect.RequestAspect.printRequestLog:152 -请求参数：******
2020-04-18 19:58:04.277 INFO  [http-nio-8080-exec-3]com.hnxx.zy.clms.common.aspect.RequestAspect.doAround:91 -耗时 : 98
2020-04-18 19:58:04.278 INFO  [http-nio-8080-exec-3]com.hnxx.zy.clms.common.aspect.RequestAspect.doAfterReturning:109 -返回值:"******"
