2020-04-18 19:31:31.964 DEBUG [restartedMain]com.hnxx.zy.clms.ClmsApplication.logStarting:56 -Running with Spring Boot v2.2.5.RELEASE, Spring v5.2.4.RELEASE
2020-04-18 19:32:15.393 DEBUG [restartedMain]com.hnxx.zy.clms.security.jwt.JwtAuthTokenFilter.init:242 -Filter 'authenticationJwtTokenFilter' configured for use
2020-04-18 19:32:41.979 DEBUG [http-nio-8080-exec-1]com.hnxx.zy.clms.core.mapper.UserMapper.selectByName.debug:159 -==>  Preparing: select user_id,user_name,user_password,user_position_id from cl_user where user_name=? 
2020-04-18 19:32:42.035 DEBUG [http-nio-8080-exec-1]com.hnxx.zy.clms.core.mapper.UserMapper.selectByName.debug:159 -==> Parameters: admin(String)
2020-04-18 19:32:42.120 DEBUG [http-nio-8080-exec-1]com.hnxx.zy.clms.core.mapper.UserMapper.selectByName.debug:159 -<==      Total: 1
2020-04-18 19:32:42.608 DEBUG [http-nio-8080-exec-1]c.h.z.c.c.m.ArticleTypeMapper.getArticleTypeCountInfo.debug:159 -==>  Preparing: select type_name typeName, type_count typeCounts, type_count/(select count(*) from cl_article_type) as percent from cl_article_type where is_deleted = 0 order by type_count desc 
2020-04-18 19:32:42.611 DEBUG [http-nio-8080-exec-1]c.h.z.c.c.m.ArticleTypeMapper.getArticleTypeCountInfo.debug:159 -==> Parameters: 
2020-04-18 19:32:42.667 DEBUG [http-nio-8080-exec-1]c.h.z.c.c.m.ArticleTypeMapper.getArticleTypeCountInfo.debug:159 -<==      Total: 9
2020-04-18 19:32:42.937 DEBUG [http-nio-8080-exec-1]com.hnxx.zy.clms.core.mapper.LogMapper.save.debug:159 -==>  Preparing: insert into cl_log(log_url, log_params, log_status, log_message, log_method, log_time, log_result, log_ip) values (?, ?, ?, ?, ?, ?, ?, ?) 
2020-04-18 19:32:42.941 DEBUG [http-nio-8080-exec-1]com.hnxx.zy.clms.core.mapper.LogMapper.save.debug:159 -==> Parameters: /articleType/getArticleTypeCountInfo(String), ******(String), 1(Integer), null, POST(String), 216(Long), ******(String), 0:0:0:0:0:0:0:1(String)
2020-04-18 19:32:43.044 DEBUG [http-nio-8080-exec-1]com.hnxx.zy.clms.core.mapper.LogMapper.save.debug:159 -<==    Updates: 1
2020-04-18 19:42:04.951 DEBUG [http-nio-8080-exec-5]com.hnxx.zy.clms.core.mapper.UserMapper.selectByName.debug:159 -==>  Preparing: select user_id,user_name,user_password,user_position_id from cl_user where user_name=? 
2020-04-18 19:42:04.952 DEBUG [http-nio-8080-exec-5]com.hnxx.zy.clms.core.mapper.UserMapper.selectByName.debug:159 -==> Parameters: admin(String)
2020-04-18 19:42:04.996 DEBUG [http-nio-8080-exec-5]com.hnxx.zy.clms.core.mapper.UserMapper.selectByName.debug:159 -<==      Total: 1
2020-04-18 19:42:05.182 DEBUG [http-nio-8080-exec-5]c.h.z.clms.core.mapper.ArticleMapper.getArticleCountInfo.debug:159 -==>  Preparing: select article_author articleAuthor, count(article_author) articleCounts, sum(article_read) readCounts, sum(article_good) goodCounts, sum(article_comment) commentCounts, sum(article_collection) collectionCounts from cl_article where is_deleted = 0 group by article_author order by article_author desc limit ?, ? 
2020-04-18 19:42:05.185 DEBUG [http-nio-8080-exec-5]c.h.z.clms.core.mapper.ArticleMapper.getArticleCountInfo.debug:159 -==> Parameters: 0(Integer), 2(Integer)
2020-04-18 19:42:05.232 DEBUG [http-nio-8080-exec-5]c.h.z.clms.core.mapper.ArticleMapper.getArticleCountInfo.debug:159 -<==      Total: 2
2020-04-18 19:42:05.285 DEBUG [http-nio-8080-exec-5]com.hnxx.zy.clms.core.mapper.LogMapper.save.debug:159 -==>  Preparing: insert into cl_log(log_url, log_params, log_status, log_message, log_method, log_time, log_result, log_ip) values (?, ?, ?, ?, ?, ?, ?, ?) 
2020-04-18 19:42:05.286 DEBUG [http-nio-8080-exec-5]com.hnxx.zy.clms.core.mapper.LogMapper.save.debug:159 -==> Parameters: /article/getArticleCountInfo(String), ******(String), 1(Integer), null, POST(String), 114(Long), ******(String), 0:0:0:0:0:0:0:1(String)
2020-04-18 19:42:05.376 DEBUG [http-nio-8080-exec-5]com.hnxx.zy.clms.core.mapper.LogMapper.save.debug:159 -<==    Updates: 1
2020-04-18 19:42:21.993 DEBUG [http-nio-8080-exec-6]com.hnxx.zy.clms.core.mapper.UserMapper.selectByName.debug:159 -==>  Preparing: select user_id,user_name,user_password,user_position_id from cl_user where user_name=? 
2020-04-18 19:42:21.995 DEBUG [http-nio-8080-exec-6]com.hnxx.zy.clms.core.mapper.UserMapper.selectByName.debug:159 -==> Parameters: admin(String)
2020-04-18 19:42:22.039 DEBUG [http-nio-8080-exec-6]com.hnxx.zy.clms.core.mapper.UserMapper.selectByName.debug:159 -<==      Total: 1
2020-04-18 19:42:22.228 DEBUG [http-nio-8080-exec-6]c.h.z.clms.core.mapper.ArticleMapper.getArticleCountInfo.debug:159 -==>  Preparing: select article_author articleAuthor, count(article_author) articleCounts, sum(article_read) readCounts, sum(article_good) goodCounts, sum(article_comment) commentCounts, sum(article_collection) collectionCounts from cl_article where is_deleted = 0 group by article_author order by article_author desc limit ?, ? 
2020-04-18 19:42:22.231 DEBUG [http-nio-8080-exec-6]c.h.z.clms.core.mapper.ArticleMapper.getArticleCountInfo.debug:159 -==> Parameters: 0(Integer), 3(Integer)
2020-04-18 19:42:22.280 DEBUG [http-nio-8080-exec-6]c.h.z.clms.core.mapper.ArticleMapper.getArticleCountInfo.debug:159 -<==      Total: 3
2020-04-18 19:42:22.334 DEBUG [http-nio-8080-exec-6]com.hnxx.zy.clms.core.mapper.LogMapper.save.debug:159 -==>  Preparing: insert into cl_log(log_url, log_params, log_status, log_message, log_method, log_time, log_result, log_ip) values (?, ?, ?, ?, ?, ?, ?, ?) 
2020-04-18 19:42:22.337 DEBUG [http-nio-8080-exec-6]com.hnxx.zy.clms.core.mapper.LogMapper.save.debug:159 -==> Parameters: /article/getArticleCountInfo(String), ******(String), 1(Integer), null, POST(String), 111(Long), ******(String), 0:0:0:0:0:0:0:1(String)
2020-04-18 19:42:22.424 DEBUG [http-nio-8080-exec-6]com.hnxx.zy.clms.core.mapper.LogMapper.save.debug:159 -<==    Updates: 1
2020-04-18 19:53:50.753 DEBUG [http-nio-8080-exec-8]com.hnxx.zy.clms.core.mapper.UserMapper.selectByName.debug:159 -==>  Preparing: select user_id,user_name,user_password,user_position_id from cl_user where user_name=? 
2020-04-18 19:53:50.755 DEBUG [http-nio-8080-exec-8]com.hnxx.zy.clms.core.mapper.UserMapper.selectByName.debug:159 -==> Parameters: admin(String)
2020-04-18 19:53:50.797 DEBUG [http-nio-8080-exec-8]com.hnxx.zy.clms.core.mapper.UserMapper.selectByName.debug:159 -<==      Total: 1
2020-04-18 19:53:50.978 DEBUG [http-nio-8080-exec-8]c.h.z.c.c.mapper.ArticleMapper.getUserArticleCountInfo.debug:159 -==>  Preparing: select t.type_name typeName, count(a.article_type) articleCounts from cl_article a left join cl_article_type t on a.article_type = t.type_id where a.is_deleted = 0 and a.article_author = ? group by a.article_type order by count(a.article_type) desc 
2020-04-18 19:53:50.980 DEBUG [http-nio-8080-exec-8]c.h.z.c.c.mapper.ArticleMapper.getUserArticleCountInfo.debug:159 -==> Parameters: code-fusheng(String)
2020-04-18 19:53:51.024 DEBUG [http-nio-8080-exec-8]c.h.z.c.c.mapper.ArticleMapper.getUserArticleCountInfo.debug:159 -<==      Total: 3
2020-04-18 19:53:51.075 DEBUG [http-nio-8080-exec-8]com.hnxx.zy.clms.core.mapper.LogMapper.save.debug:159 -==>  Preparing: insert into cl_log(log_url, log_params, log_status, log_message, log_method, log_time, log_result, log_ip) values (?, ?, ?, ?, ?, ?, ?, ?) 
2020-04-18 19:53:51.077 DEBUG [http-nio-8080-exec-8]com.hnxx.zy.clms.core.mapper.LogMapper.save.debug:159 -==> Parameters: /article/getUserArticleCountInfo(String), ******(String), 1(Integer), null, POST(String), 99(Long), ******(String), 0:0:0:0:0:0:0:1(String)
2020-04-18 19:53:51.165 DEBUG [http-nio-8080-exec-8]com.hnxx.zy.clms.core.mapper.LogMapper.save.debug:159 -<==    Updates: 1
2020-04-18 19:57:56.029 DEBUG [http-nio-8080-exec-1]com.hnxx.zy.clms.core.mapper.UserMapper.selectByName.debug:159 -==>  Preparing: select user_id,user_name,user_password,user_position_id from cl_user where user_name=? 
2020-04-18 19:57:56.030 DEBUG [http-nio-8080-exec-1]com.hnxx.zy.clms.core.mapper.UserMapper.selectByName.debug:159 -==> Parameters: admin(String)
2020-04-18 19:57:56.073 DEBUG [http-nio-8080-exec-1]com.hnxx.zy.clms.core.mapper.UserMapper.selectByName.debug:159 -<==      Total: 1
2020-04-18 19:57:56.244 DEBUG [http-nio-8080-exec-1]c.h.z.c.c.mapper.ArticleMapper.getUserArticleCountInfo.debug:159 -==>  Preparing: select t.type_name typeName, count(a.article_type) articleCounts from cl_article a left join cl_article_type t on a.article_type = t.type_id where a.is_deleted = 0 and a.article_author = ? group by a.article_type order by count(a.article_type) desc 
2020-04-18 19:57:56.246 DEBUG [http-nio-8080-exec-1]c.h.z.c.c.mapper.ArticleMapper.getUserArticleCountInfo.debug:159 -==> Parameters: admin(String)
2020-04-18 19:57:56.290 DEBUG [http-nio-8080-exec-1]c.h.z.c.c.mapper.ArticleMapper.getUserArticleCountInfo.debug:159 -<==      Total: 4
2020-04-18 19:57:56.352 DEBUG [http-nio-8080-exec-1]com.hnxx.zy.clms.core.mapper.LogMapper.save.debug:159 -==>  Preparing: insert into cl_log(log_url, log_params, log_status, log_message, log_method, log_time, log_result, log_ip) values (?, ?, ?, ?, ?, ?, ?, ?) 
2020-04-18 19:57:56.354 DEBUG [http-nio-8080-exec-1]com.hnxx.zy.clms.core.mapper.LogMapper.save.debug:159 -==> Parameters: /article/getUserArticleCountInfo(String), ******(String), 1(Integer), null, POST(String), 96(Long), ******(String), 0:0:0:0:0:0:0:1(String)
2020-04-18 19:57:56.439 DEBUG [http-nio-8080-exec-1]com.hnxx.zy.clms.core.mapper.LogMapper.save.debug:159 -<==    Updates: 1
2020-04-18 19:58:04.010 DEBUG [http-nio-8080-exec-3]com.hnxx.zy.clms.core.mapper.UserMapper.selectByName.debug:159 -==>  Preparing: select user_id,user_name,user_password,user_position_id from cl_user where user_name=? 
2020-04-18 19:58:04.011 DEBUG [http-nio-8080-exec-3]com.hnxx.zy.clms.core.mapper.UserMapper.selectByName.debug:159 -==> Parameters: admin(String)
2020-04-18 19:58:04.053 DEBUG [http-nio-8080-exec-3]com.hnxx.zy.clms.core.mapper.UserMapper.selectByName.debug:159 -<==      Total: 1
2020-04-18 19:58:04.228 DEBUG [http-nio-8080-exec-3]c.h.z.c.c.mapper.ArticleMapper.getUserArticleCountInfo.debug:159 -==>  Preparing: select t.type_name typeName, count(a.article_type) articleCounts from cl_article a left join cl_article_type t on a.article_type = t.type_id where a.is_deleted = 0 and a.article_author = ? group by a.article_type order by count(a.article_type) desc 
2020-04-18 19:58:04.231 DEBUG [http-nio-8080-exec-3]c.h.z.c.c.mapper.ArticleMapper.getUserArticleCountInfo.debug:159 -==> Parameters: code-fusheng(String)
2020-04-18 19:58:04.275 DEBUG [http-nio-8080-exec-3]c.h.z.c.c.mapper.ArticleMapper.getUserArticleCountInfo.debug:159 -<==      Total: 3
2020-04-18 19:58:04.329 DEBUG [http-nio-8080-exec-3]com.hnxx.zy.clms.core.mapper.LogMapper.save.debug:159 -==>  Preparing: insert into cl_log(log_url, log_params, log_status, log_message, log_method, log_time, log_result, log_ip) values (?, ?, ?, ?, ?, ?, ?, ?) 
2020-04-18 19:58:04.331 DEBUG [http-nio-8080-exec-3]com.hnxx.zy.clms.core.mapper.LogMapper.save.debug:159 -==> Parameters: /article/getUserArticleCountInfo(String), ******(String), 1(Integer), null, POST(String), 98(Long), ******(String), 0:0:0:0:0:0:0:1(String)
2020-04-18 19:58:04.419 DEBUG [http-nio-8080-exec-3]com.hnxx.zy.clms.core.mapper.LogMapper.save.debug:159 -<==    Updates: 1
