2020-05-20 16:57:56.279 INFO  [restartedMain]com.hnxx.zy.clms.ClmsApplication.logStarting:55 -Starting ClmsApplication on USER-20200114VO with PID 7680 (E:\ideaProject\clms\target\classes started by Administrator in E:\ideaProject\clms)
2020-05-20 16:57:56.299 INFO  [restartedMain]com.hnxx.zy.clms.ClmsApplication.logStartupProfileInfo:651 -No active profile set, falling back to default profiles: default
2020-05-20 16:57:56.669 INFO  [restartedMain]org.springframework.boot.devtools.restart.ChangeableUrls.logTo:225 -The Class-Path manifest attribute in E:\安装包\个人仓库\repo\com\sun\xml\bind\jaxb-impl\2.3.0\jaxb-impl-2.3.0.jar referenced one or more files that do not exist: file:/E:/%e5%ae%89%e8%a3%85%e5%8c%85/%e4%b8%aa%e4%ba%ba%e4%bb%93%e5%ba%93/repo/com/sun/xml/bind/jaxb-impl/2.3.0/jaxb-core.jar
2020-05-20 16:57:56.679 INFO  [restartedMain]org.springframework.boot.devtools.restart.ChangeableUrls.logTo:225 -The Class-Path manifest attribute in E:\安装包\个人仓库\repo\com\sun\xml\bind\jaxb-core\2.3.0\jaxb-core-2.3.0.jar referenced one or more files that do not exist: file:/E:/%e5%ae%89%e8%a3%85%e5%8c%85/%e4%b8%aa%e4%ba%ba%e4%bb%93%e5%ba%93/repo/com/sun/xml/bind/jaxb-core/2.3.0/jaxb-api.jar
2020-05-20 16:57:56.679 INFO  [restartedMain]o.s.b.devtools.env.DevToolsPropertyDefaultsPostProcessor.logTo:225 -Devtools property defaults active! Set 'spring.devtools.add-properties' to 'false' to disable
2020-05-20 16:57:56.679 INFO  [restartedMain]o.s.b.devtools.env.DevToolsPropertyDefaultsPostProcessor.logTo:225 -For additional web related logging consider setting the 'logging.level.web' property to 'DEBUG'
2020-05-20 16:58:06.269 INFO  [restartedMain]o.s.boot.web.embedded.tomcat.TomcatWebServer.initialize:92 -Tomcat initialized with port(s): 8080 (http)
2020-05-20 16:58:06.279 INFO  [restartedMain]org.apache.coyote.http11.Http11NioProtocol.log:173 -Initializing ProtocolHandler ["http-nio-8080"]
2020-05-20 16:58:06.279 INFO  [restartedMain]org.apache.catalina.core.StandardService.log:173 -Starting service [Tomcat]
2020-05-20 16:58:06.279 INFO  [restartedMain]org.apache.catalina.core.StandardEngine.log:173 -Starting Servlet engine: [Apache Tomcat/9.0.31]
2020-05-20 16:58:06.409 INFO  [restartedMain]o.a.catalina.core.ContainerBase.[Tomcat].[localhost].[/].log:173 -Initializing Spring embedded WebApplicationContext
2020-05-20 16:58:06.409 INFO  [restartedMain]org.springframework.web.context.ContextLoader.prepareWebApplicationContext:284 -Root WebApplicationContext: initialization completed in 9730 ms
2020-05-20 16:58:07.349 INFO  [restartedMain]org.springframework.boot.web.servlet.RegistrationBean.register:110 -Filter webStatFilter was not registered (possibly already registered?)
2020-05-20 16:58:07.349 INFO  [restartedMain]org.springframework.boot.web.servlet.RegistrationBean.register:110 -Servlet statViewServlet was not registered (possibly already registered?)
2020-05-20 16:58:08.519 INFO  [restartedMain]o.s.security.web.DefaultSecurityFilterChain.<init>:43 -Creating filter chain: Ant [pattern='/css/**'], []
2020-05-20 16:58:08.519 INFO  [restartedMain]o.s.security.web.DefaultSecurityFilterChain.<init>:43 -Creating filter chain: Ant [pattern='/js/**,/static/**'], []
2020-05-20 16:58:08.519 INFO  [restartedMain]o.s.security.web.DefaultSecurityFilterChain.<init>:43 -Creating filter chain: Ant [pattern='/templates/**'], []
2020-05-20 16:58:08.519 INFO  [restartedMain]o.s.security.web.DefaultSecurityFilterChain.<init>:43 -Creating filter chain: Ant [pattern='/img/**'], []
2020-05-20 16:58:08.779 INFO  [restartedMain]o.s.b.a.web.servlet.WelcomePageHandlerMapping.<init>:58 -Adding welcome page template: index
2020-05-20 16:58:08.999 INFO  [restartedMain]o.s.security.web.DefaultSecurityFilterChain.<init>:43 -Creating filter chain: any request, [org.springframework.security.web.context.request.async.WebAsyncManagerIntegrationFilter@583127c0, org.springframework.security.web.context.SecurityContextPersistenceFilter@6afbb74d, org.springframework.security.web.header.HeaderWriterFilter@b6d539, org.springframework.web.filter.CorsFilter@4fe7a67d, org.springframework.security.web.authentication.logout.LogoutFilter@4b84ae5f, com.hnxx.zy.clms.security.jwt.JwtAuthTokenFilter@7818d840, org.springframework.security.web.authentication.UsernamePasswordAuthenticationFilter@2252f2db, org.springframework.security.web.savedrequest.RequestCacheAwareFilter@1d414aa, org.springframework.security.web.servletapi.SecurityContextHolderAwareRequestFilter@36a7380a, org.springframework.security.web.authentication.AnonymousAuthenticationFilter@15ac251e, org.springframework.security.web.session.SessionManagementFilter@5353d97d, org.springframework.security.web.access.ExceptionTranslationFilter@6bfe4074, org.springframework.security.web.access.intercept.FilterSecurityInterceptor@529f986e]
2020-05-20 16:58:09.099 INFO  [restartedMain]o.s.scheduling.concurrent.ThreadPoolTaskExecutor.initialize:181 -Initializing ExecutorService 'applicationTaskExecutor'
2020-05-20 16:58:09.929 INFO  [restartedMain]o.s.scheduling.concurrent.ThreadPoolTaskScheduler.initialize:181 -Initializing ExecutorService 'taskScheduler'
2020-05-20 16:58:10.159 INFO  [restartedMain]o.s.boot.devtools.autoconfigure.OptionalLiveReloadServer.startServer:58 -LiveReload server is running on port 35729
2020-05-20 16:58:10.219 INFO  [restartedMain]org.apache.coyote.http11.Http11NioProtocol.log:173 -Starting ProtocolHandler ["http-nio-8080"]
2020-05-20 16:58:10.249 INFO  [restartedMain]o.s.boot.web.embedded.tomcat.TomcatWebServer.start:204 -Tomcat started on port(s): 8080 (http) with context path ''
2020-05-20 16:58:10.249 INFO  [restartedMain]com.hnxx.zy.clms.ClmsApplication.logStarted:61 -Started ClmsApplication in 15.952 seconds (JVM running for 19.404)
