2020-04-24 00:00:20.314 INFO  [http-nio-8080-exec-8]com.hnxx.zy.clms.common.aspect.RequestAspect.printRequestLog:142 -请求地址 : /articleType/getList
2020-04-24 00:00:20.317 INFO  [http-nio-8080-exec-8]com.hnxx.zy.clms.common.aspect.RequestAspect.printRequestLog:143 -请求方式 : GET
2020-04-24 00:00:20.318 INFO  [http-nio-8080-exec-8]com.hnxx.zy.clms.common.aspect.RequestAspect.printRequestLog:146 -IP : 127.0.0.1
2020-04-24 00:00:20.319 INFO  [http-nio-8080-exec-8]com.hnxx.zy.clms.common.aspect.RequestAspect.printRequestLog:148 -方法 : com.hnxx.zy.clms.controller.ArticleTypeController.getList
2020-04-24 00:00:20.319 INFO  [http-nio-8080-exec-8]com.hnxx.zy.clms.common.aspect.RequestAspect.printRequestLog:152 -请求参数：******
2020-04-24 00:00:20.394 INFO  [http-nio-8080-exec-8]com.hnxx.zy.clms.common.aspect.RequestAspect.doAround:91 -耗时 : 80
2020-04-24 00:00:20.395 INFO  [http-nio-8080-exec-8]com.hnxx.zy.clms.common.aspect.RequestAspect.doAfterReturning:109 -返回值:"******"
2020-04-24 00:00:24.966 INFO  [http-nio-8080-exec-9]com.hnxx.zy.clms.common.aspect.RequestAspect.printRequestLog:142 -请求地址 : /articleType/getList
2020-04-24 00:00:24.971 INFO  [http-nio-8080-exec-9]com.hnxx.zy.clms.common.aspect.RequestAspect.printRequestLog:143 -请求方式 : GET
2020-04-24 00:00:24.972 INFO  [http-nio-8080-exec-9]com.hnxx.zy.clms.common.aspect.RequestAspect.printRequestLog:146 -IP : 127.0.0.1
2020-04-24 00:00:24.972 INFO  [http-nio-8080-exec-9]com.hnxx.zy.clms.common.aspect.RequestAspect.printRequestLog:148 -方法 : com.hnxx.zy.clms.controller.ArticleTypeController.getList
2020-04-24 00:00:24.973 INFO  [http-nio-8080-exec-9]com.hnxx.zy.clms.common.aspect.RequestAspect.printRequestLog:152 -请求参数：******
2020-04-24 00:00:25.054 INFO  [http-nio-8080-exec-9]com.hnxx.zy.clms.common.aspect.RequestAspect.doAround:91 -耗时 : 88
2020-04-24 00:00:25.055 INFO  [http-nio-8080-exec-9]com.hnxx.zy.clms.common.aspect.RequestAspect.doAfterReturning:109 -返回值:"******"
2020-04-24 00:00:29.457 INFO  [http-nio-8080-exec-10]com.hnxx.zy.clms.common.aspect.RequestAspect.printRequestLog:142 -请求地址 : /classes/all/1/10
2020-04-24 00:00:29.459 INFO  [http-nio-8080-exec-10]com.hnxx.zy.clms.common.aspect.RequestAspect.printRequestLog:143 -请求方式 : GET
2020-04-24 00:00:29.460 INFO  [http-nio-8080-exec-10]com.hnxx.zy.clms.common.aspect.RequestAspect.printRequestLog:146 -IP : 127.0.0.1
2020-04-24 00:00:29.461 INFO  [http-nio-8080-exec-10]com.hnxx.zy.clms.common.aspect.RequestAspect.printRequestLog:148 -方法 : com.hnxx.zy.clms.controller.ClassesController.findAllClassesByPage
2020-04-24 00:00:29.462 INFO  [http-nio-8080-exec-10]com.hnxx.zy.clms.common.aspect.RequestAspect.printRequestLog:152 -请求参数：******
2020-04-24 00:00:29.679 INFO  [http-nio-8080-exec-10]com.hnxx.zy.clms.common.aspect.RequestAspect.doAround:91 -耗时 : 222
2020-04-24 00:00:29.681 INFO  [http-nio-8080-exec-10]com.hnxx.zy.clms.common.aspect.RequestAspect.doAfterReturning:109 -返回值:"******"
2020-04-24 00:00:32.683 INFO  [http-nio-8080-exec-2]com.hnxx.zy.clms.common.aspect.RequestAspect.printRequestLog:142 -请求地址 : /college/all/1/10
2020-04-24 00:00:32.684 INFO  [http-nio-8080-exec-2]com.hnxx.zy.clms.common.aspect.RequestAspect.printRequestLog:143 -请求方式 : GET
2020-04-24 00:00:32.684 INFO  [http-nio-8080-exec-2]com.hnxx.zy.clms.common.aspect.RequestAspect.printRequestLog:146 -IP : 127.0.0.1
2020-04-24 00:00:32.684 INFO  [http-nio-8080-exec-2]com.hnxx.zy.clms.common.aspect.RequestAspect.printRequestLog:148 -方法 : com.hnxx.zy.clms.controller.CollegeController.findAllByPage
2020-04-24 00:00:32.685 INFO  [http-nio-8080-exec-2]com.hnxx.zy.clms.common.aspect.RequestAspect.printRequestLog:152 -请求参数：******
2020-04-24 00:00:32.905 INFO  [http-nio-8080-exec-2]com.hnxx.zy.clms.common.aspect.RequestAspect.doAround:91 -耗时 : 222
2020-04-24 00:00:32.908 INFO  [http-nio-8080-exec-2]com.hnxx.zy.clms.common.aspect.RequestAspect.doAfterReturning:109 -返回值:"******"
2020-04-24 00:00:35.530 INFO  [http-nio-8080-exec-1]com.hnxx.zy.clms.common.aspect.RequestAspect.printRequestLog:142 -请求地址 : /group/all/1/10
2020-04-24 00:00:35.531 INFO  [http-nio-8080-exec-1]com.hnxx.zy.clms.common.aspect.RequestAspect.printRequestLog:143 -请求方式 : GET
2020-04-24 00:00:35.531 INFO  [http-nio-8080-exec-1]com.hnxx.zy.clms.common.aspect.RequestAspect.printRequestLog:146 -IP : 127.0.0.1
2020-04-24 00:00:35.532 INFO  [http-nio-8080-exec-1]com.hnxx.zy.clms.common.aspect.RequestAspect.printRequestLog:148 -方法 : com.hnxx.zy.clms.controller.GroupController.findAllByPage
2020-04-24 00:00:35.532 INFO  [http-nio-8080-exec-1]com.hnxx.zy.clms.common.aspect.RequestAspect.printRequestLog:152 -请求参数：******
2020-04-24 00:00:35.750 INFO  [http-nio-8080-exec-1]com.hnxx.zy.clms.common.aspect.RequestAspect.doAround:91 -耗时 : 220
2020-04-24 00:00:35.752 INFO  [http-nio-8080-exec-1]com.hnxx.zy.clms.common.aspect.RequestAspect.doAfterReturning:109 -返回值:"******"
2020-04-24 00:02:56.945 INFO  [http-nio-8080-exec-3]com.hnxx.zy.clms.common.aspect.RequestAspect.printRequestLog:142 -请求地址 : /articleType/getList
2020-04-24 00:02:56.946 INFO  [http-nio-8080-exec-3]com.hnxx.zy.clms.common.aspect.RequestAspect.printRequestLog:143 -请求方式 : GET
2020-04-24 00:02:56.948 INFO  [http-nio-8080-exec-3]com.hnxx.zy.clms.common.aspect.RequestAspect.printRequestLog:146 -IP : 127.0.0.1
2020-04-24 00:02:56.950 INFO  [http-nio-8080-exec-3]com.hnxx.zy.clms.common.aspect.RequestAspect.printRequestLog:148 -方法 : com.hnxx.zy.clms.controller.ArticleTypeController.getList
2020-04-24 00:02:56.951 INFO  [http-nio-8080-exec-3]com.hnxx.zy.clms.common.aspect.RequestAspect.printRequestLog:152 -请求参数：******
2020-04-24 00:02:57.171 INFO  [http-nio-8080-exec-4]com.hnxx.zy.clms.common.aspect.RequestAspect.printRequestLog:142 -请求地址 : /group/all/1/10
2020-04-24 00:02:57.176 INFO  [http-nio-8080-exec-4]com.hnxx.zy.clms.common.aspect.RequestAspect.printRequestLog:143 -请求方式 : GET
2020-04-24 00:02:57.180 INFO  [http-nio-8080-exec-4]com.hnxx.zy.clms.common.aspect.RequestAspect.printRequestLog:146 -IP : 127.0.0.1
2020-04-24 00:02:57.182 INFO  [http-nio-8080-exec-4]com.hnxx.zy.clms.common.aspect.RequestAspect.printRequestLog:148 -方法 : com.hnxx.zy.clms.controller.GroupController.findAllByPage
2020-04-24 00:02:57.184 INFO  [http-nio-8080-exec-4]com.hnxx.zy.clms.common.aspect.RequestAspect.printRequestLog:152 -请求参数：******
2020-04-24 00:02:57.410 INFO  [http-nio-8080-exec-4]com.hnxx.zy.clms.common.aspect.RequestAspect.doAround:91 -耗时 : 239
2020-04-24 00:02:57.411 INFO  [http-nio-8080-exec-4]com.hnxx.zy.clms.common.aspect.RequestAspect.doAfterReturning:109 -返回值:"******"
2020-04-24 00:02:58.038 INFO  [http-nio-8080-exec-3]com.hnxx.zy.clms.common.aspect.RequestAspect.doAround:91 -耗时 : 1093
2020-04-24 00:02:58.039 INFO  [http-nio-8080-exec-3]com.hnxx.zy.clms.common.aspect.RequestAspect.doAfterReturning:109 -返回值:"******"
2020-04-24 00:02:58.365 INFO  [http-nio-8080-exec-5]com.hnxx.zy.clms.common.aspect.RequestAspect.printRequestLog:142 -请求地址 : /articleType/getList
2020-04-24 00:02:58.366 INFO  [http-nio-8080-exec-5]com.hnxx.zy.clms.common.aspect.RequestAspect.printRequestLog:143 -请求方式 : GET
2020-04-24 00:02:58.367 INFO  [http-nio-8080-exec-5]com.hnxx.zy.clms.common.aspect.RequestAspect.printRequestLog:146 -IP : 127.0.0.1
2020-04-24 00:02:58.367 INFO  [http-nio-8080-exec-5]com.hnxx.zy.clms.common.aspect.RequestAspect.printRequestLog:148 -方法 : com.hnxx.zy.clms.controller.ArticleTypeController.getList
2020-04-24 00:02:58.367 INFO  [http-nio-8080-exec-5]com.hnxx.zy.clms.common.aspect.RequestAspect.printRequestLog:152 -请求参数：******
2020-04-24 00:02:58.440 INFO  [http-nio-8080-exec-5]com.hnxx.zy.clms.common.aspect.RequestAspect.doAround:91 -耗时 : 75
2020-04-24 00:02:58.440 INFO  [http-nio-8080-exec-5]com.hnxx.zy.clms.common.aspect.RequestAspect.doAfterReturning:109 -返回值:"******"
2020-04-24 00:04:20.724 INFO  [http-nio-8080-exec-7]com.hnxx.zy.clms.common.aspect.RequestAspect.printRequestLog:142 -请求地址 : /group/all/1/10
2020-04-24 00:04:20.731 INFO  [http-nio-8080-exec-7]com.hnxx.zy.clms.common.aspect.RequestAspect.printRequestLog:143 -请求方式 : GET
2020-04-24 00:04:20.733 INFO  [http-nio-8080-exec-7]com.hnxx.zy.clms.common.aspect.RequestAspect.printRequestLog:146 -IP : 127.0.0.1
2020-04-24 00:04:20.734 INFO  [http-nio-8080-exec-7]com.hnxx.zy.clms.common.aspect.RequestAspect.printRequestLog:148 -方法 : com.hnxx.zy.clms.controller.GroupController.findAllByPage
2020-04-24 00:04:20.734 INFO  [http-nio-8080-exec-7]com.hnxx.zy.clms.common.aspect.RequestAspect.printRequestLog:152 -请求参数：******
2020-04-24 00:04:20.736 INFO  [http-nio-8080-exec-6]com.hnxx.zy.clms.common.aspect.RequestAspect.printRequestLog:142 -请求地址 : /articleType/getList
2020-04-24 00:04:20.737 INFO  [http-nio-8080-exec-6]com.hnxx.zy.clms.common.aspect.RequestAspect.printRequestLog:143 -请求方式 : GET
2020-04-24 00:04:20.738 INFO  [http-nio-8080-exec-6]com.hnxx.zy.clms.common.aspect.RequestAspect.printRequestLog:146 -IP : 127.0.0.1
2020-04-24 00:04:20.740 INFO  [http-nio-8080-exec-6]com.hnxx.zy.clms.common.aspect.RequestAspect.printRequestLog:148 -方法 : com.hnxx.zy.clms.controller.ArticleTypeController.getList
2020-04-24 00:04:20.740 INFO  [http-nio-8080-exec-6]com.hnxx.zy.clms.common.aspect.RequestAspect.printRequestLog:152 -请求参数：******
2020-04-24 00:04:20.867 INFO  [http-nio-8080-exec-6]com.hnxx.zy.clms.common.aspect.RequestAspect.doAround:91 -耗时 : 131
2020-04-24 00:04:20.868 INFO  [http-nio-8080-exec-6]com.hnxx.zy.clms.common.aspect.RequestAspect.doAfterReturning:109 -返回值:"******"
2020-04-24 00:04:20.959 INFO  [http-nio-8080-exec-7]com.hnxx.zy.clms.common.aspect.RequestAspect.doAround:91 -耗时 : 236
2020-04-24 00:04:20.960 INFO  [http-nio-8080-exec-7]com.hnxx.zy.clms.common.aspect.RequestAspect.doAfterReturning:109 -返回值:"******"
2020-05-01 20:31:55.205 INFO  [restartedMain]com.hnxx.zy.clms.ClmsApplication.logStarting:55 -Starting ClmsApplication on WIN-20190617RXB with PID 10028 (D:\clms\target\classes started by Administrator in D:\clms)
2020-05-01 20:31:55.216 INFO  [restartedMain]com.hnxx.zy.clms.ClmsApplication.logStartupProfileInfo:651 -No active profile set, falling back to default profiles: default
2020-05-01 20:31:55.345 INFO  [restartedMain]org.springframework.boot.devtools.restart.ChangeableUrls.logTo:225 -The Class-Path manifest attribute in C:\repo\com\sun\xml\bind\jaxb-impl\2.3.0\jaxb-impl-2.3.0.jar referenced one or more files that do not exist: file:/C:/repo/com/sun/xml/bind/jaxb-impl/2.3.0/jaxb-core.jar
2020-05-01 20:31:55.345 INFO  [restartedMain]org.springframework.boot.devtools.restart.ChangeableUrls.logTo:225 -The Class-Path manifest attribute in C:\repo\com\sun\xml\bind\jaxb-core\2.3.0\jaxb-core-2.3.0.jar referenced one or more files that do not exist: file:/C:/repo/com/sun/xml/bind/jaxb-core/2.3.0/jaxb-api.jar
2020-05-01 20:31:55.346 INFO  [restartedMain]o.s.b.devtools.env.DevToolsPropertyDefaultsPostProcessor.logTo:225 -Devtools property defaults active! Set 'spring.devtools.add-properties' to 'false' to disable
2020-05-01 20:31:55.347 INFO  [restartedMain]o.s.b.devtools.env.DevToolsPropertyDefaultsPostProcessor.logTo:225 -For additional web related logging consider setting the 'logging.level.web' property to 'DEBUG'
2020-05-01 20:31:58.576 INFO  [restartedMain]o.s.boot.web.embedded.tomcat.TomcatWebServer.initialize:92 -Tomcat initialized with port(s): 8080 (http)
2020-05-01 20:31:58.590 INFO  [restartedMain]org.apache.coyote.http11.Http11NioProtocol.log:173 -Initializing ProtocolHandler ["http-nio-8080"]
2020-05-01 20:31:58.591 INFO  [restartedMain]org.apache.catalina.core.StandardService.log:173 -Starting service [Tomcat]
2020-05-01 20:31:58.592 INFO  [restartedMain]org.apache.catalina.core.StandardEngine.log:173 -Starting Servlet engine: [Apache Tomcat/9.0.31]
2020-05-01 20:31:58.932 INFO  [restartedMain]o.a.catalina.core.ContainerBase.[Tomcat].[localhost].[/].log:173 -Initializing Spring embedded WebApplicationContext
2020-05-01 20:31:58.933 INFO  [restartedMain]org.springframework.web.context.ContextLoader.prepareWebApplicationContext:284 -Root WebApplicationContext: initialization completed in 3586 ms
2020-05-01 20:31:59.413 INFO  [restartedMain]c.a.d.s.boot.autoconfigure.DruidDataSourceAutoConfigure.dataSource:56 -Init DruidDataSource
2020-05-01 20:32:02.994 INFO  [restartedMain]com.alibaba.druid.pool.DruidDataSource.init:930 -{dataSource-1} inited
2020-05-01 20:32:04.190 INFO  [restartedMain]o.s.security.web.DefaultSecurityFilterChain.<init>:43 -Creating filter chain: Ant [pattern='/css/**'], []
2020-05-01 20:32:04.190 INFO  [restartedMain]o.s.security.web.DefaultSecurityFilterChain.<init>:43 -Creating filter chain: Ant [pattern='/js/**,/static/**'], []
2020-05-01 20:32:04.721 INFO  [restartedMain]o.s.security.web.DefaultSecurityFilterChain.<init>:43 -Creating filter chain: any request, [org.springframework.security.web.context.request.async.WebAsyncManagerIntegrationFilter@71042a24, org.springframework.security.web.context.SecurityContextPersistenceFilter@e3e2f4f, org.springframework.security.web.header.HeaderWriterFilter@5644d3ba, org.springframework.web.filter.CorsFilter@3ef6be85, org.springframework.security.web.authentication.logout.LogoutFilter@23aea5b9, com.hnxx.zy.clms.security.jwt.JwtAuthTokenFilter@1963a064, org.springframework.security.web.authentication.UsernamePasswordAuthenticationFilter@32cff37f, org.springframework.security.web.savedrequest.RequestCacheAwareFilter@46c2a7f8, org.springframework.security.web.servletapi.SecurityContextHolderAwareRequestFilter@3e001972, org.springframework.security.web.authentication.AnonymousAuthenticationFilter@7891b166, org.springframework.security.web.session.SessionManagementFilter@3168b15f, org.springframework.security.web.access.ExceptionTranslationFilter@7d91279d, org.springframework.security.web.access.intercept.FilterSecurityInterceptor@50045a24]
2020-05-01 20:32:04.844 INFO  [restartedMain]o.s.scheduling.concurrent.ThreadPoolTaskExecutor.initialize:181 -Initializing ExecutorService 'applicationTaskExecutor'
2020-05-01 20:32:05.273 INFO  [restartedMain]o.s.scheduling.concurrent.ThreadPoolTaskScheduler.initialize:181 -Initializing ExecutorService 'taskScheduler'
2020-05-01 20:32:05.412 INFO  [restartedMain]o.s.boot.devtools.autoconfigure.OptionalLiveReloadServer.startServer:58 -LiveReload server is running on port 35729
2020-05-01 20:32:05.462 INFO  [restartedMain]org.apache.coyote.http11.Http11NioProtocol.log:173 -Starting ProtocolHandler ["http-nio-8080"]
2020-05-01 20:32:05.509 INFO  [restartedMain]o.s.boot.web.embedded.tomcat.TomcatWebServer.start:204 -Tomcat started on port(s): 8080 (http) with context path ''
2020-05-01 20:32:05.517 INFO  [restartedMain]com.hnxx.zy.clms.ClmsApplication.logStarted:61 -Started ClmsApplication in 12.195 seconds (JVM running for 14.358)
2020-05-01 20:32:16.081 INFO  [http-nio-8080-exec-2]o.a.catalina.core.ContainerBase.[Tomcat].[localhost].[/].log:173 -Initializing Spring DispatcherServlet 'dispatcherServlet'
2020-05-01 20:32:16.082 INFO  [http-nio-8080-exec-2]org.springframework.web.servlet.DispatcherServlet.initServletBean:525 -Initializing Servlet 'dispatcherServlet'
2020-05-01 20:32:16.119 INFO  [http-nio-8080-exec-2]org.springframework.web.servlet.DispatcherServlet.initServletBean:547 -Completed initialization in 37 ms
2020-05-01 20:32:16.760 INFO  [http-nio-8080-exec-2]com.hnxx.zy.clms.common.aspect.RequestAspect.printRequestLog:142 -请求地址 : /report/getByPage
2020-05-01 20:32:16.762 INFO  [http-nio-8080-exec-2]com.hnxx.zy.clms.common.aspect.RequestAspect.printRequestLog:143 -请求方式 : POST
2020-05-01 20:32:16.764 INFO  [http-nio-8080-exec-2]com.hnxx.zy.clms.common.aspect.RequestAspect.printRequestLog:146 -IP : 127.0.0.1
2020-05-01 20:32:16.767 INFO  [http-nio-8080-exec-2]com.hnxx.zy.clms.common.aspect.RequestAspect.printRequestLog:148 -方法 : com.hnxx.zy.clms.controller.ReportController.getByPage
2020-05-01 20:32:16.768 INFO  [http-nio-8080-exec-2]com.hnxx.zy.clms.common.aspect.RequestAspect.printRequestLog:152 -请求参数：******
2020-05-01 20:32:16.935 INFO  [http-nio-8080-exec-2]com.hnxx.zy.clms.common.aspect.RequestAspect.doAround:91 -耗时 : 177
2020-05-01 20:32:17.102 INFO  [http-nio-8080-exec-2]com.hnxx.zy.clms.common.aspect.RequestAspect.doAfterReturning:109 -返回值:"******"
2020-05-01 20:32:34.321 INFO  [http-nio-8080-exec-6]com.hnxx.zy.clms.common.aspect.RequestAspect.printRequestLog:142 -请求地址 : /report/getByPage
2020-05-01 20:32:34.322 INFO  [http-nio-8080-exec-6]com.hnxx.zy.clms.common.aspect.RequestAspect.printRequestLog:143 -请求方式 : POST
2020-05-01 20:32:34.323 INFO  [http-nio-8080-exec-6]com.hnxx.zy.clms.common.aspect.RequestAspect.printRequestLog:146 -IP : 127.0.0.1
2020-05-01 20:32:34.323 INFO  [http-nio-8080-exec-6]com.hnxx.zy.clms.common.aspect.RequestAspect.printRequestLog:148 -方法 : com.hnxx.zy.clms.controller.ReportController.getByPage
2020-05-01 20:32:34.324 INFO  [http-nio-8080-exec-6]com.hnxx.zy.clms.common.aspect.RequestAspect.printRequestLog:152 -请求参数：******
2020-05-01 20:32:34.420 INFO  [http-nio-8080-exec-6]com.hnxx.zy.clms.common.aspect.RequestAspect.doAround:91 -耗时 : 99
2020-05-01 20:32:34.421 INFO  [http-nio-8080-exec-6]com.hnxx.zy.clms.common.aspect.RequestAspect.doAfterReturning:109 -返回值:"******"
2020-05-01 20:33:01.429 INFO  [http-nio-8080-exec-8]com.hnxx.zy.clms.common.aspect.RequestAspect.printRequestLog:142 -请求地址 : /question/getByPage
2020-05-01 20:33:01.431 INFO  [http-nio-8080-exec-8]com.hnxx.zy.clms.common.aspect.RequestAspect.printRequestLog:143 -请求方式 : POST
2020-05-01 20:33:01.433 INFO  [http-nio-8080-exec-8]com.hnxx.zy.clms.common.aspect.RequestAspect.printRequestLog:146 -IP : 127.0.0.1
2020-05-01 20:33:01.434 INFO  [http-nio-8080-exec-8]com.hnxx.zy.clms.common.aspect.RequestAspect.printRequestLog:148 -方法 : com.hnxx.zy.clms.controller.QuestionController.getByPage
2020-05-01 20:33:01.435 INFO  [http-nio-8080-exec-8]com.hnxx.zy.clms.common.aspect.RequestAspect.printRequestLog:152 -请求参数：******
2020-05-01 20:33:01.837 INFO  [http-nio-8080-exec-8]com.hnxx.zy.clms.common.aspect.RequestAspect.printRequestLog:142 -请求地址 : /error
2020-05-01 20:33:01.838 INFO  [http-nio-8080-exec-8]com.hnxx.zy.clms.common.aspect.RequestAspect.printRequestLog:143 -请求方式 : POST
2020-05-01 20:33:01.838 INFO  [http-nio-8080-exec-8]com.hnxx.zy.clms.common.aspect.RequestAspect.printRequestLog:146 -IP : 127.0.0.1
2020-05-01 20:33:01.839 INFO  [http-nio-8080-exec-8]com.hnxx.zy.clms.common.aspect.RequestAspect.printRequestLog:148 -方法 : com.hnxx.zy.clms.controller.MyErrorController.handleError
2020-05-01 20:33:01.841 INFO  [http-nio-8080-exec-8]com.hnxx.zy.clms.common.aspect.RequestAspect.printRequestLog:152 -请求参数：******
2020-05-01 20:33:01.845 INFO  [http-nio-8080-exec-8]com.hnxx.zy.clms.common.aspect.RequestAspect.doAround:91 -耗时 : 8
2020-05-01 20:33:01.846 INFO  [http-nio-8080-exec-8]com.hnxx.zy.clms.common.aspect.RequestAspect.doAfterReturning:109 -返回值:"******"
2020-05-01 20:33:06.492 INFO  [http-nio-8080-exec-7]com.hnxx.zy.clms.common.aspect.RequestAspect.printRequestLog:142 -请求地址 : /answer/getByPage
2020-05-01 20:33:06.492 INFO  [http-nio-8080-exec-7]com.hnxx.zy.clms.common.aspect.RequestAspect.printRequestLog:143 -请求方式 : POST
2020-05-01 20:33:06.493 INFO  [http-nio-8080-exec-7]com.hnxx.zy.clms.common.aspect.RequestAspect.printRequestLog:146 -IP : 127.0.0.1
2020-05-01 20:33:06.494 INFO  [http-nio-8080-exec-7]com.hnxx.zy.clms.common.aspect.RequestAspect.printRequestLog:148 -方法 : com.hnxx.zy.clms.controller.AnswerController.getByPage
2020-05-01 20:33:06.497 INFO  [http-nio-8080-exec-7]com.hnxx.zy.clms.common.aspect.RequestAspect.printRequestLog:152 -请求参数：******
2020-05-01 20:33:06.711 INFO  [http-nio-8080-exec-7]com.hnxx.zy.clms.common.aspect.RequestAspect.printRequestLog:142 -请求地址 : /error
2020-05-01 20:33:06.711 INFO  [http-nio-8080-exec-7]com.hnxx.zy.clms.common.aspect.RequestAspect.printRequestLog:143 -请求方式 : POST
2020-05-01 20:33:06.712 INFO  [http-nio-8080-exec-7]com.hnxx.zy.clms.common.aspect.RequestAspect.printRequestLog:146 -IP : 127.0.0.1
2020-05-01 20:33:06.712 INFO  [http-nio-8080-exec-7]com.hnxx.zy.clms.common.aspect.RequestAspect.printRequestLog:148 -方法 : com.hnxx.zy.clms.controller.MyErrorController.handleError
2020-05-01 20:33:06.712 INFO  [http-nio-8080-exec-7]com.hnxx.zy.clms.common.aspect.RequestAspect.printRequestLog:152 -请求参数：******
2020-05-01 20:33:06.713 INFO  [http-nio-8080-exec-7]com.hnxx.zy.clms.common.aspect.RequestAspect.doAround:91 -耗时 : 2
2020-05-01 20:33:06.714 INFO  [http-nio-8080-exec-7]com.hnxx.zy.clms.common.aspect.RequestAspect.doAfterReturning:109 -返回值:"******"
2020-05-01 20:33:22.147 INFO  [http-nio-8080-exec-4]com.hnxx.zy.clms.common.aspect.RequestAspect.printRequestLog:142 -请求地址 : /task/getByPageAdmin
2020-05-01 20:33:22.156 INFO  [http-nio-8080-exec-4]com.hnxx.zy.clms.common.aspect.RequestAspect.printRequestLog:143 -请求方式 : POST
2020-05-01 20:33:22.156 INFO  [http-nio-8080-exec-3]com.hnxx.zy.clms.common.aspect.RequestAspect.printRequestLog:142 -请求地址 : /task/getUserNum
2020-05-01 20:33:22.157 INFO  [http-nio-8080-exec-4]com.hnxx.zy.clms.common.aspect.RequestAspect.printRequestLog:146 -IP : 127.0.0.1
2020-05-01 20:33:22.157 INFO  [http-nio-8080-exec-3]com.hnxx.zy.clms.common.aspect.RequestAspect.printRequestLog:143 -请求方式 : GET
2020-05-01 20:33:22.158 INFO  [http-nio-8080-exec-4]com.hnxx.zy.clms.common.aspect.RequestAspect.printRequestLog:148 -方法 : com.hnxx.zy.clms.controller.TaskController.getByPageAdmin
2020-05-01 20:33:22.159 INFO  [http-nio-8080-exec-3]com.hnxx.zy.clms.common.aspect.RequestAspect.printRequestLog:146 -IP : 127.0.0.1
2020-05-01 20:33:22.159 INFO  [http-nio-8080-exec-4]com.hnxx.zy.clms.common.aspect.RequestAspect.printRequestLog:152 -请求参数：******
2020-05-01 20:33:22.160 INFO  [http-nio-8080-exec-3]com.hnxx.zy.clms.common.aspect.RequestAspect.printRequestLog:148 -方法 : com.hnxx.zy.clms.controller.TaskController.getUserNum
2020-05-01 20:33:22.161 INFO  [http-nio-8080-exec-3]com.hnxx.zy.clms.common.aspect.RequestAspect.printRequestLog:152 -请求参数：******
2020-05-01 20:33:22.245 INFO  [http-nio-8080-exec-3]com.hnxx.zy.clms.common.aspect.RequestAspect.doAround:91 -耗时 : 89
2020-05-01 20:33:22.246 INFO  [http-nio-8080-exec-3]com.hnxx.zy.clms.common.aspect.RequestAspect.doAfterReturning:109 -返回值:"******"
2020-05-01 20:33:22.815 INFO  [http-nio-8080-exec-4]com.hnxx.zy.clms.common.aspect.RequestAspect.doAround:91 -耗时 : 668
2020-05-01 20:33:22.823 INFO  [http-nio-8080-exec-4]com.hnxx.zy.clms.common.aspect.RequestAspect.doAfterReturning:109 -返回值:"******"
2020-05-01 20:33:26.505 INFO  [http-nio-8080-exec-10]com.hnxx.zy.clms.common.aspect.RequestAspect.printRequestLog:142 -请求地址 : /question/getByPage
2020-05-01 20:33:26.506 INFO  [http-nio-8080-exec-10]com.hnxx.zy.clms.common.aspect.RequestAspect.printRequestLog:143 -请求方式 : POST
2020-05-01 20:33:26.507 INFO  [http-nio-8080-exec-10]com.hnxx.zy.clms.common.aspect.RequestAspect.printRequestLog:146 -IP : 127.0.0.1
2020-05-01 20:33:26.507 INFO  [http-nio-8080-exec-10]com.hnxx.zy.clms.common.aspect.RequestAspect.printRequestLog:148 -方法 : com.hnxx.zy.clms.controller.QuestionController.getByPage
2020-05-01 20:33:26.508 INFO  [http-nio-8080-exec-10]com.hnxx.zy.clms.common.aspect.RequestAspect.printRequestLog:152 -请求参数：******
2020-05-01 20:33:26.755 INFO  [http-nio-8080-exec-10]com.hnxx.zy.clms.common.aspect.RequestAspect.printRequestLog:142 -请求地址 : /error
2020-05-01 20:33:26.755 INFO  [http-nio-8080-exec-10]com.hnxx.zy.clms.common.aspect.RequestAspect.printRequestLog:143 -请求方式 : POST
2020-05-01 20:33:26.755 INFO  [http-nio-8080-exec-10]com.hnxx.zy.clms.common.aspect.RequestAspect.printRequestLog:146 -IP : 127.0.0.1
2020-05-01 20:33:26.756 INFO  [http-nio-8080-exec-10]com.hnxx.zy.clms.common.aspect.RequestAspect.printRequestLog:148 -方法 : com.hnxx.zy.clms.controller.MyErrorController.handleError
2020-05-01 20:33:26.756 INFO  [http-nio-8080-exec-10]com.hnxx.zy.clms.common.aspect.RequestAspect.printRequestLog:152 -请求参数：******
2020-05-01 20:33:26.757 INFO  [http-nio-8080-exec-10]com.hnxx.zy.clms.common.aspect.RequestAspect.doAround:91 -耗时 : 2
2020-05-01 20:33:26.757 INFO  [http-nio-8080-exec-10]com.hnxx.zy.clms.common.aspect.RequestAspect.doAfterReturning:109 -返回值:"******"
2020-05-01 20:33:29.417 INFO  [http-nio-8080-exec-9]com.hnxx.zy.clms.common.aspect.RequestAspect.printRequestLog:142 -请求地址 : /answer/getByPage
2020-05-01 20:33:29.419 INFO  [http-nio-8080-exec-9]com.hnxx.zy.clms.common.aspect.RequestAspect.printRequestLog:143 -请求方式 : POST
2020-05-01 20:33:29.422 INFO  [http-nio-8080-exec-9]com.hnxx.zy.clms.common.aspect.RequestAspect.printRequestLog:146 -IP : 127.0.0.1
2020-05-01 20:33:29.422 INFO  [http-nio-8080-exec-9]com.hnxx.zy.clms.common.aspect.RequestAspect.printRequestLog:148 -方法 : com.hnxx.zy.clms.controller.AnswerController.getByPage
2020-05-01 20:33:29.423 INFO  [http-nio-8080-exec-9]com.hnxx.zy.clms.common.aspect.RequestAspect.printRequestLog:152 -请求参数：******
2020-05-01 20:33:29.661 INFO  [http-nio-8080-exec-9]com.hnxx.zy.clms.common.aspect.RequestAspect.printRequestLog:142 -请求地址 : /error
2020-05-01 20:33:29.661 INFO  [http-nio-8080-exec-9]com.hnxx.zy.clms.common.aspect.RequestAspect.printRequestLog:143 -请求方式 : POST
2020-05-01 20:33:29.662 INFO  [http-nio-8080-exec-9]com.hnxx.zy.clms.common.aspect.RequestAspect.printRequestLog:146 -IP : 127.0.0.1
2020-05-01 20:33:29.662 INFO  [http-nio-8080-exec-9]com.hnxx.zy.clms.common.aspect.RequestAspect.printRequestLog:148 -方法 : com.hnxx.zy.clms.controller.MyErrorController.handleError
2020-05-01 20:33:29.662 INFO  [http-nio-8080-exec-9]com.hnxx.zy.clms.common.aspect.RequestAspect.printRequestLog:152 -请求参数：******
2020-05-01 20:33:29.663 INFO  [http-nio-8080-exec-9]com.hnxx.zy.clms.common.aspect.RequestAspect.doAround:91 -耗时 : 2
2020-05-01 20:33:29.663 INFO  [http-nio-8080-exec-9]com.hnxx.zy.clms.common.aspect.RequestAspect.doAfterReturning:109 -返回值:"******"
2020-05-01 20:33:30.848 INFO  [http-nio-8080-exec-5]com.hnxx.zy.clms.common.aspect.RequestAspect.printRequestLog:142 -请求地址 : /registration/getListByDate/2020-05-01
2020-05-01 20:33:30.849 INFO  [http-nio-8080-exec-5]com.hnxx.zy.clms.common.aspect.RequestAspect.printRequestLog:143 -请求方式 : GET
2020-05-01 20:33:30.849 INFO  [http-nio-8080-exec-5]com.hnxx.zy.clms.common.aspect.RequestAspect.printRequestLog:146 -IP : 127.0.0.1
2020-05-01 20:33:30.850 INFO  [http-nio-8080-exec-5]com.hnxx.zy.clms.common.aspect.RequestAspect.printRequestLog:148 -方法 : com.hnxx.zy.clms.controller.RegistrationController.getListByDate
2020-05-01 20:33:30.850 INFO  [http-nio-8080-exec-5]com.hnxx.zy.clms.common.aspect.RequestAspect.printRequestLog:152 -请求参数：******
2020-05-01 20:33:30.859 INFO  [http-nio-8080-exec-1]com.hnxx.zy.clms.common.aspect.RequestAspect.printRequestLog:142 -请求地址 : /registration/getNameList/1/2020-05-01
2020-05-01 20:33:30.860 INFO  [http-nio-8080-exec-1]com.hnxx.zy.clms.common.aspect.RequestAspect.printRequestLog:143 -请求方式 : GET
2020-05-01 20:33:30.861 INFO  [http-nio-8080-exec-1]com.hnxx.zy.clms.common.aspect.RequestAspect.printRequestLog:146 -IP : 127.0.0.1
2020-05-01 20:33:30.861 INFO  [http-nio-8080-exec-1]com.hnxx.zy.clms.common.aspect.RequestAspect.printRequestLog:148 -方法 : com.hnxx.zy.clms.controller.RegistrationController.getNameList
2020-05-01 20:33:30.862 INFO  [http-nio-8080-exec-1]com.hnxx.zy.clms.common.aspect.RequestAspect.printRequestLog:152 -请求参数：******
2020-05-01 20:33:30.931 INFO  [http-nio-8080-exec-5]com.hnxx.zy.clms.common.aspect.RequestAspect.doAround:91 -耗时 : 83
2020-05-01 20:33:30.932 INFO  [http-nio-8080-exec-5]com.hnxx.zy.clms.common.aspect.RequestAspect.doAfterReturning:109 -返回值:"******"
2020-05-01 20:33:30.948 INFO  [http-nio-8080-exec-1]com.hnxx.zy.clms.common.aspect.RequestAspect.doAround:91 -耗时 : 89
2020-05-01 20:33:30.949 INFO  [http-nio-8080-exec-1]com.hnxx.zy.clms.common.aspect.RequestAspect.doAfterReturning:109 -返回值:"******"
2020-05-01 20:33:35.767 INFO  [http-nio-8080-exec-2]com.hnxx.zy.clms.common.aspect.RequestAspect.printRequestLog:142 -请求地址 : /notice/getByPageAdmin
2020-05-01 20:33:35.789 INFO  [http-nio-8080-exec-2]com.hnxx.zy.clms.common.aspect.RequestAspect.printRequestLog:143 -请求方式 : POST
2020-05-01 20:33:35.790 INFO  [http-nio-8080-exec-2]com.hnxx.zy.clms.common.aspect.RequestAspect.printRequestLog:146 -IP : 127.0.0.1
2020-05-01 20:33:35.795 INFO  [http-nio-8080-exec-2]com.hnxx.zy.clms.common.aspect.RequestAspect.printRequestLog:148 -方法 : com.hnxx.zy.clms.controller.NoticeController.getByPageAdmin
2020-05-01 20:33:35.814 INFO  [http-nio-8080-exec-2]com.hnxx.zy.clms.common.aspect.RequestAspect.printRequestLog:152 -请求参数：******
2020-05-01 20:33:36.057 INFO  [http-nio-8080-exec-6]com.hnxx.zy.clms.common.aspect.RequestAspect.printRequestLog:142 -请求地址 : /notice/getUserNum
2020-05-01 20:33:36.058 INFO  [http-nio-8080-exec-6]com.hnxx.zy.clms.common.aspect.RequestAspect.printRequestLog:143 -请求方式 : GET
2020-05-01 20:33:36.059 INFO  [http-nio-8080-exec-6]com.hnxx.zy.clms.common.aspect.RequestAspect.printRequestLog:146 -IP : 127.0.0.1
2020-05-01 20:33:36.060 INFO  [http-nio-8080-exec-6]com.hnxx.zy.clms.common.aspect.RequestAspect.printRequestLog:148 -方法 : com.hnxx.zy.clms.controller.NoticeController.getUserNum
2020-05-01 20:33:36.061 INFO  [http-nio-8080-exec-6]com.hnxx.zy.clms.common.aspect.RequestAspect.printRequestLog:152 -请求参数：******
2020-05-01 20:33:36.143 INFO  [http-nio-8080-exec-6]com.hnxx.zy.clms.common.aspect.RequestAspect.doAround:91 -耗时 : 86
2020-05-01 20:33:36.143 INFO  [http-nio-8080-exec-6]com.hnxx.zy.clms.common.aspect.RequestAspect.doAfterReturning:109 -返回值:"******"
2020-05-01 20:33:36.434 INFO  [http-nio-8080-exec-2]com.hnxx.zy.clms.common.aspect.RequestAspect.doAround:91 -耗时 : 668
2020-05-01 20:33:36.445 INFO  [http-nio-8080-exec-2]com.hnxx.zy.clms.common.aspect.RequestAspect.doAfterReturning:109 -返回值:"******"
2020-05-01 20:33:42.824 INFO  [http-nio-8080-exec-7]com.hnxx.zy.clms.common.aspect.RequestAspect.printRequestLog:142 -请求地址 : /task/getUserNum
2020-05-01 20:33:42.825 INFO  [http-nio-8080-exec-7]com.hnxx.zy.clms.common.aspect.RequestAspect.printRequestLog:143 -请求方式 : GET
2020-05-01 20:33:42.826 INFO  [http-nio-8080-exec-7]com.hnxx.zy.clms.common.aspect.RequestAspect.printRequestLog:146 -IP : 127.0.0.1
2020-05-01 20:33:42.826 INFO  [http-nio-8080-exec-7]com.hnxx.zy.clms.common.aspect.RequestAspect.printRequestLog:148 -方法 : com.hnxx.zy.clms.controller.TaskController.getUserNum
2020-05-01 20:33:42.827 INFO  [http-nio-8080-exec-7]com.hnxx.zy.clms.common.aspect.RequestAspect.printRequestLog:152 -请求参数：******
2020-05-01 20:33:42.854 INFO  [http-nio-8080-exec-8]com.hnxx.zy.clms.common.aspect.RequestAspect.printRequestLog:142 -请求地址 : /task/getByPageAdmin
2020-05-01 20:33:42.855 INFO  [http-nio-8080-exec-8]com.hnxx.zy.clms.common.aspect.RequestAspect.printRequestLog:143 -请求方式 : POST
2020-05-01 20:33:42.856 INFO  [http-nio-8080-exec-8]com.hnxx.zy.clms.common.aspect.RequestAspect.printRequestLog:146 -IP : 127.0.0.1
2020-05-01 20:33:42.856 INFO  [http-nio-8080-exec-8]com.hnxx.zy.clms.common.aspect.RequestAspect.printRequestLog:148 -方法 : com.hnxx.zy.clms.controller.TaskController.getByPageAdmin
2020-05-01 20:33:42.857 INFO  [http-nio-8080-exec-8]com.hnxx.zy.clms.common.aspect.RequestAspect.printRequestLog:152 -请求参数：******
2020-05-01 20:33:42.908 INFO  [http-nio-8080-exec-7]com.hnxx.zy.clms.common.aspect.RequestAspect.doAround:91 -耗时 : 84
2020-05-01 20:33:42.909 INFO  [http-nio-8080-exec-7]com.hnxx.zy.clms.common.aspect.RequestAspect.doAfterReturning:109 -返回值:"******"
2020-05-01 20:33:43.467 INFO  [http-nio-8080-exec-8]com.hnxx.zy.clms.common.aspect.RequestAspect.doAround:91 -耗时 : 613
2020-05-01 20:33:43.468 INFO  [http-nio-8080-exec-8]com.hnxx.zy.clms.common.aspect.RequestAspect.doAfterReturning:109 -返回值:"******"
2020-05-01 20:33:50.579 INFO  [http-nio-8080-exec-3]com.hnxx.zy.clms.common.aspect.RequestAspect.printRequestLog:142 -请求地址 : /classes/all/1/10
2020-05-01 20:33:50.580 INFO  [http-nio-8080-exec-3]com.hnxx.zy.clms.common.aspect.RequestAspect.printRequestLog:143 -请求方式 : GET
2020-05-01 20:33:50.580 INFO  [http-nio-8080-exec-3]com.hnxx.zy.clms.common.aspect.RequestAspect.printRequestLog:146 -IP : 127.0.0.1
2020-05-01 20:33:50.581 INFO  [http-nio-8080-exec-3]com.hnxx.zy.clms.common.aspect.RequestAspect.printRequestLog:148 -方法 : com.hnxx.zy.clms.controller.ClassesController.findAllClassesByPage
2020-05-01 20:33:50.582 INFO  [http-nio-8080-exec-3]com.hnxx.zy.clms.common.aspect.RequestAspect.printRequestLog:152 -请求参数：******
2020-05-01 20:33:50.940 INFO  [http-nio-8080-exec-3]com.hnxx.zy.clms.common.aspect.RequestAspect.doAround:91 -耗时 : 361
2020-05-01 20:33:50.951 INFO  [http-nio-8080-exec-3]com.hnxx.zy.clms.common.aspect.RequestAspect.doAfterReturning:109 -返回值:"******"
