2020-06-02 04:54:45.423 INFO  [restartedMain]com.hnxx.zy.clms.ClmsApplication.logStarting:55 -Starting ClmsApplication on USER-20200114VO with PID 10780 (E:\ideaProject\clms\target\classes started by Administrator in E:\ideaProject\clms)
2020-06-02 04:54:45.434 INFO  [restartedMain]com.hnxx.zy.clms.ClmsApplication.logStartupProfileInfo:651 -No active profile set, falling back to default profiles: default
2020-06-02 04:54:45.631 INFO  [restartedMain]org.springframework.boot.devtools.restart.ChangeableUrls.logTo:225 -The Class-Path manifest attribute in E:\安装包\个人仓库\repo\com\sun\xml\bind\jaxb-impl\2.3.0\jaxb-impl-2.3.0.jar referenced one or more files that do not exist: file:/E:/%e5%ae%89%e8%a3%85%e5%8c%85/%e4%b8%aa%e4%ba%ba%e4%bb%93%e5%ba%93/repo/com/sun/xml/bind/jaxb-impl/2.3.0/jaxb-core.jar
2020-06-02 04:54:45.631 INFO  [restartedMain]org.springframework.boot.devtools.restart.ChangeableUrls.logTo:225 -The Class-Path manifest attribute in E:\安装包\个人仓库\repo\com\sun\xml\bind\jaxb-core\2.3.0\jaxb-core-2.3.0.jar referenced one or more files that do not exist: file:/E:/%e5%ae%89%e8%a3%85%e5%8c%85/%e4%b8%aa%e4%ba%ba%e4%bb%93%e5%ba%93/repo/com/sun/xml/bind/jaxb-core/2.3.0/jaxb-api.jar
2020-06-02 04:54:45.631 INFO  [restartedMain]o.s.b.devtools.env.DevToolsPropertyDefaultsPostProcessor.logTo:225 -Devtools property defaults active! Set 'spring.devtools.add-properties' to 'false' to disable
2020-06-02 04:54:45.631 INFO  [restartedMain]o.s.b.devtools.env.DevToolsPropertyDefaultsPostProcessor.logTo:225 -For additional web related logging consider setting the 'logging.level.web' property to 'DEBUG'
2020-06-02 04:54:51.458 INFO  [restartedMain]o.s.d.repository.config.RepositoryConfigurationDelegate.multipleStoresDetected:249 -Multiple Spring Data modules found, entering strict repository configuration mode!
2020-06-02 04:54:51.469 INFO  [restartedMain]o.s.d.repository.config.RepositoryConfigurationDelegate.registerRepositoriesIn:127 -Bootstrapping Spring Data Elasticsearch repositories in DEFAULT mode.
2020-06-02 04:54:51.528 INFO  [restartedMain]o.s.d.repository.config.RepositoryConfigurationDelegate.registerRepositoriesIn:187 -Finished Spring Data repository scanning in 54ms. Found 0 Elasticsearch repository interfaces.
2020-06-02 04:54:51.528 INFO  [restartedMain]o.s.d.repository.config.RepositoryConfigurationDelegate.multipleStoresDetected:249 -Multiple Spring Data modules found, entering strict repository configuration mode!
2020-06-02 04:54:51.538 INFO  [restartedMain]o.s.d.repository.config.RepositoryConfigurationDelegate.registerRepositoriesIn:127 -Bootstrapping Spring Data Reactive Elasticsearch repositories in DEFAULT mode.
2020-06-02 04:54:51.558 INFO  [restartedMain]o.s.d.repository.config.RepositoryConfigurationDelegate.registerRepositoriesIn:187 -Finished Spring Data repository scanning in 26ms. Found 0 Reactive Elasticsearch repository interfaces.
2020-06-02 04:54:51.588 INFO  [restartedMain]o.s.d.repository.config.RepositoryConfigurationDelegate.multipleStoresDetected:249 -Multiple Spring Data modules found, entering strict repository configuration mode!
2020-06-02 04:54:51.588 INFO  [restartedMain]o.s.d.repository.config.RepositoryConfigurationDelegate.registerRepositoriesIn:127 -Bootstrapping Spring Data Redis repositories in DEFAULT mode.
2020-06-02 04:54:51.618 INFO  [restartedMain]o.s.d.repository.config.RepositoryConfigurationDelegate.registerRepositoriesIn:187 -Finished Spring Data repository scanning in 9ms. Found 0 Redis repository interfaces.
2020-06-02 04:54:52.908 INFO  [restartedMain]o.s.c.s.PostProcessorRegistrationDelegate$BeanPostProcessorChecker.postProcessAfterInitialization:330 -Bean 'org.springframework.security.config.annotation.configuration.ObjectPostProcessorConfiguration' of type [org.springframework.security.config.annotation.configuration.ObjectPostProcessorConfiguration] is not eligible for getting processed by all BeanPostProcessors (for example: not eligible for auto-proxying)
2020-06-02 04:54:52.928 INFO  [restartedMain]o.s.c.s.PostProcessorRegistrationDelegate$BeanPostProcessorChecker.postProcessAfterInitialization:330 -Bean 'objectPostProcessor' of type [org.springframework.security.config.annotation.configuration.AutowireBeanFactoryObjectPostProcessor] is not eligible for getting processed by all BeanPostProcessors (for example: not eligible for auto-proxying)
2020-06-02 04:54:52.938 INFO  [restartedMain]o.s.c.s.PostProcessorRegistrationDelegate$BeanPostProcessorChecker.postProcessAfterInitialization:330 -Bean 'org.springframework.security.access.expression.method.DefaultMethodSecurityExpressionHandler@27b51c8' of type [org.springframework.security.access.expression.method.DefaultMethodSecurityExpressionHandler] is not eligible for getting processed by all BeanPostProcessors (for example: not eligible for auto-proxying)
2020-06-02 04:54:52.938 INFO  [restartedMain]o.s.c.s.PostProcessorRegistrationDelegate$BeanPostProcessorChecker.postProcessAfterInitialization:330 -Bean 'org.springframework.security.config.annotation.method.configuration.GlobalMethodSecurityConfiguration' of type [org.springframework.security.config.annotation.method.configuration.GlobalMethodSecurityConfiguration] is not eligible for getting processed by all BeanPostProcessors (for example: not eligible for auto-proxying)
2020-06-02 04:54:52.948 INFO  [restartedMain]o.s.c.s.PostProcessorRegistrationDelegate$BeanPostProcessorChecker.postProcessAfterInitialization:330 -Bean 'methodSecurityMetadataSource' of type [org.springframework.security.access.method.DelegatingMethodSecurityMetadataSource] is not eligible for getting processed by all BeanPostProcessors (for example: not eligible for auto-proxying)
2020-06-02 04:54:52.968 INFO  [restartedMain]o.s.c.s.PostProcessorRegistrationDelegate$BeanPostProcessorChecker.postProcessAfterInitialization:330 -Bean 'redisConfig' of type [com.hnxx.zy.clms.common.config.RedisConfig$$EnhancerBySpringCGLIB$$f63db44f] is not eligible for getting processed by all BeanPostProcessors (for example: not eligible for auto-proxying)
2020-06-02 04:54:53.028 INFO  [restartedMain]o.s.c.s.PostProcessorRegistrationDelegate$BeanPostProcessorChecker.postProcessAfterInitialization:330 -Bean 'jdbcConfig' of type [com.hnxx.zy.clms.common.config.JdbcConfig$$EnhancerBySpringCGLIB$$f83b9377] is not eligible for getting processed by all BeanPostProcessors (for example: not eligible for auto-proxying)
2020-06-02 04:54:53.087 INFO  [restartedMain]o.s.c.s.PostProcessorRegistrationDelegate$BeanPostProcessorChecker.postProcessAfterInitialization:330 -Bean 'druidStatInterceptor' of type [com.alibaba.druid.support.spring.stat.DruidStatInterceptor] is not eligible for getting processed by all BeanPostProcessors (for example: not eligible for auto-proxying)
2020-06-02 04:54:53.087 INFO  [restartedMain]o.s.c.s.PostProcessorRegistrationDelegate$BeanPostProcessorChecker.postProcessAfterInitialization:330 -Bean 'druidStatPointcut' of type [org.springframework.aop.support.JdkRegexpMethodPointcut] is not eligible for getting processed by all BeanPostProcessors (for example: not eligible for auto-proxying)
2020-06-02 04:54:53.087 INFO  [restartedMain]o.s.c.s.PostProcessorRegistrationDelegate$BeanPostProcessorChecker.postProcessAfterInitialization:330 -Bean 'druidStatAdvisor' of type [org.springframework.aop.support.DefaultPointcutAdvisor] is not eligible for getting processed by all BeanPostProcessors (for example: not eligible for auto-proxying)
2020-06-02 04:54:53.647 INFO  [restartedMain]o.s.boot.web.embedded.tomcat.TomcatWebServer.initialize:92 -Tomcat initialized with port(s): 8080 (http)
2020-06-02 04:54:53.657 INFO  [restartedMain]org.apache.coyote.http11.Http11NioProtocol.log:173 -Initializing ProtocolHandler ["http-nio-8080"]
2020-06-02 04:54:53.667 INFO  [restartedMain]org.apache.catalina.core.StandardService.log:173 -Starting service [Tomcat]
2020-06-02 04:54:53.667 INFO  [restartedMain]org.apache.catalina.core.StandardEngine.log:173 -Starting Servlet engine: [Apache Tomcat/9.0.31]
2020-06-02 04:54:53.767 INFO  [restartedMain]o.a.catalina.core.ContainerBase.[Tomcat].[localhost].[/].log:173 -Initializing Spring embedded WebApplicationContext
2020-06-02 04:54:53.767 INFO  [restartedMain]org.springframework.web.context.ContextLoader.prepareWebApplicationContext:284 -Root WebApplicationContext: initialization completed in 8126 ms
2020-06-02 04:54:55.316 INFO  [restartedMain]org.springframework.boot.web.servlet.RegistrationBean.register:110 -Filter webStatFilter was not registered (possibly already registered?)
2020-06-02 04:54:55.316 INFO  [restartedMain]org.springframework.boot.web.servlet.RegistrationBean.register:110 -Servlet statViewServlet was not registered (possibly already registered?)
2020-06-02 04:54:58.932 INFO  [restartedMain]o.s.security.web.DefaultSecurityFilterChain.<init>:43 -Creating filter chain: Ant [pattern='/css/**'], []
2020-06-02 04:54:58.932 INFO  [restartedMain]o.s.security.web.DefaultSecurityFilterChain.<init>:43 -Creating filter chain: Ant [pattern='/js/**,/static/**'], []
2020-06-02 04:54:58.932 INFO  [restartedMain]o.s.security.web.DefaultSecurityFilterChain.<init>:43 -Creating filter chain: Ant [pattern='/templates/**'], []
2020-06-02 04:54:58.932 INFO  [restartedMain]o.s.security.web.DefaultSecurityFilterChain.<init>:43 -Creating filter chain: Ant [pattern='/img/**'], []
2020-06-02 04:54:59.272 INFO  [restartedMain]o.s.b.a.web.servlet.WelcomePageHandlerMapping.<init>:58 -Adding welcome page template: index
2020-06-02 04:54:59.712 INFO  [restartedMain]o.s.security.web.DefaultSecurityFilterChain.<init>:43 -Creating filter chain: any request, [org.springframework.security.web.context.request.async.WebAsyncManagerIntegrationFilter@545aaf70, org.springframework.security.web.context.SecurityContextPersistenceFilter@6440aa19, org.springframework.security.web.header.HeaderWriterFilter@29b197e4, org.springframework.web.filter.CorsFilter@49e9190d, com.hnxx.zy.clms.security.jwt.JwtAuthTokenFilter@44a1cfc, org.springframework.security.web.authentication.logout.LogoutFilter@ae6823a, com.hnxx.zy.clms.security.sms.ValidateCodeFilter@6174a9b3, com.hnxx.zy.clms.security.sms.SmsValidateCodeFilter@679b544f, org.springframework.security.web.authentication.UsernamePasswordAuthenticationFilter@2c5a713f, org.springframework.security.web.savedrequest.RequestCacheAwareFilter@3a2bc3ba, org.springframework.security.web.servletapi.SecurityContextHolderAwareRequestFilter@382ab6c4, org.springframework.security.web.authentication.AnonymousAuthenticationFilter@66bb46e3, org.springframework.security.web.session.SessionManagementFilter@110f62ef, org.springframework.security.web.access.ExceptionTranslationFilter@c4bc837, org.springframework.security.web.access.intercept.FilterSecurityInterceptor@32f08706]
2020-06-02 04:54:59.852 INFO  [restartedMain]o.s.scheduling.concurrent.ThreadPoolTaskExecutor.initialize:181 -Initializing ExecutorService 'applicationTaskExecutor'
2020-06-02 04:55:01.961 INFO  [restartedMain]o.s.scheduling.concurrent.ThreadPoolTaskScheduler.initialize:181 -Initializing ExecutorService 'taskScheduler'
2020-06-02 04:55:02.091 INFO  [restartedMain]o.s.boot.devtools.autoconfigure.OptionalLiveReloadServer.startServer:58 -LiveReload server is running on port 35729
2020-06-02 04:55:02.240 INFO  [restartedMain]org.apache.coyote.http11.Http11NioProtocol.log:173 -Starting ProtocolHandler ["http-nio-8080"]
2020-06-02 04:55:02.260 INFO  [restartedMain]o.s.boot.web.embedded.tomcat.TomcatWebServer.start:204 -Tomcat started on port(s): 8080 (http) with context path ''
2020-06-02 04:55:02.270 INFO  [restartedMain]com.hnxx.zy.clms.ClmsApplication.logStarted:61 -Started ClmsApplication in 18.94 seconds (JVM running for 22.118)
2020-06-02 05:00:18.186 INFO  [http-nio-8080-exec-1]o.a.catalina.core.ContainerBase.[Tomcat].[localhost].[/].log:173 -Initializing Spring DispatcherServlet 'dispatcherServlet'
2020-06-02 05:00:18.187 INFO  [http-nio-8080-exec-1]org.springframework.web.servlet.DispatcherServlet.initServletBean:525 -Initializing Servlet 'dispatcherServlet'
2020-06-02 05:00:18.213 INFO  [http-nio-8080-exec-1]org.springframework.web.servlet.DispatcherServlet.initServletBean:547 -Completed initialization in 26 ms
2020-06-02 05:00:18.628 INFO  [http-nio-8080-exec-1]com.alibaba.druid.pool.DruidDataSource.init:930 -{dataSource-1} inited
2020-06-02 05:00:20.660 INFO  [http-nio-8080-exec-5]com.hnxx.zy.clms.common.aspect.RequestAspect.printRequestLog:142 -请求地址 : /articleType/getList
2020-06-02 05:00:20.661 INFO  [http-nio-8080-exec-5]com.hnxx.zy.clms.common.aspect.RequestAspect.printRequestLog:143 -请求方式 : GET
2020-06-02 05:00:20.662 INFO  [http-nio-8080-exec-5]com.hnxx.zy.clms.common.aspect.RequestAspect.printRequestLog:146 -IP : 127.0.0.1
2020-06-02 05:00:20.665 INFO  [http-nio-8080-exec-5]com.hnxx.zy.clms.common.aspect.RequestAspect.printRequestLog:148 -方法 : com.hnxx.zy.clms.controller.ArticleTypeController.getList
2020-06-02 05:00:20.666 INFO  [http-nio-8080-exec-5]com.hnxx.zy.clms.common.aspect.RequestAspect.printRequestLog:152 -请求参数：******
2020-06-02 05:00:20.709 INFO  [http-nio-8080-exec-5]com.hnxx.zy.clms.common.aspect.RequestAspect.doAround:91 -耗时 : 50
2020-06-02 05:00:20.715 INFO  [http-nio-8080-exec-5]com.hnxx.zy.clms.common.aspect.RequestAspect.doAfterReturning:109 -返回值:"******"
2020-06-02 05:00:28.402 INFO  [http-nio-8080-exec-6]com.hnxx.zy.clms.common.aspect.RequestAspect.printRequestLog:142 -请求地址 : /user/get/byPage
2020-06-02 05:00:28.404 INFO  [http-nio-8080-exec-6]com.hnxx.zy.clms.common.aspect.RequestAspect.printRequestLog:143 -请求方式 : POST
2020-06-02 05:00:28.404 INFO  [http-nio-8080-exec-6]com.hnxx.zy.clms.common.aspect.RequestAspect.printRequestLog:146 -IP : 127.0.0.1
2020-06-02 05:00:28.404 INFO  [http-nio-8080-exec-6]com.hnxx.zy.clms.common.aspect.RequestAspect.printRequestLog:148 -方法 : com.hnxx.zy.clms.controller.UserController.getByPage
2020-06-02 05:00:28.405 INFO  [http-nio-8080-exec-6]com.hnxx.zy.clms.common.aspect.RequestAspect.printRequestLog:152 -请求参数：******
2020-06-02 05:00:28.680 INFO  [http-nio-8080-exec-6]com.hnxx.zy.clms.common.aspect.RequestAspect.doAround:91 -耗时 : 278
2020-06-02 05:00:28.697 INFO  [http-nio-8080-exec-6]com.hnxx.zy.clms.common.aspect.RequestAspect.doAfterReturning:109 -返回值:"******"
2020-06-02 05:00:40.923 INFO  [http-nio-8080-exec-7]com.hnxx.zy.clms.common.aspect.RequestAspect.printRequestLog:142 -请求地址 : /user/get/byPage
2020-06-02 05:00:40.924 INFO  [http-nio-8080-exec-7]com.hnxx.zy.clms.common.aspect.RequestAspect.printRequestLog:143 -请求方式 : POST
2020-06-02 05:00:40.925 INFO  [http-nio-8080-exec-7]com.hnxx.zy.clms.common.aspect.RequestAspect.printRequestLog:146 -IP : 127.0.0.1
2020-06-02 05:00:40.925 INFO  [http-nio-8080-exec-7]com.hnxx.zy.clms.common.aspect.RequestAspect.printRequestLog:148 -方法 : com.hnxx.zy.clms.controller.UserController.getByPage
2020-06-02 05:00:40.926 INFO  [http-nio-8080-exec-7]com.hnxx.zy.clms.common.aspect.RequestAspect.printRequestLog:152 -请求参数：******
2020-06-02 05:00:41.010 INFO  [http-nio-8080-exec-7]com.hnxx.zy.clms.common.aspect.RequestAspect.doAround:91 -耗时 : 87
2020-06-02 05:00:41.012 INFO  [http-nio-8080-exec-7]com.hnxx.zy.clms.common.aspect.RequestAspect.doAfterReturning:109 -返回值:"******"
2020-06-02 05:00:46.153 INFO  [http-nio-8080-exec-8]com.hnxx.zy.clms.common.aspect.RequestAspect.printRequestLog:142 -请求地址 : /user/get/byPage
2020-06-02 05:00:46.153 INFO  [http-nio-8080-exec-8]com.hnxx.zy.clms.common.aspect.RequestAspect.printRequestLog:143 -请求方式 : POST
2020-06-02 05:00:46.154 INFO  [http-nio-8080-exec-8]com.hnxx.zy.clms.common.aspect.RequestAspect.printRequestLog:146 -IP : 127.0.0.1
2020-06-02 05:00:46.156 INFO  [http-nio-8080-exec-8]com.hnxx.zy.clms.common.aspect.RequestAspect.printRequestLog:148 -方法 : com.hnxx.zy.clms.controller.UserController.getByPage
2020-06-02 05:00:46.157 INFO  [http-nio-8080-exec-8]com.hnxx.zy.clms.common.aspect.RequestAspect.printRequestLog:152 -请求参数：******
2020-06-02 05:00:46.238 INFO  [http-nio-8080-exec-8]com.hnxx.zy.clms.common.aspect.RequestAspect.doAround:91 -耗时 : 85
2020-06-02 05:00:46.240 INFO  [http-nio-8080-exec-8]com.hnxx.zy.clms.common.aspect.RequestAspect.doAfterReturning:109 -返回值:"******"
2020-06-02 05:01:31.789 INFO  [http-nio-8080-exec-10]com.hnxx.zy.clms.common.aspect.RequestAspect.printRequestLog:142 -请求地址 : /articleType/getList
2020-06-02 05:01:31.790 INFO  [http-nio-8080-exec-10]com.hnxx.zy.clms.common.aspect.RequestAspect.printRequestLog:143 -请求方式 : GET
2020-06-02 05:01:31.791 INFO  [http-nio-8080-exec-10]com.hnxx.zy.clms.common.aspect.RequestAspect.printRequestLog:146 -IP : 127.0.0.1
2020-06-02 05:01:31.791 INFO  [http-nio-8080-exec-10]com.hnxx.zy.clms.common.aspect.RequestAspect.printRequestLog:148 -方法 : com.hnxx.zy.clms.controller.ArticleTypeController.getList
2020-06-02 05:01:31.792 INFO  [http-nio-8080-exec-10]com.hnxx.zy.clms.common.aspect.RequestAspect.printRequestLog:152 -请求参数：******
2020-06-02 05:01:31.825 INFO  [http-nio-8080-exec-2]com.hnxx.zy.clms.common.aspect.RequestAspect.printRequestLog:142 -请求地址 : /user/get/byPage
2020-06-02 05:01:31.826 INFO  [http-nio-8080-exec-2]com.hnxx.zy.clms.common.aspect.RequestAspect.printRequestLog:143 -请求方式 : POST
2020-06-02 05:01:31.827 INFO  [http-nio-8080-exec-2]com.hnxx.zy.clms.common.aspect.RequestAspect.printRequestLog:146 -IP : 127.0.0.1
2020-06-02 05:01:31.827 INFO  [http-nio-8080-exec-2]com.hnxx.zy.clms.common.aspect.RequestAspect.printRequestLog:148 -方法 : com.hnxx.zy.clms.controller.UserController.getByPage
2020-06-02 05:01:31.828 INFO  [http-nio-8080-exec-2]com.hnxx.zy.clms.common.aspect.RequestAspect.printRequestLog:152 -请求参数：******
2020-06-02 05:01:31.861 INFO  [http-nio-8080-exec-10]com.hnxx.zy.clms.common.aspect.RequestAspect.doAround:91 -耗时 : 72
2020-06-02 05:01:31.863 INFO  [http-nio-8080-exec-10]com.hnxx.zy.clms.common.aspect.RequestAspect.doAfterReturning:109 -返回值:"******"
2020-06-02 05:01:31.941 INFO  [http-nio-8080-exec-2]com.hnxx.zy.clms.common.aspect.RequestAspect.doAround:91 -耗时 : 116
2020-06-02 05:01:31.942 INFO  [http-nio-8080-exec-2]com.hnxx.zy.clms.common.aspect.RequestAspect.doAfterReturning:109 -返回值:"******"
2020-06-02 05:01:35.782 INFO  [http-nio-8080-exec-1]com.hnxx.zy.clms.common.aspect.RequestAspect.printRequestLog:142 -请求地址 : /user/get/byPage
2020-06-02 05:01:35.783 INFO  [http-nio-8080-exec-1]com.hnxx.zy.clms.common.aspect.RequestAspect.printRequestLog:143 -请求方式 : POST
2020-06-02 05:01:35.783 INFO  [http-nio-8080-exec-1]com.hnxx.zy.clms.common.aspect.RequestAspect.printRequestLog:146 -IP : 127.0.0.1
2020-06-02 05:01:35.784 INFO  [http-nio-8080-exec-1]com.hnxx.zy.clms.common.aspect.RequestAspect.printRequestLog:148 -方法 : com.hnxx.zy.clms.controller.UserController.getByPage
2020-06-02 05:01:35.785 INFO  [http-nio-8080-exec-1]com.hnxx.zy.clms.common.aspect.RequestAspect.printRequestLog:152 -请求参数：******
2020-06-02 05:01:35.869 INFO  [http-nio-8080-exec-1]com.hnxx.zy.clms.common.aspect.RequestAspect.doAround:91 -耗时 : 87
2020-06-02 05:01:35.870 INFO  [http-nio-8080-exec-1]com.hnxx.zy.clms.common.aspect.RequestAspect.doAfterReturning:109 -返回值:"******"
2020-06-02 05:01:35.871 INFO  [http-nio-8080-exec-3]com.hnxx.zy.clms.common.aspect.RequestAspect.printRequestLog:142 -请求地址 : /user/get/byPage
2020-06-02 05:01:35.872 INFO  [http-nio-8080-exec-3]com.hnxx.zy.clms.common.aspect.RequestAspect.printRequestLog:143 -请求方式 : POST
2020-06-02 05:01:35.872 INFO  [http-nio-8080-exec-3]com.hnxx.zy.clms.common.aspect.RequestAspect.printRequestLog:146 -IP : 127.0.0.1
2020-06-02 05:01:35.873 INFO  [http-nio-8080-exec-3]com.hnxx.zy.clms.common.aspect.RequestAspect.printRequestLog:148 -方法 : com.hnxx.zy.clms.controller.UserController.getByPage
2020-06-02 05:01:35.874 INFO  [http-nio-8080-exec-3]com.hnxx.zy.clms.common.aspect.RequestAspect.printRequestLog:152 -请求参数：******
2020-06-02 05:01:35.952 INFO  [http-nio-8080-exec-3]com.hnxx.zy.clms.common.aspect.RequestAspect.doAround:91 -耗时 : 81
2020-06-02 05:01:35.953 INFO  [http-nio-8080-exec-3]com.hnxx.zy.clms.common.aspect.RequestAspect.doAfterReturning:109 -返回值:"******"
2020-06-02 05:01:39.806 INFO  [http-nio-8080-exec-5]com.hnxx.zy.clms.common.aspect.RequestAspect.printRequestLog:142 -请求地址 : /user/get/byPage
2020-06-02 05:01:39.807 INFO  [http-nio-8080-exec-5]com.hnxx.zy.clms.common.aspect.RequestAspect.printRequestLog:143 -请求方式 : POST
2020-06-02 05:01:39.808 INFO  [http-nio-8080-exec-5]com.hnxx.zy.clms.common.aspect.RequestAspect.printRequestLog:146 -IP : 127.0.0.1
2020-06-02 05:01:39.808 INFO  [http-nio-8080-exec-5]com.hnxx.zy.clms.common.aspect.RequestAspect.printRequestLog:148 -方法 : com.hnxx.zy.clms.controller.UserController.getByPage
2020-06-02 05:01:39.809 INFO  [http-nio-8080-exec-5]com.hnxx.zy.clms.common.aspect.RequestAspect.printRequestLog:152 -请求参数：******
2020-06-02 05:01:39.888 INFO  [http-nio-8080-exec-5]com.hnxx.zy.clms.common.aspect.RequestAspect.doAround:91 -耗时 : 82
2020-06-02 05:01:39.889 INFO  [http-nio-8080-exec-5]com.hnxx.zy.clms.common.aspect.RequestAspect.doAfterReturning:109 -返回值:"******"
2020-06-02 05:01:46.192 INFO  [http-nio-8080-exec-6]com.hnxx.zy.clms.common.aspect.RequestAspect.printRequestLog:142 -请求地址 : /user/get/byPage
2020-06-02 05:01:46.193 INFO  [http-nio-8080-exec-6]com.hnxx.zy.clms.common.aspect.RequestAspect.printRequestLog:143 -请求方式 : POST
2020-06-02 05:01:46.194 INFO  [http-nio-8080-exec-6]com.hnxx.zy.clms.common.aspect.RequestAspect.printRequestLog:146 -IP : 127.0.0.1
2020-06-02 05:01:46.194 INFO  [http-nio-8080-exec-6]com.hnxx.zy.clms.common.aspect.RequestAspect.printRequestLog:148 -方法 : com.hnxx.zy.clms.controller.UserController.getByPage
2020-06-02 05:01:46.195 INFO  [http-nio-8080-exec-6]com.hnxx.zy.clms.common.aspect.RequestAspect.printRequestLog:152 -请求参数：******
2020-06-02 05:01:46.268 INFO  [http-nio-8080-exec-6]com.hnxx.zy.clms.common.aspect.RequestAspect.doAround:91 -耗时 : 76
2020-06-02 05:01:46.268 INFO  [http-nio-8080-exec-6]com.hnxx.zy.clms.common.aspect.RequestAspect.doAfterReturning:109 -返回值:"******"
2020-06-02 05:01:46.550 INFO  [http-nio-8080-exec-7]com.hnxx.zy.clms.common.aspect.RequestAspect.printRequestLog:142 -请求地址 : /user/get/byPage
2020-06-02 05:01:46.550 INFO  [http-nio-8080-exec-7]com.hnxx.zy.clms.common.aspect.RequestAspect.printRequestLog:143 -请求方式 : POST
2020-06-02 05:01:46.550 INFO  [http-nio-8080-exec-7]com.hnxx.zy.clms.common.aspect.RequestAspect.printRequestLog:146 -IP : 127.0.0.1
2020-06-02 05:01:46.550 INFO  [http-nio-8080-exec-7]com.hnxx.zy.clms.common.aspect.RequestAspect.printRequestLog:148 -方法 : com.hnxx.zy.clms.controller.UserController.getByPage
2020-06-02 05:01:46.550 INFO  [http-nio-8080-exec-7]com.hnxx.zy.clms.common.aspect.RequestAspect.printRequestLog:152 -请求参数：******
2020-06-02 05:01:46.620 INFO  [http-nio-8080-exec-7]com.hnxx.zy.clms.common.aspect.RequestAspect.doAround:91 -耗时 : 70
2020-06-02 05:01:46.620 INFO  [http-nio-8080-exec-7]com.hnxx.zy.clms.common.aspect.RequestAspect.doAfterReturning:109 -返回值:"******"
2020-06-02 05:01:48.776 INFO  [http-nio-8080-exec-8]com.hnxx.zy.clms.common.aspect.RequestAspect.printRequestLog:142 -请求地址 : /user/get/byPage
2020-06-02 05:01:48.777 INFO  [http-nio-8080-exec-8]com.hnxx.zy.clms.common.aspect.RequestAspect.printRequestLog:143 -请求方式 : POST
2020-06-02 05:01:48.777 INFO  [http-nio-8080-exec-8]com.hnxx.zy.clms.common.aspect.RequestAspect.printRequestLog:146 -IP : 127.0.0.1
2020-06-02 05:01:48.778 INFO  [http-nio-8080-exec-8]com.hnxx.zy.clms.common.aspect.RequestAspect.printRequestLog:148 -方法 : com.hnxx.zy.clms.controller.UserController.getByPage
2020-06-02 05:01:48.778 INFO  [http-nio-8080-exec-8]com.hnxx.zy.clms.common.aspect.RequestAspect.printRequestLog:152 -请求参数：******
2020-06-02 05:01:48.852 INFO  [http-nio-8080-exec-8]com.hnxx.zy.clms.common.aspect.RequestAspect.doAround:91 -耗时 : 75
2020-06-02 05:01:48.853 INFO  [http-nio-8080-exec-8]com.hnxx.zy.clms.common.aspect.RequestAspect.doAfterReturning:109 -返回值:"******"
2020-06-02 05:01:52.478 INFO  [http-nio-8080-exec-9]com.hnxx.zy.clms.common.aspect.RequestAspect.printRequestLog:142 -请求地址 : /user/get/byPage
2020-06-02 05:01:52.478 INFO  [http-nio-8080-exec-9]com.hnxx.zy.clms.common.aspect.RequestAspect.printRequestLog:143 -请求方式 : POST
2020-06-02 05:01:52.479 INFO  [http-nio-8080-exec-9]com.hnxx.zy.clms.common.aspect.RequestAspect.printRequestLog:146 -IP : 127.0.0.1
2020-06-02 05:01:52.479 INFO  [http-nio-8080-exec-9]com.hnxx.zy.clms.common.aspect.RequestAspect.printRequestLog:148 -方法 : com.hnxx.zy.clms.controller.UserController.getByPage
2020-06-02 05:01:52.480 INFO  [http-nio-8080-exec-9]com.hnxx.zy.clms.common.aspect.RequestAspect.printRequestLog:152 -请求参数：******
2020-06-02 05:01:52.554 INFO  [http-nio-8080-exec-9]com.hnxx.zy.clms.common.aspect.RequestAspect.doAround:91 -耗时 : 76
2020-06-02 05:01:52.555 INFO  [http-nio-8080-exec-9]com.hnxx.zy.clms.common.aspect.RequestAspect.doAfterReturning:109 -返回值:"******"
2020-06-02 05:01:54.604 INFO  [http-nio-8080-exec-10]com.hnxx.zy.clms.common.aspect.RequestAspect.printRequestLog:142 -请求地址 : /user/get/byPage
2020-06-02 05:01:54.605 INFO  [http-nio-8080-exec-10]com.hnxx.zy.clms.common.aspect.RequestAspect.printRequestLog:143 -请求方式 : POST
2020-06-02 05:01:54.605 INFO  [http-nio-8080-exec-10]com.hnxx.zy.clms.common.aspect.RequestAspect.printRequestLog:146 -IP : 127.0.0.1
2020-06-02 05:01:54.605 INFO  [http-nio-8080-exec-10]com.hnxx.zy.clms.common.aspect.RequestAspect.printRequestLog:148 -方法 : com.hnxx.zy.clms.controller.UserController.getByPage
2020-06-02 05:01:54.606 INFO  [http-nio-8080-exec-10]com.hnxx.zy.clms.common.aspect.RequestAspect.printRequestLog:152 -请求参数：******
2020-06-02 05:01:54.677 INFO  [http-nio-8080-exec-10]com.hnxx.zy.clms.common.aspect.RequestAspect.doAround:91 -耗时 : 73
2020-06-02 05:01:54.678 INFO  [http-nio-8080-exec-10]com.hnxx.zy.clms.common.aspect.RequestAspect.doAfterReturning:109 -返回值:"******"
2020-06-02 05:01:56.773 INFO  [http-nio-8080-exec-2]com.hnxx.zy.clms.common.aspect.RequestAspect.printRequestLog:142 -请求地址 : /user/get/byPage
2020-06-02 05:01:56.773 INFO  [http-nio-8080-exec-2]com.hnxx.zy.clms.common.aspect.RequestAspect.printRequestLog:143 -请求方式 : POST
2020-06-02 05:01:56.773 INFO  [http-nio-8080-exec-2]com.hnxx.zy.clms.common.aspect.RequestAspect.printRequestLog:146 -IP : 127.0.0.1
2020-06-02 05:01:56.773 INFO  [http-nio-8080-exec-2]com.hnxx.zy.clms.common.aspect.RequestAspect.printRequestLog:148 -方法 : com.hnxx.zy.clms.controller.UserController.getByPage
2020-06-02 05:01:56.773 INFO  [http-nio-8080-exec-2]com.hnxx.zy.clms.common.aspect.RequestAspect.printRequestLog:152 -请求参数：******
2020-06-02 05:01:56.843 INFO  [http-nio-8080-exec-2]com.hnxx.zy.clms.common.aspect.RequestAspect.doAround:91 -耗时 : 70
2020-06-02 05:01:56.843 INFO  [http-nio-8080-exec-2]com.hnxx.zy.clms.common.aspect.RequestAspect.doAfterReturning:109 -返回值:"******"
2020-06-02 05:01:56.863 INFO  [http-nio-8080-exec-1]com.hnxx.zy.clms.common.aspect.RequestAspect.printRequestLog:142 -请求地址 : /user/get/byPage
2020-06-02 05:01:56.863 INFO  [http-nio-8080-exec-1]com.hnxx.zy.clms.common.aspect.RequestAspect.printRequestLog:143 -请求方式 : POST
2020-06-02 05:01:56.863 INFO  [http-nio-8080-exec-1]com.hnxx.zy.clms.common.aspect.RequestAspect.printRequestLog:146 -IP : 127.0.0.1
2020-06-02 05:01:56.863 INFO  [http-nio-8080-exec-1]com.hnxx.zy.clms.common.aspect.RequestAspect.printRequestLog:148 -方法 : com.hnxx.zy.clms.controller.UserController.getByPage
2020-06-02 05:01:56.863 INFO  [http-nio-8080-exec-1]com.hnxx.zy.clms.common.aspect.RequestAspect.printRequestLog:152 -请求参数：******
2020-06-02 05:01:56.947 INFO  [http-nio-8080-exec-1]com.hnxx.zy.clms.common.aspect.RequestAspect.doAround:91 -耗时 : 84
2020-06-02 05:01:56.949 INFO  [http-nio-8080-exec-1]com.hnxx.zy.clms.common.aspect.RequestAspect.doAfterReturning:109 -返回值:"******"
2020-06-02 05:02:01.784 INFO  [http-nio-8080-exec-3]com.hnxx.zy.clms.common.aspect.RequestAspect.printRequestLog:142 -请求地址 : /user/get/byPage
2020-06-02 05:02:01.784 INFO  [http-nio-8080-exec-3]com.hnxx.zy.clms.common.aspect.RequestAspect.printRequestLog:143 -请求方式 : POST
2020-06-02 05:02:01.785 INFO  [http-nio-8080-exec-3]com.hnxx.zy.clms.common.aspect.RequestAspect.printRequestLog:146 -IP : 127.0.0.1
2020-06-02 05:02:01.786 INFO  [http-nio-8080-exec-3]com.hnxx.zy.clms.common.aspect.RequestAspect.printRequestLog:148 -方法 : com.hnxx.zy.clms.controller.UserController.getByPage
2020-06-02 05:02:01.787 INFO  [http-nio-8080-exec-3]com.hnxx.zy.clms.common.aspect.RequestAspect.printRequestLog:152 -请求参数：******
2020-06-02 05:02:01.867 INFO  [http-nio-8080-exec-3]com.hnxx.zy.clms.common.aspect.RequestAspect.doAround:91 -耗时 : 83
2020-06-02 05:02:01.868 INFO  [http-nio-8080-exec-3]com.hnxx.zy.clms.common.aspect.RequestAspect.doAfterReturning:109 -返回值:"******"
2020-06-02 05:02:01.886 INFO  [http-nio-8080-exec-5]com.hnxx.zy.clms.common.aspect.RequestAspect.printRequestLog:142 -请求地址 : /user/get/byPage
2020-06-02 05:02:01.887 INFO  [http-nio-8080-exec-5]com.hnxx.zy.clms.common.aspect.RequestAspect.printRequestLog:143 -请求方式 : POST
2020-06-02 05:02:01.887 INFO  [http-nio-8080-exec-5]com.hnxx.zy.clms.common.aspect.RequestAspect.printRequestLog:146 -IP : 127.0.0.1
2020-06-02 05:02:01.888 INFO  [http-nio-8080-exec-5]com.hnxx.zy.clms.common.aspect.RequestAspect.printRequestLog:148 -方法 : com.hnxx.zy.clms.controller.UserController.getByPage
2020-06-02 05:02:01.888 INFO  [http-nio-8080-exec-5]com.hnxx.zy.clms.common.aspect.RequestAspect.printRequestLog:152 -请求参数：******
2020-06-02 05:02:01.963 INFO  [http-nio-8080-exec-5]com.hnxx.zy.clms.common.aspect.RequestAspect.doAround:91 -耗时 : 77
2020-06-02 05:02:01.964 INFO  [http-nio-8080-exec-5]com.hnxx.zy.clms.common.aspect.RequestAspect.doAfterReturning:109 -返回值:"******"
2020-06-02 05:02:12.270 INFO  [http-nio-8080-exec-4]com.hnxx.zy.clms.common.aspect.RequestAspect.printRequestLog:142 -请求地址 : /user/get/byPage
2020-06-02 05:02:12.271 INFO  [http-nio-8080-exec-4]com.hnxx.zy.clms.common.aspect.RequestAspect.printRequestLog:143 -请求方式 : POST
2020-06-02 05:02:12.272 INFO  [http-nio-8080-exec-4]com.hnxx.zy.clms.common.aspect.RequestAspect.printRequestLog:146 -IP : 127.0.0.1
2020-06-02 05:02:12.272 INFO  [http-nio-8080-exec-4]com.hnxx.zy.clms.common.aspect.RequestAspect.printRequestLog:148 -方法 : com.hnxx.zy.clms.controller.UserController.getByPage
2020-06-02 05:02:12.272 INFO  [http-nio-8080-exec-4]com.hnxx.zy.clms.common.aspect.RequestAspect.printRequestLog:152 -请求参数：******
2020-06-02 05:02:12.346 INFO  [http-nio-8080-exec-4]com.hnxx.zy.clms.common.aspect.RequestAspect.doAround:91 -耗时 : 76
2020-06-02 05:02:12.347 INFO  [http-nio-8080-exec-4]com.hnxx.zy.clms.common.aspect.RequestAspect.doAfterReturning:109 -返回值:"******"
2020-06-02 05:02:42.308 INFO  [http-nio-8080-exec-6]com.hnxx.zy.clms.common.aspect.RequestAspect.printRequestLog:142 -请求地址 : /article/getByPage
2020-06-02 05:02:42.309 INFO  [http-nio-8080-exec-6]com.hnxx.zy.clms.common.aspect.RequestAspect.printRequestLog:143 -请求方式 : POST
2020-06-02 05:02:42.310 INFO  [http-nio-8080-exec-6]com.hnxx.zy.clms.common.aspect.RequestAspect.printRequestLog:146 -IP : 127.0.0.1
2020-06-02 05:02:42.310 INFO  [http-nio-8080-exec-6]com.hnxx.zy.clms.common.aspect.RequestAspect.printRequestLog:148 -方法 : com.hnxx.zy.clms.controller.ArticleController.getByPage
2020-06-02 05:02:42.310 INFO  [http-nio-8080-exec-6]com.hnxx.zy.clms.common.aspect.RequestAspect.printRequestLog:152 -请求参数：******
2020-06-02 05:02:43.059 INFO  [http-nio-8080-exec-6]com.hnxx.zy.clms.common.aspect.RequestAspect.doAround:91 -耗时 : 751
2020-06-02 05:02:43.072 INFO  [http-nio-8080-exec-6]com.hnxx.zy.clms.common.aspect.RequestAspect.doAfterReturning:109 -返回值:"******"
2020-06-02 05:02:51.004 INFO  [http-nio-8080-exec-7]com.hnxx.zy.clms.common.aspect.RequestAspect.printRequestLog:142 -请求地址 : /articleType/getAll
2020-06-02 05:02:51.005 INFO  [http-nio-8080-exec-7]com.hnxx.zy.clms.common.aspect.RequestAspect.printRequestLog:143 -请求方式 : GET
2020-06-02 05:02:51.006 INFO  [http-nio-8080-exec-7]com.hnxx.zy.clms.common.aspect.RequestAspect.printRequestLog:146 -IP : 127.0.0.1
2020-06-02 05:02:51.006 INFO  [http-nio-8080-exec-7]com.hnxx.zy.clms.common.aspect.RequestAspect.printRequestLog:148 -方法 : com.hnxx.zy.clms.controller.ArticleTypeController.getAll
2020-06-02 05:02:51.006 INFO  [http-nio-8080-exec-7]com.hnxx.zy.clms.common.aspect.RequestAspect.printRequestLog:152 -请求参数：******
2020-06-02 05:02:51.052 INFO  [http-nio-8080-exec-7]com.hnxx.zy.clms.common.aspect.RequestAspect.doAround:91 -耗时 : 48
2020-06-02 05:02:51.053 INFO  [http-nio-8080-exec-7]com.hnxx.zy.clms.common.aspect.RequestAspect.doAfterReturning:109 -返回值:"******"
2020-06-02 05:02:53.560 INFO  [http-nio-8080-exec-8]com.hnxx.zy.clms.common.aspect.RequestAspect.printRequestLog:142 -请求地址 : /comment/getByPage
2020-06-02 05:02:53.560 INFO  [http-nio-8080-exec-8]com.hnxx.zy.clms.common.aspect.RequestAspect.printRequestLog:143 -请求方式 : POST
2020-06-02 05:02:53.561 INFO  [http-nio-8080-exec-8]com.hnxx.zy.clms.common.aspect.RequestAspect.printRequestLog:146 -IP : 127.0.0.1
2020-06-02 05:02:53.562 INFO  [http-nio-8080-exec-8]com.hnxx.zy.clms.common.aspect.RequestAspect.printRequestLog:148 -方法 : com.hnxx.zy.clms.controller.CommentController.getByPage
2020-06-02 05:02:53.562 INFO  [http-nio-8080-exec-8]com.hnxx.zy.clms.common.aspect.RequestAspect.printRequestLog:152 -请求参数：******
2020-06-02 05:02:54.037 INFO  [http-nio-8080-exec-8]com.hnxx.zy.clms.common.aspect.RequestAspect.doAround:91 -耗时 : 477
2020-06-02 05:02:54.046 INFO  [http-nio-8080-exec-8]com.hnxx.zy.clms.common.aspect.RequestAspect.doAfterReturning:109 -返回值:"******"
2020-06-02 05:02:57.198 INFO  [http-nio-8080-exec-9]com.hnxx.zy.clms.common.aspect.RequestAspect.printRequestLog:142 -请求地址 : /user/get/byPage
2020-06-02 05:02:57.199 INFO  [http-nio-8080-exec-9]com.hnxx.zy.clms.common.aspect.RequestAspect.printRequestLog:143 -请求方式 : POST
2020-06-02 05:02:57.199 INFO  [http-nio-8080-exec-9]com.hnxx.zy.clms.common.aspect.RequestAspect.printRequestLog:146 -IP : 127.0.0.1
2020-06-02 05:02:57.199 INFO  [http-nio-8080-exec-9]com.hnxx.zy.clms.common.aspect.RequestAspect.printRequestLog:148 -方法 : com.hnxx.zy.clms.controller.UserController.getByPage
2020-06-02 05:02:57.200 INFO  [http-nio-8080-exec-9]com.hnxx.zy.clms.common.aspect.RequestAspect.printRequestLog:152 -请求参数：******
2020-06-02 05:02:57.272 INFO  [http-nio-8080-exec-9]com.hnxx.zy.clms.common.aspect.RequestAspect.doAround:91 -耗时 : 74
2020-06-02 05:02:57.272 INFO  [http-nio-8080-exec-9]com.hnxx.zy.clms.common.aspect.RequestAspect.doAfterReturning:109 -返回值:"******"
2020-06-02 05:07:12.208 INFO  [http-nio-8080-exec-10]com.hnxx.zy.clms.common.aspect.RequestAspect.printRequestLog:142 -请求地址 : /articleType/getAll
2020-06-02 05:07:12.209 INFO  [http-nio-8080-exec-10]com.hnxx.zy.clms.common.aspect.RequestAspect.printRequestLog:143 -请求方式 : GET
2020-06-02 05:07:12.210 INFO  [http-nio-8080-exec-10]com.hnxx.zy.clms.common.aspect.RequestAspect.printRequestLog:146 -IP : 127.0.0.1
2020-06-02 05:07:12.211 INFO  [http-nio-8080-exec-10]com.hnxx.zy.clms.common.aspect.RequestAspect.printRequestLog:148 -方法 : com.hnxx.zy.clms.controller.ArticleTypeController.getAll
2020-06-02 05:07:12.211 INFO  [http-nio-8080-exec-10]com.hnxx.zy.clms.common.aspect.RequestAspect.printRequestLog:152 -请求参数：******
2020-06-02 05:07:12.251 INFO  [http-nio-8080-exec-10]com.hnxx.zy.clms.common.aspect.RequestAspect.doAround:91 -耗时 : 43
2020-06-02 05:07:12.252 INFO  [http-nio-8080-exec-10]com.hnxx.zy.clms.common.aspect.RequestAspect.doAfterReturning:109 -返回值:"******"
2020-06-02 05:07:16.835 INFO  [http-nio-8080-exec-2]com.hnxx.zy.clms.common.aspect.RequestAspect.printRequestLog:142 -请求地址 : /user/get/byPage
2020-06-02 05:07:16.836 INFO  [http-nio-8080-exec-2]com.hnxx.zy.clms.common.aspect.RequestAspect.printRequestLog:143 -请求方式 : POST
2020-06-02 05:07:16.836 INFO  [http-nio-8080-exec-2]com.hnxx.zy.clms.common.aspect.RequestAspect.printRequestLog:146 -IP : 127.0.0.1
2020-06-02 05:07:16.837 INFO  [http-nio-8080-exec-2]com.hnxx.zy.clms.common.aspect.RequestAspect.printRequestLog:148 -方法 : com.hnxx.zy.clms.controller.UserController.getByPage
2020-06-02 05:07:16.837 INFO  [http-nio-8080-exec-2]com.hnxx.zy.clms.common.aspect.RequestAspect.printRequestLog:152 -请求参数：******
2020-06-02 05:07:16.911 INFO  [http-nio-8080-exec-2]com.hnxx.zy.clms.common.aspect.RequestAspect.doAround:91 -耗时 : 76
2020-06-02 05:07:16.912 INFO  [http-nio-8080-exec-2]com.hnxx.zy.clms.common.aspect.RequestAspect.doAfterReturning:109 -返回值:"******"
2020-06-02 05:08:45.230 INFO  [http-nio-8080-exec-1]com.hnxx.zy.clms.common.aspect.RequestAspect.printRequestLog:142 -请求地址 : /user/get/byPage
2020-06-02 05:08:45.230 INFO  [http-nio-8080-exec-1]com.hnxx.zy.clms.common.aspect.RequestAspect.printRequestLog:143 -请求方式 : POST
2020-06-02 05:08:45.231 INFO  [http-nio-8080-exec-1]com.hnxx.zy.clms.common.aspect.RequestAspect.printRequestLog:146 -IP : 127.0.0.1
2020-06-02 05:08:45.231 INFO  [http-nio-8080-exec-1]com.hnxx.zy.clms.common.aspect.RequestAspect.printRequestLog:148 -方法 : com.hnxx.zy.clms.controller.UserController.getByPage
2020-06-02 05:08:45.231 INFO  [http-nio-8080-exec-1]com.hnxx.zy.clms.common.aspect.RequestAspect.printRequestLog:152 -请求参数：******
2020-06-02 05:08:45.308 INFO  [http-nio-8080-exec-1]com.hnxx.zy.clms.common.aspect.RequestAspect.doAround:91 -耗时 : 78
2020-06-02 05:08:45.309 INFO  [http-nio-8080-exec-1]com.hnxx.zy.clms.common.aspect.RequestAspect.doAfterReturning:109 -返回值:"******"
2020-06-02 05:09:02.673 INFO  [http-nio-8080-exec-5]com.hnxx.zy.clms.common.aspect.RequestAspect.printRequestLog:142 -请求地址 : /user/get/byPage
2020-06-02 05:09:02.674 INFO  [http-nio-8080-exec-5]com.hnxx.zy.clms.common.aspect.RequestAspect.printRequestLog:143 -请求方式 : POST
2020-06-02 05:09:02.674 INFO  [http-nio-8080-exec-5]com.hnxx.zy.clms.common.aspect.RequestAspect.printRequestLog:146 -IP : 127.0.0.1
2020-06-02 05:09:02.675 INFO  [http-nio-8080-exec-5]com.hnxx.zy.clms.common.aspect.RequestAspect.printRequestLog:148 -方法 : com.hnxx.zy.clms.controller.UserController.getByPage
2020-06-02 05:09:02.675 INFO  [http-nio-8080-exec-5]com.hnxx.zy.clms.common.aspect.RequestAspect.printRequestLog:152 -请求参数：******
2020-06-02 05:09:02.745 INFO  [http-nio-8080-exec-5]com.hnxx.zy.clms.common.aspect.RequestAspect.doAround:91 -耗时 : 72
2020-06-02 05:09:02.746 INFO  [http-nio-8080-exec-5]com.hnxx.zy.clms.common.aspect.RequestAspect.doAfterReturning:109 -返回值:"******"
2020-06-02 05:09:02.971 INFO  [http-nio-8080-exec-4]com.hnxx.zy.clms.common.aspect.RequestAspect.printRequestLog:142 -请求地址 : /articleType/getList
2020-06-02 05:09:02.972 INFO  [http-nio-8080-exec-4]com.hnxx.zy.clms.common.aspect.RequestAspect.printRequestLog:143 -请求方式 : GET
2020-06-02 05:09:02.973 INFO  [http-nio-8080-exec-4]com.hnxx.zy.clms.common.aspect.RequestAspect.printRequestLog:146 -IP : 127.0.0.1
2020-06-02 05:09:02.973 INFO  [http-nio-8080-exec-4]com.hnxx.zy.clms.common.aspect.RequestAspect.printRequestLog:148 -方法 : com.hnxx.zy.clms.controller.ArticleTypeController.getList
2020-06-02 05:09:02.974 INFO  [http-nio-8080-exec-4]com.hnxx.zy.clms.common.aspect.RequestAspect.printRequestLog:152 -请求参数：******
2020-06-02 05:09:03.008 INFO  [http-nio-8080-exec-4]com.hnxx.zy.clms.common.aspect.RequestAspect.doAround:91 -耗时 : 37
2020-06-02 05:09:03.009 INFO  [http-nio-8080-exec-4]com.hnxx.zy.clms.common.aspect.RequestAspect.doAfterReturning:109 -返回值:"******"
2020-06-02 05:09:15.910 INFO  [http-nio-8080-exec-6]com.hnxx.zy.clms.common.aspect.RequestAspect.printRequestLog:142 -请求地址 : /user/get/byPage
2020-06-02 05:09:15.911 INFO  [http-nio-8080-exec-6]com.hnxx.zy.clms.common.aspect.RequestAspect.printRequestLog:143 -请求方式 : POST
2020-06-02 05:09:15.911 INFO  [http-nio-8080-exec-6]com.hnxx.zy.clms.common.aspect.RequestAspect.printRequestLog:146 -IP : 127.0.0.1
2020-06-02 05:09:15.911 INFO  [http-nio-8080-exec-6]com.hnxx.zy.clms.common.aspect.RequestAspect.printRequestLog:148 -方法 : com.hnxx.zy.clms.controller.UserController.getByPage
2020-06-02 05:09:15.912 INFO  [http-nio-8080-exec-6]com.hnxx.zy.clms.common.aspect.RequestAspect.printRequestLog:152 -请求参数：******
2020-06-02 05:09:15.985 INFO  [http-nio-8080-exec-6]com.hnxx.zy.clms.common.aspect.RequestAspect.doAround:91 -耗时 : 75
2020-06-02 05:09:15.986 INFO  [http-nio-8080-exec-6]com.hnxx.zy.clms.common.aspect.RequestAspect.doAfterReturning:109 -返回值:"******"
2020-06-02 05:11:49.003 INFO  [http-nio-8080-exec-7]com.hnxx.zy.clms.common.aspect.RequestAspect.printRequestLog:142 -请求地址 : /user/get/byPage
2020-06-02 05:11:49.003 INFO  [http-nio-8080-exec-7]com.hnxx.zy.clms.common.aspect.RequestAspect.printRequestLog:143 -请求方式 : POST
2020-06-02 05:11:49.004 INFO  [http-nio-8080-exec-7]com.hnxx.zy.clms.common.aspect.RequestAspect.printRequestLog:146 -IP : 127.0.0.1
2020-06-02 05:11:49.004 INFO  [http-nio-8080-exec-7]com.hnxx.zy.clms.common.aspect.RequestAspect.printRequestLog:148 -方法 : com.hnxx.zy.clms.controller.UserController.getByPage
2020-06-02 05:11:49.004 INFO  [http-nio-8080-exec-7]com.hnxx.zy.clms.common.aspect.RequestAspect.printRequestLog:152 -请求参数：******
2020-06-02 05:11:49.079 INFO  [http-nio-8080-exec-7]com.hnxx.zy.clms.common.aspect.RequestAspect.doAround:91 -耗时 : 76
2020-06-02 05:11:49.080 INFO  [http-nio-8080-exec-7]com.hnxx.zy.clms.common.aspect.RequestAspect.doAfterReturning:109 -返回值:"******"
2020-06-02 05:12:07.610 INFO  [http-nio-8080-exec-8]com.hnxx.zy.clms.common.aspect.RequestAspect.printRequestLog:142 -请求地址 : /article/getByPage
2020-06-02 05:12:07.611 INFO  [http-nio-8080-exec-8]com.hnxx.zy.clms.common.aspect.RequestAspect.printRequestLog:143 -请求方式 : POST
2020-06-02 05:12:07.611 INFO  [http-nio-8080-exec-8]com.hnxx.zy.clms.common.aspect.RequestAspect.printRequestLog:146 -IP : 127.0.0.1
2020-06-02 05:12:07.612 INFO  [http-nio-8080-exec-8]com.hnxx.zy.clms.common.aspect.RequestAspect.printRequestLog:148 -方法 : com.hnxx.zy.clms.controller.ArticleController.getByPage
2020-06-02 05:12:07.613 INFO  [http-nio-8080-exec-8]com.hnxx.zy.clms.common.aspect.RequestAspect.printRequestLog:152 -请求参数：******
2020-06-02 05:12:08.357 INFO  [http-nio-8080-exec-8]com.hnxx.zy.clms.common.aspect.RequestAspect.doAround:91 -耗时 : 748
2020-06-02 05:12:08.359 INFO  [http-nio-8080-exec-8]com.hnxx.zy.clms.common.aspect.RequestAspect.doAfterReturning:109 -返回值:"******"
2020-06-02 05:12:15.800 INFO  [http-nio-8080-exec-9]com.hnxx.zy.clms.common.aspect.RequestAspect.printRequestLog:142 -请求地址 : /user/get/byPage
2020-06-02 05:12:15.801 INFO  [http-nio-8080-exec-9]com.hnxx.zy.clms.common.aspect.RequestAspect.printRequestLog:143 -请求方式 : POST
2020-06-02 05:12:15.801 INFO  [http-nio-8080-exec-9]com.hnxx.zy.clms.common.aspect.RequestAspect.printRequestLog:146 -IP : 127.0.0.1
2020-06-02 05:12:15.802 INFO  [http-nio-8080-exec-9]com.hnxx.zy.clms.common.aspect.RequestAspect.printRequestLog:148 -方法 : com.hnxx.zy.clms.controller.UserController.getByPage
2020-06-02 05:12:15.802 INFO  [http-nio-8080-exec-9]com.hnxx.zy.clms.common.aspect.RequestAspect.printRequestLog:152 -请求参数：******
2020-06-02 05:12:15.876 INFO  [http-nio-8080-exec-9]com.hnxx.zy.clms.common.aspect.RequestAspect.doAround:91 -耗时 : 76
2020-06-02 05:12:15.877 INFO  [http-nio-8080-exec-9]com.hnxx.zy.clms.common.aspect.RequestAspect.doAfterReturning:109 -返回值:"******"
2020-06-02 05:12:48.803 INFO  [http-nio-8080-exec-10]com.hnxx.zy.clms.common.aspect.RequestAspect.printRequestLog:142 -请求地址 : /user/get/byPage
2020-06-02 05:12:48.804 INFO  [http-nio-8080-exec-10]com.hnxx.zy.clms.common.aspect.RequestAspect.printRequestLog:143 -请求方式 : POST
2020-06-02 05:12:48.804 INFO  [http-nio-8080-exec-10]com.hnxx.zy.clms.common.aspect.RequestAspect.printRequestLog:146 -IP : 127.0.0.1
2020-06-02 05:12:48.805 INFO  [http-nio-8080-exec-10]com.hnxx.zy.clms.common.aspect.RequestAspect.printRequestLog:148 -方法 : com.hnxx.zy.clms.controller.UserController.getByPage
2020-06-02 05:12:48.806 INFO  [http-nio-8080-exec-10]com.hnxx.zy.clms.common.aspect.RequestAspect.printRequestLog:152 -请求参数：******
2020-06-02 05:12:48.875 INFO  [http-nio-8080-exec-10]com.hnxx.zy.clms.common.aspect.RequestAspect.doAround:91 -耗时 : 72
2020-06-02 05:12:48.876 INFO  [http-nio-8080-exec-10]com.hnxx.zy.clms.common.aspect.RequestAspect.doAfterReturning:109 -返回值:"******"
2020-06-02 05:14:02.544 INFO  [http-nio-8080-exec-2]com.hnxx.zy.clms.common.aspect.RequestAspect.printRequestLog:142 -请求地址 : /question/getByPage
2020-06-02 05:14:02.556 INFO  [http-nio-8080-exec-2]com.hnxx.zy.clms.common.aspect.RequestAspect.printRequestLog:143 -请求方式 : POST
2020-06-02 05:14:02.556 INFO  [http-nio-8080-exec-2]com.hnxx.zy.clms.common.aspect.RequestAspect.printRequestLog:146 -IP : 127.0.0.1
2020-06-02 05:14:02.557 INFO  [http-nio-8080-exec-2]com.hnxx.zy.clms.common.aspect.RequestAspect.printRequestLog:148 -方法 : com.hnxx.zy.clms.controller.QuestionController.getByPage
2020-06-02 05:14:02.557 INFO  [http-nio-8080-exec-2]com.hnxx.zy.clms.common.aspect.RequestAspect.printRequestLog:152 -请求参数：******
2020-06-02 05:14:03.054 INFO  [http-nio-8080-exec-2]com.hnxx.zy.clms.common.aspect.RequestAspect.doAround:91 -耗时 : 510
2020-06-02 05:14:03.061 INFO  [http-nio-8080-exec-2]com.hnxx.zy.clms.common.aspect.RequestAspect.doAfterReturning:109 -返回值:"******"
2020-06-02 05:14:07.683 INFO  [http-nio-8080-exec-1]com.hnxx.zy.clms.common.aspect.RequestAspect.printRequestLog:142 -请求地址 : /user/get/byPage
2020-06-02 05:14:07.683 INFO  [http-nio-8080-exec-1]com.hnxx.zy.clms.common.aspect.RequestAspect.printRequestLog:143 -请求方式 : POST
2020-06-02 05:14:07.684 INFO  [http-nio-8080-exec-1]com.hnxx.zy.clms.common.aspect.RequestAspect.printRequestLog:146 -IP : 127.0.0.1
2020-06-02 05:14:07.684 INFO  [http-nio-8080-exec-1]com.hnxx.zy.clms.common.aspect.RequestAspect.printRequestLog:148 -方法 : com.hnxx.zy.clms.controller.UserController.getByPage
2020-06-02 05:14:07.684 INFO  [http-nio-8080-exec-1]com.hnxx.zy.clms.common.aspect.RequestAspect.printRequestLog:152 -请求参数：******
2020-06-02 05:14:07.765 INFO  [http-nio-8080-exec-1]com.hnxx.zy.clms.common.aspect.RequestAspect.doAround:91 -耗时 : 83
2020-06-02 05:14:07.766 INFO  [http-nio-8080-exec-1]com.hnxx.zy.clms.common.aspect.RequestAspect.doAfterReturning:109 -返回值:"******"
2020-06-02 05:14:24.364 INFO  [http-nio-8080-exec-3]com.hnxx.zy.clms.common.aspect.RequestAspect.printRequestLog:142 -请求地址 : /question/getByPage
2020-06-02 05:14:24.364 INFO  [http-nio-8080-exec-3]com.hnxx.zy.clms.common.aspect.RequestAspect.printRequestLog:143 -请求方式 : POST
2020-06-02 05:14:24.366 INFO  [http-nio-8080-exec-3]com.hnxx.zy.clms.common.aspect.RequestAspect.printRequestLog:146 -IP : 127.0.0.1
2020-06-02 05:14:24.366 INFO  [http-nio-8080-exec-3]com.hnxx.zy.clms.common.aspect.RequestAspect.printRequestLog:148 -方法 : com.hnxx.zy.clms.controller.QuestionController.getByPage
2020-06-02 05:14:24.366 INFO  [http-nio-8080-exec-3]com.hnxx.zy.clms.common.aspect.RequestAspect.printRequestLog:152 -请求参数：******
2020-06-02 05:14:24.815 INFO  [http-nio-8080-exec-3]com.hnxx.zy.clms.common.aspect.RequestAspect.doAround:91 -耗时 : 451
2020-06-02 05:14:24.816 INFO  [http-nio-8080-exec-3]com.hnxx.zy.clms.common.aspect.RequestAspect.doAfterReturning:109 -返回值:"******"
2020-06-02 05:14:29.466 INFO  [http-nio-8080-exec-5]com.hnxx.zy.clms.common.aspect.RequestAspect.printRequestLog:142 -请求地址 : /article/getByPage
2020-06-02 05:14:29.467 INFO  [http-nio-8080-exec-5]com.hnxx.zy.clms.common.aspect.RequestAspect.printRequestLog:143 -请求方式 : POST
2020-06-02 05:14:29.468 INFO  [http-nio-8080-exec-5]com.hnxx.zy.clms.common.aspect.RequestAspect.printRequestLog:146 -IP : 127.0.0.1
2020-06-02 05:14:29.468 INFO  [http-nio-8080-exec-5]com.hnxx.zy.clms.common.aspect.RequestAspect.printRequestLog:148 -方法 : com.hnxx.zy.clms.controller.ArticleController.getByPage
2020-06-02 05:14:29.469 INFO  [http-nio-8080-exec-5]com.hnxx.zy.clms.common.aspect.RequestAspect.printRequestLog:152 -请求参数：******
2020-06-02 05:14:30.120 INFO  [http-nio-8080-exec-5]com.hnxx.zy.clms.common.aspect.RequestAspect.doAround:91 -耗时 : 654
2020-06-02 05:14:30.121 INFO  [http-nio-8080-exec-5]com.hnxx.zy.clms.common.aspect.RequestAspect.doAfterReturning:109 -返回值:"******"
2020-06-02 05:14:43.506 INFO  [http-nio-8080-exec-4]com.hnxx.zy.clms.common.aspect.RequestAspect.printRequestLog:142 -请求地址 : /user/get/byPage
2020-06-02 05:14:43.507 INFO  [http-nio-8080-exec-4]com.hnxx.zy.clms.common.aspect.RequestAspect.printRequestLog:143 -请求方式 : POST
2020-06-02 05:14:43.507 INFO  [http-nio-8080-exec-4]com.hnxx.zy.clms.common.aspect.RequestAspect.printRequestLog:146 -IP : 127.0.0.1
2020-06-02 05:14:43.508 INFO  [http-nio-8080-exec-4]com.hnxx.zy.clms.common.aspect.RequestAspect.printRequestLog:148 -方法 : com.hnxx.zy.clms.controller.UserController.getByPage
2020-06-02 05:14:43.508 INFO  [http-nio-8080-exec-4]com.hnxx.zy.clms.common.aspect.RequestAspect.printRequestLog:152 -请求参数：******
2020-06-02 05:14:43.581 INFO  [http-nio-8080-exec-4]com.hnxx.zy.clms.common.aspect.RequestAspect.doAround:91 -耗时 : 75
2020-06-02 05:14:43.593 INFO  [http-nio-8080-exec-4]com.hnxx.zy.clms.common.aspect.RequestAspect.doAfterReturning:109 -返回值:"******"
2020-06-02 05:16:56.218 INFO  [http-nio-8080-exec-6]com.hnxx.zy.clms.common.aspect.RequestAspect.printRequestLog:142 -请求地址 : /user/get/byPage
2020-06-02 05:16:56.219 INFO  [http-nio-8080-exec-6]com.hnxx.zy.clms.common.aspect.RequestAspect.printRequestLog:143 -请求方式 : POST
2020-06-02 05:16:56.219 INFO  [http-nio-8080-exec-6]com.hnxx.zy.clms.common.aspect.RequestAspect.printRequestLog:146 -IP : 127.0.0.1
2020-06-02 05:16:56.220 INFO  [http-nio-8080-exec-6]com.hnxx.zy.clms.common.aspect.RequestAspect.printRequestLog:148 -方法 : com.hnxx.zy.clms.controller.UserController.getByPage
2020-06-02 05:16:56.221 INFO  [http-nio-8080-exec-6]com.hnxx.zy.clms.common.aspect.RequestAspect.printRequestLog:152 -请求参数：******
2020-06-02 05:16:56.292 INFO  [http-nio-8080-exec-6]com.hnxx.zy.clms.common.aspect.RequestAspect.doAround:91 -耗时 : 74
2020-06-02 05:16:56.293 INFO  [http-nio-8080-exec-6]com.hnxx.zy.clms.common.aspect.RequestAspect.doAfterReturning:109 -返回值:"******"
2020-06-02 05:16:56.957 INFO  [http-nio-8080-exec-7]com.hnxx.zy.clms.common.aspect.RequestAspect.printRequestLog:142 -请求地址 : /user/get/byPage
2020-06-02 05:16:56.958 INFO  [http-nio-8080-exec-7]com.hnxx.zy.clms.common.aspect.RequestAspect.printRequestLog:143 -请求方式 : POST
2020-06-02 05:16:56.958 INFO  [http-nio-8080-exec-7]com.hnxx.zy.clms.common.aspect.RequestAspect.printRequestLog:146 -IP : 127.0.0.1
2020-06-02 05:16:56.958 INFO  [http-nio-8080-exec-7]com.hnxx.zy.clms.common.aspect.RequestAspect.printRequestLog:148 -方法 : com.hnxx.zy.clms.controller.UserController.getByPage
2020-06-02 05:16:56.959 INFO  [http-nio-8080-exec-7]com.hnxx.zy.clms.common.aspect.RequestAspect.printRequestLog:152 -请求参数：******
2020-06-02 05:16:57.028 INFO  [http-nio-8080-exec-7]com.hnxx.zy.clms.common.aspect.RequestAspect.doAround:91 -耗时 : 71
2020-06-02 05:16:57.029 INFO  [http-nio-8080-exec-7]com.hnxx.zy.clms.common.aspect.RequestAspect.doAfterReturning:109 -返回值:"******"
2020-06-02 05:16:59.433 INFO  [http-nio-8080-exec-8]com.hnxx.zy.clms.common.aspect.RequestAspect.printRequestLog:142 -请求地址 : /user/get/byPage
2020-06-02 05:16:59.433 INFO  [http-nio-8080-exec-8]com.hnxx.zy.clms.common.aspect.RequestAspect.printRequestLog:143 -请求方式 : POST
2020-06-02 05:16:59.433 INFO  [http-nio-8080-exec-8]com.hnxx.zy.clms.common.aspect.RequestAspect.printRequestLog:146 -IP : 127.0.0.1
2020-06-02 05:16:59.433 INFO  [http-nio-8080-exec-8]com.hnxx.zy.clms.common.aspect.RequestAspect.printRequestLog:148 -方法 : com.hnxx.zy.clms.controller.UserController.getByPage
2020-06-02 05:16:59.433 INFO  [http-nio-8080-exec-8]com.hnxx.zy.clms.common.aspect.RequestAspect.printRequestLog:152 -请求参数：******
2020-06-02 05:16:59.503 INFO  [http-nio-8080-exec-8]com.hnxx.zy.clms.common.aspect.RequestAspect.doAround:91 -耗时 : 70
2020-06-02 05:16:59.503 INFO  [http-nio-8080-exec-8]com.hnxx.zy.clms.common.aspect.RequestAspect.doAfterReturning:109 -返回值:"******"
2020-06-02 05:23:15.554 INFO  [http-nio-8080-exec-9]com.hnxx.zy.clms.common.aspect.RequestAspect.printRequestLog:142 -请求地址 : /article/getByPage
2020-06-02 05:23:15.556 INFO  [http-nio-8080-exec-9]com.hnxx.zy.clms.common.aspect.RequestAspect.printRequestLog:143 -请求方式 : POST
2020-06-02 05:23:15.556 INFO  [http-nio-8080-exec-9]com.hnxx.zy.clms.common.aspect.RequestAspect.printRequestLog:146 -IP : 127.0.0.1
2020-06-02 05:23:15.557 INFO  [http-nio-8080-exec-9]com.hnxx.zy.clms.common.aspect.RequestAspect.printRequestLog:148 -方法 : com.hnxx.zy.clms.controller.ArticleController.getByPage
2020-06-02 05:23:15.558 INFO  [http-nio-8080-exec-9]com.hnxx.zy.clms.common.aspect.RequestAspect.printRequestLog:152 -请求参数：******
2020-06-02 05:23:16.298 INFO  [http-nio-8080-exec-9]com.hnxx.zy.clms.common.aspect.RequestAspect.doAround:91 -耗时 : 744
2020-06-02 05:23:16.299 INFO  [http-nio-8080-exec-9]com.hnxx.zy.clms.common.aspect.RequestAspect.doAfterReturning:109 -返回值:"******"
2020-06-02 05:23:27.311 INFO  [http-nio-8080-exec-10]com.hnxx.zy.clms.common.aspect.RequestAspect.printRequestLog:142 -请求地址 : /user/get/byPage
2020-06-02 05:23:27.312 INFO  [http-nio-8080-exec-10]com.hnxx.zy.clms.common.aspect.RequestAspect.printRequestLog:143 -请求方式 : POST
2020-06-02 05:23:27.312 INFO  [http-nio-8080-exec-10]com.hnxx.zy.clms.common.aspect.RequestAspect.printRequestLog:146 -IP : 127.0.0.1
2020-06-02 05:23:27.312 INFO  [http-nio-8080-exec-10]com.hnxx.zy.clms.common.aspect.RequestAspect.printRequestLog:148 -方法 : com.hnxx.zy.clms.controller.UserController.getByPage
2020-06-02 05:23:27.313 INFO  [http-nio-8080-exec-10]com.hnxx.zy.clms.common.aspect.RequestAspect.printRequestLog:152 -请求参数：******
2020-06-02 05:23:27.400 INFO  [http-nio-8080-exec-10]com.hnxx.zy.clms.common.aspect.RequestAspect.doAround:91 -耗时 : 89
2020-06-02 05:23:27.401 INFO  [http-nio-8080-exec-10]com.hnxx.zy.clms.common.aspect.RequestAspect.doAfterReturning:109 -返回值:"******"
2020-06-02 05:24:20.884 INFO  [http-nio-8080-exec-2]com.hnxx.zy.clms.common.aspect.RequestAspect.printRequestLog:142 -请求地址 : /user/get/byPage
2020-06-02 05:24:20.885 INFO  [http-nio-8080-exec-2]com.hnxx.zy.clms.common.aspect.RequestAspect.printRequestLog:143 -请求方式 : POST
2020-06-02 05:24:20.886 INFO  [http-nio-8080-exec-2]com.hnxx.zy.clms.common.aspect.RequestAspect.printRequestLog:146 -IP : 127.0.0.1
2020-06-02 05:24:20.887 INFO  [http-nio-8080-exec-2]com.hnxx.zy.clms.common.aspect.RequestAspect.printRequestLog:148 -方法 : com.hnxx.zy.clms.controller.UserController.getByPage
2020-06-02 05:24:20.887 INFO  [http-nio-8080-exec-2]com.hnxx.zy.clms.common.aspect.RequestAspect.printRequestLog:152 -请求参数：******
2020-06-02 05:24:20.974 INFO  [http-nio-8080-exec-2]com.hnxx.zy.clms.common.aspect.RequestAspect.doAround:91 -耗时 : 90
2020-06-02 05:24:20.975 INFO  [http-nio-8080-exec-2]com.hnxx.zy.clms.common.aspect.RequestAspect.doAfterReturning:109 -返回值:"******"
2020-06-02 05:25:14.675 INFO  [http-nio-8080-exec-1]com.hnxx.zy.clms.common.aspect.RequestAspect.printRequestLog:142 -请求地址 : /user/get/byPage
2020-06-02 05:25:14.675 INFO  [http-nio-8080-exec-1]com.hnxx.zy.clms.common.aspect.RequestAspect.printRequestLog:143 -请求方式 : POST
2020-06-02 05:25:14.675 INFO  [http-nio-8080-exec-1]com.hnxx.zy.clms.common.aspect.RequestAspect.printRequestLog:146 -IP : 127.0.0.1
2020-06-02 05:25:14.678 INFO  [http-nio-8080-exec-1]com.hnxx.zy.clms.common.aspect.RequestAspect.printRequestLog:148 -方法 : com.hnxx.zy.clms.controller.UserController.getByPage
2020-06-02 05:25:14.679 INFO  [http-nio-8080-exec-1]com.hnxx.zy.clms.common.aspect.RequestAspect.printRequestLog:152 -请求参数：******
2020-06-02 05:25:14.768 INFO  [http-nio-8080-exec-1]com.hnxx.zy.clms.common.aspect.RequestAspect.doAround:91 -耗时 : 93
2020-06-02 05:25:14.769 INFO  [http-nio-8080-exec-1]com.hnxx.zy.clms.common.aspect.RequestAspect.doAfterReturning:109 -返回值:"******"
2020-06-02 05:26:09.815 INFO  [http-nio-8080-exec-3]com.hnxx.zy.clms.common.aspect.RequestAspect.printRequestLog:142 -请求地址 : /user/get/byPage
2020-06-02 05:26:09.816 INFO  [http-nio-8080-exec-3]com.hnxx.zy.clms.common.aspect.RequestAspect.printRequestLog:143 -请求方式 : POST
2020-06-02 05:26:09.816 INFO  [http-nio-8080-exec-3]com.hnxx.zy.clms.common.aspect.RequestAspect.printRequestLog:146 -IP : 127.0.0.1
2020-06-02 05:26:09.817 INFO  [http-nio-8080-exec-3]com.hnxx.zy.clms.common.aspect.RequestAspect.printRequestLog:148 -方法 : com.hnxx.zy.clms.controller.UserController.getByPage
2020-06-02 05:26:09.818 INFO  [http-nio-8080-exec-3]com.hnxx.zy.clms.common.aspect.RequestAspect.printRequestLog:152 -请求参数：******
2020-06-02 05:26:09.905 INFO  [http-nio-8080-exec-3]com.hnxx.zy.clms.common.aspect.RequestAspect.doAround:91 -耗时 : 90
2020-06-02 05:26:09.906 INFO  [http-nio-8080-exec-3]com.hnxx.zy.clms.common.aspect.RequestAspect.doAfterReturning:109 -返回值:"******"
2020-06-02 05:29:41.460 INFO  [http-nio-8080-exec-5]com.hnxx.zy.clms.common.aspect.RequestAspect.printRequestLog:142 -请求地址 : /user/get/byPage
2020-06-02 05:29:41.461 INFO  [http-nio-8080-exec-5]com.hnxx.zy.clms.common.aspect.RequestAspect.printRequestLog:143 -请求方式 : POST
2020-06-02 05:29:41.462 INFO  [http-nio-8080-exec-5]com.hnxx.zy.clms.common.aspect.RequestAspect.printRequestLog:146 -IP : 127.0.0.1
2020-06-02 05:29:41.463 INFO  [http-nio-8080-exec-5]com.hnxx.zy.clms.common.aspect.RequestAspect.printRequestLog:148 -方法 : com.hnxx.zy.clms.controller.UserController.getByPage
2020-06-02 05:29:41.463 INFO  [http-nio-8080-exec-5]com.hnxx.zy.clms.common.aspect.RequestAspect.printRequestLog:152 -请求参数：******
2020-06-02 05:29:41.548 INFO  [http-nio-8080-exec-5]com.hnxx.zy.clms.common.aspect.RequestAspect.doAround:91 -耗时 : 88
2020-06-02 05:29:41.549 INFO  [http-nio-8080-exec-5]com.hnxx.zy.clms.common.aspect.RequestAspect.doAfterReturning:109 -返回值:"******"
2020-06-02 05:30:09.624 INFO  [http-nio-8080-exec-4]com.hnxx.zy.clms.common.aspect.RequestAspect.printRequestLog:142 -请求地址 : /user/get/byPage
2020-06-02 05:30:09.625 INFO  [http-nio-8080-exec-4]com.hnxx.zy.clms.common.aspect.RequestAspect.printRequestLog:143 -请求方式 : POST
2020-06-02 05:30:09.625 INFO  [http-nio-8080-exec-4]com.hnxx.zy.clms.common.aspect.RequestAspect.printRequestLog:146 -IP : 127.0.0.1
2020-06-02 05:30:09.626 INFO  [http-nio-8080-exec-4]com.hnxx.zy.clms.common.aspect.RequestAspect.printRequestLog:148 -方法 : com.hnxx.zy.clms.controller.UserController.getByPage
2020-06-02 05:30:09.626 INFO  [http-nio-8080-exec-4]com.hnxx.zy.clms.common.aspect.RequestAspect.printRequestLog:152 -请求参数：******
2020-06-02 05:30:09.713 INFO  [http-nio-8080-exec-4]com.hnxx.zy.clms.common.aspect.RequestAspect.doAround:91 -耗时 : 88
2020-06-02 05:30:09.713 INFO  [http-nio-8080-exec-4]com.hnxx.zy.clms.common.aspect.RequestAspect.doAfterReturning:109 -返回值:"******"
2020-06-02 05:30:48.365 INFO  [http-nio-8080-exec-7]com.hnxx.zy.clms.common.aspect.RequestAspect.printRequestLog:142 -请求地址 : /articleType/getList
2020-06-02 05:30:48.366 INFO  [http-nio-8080-exec-7]com.hnxx.zy.clms.common.aspect.RequestAspect.printRequestLog:143 -请求方式 : GET
2020-06-02 05:30:48.366 INFO  [http-nio-8080-exec-7]com.hnxx.zy.clms.common.aspect.RequestAspect.printRequestLog:146 -IP : 127.0.0.1
2020-06-02 05:30:48.367 INFO  [http-nio-8080-exec-7]com.hnxx.zy.clms.common.aspect.RequestAspect.printRequestLog:148 -方法 : com.hnxx.zy.clms.controller.ArticleTypeController.getList
2020-06-02 05:30:48.367 INFO  [http-nio-8080-exec-7]com.hnxx.zy.clms.common.aspect.RequestAspect.printRequestLog:152 -请求参数：******
2020-06-02 05:30:48.570 INFO  [http-nio-8080-exec-7]com.hnxx.zy.clms.common.aspect.RequestAspect.doAround:91 -耗时 : 205
2020-06-02 05:30:48.573 INFO  [http-nio-8080-exec-7]com.hnxx.zy.clms.common.aspect.RequestAspect.doAfterReturning:109 -返回值:"******"
2020-06-02 05:30:49.676 INFO  [http-nio-8080-exec-8]com.hnxx.zy.clms.common.aspect.RequestAspect.printRequestLog:142 -请求地址 : /user/get/byPage
2020-06-02 05:30:49.677 INFO  [http-nio-8080-exec-8]com.hnxx.zy.clms.common.aspect.RequestAspect.printRequestLog:143 -请求方式 : POST
2020-06-02 05:30:49.677 INFO  [http-nio-8080-exec-8]com.hnxx.zy.clms.common.aspect.RequestAspect.printRequestLog:146 -IP : 127.0.0.1
2020-06-02 05:30:49.678 INFO  [http-nio-8080-exec-8]com.hnxx.zy.clms.common.aspect.RequestAspect.printRequestLog:148 -方法 : com.hnxx.zy.clms.controller.UserController.getByPage
2020-06-02 05:30:49.678 INFO  [http-nio-8080-exec-8]com.hnxx.zy.clms.common.aspect.RequestAspect.printRequestLog:152 -请求参数：******
2020-06-02 05:30:49.766 INFO  [http-nio-8080-exec-8]com.hnxx.zy.clms.common.aspect.RequestAspect.doAround:91 -耗时 : 90
2020-06-02 05:30:49.767 INFO  [http-nio-8080-exec-8]com.hnxx.zy.clms.common.aspect.RequestAspect.doAfterReturning:109 -返回值:"******"
2020-06-02 05:31:28.941 INFO  [http-nio-8080-exec-10]com.hnxx.zy.clms.common.aspect.RequestAspect.printRequestLog:142 -请求地址 : /articleType/getList
2020-06-02 05:31:28.941 INFO  [http-nio-8080-exec-10]com.hnxx.zy.clms.common.aspect.RequestAspect.printRequestLog:143 -请求方式 : GET
2020-06-02 05:31:28.942 INFO  [http-nio-8080-exec-10]com.hnxx.zy.clms.common.aspect.RequestAspect.printRequestLog:146 -IP : 127.0.0.1
2020-06-02 05:31:28.943 INFO  [http-nio-8080-exec-10]com.hnxx.zy.clms.common.aspect.RequestAspect.printRequestLog:148 -方法 : com.hnxx.zy.clms.controller.ArticleTypeController.getList
2020-06-02 05:31:28.943 INFO  [http-nio-8080-exec-10]com.hnxx.zy.clms.common.aspect.RequestAspect.printRequestLog:152 -请求参数：******
2020-06-02 05:31:28.991 INFO  [http-nio-8080-exec-10]com.hnxx.zy.clms.common.aspect.RequestAspect.doAround:91 -耗时 : 50
2020-06-02 05:31:28.992 INFO  [http-nio-8080-exec-10]com.hnxx.zy.clms.common.aspect.RequestAspect.doAfterReturning:109 -返回值:"******"
2020-06-02 05:31:29.248 INFO  [http-nio-8080-exec-2]com.hnxx.zy.clms.common.aspect.RequestAspect.printRequestLog:142 -请求地址 : /user/get/byPage
2020-06-02 05:31:29.249 INFO  [http-nio-8080-exec-2]com.hnxx.zy.clms.common.aspect.RequestAspect.printRequestLog:143 -请求方式 : POST
2020-06-02 05:31:29.249 INFO  [http-nio-8080-exec-2]com.hnxx.zy.clms.common.aspect.RequestAspect.printRequestLog:146 -IP : 127.0.0.1
2020-06-02 05:31:29.250 INFO  [http-nio-8080-exec-2]com.hnxx.zy.clms.common.aspect.RequestAspect.printRequestLog:148 -方法 : com.hnxx.zy.clms.controller.UserController.getByPage
2020-06-02 05:31:29.251 INFO  [http-nio-8080-exec-2]com.hnxx.zy.clms.common.aspect.RequestAspect.printRequestLog:152 -请求参数：******
2020-06-02 05:31:29.341 INFO  [http-nio-8080-exec-2]com.hnxx.zy.clms.common.aspect.RequestAspect.doAround:91 -耗时 : 93
2020-06-02 05:31:29.342 INFO  [http-nio-8080-exec-2]com.hnxx.zy.clms.common.aspect.RequestAspect.doAfterReturning:109 -返回值:"******"
2020-06-02 05:31:51.408 INFO  [http-nio-8080-exec-1]com.hnxx.zy.clms.common.aspect.RequestAspect.printRequestLog:142 -请求地址 : /article/getByPage
2020-06-02 05:31:51.408 INFO  [http-nio-8080-exec-1]com.hnxx.zy.clms.common.aspect.RequestAspect.printRequestLog:143 -请求方式 : POST
2020-06-02 05:31:51.409 INFO  [http-nio-8080-exec-1]com.hnxx.zy.clms.common.aspect.RequestAspect.printRequestLog:146 -IP : 127.0.0.1
2020-06-02 05:31:51.409 INFO  [http-nio-8080-exec-1]com.hnxx.zy.clms.common.aspect.RequestAspect.printRequestLog:148 -方法 : com.hnxx.zy.clms.controller.ArticleController.getByPage
2020-06-02 05:31:51.410 INFO  [http-nio-8080-exec-1]com.hnxx.zy.clms.common.aspect.RequestAspect.printRequestLog:152 -请求参数：******
2020-06-02 05:31:52.198 INFO  [http-nio-8080-exec-1]com.hnxx.zy.clms.common.aspect.RequestAspect.doAround:91 -耗时 : 790
2020-06-02 05:31:52.200 INFO  [http-nio-8080-exec-1]com.hnxx.zy.clms.common.aspect.RequestAspect.doAfterReturning:109 -返回值:"******"
2020-06-02 05:31:59.174 INFO  [http-nio-8080-exec-3]com.hnxx.zy.clms.common.aspect.RequestAspect.printRequestLog:142 -请求地址 : /article/get/1
2020-06-02 05:31:59.175 INFO  [http-nio-8080-exec-3]com.hnxx.zy.clms.common.aspect.RequestAspect.printRequestLog:143 -请求方式 : GET
2020-06-02 05:31:59.175 INFO  [http-nio-8080-exec-3]com.hnxx.zy.clms.common.aspect.RequestAspect.printRequestLog:146 -IP : 127.0.0.1
2020-06-02 05:31:59.175 INFO  [http-nio-8080-exec-3]com.hnxx.zy.clms.common.aspect.RequestAspect.printRequestLog:148 -方法 : com.hnxx.zy.clms.controller.ArticleController.get
2020-06-02 05:31:59.176 INFO  [http-nio-8080-exec-3]com.hnxx.zy.clms.common.aspect.RequestAspect.printRequestLog:152 -请求参数：******
2020-06-02 05:31:59.325 INFO  [http-nio-8080-exec-3]com.hnxx.zy.clms.common.aspect.RequestAspect.doAround:91 -耗时 : 151
2020-06-02 05:31:59.326 INFO  [http-nio-8080-exec-3]com.hnxx.zy.clms.common.aspect.RequestAspect.doAfterReturning:109 -返回值:"******"
2020-06-02 05:32:05.340 INFO  [http-nio-8080-exec-5]com.hnxx.zy.clms.common.aspect.RequestAspect.printRequestLog:142 -请求地址 : /article/get/1
2020-06-02 05:32:05.341 INFO  [http-nio-8080-exec-5]com.hnxx.zy.clms.common.aspect.RequestAspect.printRequestLog:143 -请求方式 : GET
2020-06-02 05:32:05.341 INFO  [http-nio-8080-exec-5]com.hnxx.zy.clms.common.aspect.RequestAspect.printRequestLog:146 -IP : 127.0.0.1
2020-06-02 05:32:05.341 INFO  [http-nio-8080-exec-5]com.hnxx.zy.clms.common.aspect.RequestAspect.printRequestLog:148 -方法 : com.hnxx.zy.clms.controller.ArticleController.get
2020-06-02 05:32:05.342 INFO  [http-nio-8080-exec-5]com.hnxx.zy.clms.common.aspect.RequestAspect.printRequestLog:152 -请求参数：******
2020-06-02 05:32:05.425 INFO  [http-nio-8080-exec-5]com.hnxx.zy.clms.common.aspect.RequestAspect.doAround:91 -耗时 : 85
2020-06-02 05:32:05.426 INFO  [http-nio-8080-exec-5]com.hnxx.zy.clms.common.aspect.RequestAspect.doAfterReturning:109 -返回值:"******"
2020-06-02 05:32:22.823 INFO  [http-nio-8080-exec-4]com.hnxx.zy.clms.common.aspect.RequestAspect.printRequestLog:142 -请求地址 : /user/get/byPage
2020-06-02 05:32:22.823 INFO  [http-nio-8080-exec-4]com.hnxx.zy.clms.common.aspect.RequestAspect.printRequestLog:143 -请求方式 : POST
2020-06-02 05:32:22.824 INFO  [http-nio-8080-exec-4]com.hnxx.zy.clms.common.aspect.RequestAspect.printRequestLog:146 -IP : 127.0.0.1
2020-06-02 05:32:22.824 INFO  [http-nio-8080-exec-4]com.hnxx.zy.clms.common.aspect.RequestAspect.printRequestLog:148 -方法 : com.hnxx.zy.clms.controller.UserController.getByPage
2020-06-02 05:32:22.824 INFO  [http-nio-8080-exec-4]com.hnxx.zy.clms.common.aspect.RequestAspect.printRequestLog:152 -请求参数：******
2020-06-02 05:32:22.908 INFO  [http-nio-8080-exec-4]com.hnxx.zy.clms.common.aspect.RequestAspect.doAround:91 -耗时 : 85
2020-06-02 05:32:22.909 INFO  [http-nio-8080-exec-4]com.hnxx.zy.clms.common.aspect.RequestAspect.doAfterReturning:109 -返回值:"******"
2020-06-02 05:33:05.416 INFO  [http-nio-8080-exec-6]com.hnxx.zy.clms.common.aspect.RequestAspect.printRequestLog:142 -请求地址 : /user/get/byPage
2020-06-02 05:33:05.416 INFO  [http-nio-8080-exec-6]com.hnxx.zy.clms.common.aspect.RequestAspect.printRequestLog:143 -请求方式 : POST
2020-06-02 05:33:05.417 INFO  [http-nio-8080-exec-6]com.hnxx.zy.clms.common.aspect.RequestAspect.printRequestLog:146 -IP : 127.0.0.1
2020-06-02 05:33:05.417 INFO  [http-nio-8080-exec-6]com.hnxx.zy.clms.common.aspect.RequestAspect.printRequestLog:148 -方法 : com.hnxx.zy.clms.controller.UserController.getByPage
2020-06-02 05:33:05.418 INFO  [http-nio-8080-exec-6]com.hnxx.zy.clms.common.aspect.RequestAspect.printRequestLog:152 -请求参数：******
2020-06-02 05:33:05.504 INFO  [http-nio-8080-exec-6]com.hnxx.zy.clms.common.aspect.RequestAspect.doAround:91 -耗时 : 88
2020-06-02 05:33:05.504 INFO  [http-nio-8080-exec-6]com.hnxx.zy.clms.common.aspect.RequestAspect.doAfterReturning:109 -返回值:"******"
2020-06-02 05:33:11.808 INFO  [http-nio-8080-exec-7]com.hnxx.zy.clms.common.aspect.RequestAspect.printRequestLog:142 -请求地址 : /user/get/byPage
2020-06-02 05:33:11.808 INFO  [http-nio-8080-exec-7]com.hnxx.zy.clms.common.aspect.RequestAspect.printRequestLog:143 -请求方式 : POST
2020-06-02 05:33:11.810 INFO  [http-nio-8080-exec-7]com.hnxx.zy.clms.common.aspect.RequestAspect.printRequestLog:146 -IP : 127.0.0.1
2020-06-02 05:33:11.810 INFO  [http-nio-8080-exec-7]com.hnxx.zy.clms.common.aspect.RequestAspect.printRequestLog:148 -方法 : com.hnxx.zy.clms.controller.UserController.getByPage
2020-06-02 05:33:11.811 INFO  [http-nio-8080-exec-7]com.hnxx.zy.clms.common.aspect.RequestAspect.printRequestLog:152 -请求参数：******
2020-06-02 05:33:11.897 INFO  [http-nio-8080-exec-7]com.hnxx.zy.clms.common.aspect.RequestAspect.doAround:91 -耗时 : 89
2020-06-02 05:33:11.897 INFO  [http-nio-8080-exec-7]com.hnxx.zy.clms.common.aspect.RequestAspect.doAfterReturning:109 -返回值:"******"
2020-06-02 05:33:31.504 INFO  [http-nio-8080-exec-9]com.hnxx.zy.clms.common.aspect.RequestAspect.printRequestLog:142 -请求地址 : /articleType/getList
2020-06-02 05:33:31.505 INFO  [http-nio-8080-exec-9]com.hnxx.zy.clms.common.aspect.RequestAspect.printRequestLog:143 -请求方式 : GET
2020-06-02 05:33:31.505 INFO  [http-nio-8080-exec-9]com.hnxx.zy.clms.common.aspect.RequestAspect.printRequestLog:146 -IP : 127.0.0.1
2020-06-02 05:33:31.506 INFO  [http-nio-8080-exec-9]com.hnxx.zy.clms.common.aspect.RequestAspect.printRequestLog:148 -方法 : com.hnxx.zy.clms.controller.ArticleTypeController.getList
2020-06-02 05:33:31.506 INFO  [http-nio-8080-exec-9]com.hnxx.zy.clms.common.aspect.RequestAspect.printRequestLog:152 -请求参数：******
2020-06-02 05:33:31.548 INFO  [http-nio-8080-exec-9]com.hnxx.zy.clms.common.aspect.RequestAspect.doAround:91 -耗时 : 44
2020-06-02 05:33:31.549 INFO  [http-nio-8080-exec-9]com.hnxx.zy.clms.common.aspect.RequestAspect.doAfterReturning:109 -返回值:"******"
2020-06-02 05:33:31.807 INFO  [http-nio-8080-exec-10]com.hnxx.zy.clms.common.aspect.RequestAspect.printRequestLog:142 -请求地址 : /user/get/byPage
2020-06-02 05:33:31.808 INFO  [http-nio-8080-exec-10]com.hnxx.zy.clms.common.aspect.RequestAspect.printRequestLog:143 -请求方式 : POST
2020-06-02 05:33:31.809 INFO  [http-nio-8080-exec-10]com.hnxx.zy.clms.common.aspect.RequestAspect.printRequestLog:146 -IP : 127.0.0.1
2020-06-02 05:33:31.810 INFO  [http-nio-8080-exec-10]com.hnxx.zy.clms.common.aspect.RequestAspect.printRequestLog:148 -方法 : com.hnxx.zy.clms.controller.UserController.getByPage
2020-06-02 05:33:31.811 INFO  [http-nio-8080-exec-10]com.hnxx.zy.clms.common.aspect.RequestAspect.printRequestLog:152 -请求参数：******
2020-06-02 05:33:31.898 INFO  [http-nio-8080-exec-10]com.hnxx.zy.clms.common.aspect.RequestAspect.doAround:91 -耗时 : 92
2020-06-02 05:33:31.898 INFO  [http-nio-8080-exec-10]com.hnxx.zy.clms.common.aspect.RequestAspect.doAfterReturning:109 -返回值:"******"
2020-06-02 05:34:02.081 INFO  [http-nio-8080-exec-2]com.hnxx.zy.clms.common.aspect.RequestAspect.printRequestLog:142 -请求地址 : /article/getByPage
2020-06-02 05:34:02.082 INFO  [http-nio-8080-exec-2]com.hnxx.zy.clms.common.aspect.RequestAspect.printRequestLog:143 -请求方式 : POST
2020-06-02 05:34:02.082 INFO  [http-nio-8080-exec-2]com.hnxx.zy.clms.common.aspect.RequestAspect.printRequestLog:146 -IP : 127.0.0.1
2020-06-02 05:34:02.082 INFO  [http-nio-8080-exec-2]com.hnxx.zy.clms.common.aspect.RequestAspect.printRequestLog:148 -方法 : com.hnxx.zy.clms.controller.ArticleController.getByPage
2020-06-02 05:34:02.083 INFO  [http-nio-8080-exec-2]com.hnxx.zy.clms.common.aspect.RequestAspect.printRequestLog:152 -请求参数：******
2020-06-02 05:34:02.914 INFO  [http-nio-8080-exec-2]com.hnxx.zy.clms.common.aspect.RequestAspect.doAround:91 -耗时 : 833
2020-06-02 05:34:02.915 INFO  [http-nio-8080-exec-2]com.hnxx.zy.clms.common.aspect.RequestAspect.doAfterReturning:109 -返回值:"******"
2020-06-02 05:34:53.455 INFO  [http-nio-8080-exec-1]com.hnxx.zy.clms.common.aspect.RequestAspect.printRequestLog:142 -请求地址 : /user/get/byPage
2020-06-02 05:34:53.456 INFO  [http-nio-8080-exec-1]com.hnxx.zy.clms.common.aspect.RequestAspect.printRequestLog:143 -请求方式 : POST
2020-06-02 05:34:53.457 INFO  [http-nio-8080-exec-1]com.hnxx.zy.clms.common.aspect.RequestAspect.printRequestLog:146 -IP : 127.0.0.1
2020-06-02 05:34:53.457 INFO  [http-nio-8080-exec-1]com.hnxx.zy.clms.common.aspect.RequestAspect.printRequestLog:148 -方法 : com.hnxx.zy.clms.controller.UserController.getByPage
2020-06-02 05:34:53.458 INFO  [http-nio-8080-exec-1]com.hnxx.zy.clms.common.aspect.RequestAspect.printRequestLog:152 -请求参数：******
2020-06-02 05:34:53.548 INFO  [http-nio-8080-exec-1]com.hnxx.zy.clms.common.aspect.RequestAspect.doAround:91 -耗时 : 93
2020-06-02 05:34:53.550 INFO  [http-nio-8080-exec-1]com.hnxx.zy.clms.common.aspect.RequestAspect.doAfterReturning:109 -返回值:"******"
2020-06-02 05:38:27.296 INFO  [http-nio-8080-exec-5]com.hnxx.zy.clms.common.aspect.RequestAspect.printRequestLog:142 -请求地址 : /articleType/getList
2020-06-02 05:38:27.297 INFO  [http-nio-8080-exec-5]com.hnxx.zy.clms.common.aspect.RequestAspect.printRequestLog:143 -请求方式 : GET
2020-06-02 05:38:27.298 INFO  [http-nio-8080-exec-5]com.hnxx.zy.clms.common.aspect.RequestAspect.printRequestLog:146 -IP : 127.0.0.1
2020-06-02 05:38:27.299 INFO  [http-nio-8080-exec-5]com.hnxx.zy.clms.common.aspect.RequestAspect.printRequestLog:148 -方法 : com.hnxx.zy.clms.controller.ArticleTypeController.getList
2020-06-02 05:38:27.299 INFO  [http-nio-8080-exec-5]com.hnxx.zy.clms.common.aspect.RequestAspect.printRequestLog:152 -请求参数：******
2020-06-02 05:38:27.343 INFO  [http-nio-8080-exec-5]com.hnxx.zy.clms.common.aspect.RequestAspect.doAround:91 -耗时 : 47
2020-06-02 05:38:27.345 INFO  [http-nio-8080-exec-5]com.hnxx.zy.clms.common.aspect.RequestAspect.doAfterReturning:109 -返回值:"******"
2020-06-02 05:38:27.605 INFO  [http-nio-8080-exec-4]com.hnxx.zy.clms.common.aspect.RequestAspect.printRequestLog:142 -请求地址 : /user/get/byPage
2020-06-02 05:38:27.605 INFO  [http-nio-8080-exec-4]com.hnxx.zy.clms.common.aspect.RequestAspect.printRequestLog:143 -请求方式 : POST
2020-06-02 05:38:27.606 INFO  [http-nio-8080-exec-4]com.hnxx.zy.clms.common.aspect.RequestAspect.printRequestLog:146 -IP : 127.0.0.1
2020-06-02 05:38:27.607 INFO  [http-nio-8080-exec-4]com.hnxx.zy.clms.common.aspect.RequestAspect.printRequestLog:148 -方法 : com.hnxx.zy.clms.controller.UserController.getByPage
2020-06-02 05:38:27.607 INFO  [http-nio-8080-exec-4]com.hnxx.zy.clms.common.aspect.RequestAspect.printRequestLog:152 -请求参数：******
2020-06-02 05:38:27.697 INFO  [http-nio-8080-exec-4]com.hnxx.zy.clms.common.aspect.RequestAspect.doAround:91 -耗时 : 92
2020-06-02 05:38:27.698 INFO  [http-nio-8080-exec-4]com.hnxx.zy.clms.common.aspect.RequestAspect.doAfterReturning:109 -返回值:"******"
2020-06-02 05:38:56.314 INFO  [http-nio-8080-exec-7]com.hnxx.zy.clms.common.aspect.RequestAspect.printRequestLog:142 -请求地址 : /articleType/getList
2020-06-02 05:38:56.314 INFO  [http-nio-8080-exec-7]com.hnxx.zy.clms.common.aspect.RequestAspect.printRequestLog:143 -请求方式 : GET
2020-06-02 05:38:56.315 INFO  [http-nio-8080-exec-7]com.hnxx.zy.clms.common.aspect.RequestAspect.printRequestLog:146 -IP : 127.0.0.1
2020-06-02 05:38:56.316 INFO  [http-nio-8080-exec-7]com.hnxx.zy.clms.common.aspect.RequestAspect.printRequestLog:148 -方法 : com.hnxx.zy.clms.controller.ArticleTypeController.getList
2020-06-02 05:38:56.317 INFO  [http-nio-8080-exec-7]com.hnxx.zy.clms.common.aspect.RequestAspect.printRequestLog:152 -请求参数：******
2020-06-02 05:38:56.360 INFO  [http-nio-8080-exec-7]com.hnxx.zy.clms.common.aspect.RequestAspect.doAround:91 -耗时 : 46
2020-06-02 05:38:56.361 INFO  [http-nio-8080-exec-7]com.hnxx.zy.clms.common.aspect.RequestAspect.doAfterReturning:109 -返回值:"******"
2020-06-02 05:38:56.619 INFO  [http-nio-8080-exec-8]com.hnxx.zy.clms.common.aspect.RequestAspect.printRequestLog:142 -请求地址 : /user/get/byPage
2020-06-02 05:38:56.619 INFO  [http-nio-8080-exec-8]com.hnxx.zy.clms.common.aspect.RequestAspect.printRequestLog:143 -请求方式 : POST
2020-06-02 05:38:56.619 INFO  [http-nio-8080-exec-8]com.hnxx.zy.clms.common.aspect.RequestAspect.printRequestLog:146 -IP : 127.0.0.1
2020-06-02 05:38:56.620 INFO  [http-nio-8080-exec-8]com.hnxx.zy.clms.common.aspect.RequestAspect.printRequestLog:148 -方法 : com.hnxx.zy.clms.controller.UserController.getByPage
2020-06-02 05:38:56.621 INFO  [http-nio-8080-exec-8]com.hnxx.zy.clms.common.aspect.RequestAspect.printRequestLog:152 -请求参数：******
2020-06-02 05:38:56.707 INFO  [http-nio-8080-exec-8]com.hnxx.zy.clms.common.aspect.RequestAspect.doAround:91 -耗时 : 88
2020-06-02 05:38:56.708 INFO  [http-nio-8080-exec-8]com.hnxx.zy.clms.common.aspect.RequestAspect.doAfterReturning:109 -返回值:"******"
