2020-05-09 09:18:14.313 INFO  [restartedMain]com.hnxx.zy.clms.ClmsApplication.logStarting:55 -Starting ClmsApplication on USER-20200114VO with PID 10876 (E:\ideaProject\clms\target\classes started by Administrator in E:\ideaProject\clms)
2020-05-09 09:18:14.353 DEBUG [restartedMain]com.hnxx.zy.clms.ClmsApplication.logStarting:56 -Running with Spring Boot v2.2.5.RELEASE, Spring v5.2.4.RELEASE
2020-05-09 09:18:14.353 INFO  [restartedMain]com.hnxx.zy.clms.ClmsApplication.logStartupProfileInfo:651 -No active profile set, falling back to default profiles: default
2020-05-09 09:18:14.892 INFO  [restartedMain]org.springframework.boot.devtools.restart.ChangeableUrls.logTo:225 -The Class-Path manifest attribute in E:\安装包\个人仓库\repo\com\sun\xml\bind\jaxb-impl\2.3.0\jaxb-impl-2.3.0.jar referenced one or more files that do not exist: file:/E:/%e5%ae%89%e8%a3%85%e5%8c%85/%e4%b8%aa%e4%ba%ba%e4%bb%93%e5%ba%93/repo/com/sun/xml/bind/jaxb-impl/2.3.0/jaxb-core.jar
2020-05-09 09:18:14.902 INFO  [restartedMain]org.springframework.boot.devtools.restart.ChangeableUrls.logTo:225 -The Class-Path manifest attribute in E:\安装包\个人仓库\repo\com\sun\xml\bind\jaxb-core\2.3.0\jaxb-core-2.3.0.jar referenced one or more files that do not exist: file:/E:/%e5%ae%89%e8%a3%85%e5%8c%85/%e4%b8%aa%e4%ba%ba%e4%bb%93%e5%ba%93/repo/com/sun/xml/bind/jaxb-core/2.3.0/jaxb-api.jar
2020-05-09 09:18:14.902 INFO  [restartedMain]o.s.b.devtools.env.DevToolsPropertyDefaultsPostProcessor.logTo:225 -Devtools property defaults active! Set 'spring.devtools.add-properties' to 'false' to disable
2020-05-09 09:18:14.902 INFO  [restartedMain]o.s.b.devtools.env.DevToolsPropertyDefaultsPostProcessor.logTo:225 -For additional web related logging consider setting the 'logging.level.web' property to 'DEBUG'
2020-05-09 09:18:19.554 INFO  [restartedMain]o.s.boot.web.embedded.tomcat.TomcatWebServer.initialize:92 -Tomcat initialized with port(s): 8080 (http)
2020-05-09 09:18:19.564 INFO  [restartedMain]org.apache.coyote.http11.Http11NioProtocol.log:173 -Initializing ProtocolHandler ["http-nio-8080"]
2020-05-09 09:18:19.564 INFO  [restartedMain]org.apache.catalina.core.StandardService.log:173 -Starting service [Tomcat]
2020-05-09 09:18:19.564 INFO  [restartedMain]org.apache.catalina.core.StandardEngine.log:173 -Starting Servlet engine: [Apache Tomcat/9.0.31]
2020-05-09 09:18:19.794 INFO  [restartedMain]o.a.catalina.core.ContainerBase.[Tomcat].[localhost].[/].log:173 -Initializing Spring embedded WebApplicationContext
2020-05-09 09:18:19.794 INFO  [restartedMain]org.springframework.web.context.ContextLoader.prepareWebApplicationContext:284 -Root WebApplicationContext: initialization completed in 4892 ms
2020-05-09 09:18:20.514 INFO  [restartedMain]org.springframework.boot.web.servlet.RegistrationBean.register:110 -Filter webStatFilter was not registered (possibly already registered?)
2020-05-09 09:18:20.514 INFO  [restartedMain]org.springframework.boot.web.servlet.RegistrationBean.register:110 -Servlet statViewServlet was not registered (possibly already registered?)
2020-05-09 09:18:20.544 DEBUG [restartedMain]com.hnxx.zy.clms.security.jwt.JwtAuthTokenFilter.init:242 -Filter 'authenticationJwtTokenFilter' configured for use
2020-05-09 09:18:21.364 INFO  [restartedMain]o.s.security.web.DefaultSecurityFilterChain.<init>:43 -Creating filter chain: Ant [pattern='/css/**'], []
2020-05-09 09:18:21.364 INFO  [restartedMain]o.s.security.web.DefaultSecurityFilterChain.<init>:43 -Creating filter chain: Ant [pattern='/js/**,/static/**'], []
2020-05-09 09:18:21.364 INFO  [restartedMain]o.s.security.web.DefaultSecurityFilterChain.<init>:43 -Creating filter chain: Ant [pattern='/templates/**'], []
2020-05-09 09:18:21.364 INFO  [restartedMain]o.s.security.web.DefaultSecurityFilterChain.<init>:43 -Creating filter chain: Ant [pattern='/img/**'], []
2020-05-09 09:18:21.634 INFO  [restartedMain]o.s.b.a.web.servlet.WelcomePageHandlerMapping.<init>:58 -Adding welcome page template: index
2020-05-09 09:18:21.886 INFO  [restartedMain]o.s.security.web.DefaultSecurityFilterChain.<init>:43 -Creating filter chain: any request, [org.springframework.security.web.context.request.async.WebAsyncManagerIntegrationFilter@7ee23297, org.springframework.security.web.context.SecurityContextPersistenceFilter@56419619, org.springframework.security.web.header.HeaderWriterFilter@427a8b2d, org.springframework.web.filter.CorsFilter@3069927d, org.springframework.security.web.authentication.logout.LogoutFilter@59cbd106, com.hnxx.zy.clms.security.jwt.JwtAuthTokenFilter@52582774, org.springframework.security.web.authentication.UsernamePasswordAuthenticationFilter@3471029e, org.springframework.security.web.savedrequest.RequestCacheAwareFilter@4a68676a, org.springframework.security.web.servletapi.SecurityContextHolderAwareRequestFilter@579aff0a, org.springframework.security.web.authentication.AnonymousAuthenticationFilter@35adcdb2, org.springframework.security.web.session.SessionManagementFilter@3af7d44e, org.springframework.security.web.access.ExceptionTranslationFilter@1f2c765d, org.springframework.security.web.access.intercept.FilterSecurityInterceptor@516b6a57]
2020-05-09 09:18:21.993 INFO  [restartedMain]o.s.scheduling.concurrent.ThreadPoolTaskExecutor.initialize:181 -Initializing ExecutorService 'applicationTaskExecutor'
2020-05-09 09:18:22.696 INFO  [restartedMain]o.s.scheduling.concurrent.ThreadPoolTaskScheduler.initialize:181 -Initializing ExecutorService 'taskScheduler'
2020-05-09 09:18:22.906 INFO  [restartedMain]o.s.boot.devtools.autoconfigure.OptionalLiveReloadServer.startServer:58 -LiveReload server is running on port 35729
2020-05-09 09:18:22.996 INFO  [restartedMain]org.apache.coyote.http11.Http11NioProtocol.log:173 -Starting ProtocolHandler ["http-nio-8080"]
2020-05-09 09:18:23.046 INFO  [restartedMain]o.s.boot.web.embedded.tomcat.TomcatWebServer.start:204 -Tomcat started on port(s): 8080 (http) with context path ''
2020-05-09 09:18:23.046 INFO  [restartedMain]com.hnxx.zy.clms.ClmsApplication.logStarted:61 -Started ClmsApplication in 12.32 seconds (JVM running for 16.532)
2020-05-09 09:20:04.222 INFO  [http-nio-8080-exec-1]o.a.catalina.core.ContainerBase.[Tomcat].[localhost].[/].log:173 -Initializing Spring DispatcherServlet 'dispatcherServlet'
2020-05-09 09:20:04.226 INFO  [http-nio-8080-exec-1]org.springframework.web.servlet.DispatcherServlet.initServletBean:525 -Initializing Servlet 'dispatcherServlet'
2020-05-09 09:20:04.323 INFO  [http-nio-8080-exec-1]org.springframework.web.servlet.DispatcherServlet.initServletBean:547 -Completed initialization in 95 ms
2020-05-09 09:20:04.456 INFO  [http-nio-8080-exec-1]com.hnxx.zy.clms.common.aspect.RequestAspect.printRequestLog:142 -请求地址 : /
2020-05-09 09:20:04.470 INFO  [http-nio-8080-exec-1]com.hnxx.zy.clms.common.aspect.RequestAspect.printRequestLog:143 -请求方式 : GET
2020-05-09 09:20:04.473 INFO  [http-nio-8080-exec-1]com.hnxx.zy.clms.common.aspect.RequestAspect.printRequestLog:146 -IP : 0:0:0:0:0:0:0:1
2020-05-09 09:20:04.478 INFO  [http-nio-8080-exec-1]com.hnxx.zy.clms.common.aspect.RequestAspect.printRequestLog:148 -方法 : com.hnxx.zy.clms.controller.LoginController.login
2020-05-09 09:20:04.479 INFO  [http-nio-8080-exec-1]com.hnxx.zy.clms.common.aspect.RequestAspect.printRequestLog:152 -请求参数：******
2020-05-09 09:20:04.486 INFO  [http-nio-8080-exec-1]com.hnxx.zy.clms.common.aspect.RequestAspect.doAround:91 -耗时 : 31
2020-05-09 09:20:04.651 INFO  [http-nio-8080-exec-1]com.hnxx.zy.clms.common.aspect.RequestAspect.doAfterReturning:109 -返回值:"******"
2020-05-09 09:20:04.919 INFO  [http-nio-8080-exec-1]com.alibaba.druid.pool.DruidDataSource.init:930 -{dataSource-1} inited
2020-05-09 09:20:05.537 DEBUG [http-nio-8080-exec-1]com.hnxx.zy.clms.core.mapper.LogMapper.save.debug:159 -==>  Preparing: insert into cl_log(log_url, log_params, log_status, log_message, log_method, log_time, log_result, log_ip) values (?, ?, ?, ?, ?, ?, ?, ?) 
2020-05-09 09:20:05.581 DEBUG [http-nio-8080-exec-1]com.hnxx.zy.clms.core.mapper.LogMapper.save.debug:159 -==> Parameters: /(String), ******(String), 1(Integer), null, GET(String), 31(Long), ******(String), 0:0:0:0:0:0:0:1(String)
2020-05-09 09:20:05.670 DEBUG [http-nio-8080-exec-1]com.hnxx.zy.clms.core.mapper.LogMapper.save.debug:159 -<==    Updates: 1
2020-05-09 09:20:07.029 INFO  [http-nio-8080-exec-6]com.hnxx.zy.clms.common.aspect.RequestAspect.printRequestLog:142 -请求地址 : /login
2020-05-09 09:20:07.030 INFO  [http-nio-8080-exec-6]com.hnxx.zy.clms.common.aspect.RequestAspect.printRequestLog:143 -请求方式 : GET
2020-05-09 09:20:07.031 INFO  [http-nio-8080-exec-6]com.hnxx.zy.clms.common.aspect.RequestAspect.printRequestLog:146 -IP : 0:0:0:0:0:0:0:1
2020-05-09 09:20:07.032 INFO  [http-nio-8080-exec-6]com.hnxx.zy.clms.common.aspect.RequestAspect.printRequestLog:148 -方法 : com.hnxx.zy.clms.controller.LoginController.callbackLogin
2020-05-09 09:20:07.033 INFO  [http-nio-8080-exec-6]com.hnxx.zy.clms.common.aspect.RequestAspect.printRequestLog:152 -请求参数：******
2020-05-09 09:20:07.035 INFO  [http-nio-8080-exec-6]com.hnxx.zy.clms.common.aspect.RequestAspect.doAround:91 -耗时 : 6
2020-05-09 09:20:07.144 INFO  [http-nio-8080-exec-6]com.hnxx.zy.clms.common.aspect.RequestAspect.doAfterReturning:109 -返回值:"******"
2020-05-09 09:20:07.145 DEBUG [http-nio-8080-exec-6]com.hnxx.zy.clms.core.mapper.LogMapper.save.debug:159 -==>  Preparing: insert into cl_log(log_url, log_params, log_status, log_message, log_method, log_time, log_result, log_ip) values (?, ?, ?, ?, ?, ?, ?, ?) 
2020-05-09 09:20:07.147 DEBUG [http-nio-8080-exec-6]com.hnxx.zy.clms.core.mapper.LogMapper.save.debug:159 -==> Parameters: /login(String), ******(String), 1(Integer), null, GET(String), 6(Long), ******(String), 0:0:0:0:0:0:0:1(String)
2020-05-09 09:20:07.262 DEBUG [http-nio-8080-exec-6]com.hnxx.zy.clms.core.mapper.LogMapper.save.debug:159 -<==    Updates: 1
2020-05-09 09:20:07.379 INFO  [http-nio-8080-exec-7]com.hnxx.zy.clms.common.aspect.RequestAspect.printRequestLog:142 -请求地址 : /login
2020-05-09 09:20:07.380 INFO  [http-nio-8080-exec-7]com.hnxx.zy.clms.common.aspect.RequestAspect.printRequestLog:143 -请求方式 : GET
2020-05-09 09:20:07.382 INFO  [http-nio-8080-exec-7]com.hnxx.zy.clms.common.aspect.RequestAspect.printRequestLog:146 -IP : 0:0:0:0:0:0:0:1
2020-05-09 09:20:07.383 INFO  [http-nio-8080-exec-7]com.hnxx.zy.clms.common.aspect.RequestAspect.printRequestLog:148 -方法 : com.hnxx.zy.clms.controller.LoginController.callbackLogin
2020-05-09 09:20:07.383 INFO  [http-nio-8080-exec-7]com.hnxx.zy.clms.common.aspect.RequestAspect.printRequestLog:152 -请求参数：******
2020-05-09 09:20:07.384 INFO  [http-nio-8080-exec-7]com.hnxx.zy.clms.common.aspect.RequestAspect.doAround:91 -耗时 : 5
2020-05-09 09:20:07.384 INFO  [http-nio-8080-exec-7]com.hnxx.zy.clms.common.aspect.RequestAspect.doAfterReturning:109 -返回值:"******"
2020-05-09 09:20:07.385 DEBUG [http-nio-8080-exec-7]com.hnxx.zy.clms.core.mapper.LogMapper.save.debug:159 -==>  Preparing: insert into cl_log(log_url, log_params, log_status, log_message, log_method, log_time, log_result, log_ip) values (?, ?, ?, ?, ?, ?, ?, ?) 
2020-05-09 09:20:07.386 DEBUG [http-nio-8080-exec-7]com.hnxx.zy.clms.core.mapper.LogMapper.save.debug:159 -==> Parameters: /login(String), ******(String), 1(Integer), null, GET(String), 5(Long), ******(String), 0:0:0:0:0:0:0:1(String)
2020-05-09 09:20:07.485 DEBUG [http-nio-8080-exec-7]com.hnxx.zy.clms.core.mapper.LogMapper.save.debug:159 -<==    Updates: 1
2020-05-09 09:20:09.169 INFO  [http-nio-8080-exec-10]com.hnxx.zy.clms.common.aspect.RequestAspect.printRequestLog:142 -请求地址 : /login
2020-05-09 09:20:09.170 INFO  [http-nio-8080-exec-10]com.hnxx.zy.clms.common.aspect.RequestAspect.printRequestLog:143 -请求方式 : GET
2020-05-09 09:20:09.171 INFO  [http-nio-8080-exec-10]com.hnxx.zy.clms.common.aspect.RequestAspect.printRequestLog:146 -IP : 0:0:0:0:0:0:0:1
2020-05-09 09:20:09.172 INFO  [http-nio-8080-exec-10]com.hnxx.zy.clms.common.aspect.RequestAspect.printRequestLog:148 -方法 : com.hnxx.zy.clms.controller.LoginController.callbackLogin
2020-05-09 09:20:09.172 INFO  [http-nio-8080-exec-10]com.hnxx.zy.clms.common.aspect.RequestAspect.printRequestLog:152 -请求参数：******
2020-05-09 09:20:09.173 INFO  [http-nio-8080-exec-10]com.hnxx.zy.clms.common.aspect.RequestAspect.doAround:91 -耗时 : 4
2020-05-09 09:20:09.175 INFO  [http-nio-8080-exec-10]com.hnxx.zy.clms.common.aspect.RequestAspect.doAfterReturning:109 -返回值:"******"
2020-05-09 09:20:09.176 DEBUG [http-nio-8080-exec-10]com.hnxx.zy.clms.core.mapper.LogMapper.save.debug:159 -==>  Preparing: insert into cl_log(log_url, log_params, log_status, log_message, log_method, log_time, log_result, log_ip) values (?, ?, ?, ?, ?, ?, ?, ?) 
2020-05-09 09:20:09.178 DEBUG [http-nio-8080-exec-10]com.hnxx.zy.clms.core.mapper.LogMapper.save.debug:159 -==> Parameters: /login(String), ******(String), 1(Integer), null, GET(String), 4(Long), ******(String), 0:0:0:0:0:0:0:1(String)
2020-05-09 09:20:09.269 DEBUG [http-nio-8080-exec-10]com.hnxx.zy.clms.core.mapper.LogMapper.save.debug:159 -<==    Updates: 1
2020-05-09 09:20:09.282 INFO  [http-nio-8080-exec-4]com.hnxx.zy.clms.common.aspect.RequestAspect.printRequestLog:142 -请求地址 : /login
2020-05-09 09:20:09.282 INFO  [http-nio-8080-exec-4]com.hnxx.zy.clms.common.aspect.RequestAspect.printRequestLog:143 -请求方式 : GET
2020-05-09 09:20:09.283 INFO  [http-nio-8080-exec-4]com.hnxx.zy.clms.common.aspect.RequestAspect.printRequestLog:146 -IP : 0:0:0:0:0:0:0:1
2020-05-09 09:20:09.283 INFO  [http-nio-8080-exec-4]com.hnxx.zy.clms.common.aspect.RequestAspect.printRequestLog:148 -方法 : com.hnxx.zy.clms.controller.LoginController.callbackLogin
2020-05-09 09:20:09.284 INFO  [http-nio-8080-exec-4]com.hnxx.zy.clms.common.aspect.RequestAspect.printRequestLog:152 -请求参数：******
2020-05-09 09:20:09.284 INFO  [http-nio-8080-exec-4]com.hnxx.zy.clms.common.aspect.RequestAspect.doAround:91 -耗时 : 2
2020-05-09 09:20:09.285 INFO  [http-nio-8080-exec-4]com.hnxx.zy.clms.common.aspect.RequestAspect.doAfterReturning:109 -返回值:"******"
2020-05-09 09:20:09.285 DEBUG [http-nio-8080-exec-4]com.hnxx.zy.clms.core.mapper.LogMapper.save.debug:159 -==>  Preparing: insert into cl_log(log_url, log_params, log_status, log_message, log_method, log_time, log_result, log_ip) values (?, ?, ?, ?, ?, ?, ?, ?) 
2020-05-09 09:20:09.287 DEBUG [http-nio-8080-exec-4]com.hnxx.zy.clms.core.mapper.LogMapper.save.debug:159 -==> Parameters: /login(String), ******(String), 1(Integer), null, GET(String), 2(Long), ******(String), 0:0:0:0:0:0:0:1(String)
2020-05-09 09:20:09.375 DEBUG [http-nio-8080-exec-4]com.hnxx.zy.clms.core.mapper.LogMapper.save.debug:159 -<==    Updates: 1
2020-05-09 09:20:13.433 INFO  [http-nio-8080-exec-7]com.hnxx.zy.clms.common.aspect.RequestAspect.printRequestLog:142 -请求地址 : /register
2020-05-09 09:20:13.434 INFO  [http-nio-8080-exec-7]com.hnxx.zy.clms.common.aspect.RequestAspect.printRequestLog:143 -请求方式 : GET
2020-05-09 09:20:13.435 INFO  [http-nio-8080-exec-7]com.hnxx.zy.clms.common.aspect.RequestAspect.printRequestLog:146 -IP : 0:0:0:0:0:0:0:1
2020-05-09 09:20:13.435 INFO  [http-nio-8080-exec-7]com.hnxx.zy.clms.common.aspect.RequestAspect.printRequestLog:148 -方法 : com.hnxx.zy.clms.controller.LoginController.register
2020-05-09 09:20:13.436 INFO  [http-nio-8080-exec-7]com.hnxx.zy.clms.common.aspect.RequestAspect.printRequestLog:152 -请求参数：******
2020-05-09 09:20:13.437 INFO  [http-nio-8080-exec-7]com.hnxx.zy.clms.common.aspect.RequestAspect.doAround:91 -耗时 : 4
2020-05-09 09:20:13.437 INFO  [http-nio-8080-exec-7]com.hnxx.zy.clms.common.aspect.RequestAspect.doAfterReturning:109 -返回值:"******"
2020-05-09 09:20:13.438 DEBUG [http-nio-8080-exec-7]com.hnxx.zy.clms.core.mapper.LogMapper.save.debug:159 -==>  Preparing: insert into cl_log(log_url, log_params, log_status, log_message, log_method, log_time, log_result, log_ip) values (?, ?, ?, ?, ?, ?, ?, ?) 
2020-05-09 09:20:13.440 DEBUG [http-nio-8080-exec-7]com.hnxx.zy.clms.core.mapper.LogMapper.save.debug:159 -==> Parameters: /register(String), ******(String), 1(Integer), null, GET(String), 4(Long), ******(String), 0:0:0:0:0:0:0:1(String)
2020-05-09 09:20:13.530 DEBUG [http-nio-8080-exec-7]com.hnxx.zy.clms.core.mapper.LogMapper.save.debug:159 -<==    Updates: 1
2020-05-09 09:20:19.016 INFO  [http-nio-8080-exec-10]com.hnxx.zy.clms.common.aspect.RequestAspect.printRequestLog:142 -请求地址 : /login
2020-05-09 09:20:19.018 INFO  [http-nio-8080-exec-10]com.hnxx.zy.clms.common.aspect.RequestAspect.printRequestLog:143 -请求方式 : GET
2020-05-09 09:20:19.018 INFO  [http-nio-8080-exec-10]com.hnxx.zy.clms.common.aspect.RequestAspect.printRequestLog:146 -IP : 0:0:0:0:0:0:0:1
2020-05-09 09:20:19.019 INFO  [http-nio-8080-exec-10]com.hnxx.zy.clms.common.aspect.RequestAspect.printRequestLog:148 -方法 : com.hnxx.zy.clms.controller.LoginController.callbackLogin
2020-05-09 09:20:19.019 INFO  [http-nio-8080-exec-10]com.hnxx.zy.clms.common.aspect.RequestAspect.printRequestLog:152 -请求参数：******
2020-05-09 09:20:19.020 INFO  [http-nio-8080-exec-10]com.hnxx.zy.clms.common.aspect.RequestAspect.doAround:91 -耗时 : 4
2020-05-09 09:20:19.021 INFO  [http-nio-8080-exec-10]com.hnxx.zy.clms.common.aspect.RequestAspect.doAfterReturning:109 -返回值:"******"
2020-05-09 09:20:19.023 DEBUG [http-nio-8080-exec-10]com.hnxx.zy.clms.core.mapper.LogMapper.save.debug:159 -==>  Preparing: insert into cl_log(log_url, log_params, log_status, log_message, log_method, log_time, log_result, log_ip) values (?, ?, ?, ?, ?, ?, ?, ?) 
2020-05-09 09:20:19.025 DEBUG [http-nio-8080-exec-10]com.hnxx.zy.clms.core.mapper.LogMapper.save.debug:159 -==> Parameters: /login(String), ******(String), 1(Integer), null, GET(String), 4(Long), ******(String), 0:0:0:0:0:0:0:1(String)
2020-05-09 09:20:19.116 DEBUG [http-nio-8080-exec-10]com.hnxx.zy.clms.core.mapper.LogMapper.save.debug:159 -<==    Updates: 1
2020-05-09 09:20:20.786 INFO  [http-nio-8080-exec-1]com.hnxx.zy.clms.common.aspect.RequestAspect.printRequestLog:142 -请求地址 : /register
2020-05-09 09:20:20.787 INFO  [http-nio-8080-exec-1]com.hnxx.zy.clms.common.aspect.RequestAspect.printRequestLog:143 -请求方式 : GET
2020-05-09 09:20:20.787 INFO  [http-nio-8080-exec-1]com.hnxx.zy.clms.common.aspect.RequestAspect.printRequestLog:146 -IP : 0:0:0:0:0:0:0:1
2020-05-09 09:20:20.788 INFO  [http-nio-8080-exec-1]com.hnxx.zy.clms.common.aspect.RequestAspect.printRequestLog:148 -方法 : com.hnxx.zy.clms.controller.LoginController.register
2020-05-09 09:20:20.789 INFO  [http-nio-8080-exec-1]com.hnxx.zy.clms.common.aspect.RequestAspect.printRequestLog:152 -请求参数：******
2020-05-09 09:20:20.790 INFO  [http-nio-8080-exec-1]com.hnxx.zy.clms.common.aspect.RequestAspect.doAround:91 -耗时 : 4
2020-05-09 09:20:20.790 INFO  [http-nio-8080-exec-1]com.hnxx.zy.clms.common.aspect.RequestAspect.doAfterReturning:109 -返回值:"******"
2020-05-09 09:20:20.792 DEBUG [http-nio-8080-exec-1]com.hnxx.zy.clms.core.mapper.LogMapper.save.debug:159 -==>  Preparing: insert into cl_log(log_url, log_params, log_status, log_message, log_method, log_time, log_result, log_ip) values (?, ?, ?, ?, ?, ?, ?, ?) 
2020-05-09 09:20:20.793 DEBUG [http-nio-8080-exec-1]com.hnxx.zy.clms.core.mapper.LogMapper.save.debug:159 -==> Parameters: /register(String), ******(String), 1(Integer), null, GET(String), 4(Long), ******(String), 0:0:0:0:0:0:0:1(String)
2020-05-09 09:20:20.883 DEBUG [http-nio-8080-exec-1]com.hnxx.zy.clms.core.mapper.LogMapper.save.debug:159 -<==    Updates: 1
2020-05-09 09:20:26.723 INFO  [http-nio-8080-exec-5]com.hnxx.zy.clms.common.aspect.RequestAspect.printRequestLog:142 -请求地址 : /
2020-05-09 09:20:26.725 INFO  [http-nio-8080-exec-5]com.hnxx.zy.clms.common.aspect.RequestAspect.printRequestLog:143 -请求方式 : GET
2020-05-09 09:20:26.726 INFO  [http-nio-8080-exec-5]com.hnxx.zy.clms.common.aspect.RequestAspect.printRequestLog:146 -IP : 0:0:0:0:0:0:0:1
2020-05-09 09:20:26.726 INFO  [http-nio-8080-exec-5]com.hnxx.zy.clms.common.aspect.RequestAspect.printRequestLog:148 -方法 : com.hnxx.zy.clms.controller.LoginController.login
2020-05-09 09:20:26.727 INFO  [http-nio-8080-exec-5]com.hnxx.zy.clms.common.aspect.RequestAspect.printRequestLog:152 -请求参数：******
2020-05-09 09:20:26.727 INFO  [http-nio-8080-exec-5]com.hnxx.zy.clms.common.aspect.RequestAspect.doAround:91 -耗时 : 4
2020-05-09 09:20:26.730 INFO  [http-nio-8080-exec-5]com.hnxx.zy.clms.common.aspect.RequestAspect.doAfterReturning:109 -返回值:"******"
2020-05-09 09:20:26.732 DEBUG [http-nio-8080-exec-5]com.hnxx.zy.clms.core.mapper.LogMapper.save.debug:159 -==>  Preparing: insert into cl_log(log_url, log_params, log_status, log_message, log_method, log_time, log_result, log_ip) values (?, ?, ?, ?, ?, ?, ?, ?) 
2020-05-09 09:20:26.735 DEBUG [http-nio-8080-exec-5]com.hnxx.zy.clms.core.mapper.LogMapper.save.debug:159 -==> Parameters: /(String), ******(String), 1(Integer), null, GET(String), 4(Long), ******(String), 0:0:0:0:0:0:0:1(String)
2020-05-09 09:20:26.825 DEBUG [http-nio-8080-exec-5]com.hnxx.zy.clms.core.mapper.LogMapper.save.debug:159 -<==    Updates: 1
2020-05-09 09:20:26.898 INFO  [http-nio-8080-exec-8]com.hnxx.zy.clms.common.aspect.RequestAspect.printRequestLog:142 -请求地址 : /login
2020-05-09 09:20:26.899 INFO  [http-nio-8080-exec-8]com.hnxx.zy.clms.common.aspect.RequestAspect.printRequestLog:143 -请求方式 : GET
2020-05-09 09:20:26.899 INFO  [http-nio-8080-exec-8]com.hnxx.zy.clms.common.aspect.RequestAspect.printRequestLog:146 -IP : 0:0:0:0:0:0:0:1
2020-05-09 09:20:26.900 INFO  [http-nio-8080-exec-8]com.hnxx.zy.clms.common.aspect.RequestAspect.printRequestLog:148 -方法 : com.hnxx.zy.clms.controller.LoginController.callbackLogin
2020-05-09 09:20:26.901 INFO  [http-nio-8080-exec-8]com.hnxx.zy.clms.common.aspect.RequestAspect.printRequestLog:152 -请求参数：******
2020-05-09 09:20:26.901 INFO  [http-nio-8080-exec-8]com.hnxx.zy.clms.common.aspect.RequestAspect.doAround:91 -耗时 : 4
2020-05-09 09:20:26.903 INFO  [http-nio-8080-exec-8]com.hnxx.zy.clms.common.aspect.RequestAspect.doAfterReturning:109 -返回值:"******"
2020-05-09 09:20:26.922 DEBUG [http-nio-8080-exec-8]com.hnxx.zy.clms.core.mapper.LogMapper.save.debug:159 -==>  Preparing: insert into cl_log(log_url, log_params, log_status, log_message, log_method, log_time, log_result, log_ip) values (?, ?, ?, ?, ?, ?, ?, ?) 
2020-05-09 09:20:26.924 DEBUG [http-nio-8080-exec-8]com.hnxx.zy.clms.core.mapper.LogMapper.save.debug:159 -==> Parameters: /login(String), ******(String), 1(Integer), null, GET(String), 4(Long), ******(String), 0:0:0:0:0:0:0:1(String)
2020-05-09 09:20:27.013 DEBUG [http-nio-8080-exec-8]com.hnxx.zy.clms.core.mapper.LogMapper.save.debug:159 -<==    Updates: 1
2020-05-09 09:20:27.023 INFO  [http-nio-8080-exec-10]com.hnxx.zy.clms.common.aspect.RequestAspect.printRequestLog:142 -请求地址 : /login
2020-05-09 09:20:27.023 INFO  [http-nio-8080-exec-10]com.hnxx.zy.clms.common.aspect.RequestAspect.printRequestLog:143 -请求方式 : GET
2020-05-09 09:20:27.024 INFO  [http-nio-8080-exec-10]com.hnxx.zy.clms.common.aspect.RequestAspect.printRequestLog:146 -IP : 0:0:0:0:0:0:0:1
2020-05-09 09:20:27.025 INFO  [http-nio-8080-exec-10]com.hnxx.zy.clms.common.aspect.RequestAspect.printRequestLog:148 -方法 : com.hnxx.zy.clms.controller.LoginController.callbackLogin
2020-05-09 09:20:27.025 INFO  [http-nio-8080-exec-10]com.hnxx.zy.clms.common.aspect.RequestAspect.printRequestLog:152 -请求参数：******
2020-05-09 09:20:27.026 INFO  [http-nio-8080-exec-10]com.hnxx.zy.clms.common.aspect.RequestAspect.doAround:91 -耗时 : 3
2020-05-09 09:20:27.026 INFO  [http-nio-8080-exec-10]com.hnxx.zy.clms.common.aspect.RequestAspect.doAfterReturning:109 -返回值:"******"
2020-05-09 09:20:27.027 DEBUG [http-nio-8080-exec-10]com.hnxx.zy.clms.core.mapper.LogMapper.save.debug:159 -==>  Preparing: insert into cl_log(log_url, log_params, log_status, log_message, log_method, log_time, log_result, log_ip) values (?, ?, ?, ?, ?, ?, ?, ?) 
2020-05-09 09:20:27.029 DEBUG [http-nio-8080-exec-10]com.hnxx.zy.clms.core.mapper.LogMapper.save.debug:159 -==> Parameters: /login(String), ******(String), 1(Integer), null, GET(String), 3(Long), ******(String), 0:0:0:0:0:0:0:1(String)
2020-05-09 09:20:27.121 DEBUG [http-nio-8080-exec-10]com.hnxx.zy.clms.core.mapper.LogMapper.save.debug:159 -<==    Updates: 1
2020-05-09 09:20:27.135 INFO  [http-nio-8080-exec-4]com.hnxx.zy.clms.common.aspect.RequestAspect.printRequestLog:142 -请求地址 : /login
2020-05-09 09:20:27.135 INFO  [http-nio-8080-exec-4]com.hnxx.zy.clms.common.aspect.RequestAspect.printRequestLog:143 -请求方式 : GET
2020-05-09 09:20:27.136 INFO  [http-nio-8080-exec-4]com.hnxx.zy.clms.common.aspect.RequestAspect.printRequestLog:146 -IP : 0:0:0:0:0:0:0:1
2020-05-09 09:20:27.136 INFO  [http-nio-8080-exec-4]com.hnxx.zy.clms.common.aspect.RequestAspect.printRequestLog:148 -方法 : com.hnxx.zy.clms.controller.LoginController.callbackLogin
2020-05-09 09:20:27.137 INFO  [http-nio-8080-exec-4]com.hnxx.zy.clms.common.aspect.RequestAspect.printRequestLog:152 -请求参数：******
2020-05-09 09:20:27.137 INFO  [http-nio-8080-exec-4]com.hnxx.zy.clms.common.aspect.RequestAspect.doAround:91 -耗时 : 2
2020-05-09 09:20:27.138 INFO  [http-nio-8080-exec-4]com.hnxx.zy.clms.common.aspect.RequestAspect.doAfterReturning:109 -返回值:"******"
2020-05-09 09:20:27.138 DEBUG [http-nio-8080-exec-4]com.hnxx.zy.clms.core.mapper.LogMapper.save.debug:159 -==>  Preparing: insert into cl_log(log_url, log_params, log_status, log_message, log_method, log_time, log_result, log_ip) values (?, ?, ?, ?, ?, ?, ?, ?) 
2020-05-09 09:20:27.139 DEBUG [http-nio-8080-exec-4]com.hnxx.zy.clms.core.mapper.LogMapper.save.debug:159 -==> Parameters: /login(String), ******(String), 1(Integer), null, GET(String), 2(Long), ******(String), 0:0:0:0:0:0:0:1(String)
2020-05-09 09:20:27.228 DEBUG [http-nio-8080-exec-4]com.hnxx.zy.clms.core.mapper.LogMapper.save.debug:159 -<==    Updates: 1
2020-05-09 09:20:29.772 INFO  [http-nio-8080-exec-5]com.hnxx.zy.clms.common.aspect.RequestAspect.printRequestLog:142 -请求地址 : /callback
2020-05-09 09:20:29.773 INFO  [http-nio-8080-exec-5]com.hnxx.zy.clms.common.aspect.RequestAspect.printRequestLog:143 -请求方式 : GET
2020-05-09 09:20:29.773 INFO  [http-nio-8080-exec-5]com.hnxx.zy.clms.common.aspect.RequestAspect.printRequestLog:146 -IP : 0:0:0:0:0:0:0:1
2020-05-09 09:20:29.774 INFO  [http-nio-8080-exec-5]com.hnxx.zy.clms.common.aspect.RequestAspect.printRequestLog:148 -方法 : com.hnxx.zy.clms.controller.AuthorizeController.callback
2020-05-09 09:20:29.774 INFO  [http-nio-8080-exec-5]com.hnxx.zy.clms.common.aspect.RequestAspect.printRequestLog:152 -请求参数：******
2020-05-09 09:20:33.428 DEBUG [http-nio-8080-exec-5]com.hnxx.zy.clms.core.mapper.UserMapper.insert.debug:159 -==>  Preparing: insert into cl_github_user(name,account_id,token,created_time,update_time) values(?,?,?,?,?) 
2020-05-09 09:20:33.428 DEBUG [http-nio-8080-exec-5]com.hnxx.zy.clms.core.mapper.UserMapper.insert.debug:159 -==> Parameters: 南街北巷(String), 57308175(String), 0968b413-f5ec-474d-a8e7-c84533ed6a30(String), 2020-05-09 09:20:33.428(Timestamp), 2020-05-09 09:20:33.428(Timestamp)
2020-05-09 09:20:33.526 DEBUG [http-nio-8080-exec-5]com.hnxx.zy.clms.core.mapper.UserMapper.insert.debug:159 -<==    Updates: 1
2020-05-09 09:20:33.533 INFO  [http-nio-8080-exec-5]com.hnxx.zy.clms.common.aspect.RequestAspect.doAround:91 -耗时 : 3761
2020-05-09 09:20:33.534 INFO  [http-nio-8080-exec-5]com.hnxx.zy.clms.common.aspect.RequestAspect.doAfterReturning:109 -返回值:"******"
2020-05-09 09:20:33.534 DEBUG [http-nio-8080-exec-5]com.hnxx.zy.clms.core.mapper.LogMapper.save.debug:159 -==>  Preparing: insert into cl_log(log_url, log_params, log_status, log_message, log_method, log_time, log_result, log_ip) values (?, ?, ?, ?, ?, ?, ?, ?) 
2020-05-09 09:20:33.535 DEBUG [http-nio-8080-exec-5]com.hnxx.zy.clms.core.mapper.LogMapper.save.debug:159 -==> Parameters: /callback(String), ******(String), 1(Integer), null, GET(String), 3761(Long), ******(String), 0:0:0:0:0:0:0:1(String)
2020-05-09 09:20:33.625 DEBUG [http-nio-8080-exec-5]com.hnxx.zy.clms.core.mapper.LogMapper.save.debug:159 -<==    Updates: 1
2020-05-09 09:20:33.705 ERROR [http-nio-8080-exec-2]o.a.c.c.C.[Tomcat].[localhost].[/].[dispatcherServlet].log:175 -Servlet.service() for servlet [dispatcherServlet] in context with path [] threw exception
org.springframework.security.web.firewall.RequestRejectedException: The request was rejected because the URL contained a potentially malicious String ";"
	at org.springframework.security.web.firewall.StrictHttpFirewall.rejectedBlacklistedUrls(StrictHttpFirewall.java:369)
	at org.springframework.security.web.firewall.StrictHttpFirewall.getFirewalledRequest(StrictHttpFirewall.java:336)
	at org.springframework.security.web.FilterChainProxy.doFilterInternal(FilterChainProxy.java:194)
	at org.springframework.security.web.FilterChainProxy.doFilter(FilterChainProxy.java:178)
	at org.springframework.web.filter.DelegatingFilterProxy.invokeDelegate(DelegatingFilterProxy.java:358)
	at org.springframework.web.filter.DelegatingFilterProxy.doFilter(DelegatingFilterProxy.java:271)
	at org.apache.catalina.core.ApplicationFilterChain.internalDoFilter(ApplicationFilterChain.java:193)
	at org.apache.catalina.core.ApplicationFilterChain.doFilter(ApplicationFilterChain.java:166)
	at org.springframework.web.filter.RequestContextFilter.doFilterInternal(RequestContextFilter.java:100)
	at org.springframework.web.filter.OncePerRequestFilter.doFilter(OncePerRequestFilter.java:119)
	at org.apache.catalina.core.ApplicationFilterChain.internalDoFilter(ApplicationFilterChain.java:193)
	at org.apache.catalina.core.ApplicationFilterChain.doFilter(ApplicationFilterChain.java:166)
	at org.springframework.web.filter.FormContentFilter.doFilterInternal(FormContentFilter.java:93)
	at org.springframework.web.filter.OncePerRequestFilter.doFilter(OncePerRequestFilter.java:119)
	at org.apache.catalina.core.ApplicationFilterChain.internalDoFilter(ApplicationFilterChain.java:193)
	at org.apache.catalina.core.ApplicationFilterChain.doFilter(ApplicationFilterChain.java:166)
	at org.springframework.web.filter.CharacterEncodingFilter.doFilterInternal(CharacterEncodingFilter.java:201)
	at org.springframework.web.filter.OncePerRequestFilter.doFilter(OncePerRequestFilter.java:119)
	at org.apache.catalina.core.ApplicationFilterChain.internalDoFilter(ApplicationFilterChain.java:193)
	at org.apache.catalina.core.ApplicationFilterChain.doFilter(ApplicationFilterChain.java:166)
	at org.apache.catalina.core.StandardWrapperValve.invoke(StandardWrapperValve.java:202)
	at org.apache.catalina.core.StandardContextValve.invoke(StandardContextValve.java:96)
	at org.apache.catalina.authenticator.AuthenticatorBase.invoke(AuthenticatorBase.java:541)
	at org.apache.catalina.core.StandardHostValve.invoke(StandardHostValve.java:139)
	at org.apache.catalina.valves.ErrorReportValve.invoke(ErrorReportValve.java:92)
	at org.apache.catalina.core.StandardEngineValve.invoke(StandardEngineValve.java:74)
	at org.apache.catalina.connector.CoyoteAdapter.service(CoyoteAdapter.java:343)
	at org.apache.coyote.http11.Http11Processor.service(Http11Processor.java:367)
	at org.apache.coyote.AbstractProcessorLight.process(AbstractProcessorLight.java:65)
	at org.apache.coyote.AbstractProtocol$ConnectionHandler.process(AbstractProtocol.java:868)
	at org.apache.tomcat.util.net.NioEndpoint$SocketProcessor.doRun(NioEndpoint.java:1639)
	at org.apache.tomcat.util.net.SocketProcessorBase.run(SocketProcessorBase.java:49)
	at java.util.concurrent.ThreadPoolExecutor.runWorker(ThreadPoolExecutor.java:1142)
	at java.util.concurrent.ThreadPoolExecutor$Worker.run(ThreadPoolExecutor.java:617)
	at org.apache.tomcat.util.threads.TaskThread$WrappingRunnable.run(TaskThread.java:61)
	at java.lang.Thread.run(Thread.java:748)
2020-05-09 09:20:33.718 INFO  [http-nio-8080-exec-7]com.hnxx.zy.clms.common.aspect.RequestAspect.printRequestLog:142 -请求地址 : /login
2020-05-09 09:20:33.719 INFO  [http-nio-8080-exec-7]com.hnxx.zy.clms.common.aspect.RequestAspect.printRequestLog:143 -请求方式 : GET
2020-05-09 09:20:33.720 INFO  [http-nio-8080-exec-7]com.hnxx.zy.clms.common.aspect.RequestAspect.printRequestLog:146 -IP : 0:0:0:0:0:0:0:1
2020-05-09 09:20:33.720 INFO  [http-nio-8080-exec-7]com.hnxx.zy.clms.common.aspect.RequestAspect.printRequestLog:148 -方法 : com.hnxx.zy.clms.controller.LoginController.callbackLogin
2020-05-09 09:20:33.720 INFO  [http-nio-8080-exec-7]com.hnxx.zy.clms.common.aspect.RequestAspect.printRequestLog:152 -请求参数：******
2020-05-09 09:20:33.721 INFO  [http-nio-8080-exec-7]com.hnxx.zy.clms.common.aspect.RequestAspect.doAround:91 -耗时 : 3
2020-05-09 09:20:33.722 INFO  [http-nio-8080-exec-7]com.hnxx.zy.clms.common.aspect.RequestAspect.doAfterReturning:109 -返回值:"******"
2020-05-09 09:20:33.723 DEBUG [http-nio-8080-exec-7]com.hnxx.zy.clms.core.mapper.LogMapper.save.debug:159 -==>  Preparing: insert into cl_log(log_url, log_params, log_status, log_message, log_method, log_time, log_result, log_ip) values (?, ?, ?, ?, ?, ?, ?, ?) 
2020-05-09 09:20:33.724 DEBUG [http-nio-8080-exec-7]com.hnxx.zy.clms.core.mapper.LogMapper.save.debug:159 -==> Parameters: /login(String), ******(String), 1(Integer), null, GET(String), 3(Long), ******(String), 0:0:0:0:0:0:0:1(String)
2020-05-09 09:20:33.816 DEBUG [http-nio-8080-exec-7]com.hnxx.zy.clms.core.mapper.LogMapper.save.debug:159 -<==    Updates: 1
2020-05-09 09:20:40.696 INFO  [http-nio-8080-exec-3]com.hnxx.zy.clms.common.aspect.RequestAspect.printRequestLog:142 -请求地址 : /
2020-05-09 09:20:40.698 INFO  [http-nio-8080-exec-3]com.hnxx.zy.clms.common.aspect.RequestAspect.printRequestLog:143 -请求方式 : GET
2020-05-09 09:20:40.699 INFO  [http-nio-8080-exec-3]com.hnxx.zy.clms.common.aspect.RequestAspect.printRequestLog:146 -IP : 0:0:0:0:0:0:0:1
2020-05-09 09:20:40.699 INFO  [http-nio-8080-exec-3]com.hnxx.zy.clms.common.aspect.RequestAspect.printRequestLog:148 -方法 : com.hnxx.zy.clms.controller.LoginController.login
2020-05-09 09:20:40.699 INFO  [http-nio-8080-exec-3]com.hnxx.zy.clms.common.aspect.RequestAspect.printRequestLog:152 -请求参数：******
2020-05-09 09:20:40.700 INFO  [http-nio-8080-exec-3]com.hnxx.zy.clms.common.aspect.RequestAspect.doAround:91 -耗时 : 4
2020-05-09 09:20:40.700 INFO  [http-nio-8080-exec-3]com.hnxx.zy.clms.common.aspect.RequestAspect.doAfterReturning:109 -返回值:"******"
2020-05-09 09:20:40.702 DEBUG [http-nio-8080-exec-3]com.hnxx.zy.clms.core.mapper.LogMapper.save.debug:159 -==>  Preparing: insert into cl_log(log_url, log_params, log_status, log_message, log_method, log_time, log_result, log_ip) values (?, ?, ?, ?, ?, ?, ?, ?) 
2020-05-09 09:20:40.704 DEBUG [http-nio-8080-exec-3]com.hnxx.zy.clms.core.mapper.LogMapper.save.debug:159 -==> Parameters: /(String), ******(String), 1(Integer), null, GET(String), 4(Long), ******(String), 0:0:0:0:0:0:0:1(String)
2020-05-09 09:20:40.793 DEBUG [http-nio-8080-exec-3]com.hnxx.zy.clms.core.mapper.LogMapper.save.debug:159 -<==    Updates: 1
2020-05-09 09:20:40.857 INFO  [http-nio-8080-exec-1]com.hnxx.zy.clms.common.aspect.RequestAspect.printRequestLog:142 -请求地址 : /login
2020-05-09 09:20:40.858 INFO  [http-nio-8080-exec-1]com.hnxx.zy.clms.common.aspect.RequestAspect.printRequestLog:143 -请求方式 : GET
2020-05-09 09:20:40.858 INFO  [http-nio-8080-exec-1]com.hnxx.zy.clms.common.aspect.RequestAspect.printRequestLog:146 -IP : 0:0:0:0:0:0:0:1
2020-05-09 09:20:40.859 INFO  [http-nio-8080-exec-1]com.hnxx.zy.clms.common.aspect.RequestAspect.printRequestLog:148 -方法 : com.hnxx.zy.clms.controller.LoginController.callbackLogin
2020-05-09 09:20:40.859 INFO  [http-nio-8080-exec-1]com.hnxx.zy.clms.common.aspect.RequestAspect.printRequestLog:152 -请求参数：******
2020-05-09 09:20:40.859 INFO  [http-nio-8080-exec-1]com.hnxx.zy.clms.common.aspect.RequestAspect.doAround:91 -耗时 : 2
2020-05-09 09:20:40.860 INFO  [http-nio-8080-exec-1]com.hnxx.zy.clms.common.aspect.RequestAspect.doAfterReturning:109 -返回值:"******"
2020-05-09 09:20:40.865 DEBUG [http-nio-8080-exec-1]com.hnxx.zy.clms.core.mapper.LogMapper.save.debug:159 -==>  Preparing: insert into cl_log(log_url, log_params, log_status, log_message, log_method, log_time, log_result, log_ip) values (?, ?, ?, ?, ?, ?, ?, ?) 
2020-05-09 09:20:40.871 DEBUG [http-nio-8080-exec-1]com.hnxx.zy.clms.core.mapper.LogMapper.save.debug:159 -==> Parameters: /login(String), ******(String), 1(Integer), null, GET(String), 2(Long), ******(String), 0:0:0:0:0:0:0:1(String)
2020-05-09 09:20:40.958 DEBUG [http-nio-8080-exec-1]com.hnxx.zy.clms.core.mapper.LogMapper.save.debug:159 -<==    Updates: 1
2020-05-09 09:20:40.966 INFO  [http-nio-8080-exec-5]com.hnxx.zy.clms.common.aspect.RequestAspect.printRequestLog:142 -请求地址 : /login
2020-05-09 09:20:40.967 INFO  [http-nio-8080-exec-5]com.hnxx.zy.clms.common.aspect.RequestAspect.printRequestLog:143 -请求方式 : GET
2020-05-09 09:20:40.967 INFO  [http-nio-8080-exec-5]com.hnxx.zy.clms.common.aspect.RequestAspect.printRequestLog:146 -IP : 0:0:0:0:0:0:0:1
2020-05-09 09:20:40.968 INFO  [http-nio-8080-exec-5]com.hnxx.zy.clms.common.aspect.RequestAspect.printRequestLog:148 -方法 : com.hnxx.zy.clms.controller.LoginController.callbackLogin
2020-05-09 09:20:40.968 INFO  [http-nio-8080-exec-5]com.hnxx.zy.clms.common.aspect.RequestAspect.printRequestLog:152 -请求参数：******
2020-05-09 09:20:40.969 INFO  [http-nio-8080-exec-5]com.hnxx.zy.clms.common.aspect.RequestAspect.doAround:91 -耗时 : 3
2020-05-09 09:20:40.969 INFO  [http-nio-8080-exec-5]com.hnxx.zy.clms.common.aspect.RequestAspect.doAfterReturning:109 -返回值:"******"
2020-05-09 09:20:40.970 DEBUG [http-nio-8080-exec-5]com.hnxx.zy.clms.core.mapper.LogMapper.save.debug:159 -==>  Preparing: insert into cl_log(log_url, log_params, log_status, log_message, log_method, log_time, log_result, log_ip) values (?, ?, ?, ?, ?, ?, ?, ?) 
2020-05-09 09:20:40.971 DEBUG [http-nio-8080-exec-5]com.hnxx.zy.clms.core.mapper.LogMapper.save.debug:159 -==> Parameters: /login(String), ******(String), 1(Integer), null, GET(String), 3(Long), ******(String), 0:0:0:0:0:0:0:1(String)
2020-05-09 09:20:41.059 DEBUG [http-nio-8080-exec-5]com.hnxx.zy.clms.core.mapper.LogMapper.save.debug:159 -<==    Updates: 1
