2020-05-03 16:34:01.038 DEBUG [restartedMain]com.hnxx.zy.clms.ClmsApplication.logStarting:56 -Running with Spring Boot v2.2.5.RELEASE, Spring v5.2.4.RELEASE
2020-05-03 16:34:26.692 DEBUG [restartedMain]com.hnxx.zy.clms.security.jwt.JwtAuthTokenFilter.init:242 -Filter 'authenticationJwtTokenFilter' configured for use
2020-05-03 16:40:02.498 DEBUG [http-nio-8080-exec-4]com.hnxx.zy.clms.core.mapper.LogMapper.save.debug:159 -==>  Preparing: insert into cl_log(log_url, log_params, log_status, log_message, log_method, log_time, log_result, log_ip) values (?, ?, ?, ?, ?, ?, ?, ?) 
2020-05-03 16:40:02.572 DEBUG [http-nio-8080-exec-4]com.hnxx.zy.clms.core.mapper.LogMapper.save.debug:159 -==> Parameters: /login(String), ******(String), 1(Integer), null, GET(String), 253(Long), ******(String), 0:0:0:0:0:0:0:1(String)
2020-05-03 16:40:02.669 DEBUG [http-nio-8080-exec-4]com.hnxx.zy.clms.core.mapper.LogMapper.save.debug:159 -<==    Updates: 1
2020-05-03 16:40:28.196 DEBUG [http-nio-8080-exec-7]com.hnxx.zy.clms.core.mapper.LogMapper.save.debug:159 -==>  Preparing: insert into cl_log(log_url, log_params, log_status, log_message, log_method, log_time, log_result, log_ip) values (?, ?, ?, ?, ?, ?, ?, ?) 
2020-05-03 16:40:28.199 DEBUG [http-nio-8080-exec-7]com.hnxx.zy.clms.core.mapper.LogMapper.save.debug:159 -==> Parameters: /login(String), ******(String), 1(Integer), null, GET(String), 4(Long), ******(String), 0:0:0:0:0:0:0:1(String)
2020-05-03 16:40:28.285 DEBUG [http-nio-8080-exec-7]com.hnxx.zy.clms.core.mapper.LogMapper.save.debug:159 -<==    Updates: 1
2020-05-03 16:40:40.874 DEBUG [http-nio-8080-exec-10]com.hnxx.zy.clms.core.mapper.LogMapper.save.debug:159 -==>  Preparing: insert into cl_log(log_url, log_params, log_status, log_message, log_method, log_time, log_result, log_ip) values (?, ?, ?, ?, ?, ?, ?, ?) 
2020-05-03 16:40:40.877 DEBUG [http-nio-8080-exec-10]com.hnxx.zy.clms.core.mapper.LogMapper.save.debug:159 -==> Parameters: /login(String), ******(String), 1(Integer), null, GET(String), 3(Long), ******(String), 0:0:0:0:0:0:0:1(String)
2020-05-03 16:40:40.964 DEBUG [http-nio-8080-exec-10]com.hnxx.zy.clms.core.mapper.LogMapper.save.debug:159 -<==    Updates: 1
2020-05-03 16:40:41.069 DEBUG [http-nio-8080-exec-1]com.hnxx.zy.clms.core.mapper.LogMapper.save.debug:159 -==>  Preparing: insert into cl_log(log_url, log_params, log_status, log_message, log_method, log_time, log_result, log_ip) values (?, ?, ?, ?, ?, ?, ?, ?) 
2020-05-03 16:40:41.071 DEBUG [http-nio-8080-exec-1]com.hnxx.zy.clms.core.mapper.LogMapper.save.debug:159 -==> Parameters: /login(String), ******(String), 1(Integer), null, GET(String), 4(Long), ******(String), 0:0:0:0:0:0:0:1(String)
2020-05-03 16:40:41.157 DEBUG [http-nio-8080-exec-1]com.hnxx.zy.clms.core.mapper.LogMapper.save.debug:159 -<==    Updates: 1
2020-05-03 16:40:46.757 DEBUG [http-nio-8080-exec-4]com.hnxx.zy.clms.core.mapper.LogMapper.save.debug:159 -==>  Preparing: insert into cl_log(log_url, log_params, log_status, log_message, log_method, log_time, log_result, log_ip) values (?, ?, ?, ?, ?, ?, ?, ?) 
2020-05-03 16:40:46.758 DEBUG [http-nio-8080-exec-4]com.hnxx.zy.clms.core.mapper.LogMapper.save.debug:159 -==> Parameters: /login(String), ******(String), 1(Integer), null, GET(String), 3(Long), ******(String), 0:0:0:0:0:0:0:1(String)
2020-05-03 16:40:46.842 DEBUG [http-nio-8080-exec-4]com.hnxx.zy.clms.core.mapper.LogMapper.save.debug:159 -<==    Updates: 1
2020-05-03 16:40:48.302 DEBUG [http-nio-8080-exec-6]com.hnxx.zy.clms.core.mapper.LogMapper.save.debug:159 -==>  Preparing: insert into cl_log(log_url, log_params, log_status, log_message, log_method, log_time, log_result, log_ip) values (?, ?, ?, ?, ?, ?, ?, ?) 
2020-05-03 16:40:48.303 DEBUG [http-nio-8080-exec-6]com.hnxx.zy.clms.core.mapper.LogMapper.save.debug:159 -==> Parameters: /login(String), ******(String), 1(Integer), null, GET(String), 4(Long), ******(String), 0:0:0:0:0:0:0:1(String)
2020-05-03 16:40:48.388 DEBUG [http-nio-8080-exec-6]com.hnxx.zy.clms.core.mapper.LogMapper.save.debug:159 -<==    Updates: 1
2020-05-03 16:40:50.153 DEBUG [http-nio-8080-exec-10]com.hnxx.zy.clms.core.mapper.LogMapper.save.debug:159 -==>  Preparing: insert into cl_log(log_url, log_params, log_status, log_message, log_method, log_time, log_result, log_ip) values (?, ?, ?, ?, ?, ?, ?, ?) 
2020-05-03 16:40:50.155 DEBUG [http-nio-8080-exec-10]com.hnxx.zy.clms.core.mapper.LogMapper.save.debug:159 -==> Parameters: /login(String), ******(String), 1(Integer), null, GET(String), 3(Long), ******(String), 0:0:0:0:0:0:0:1(String)
2020-05-03 16:40:50.240 DEBUG [http-nio-8080-exec-10]com.hnxx.zy.clms.core.mapper.LogMapper.save.debug:159 -<==    Updates: 1
2020-05-03 16:40:51.152 DEBUG [http-nio-8080-exec-1]com.hnxx.zy.clms.core.mapper.LogMapper.save.debug:159 -==>  Preparing: insert into cl_log(log_url, log_params, log_status, log_message, log_method, log_time, log_result, log_ip) values (?, ?, ?, ?, ?, ?, ?, ?) 
2020-05-03 16:40:51.154 DEBUG [http-nio-8080-exec-1]com.hnxx.zy.clms.core.mapper.LogMapper.save.debug:159 -==> Parameters: /login(String), ******(String), 1(Integer), null, GET(String), 9(Long), ******(String), 0:0:0:0:0:0:0:1(String)
2020-05-03 16:40:51.239 DEBUG [http-nio-8080-exec-1]com.hnxx.zy.clms.core.mapper.LogMapper.save.debug:159 -<==    Updates: 1
2020-05-03 16:41:00.841 DEBUG [http-nio-8080-exec-6]com.hnxx.zy.clms.core.mapper.LogMapper.save.debug:159 -==>  Preparing: insert into cl_log(log_url, log_params, log_status, log_message, log_method, log_time, log_result, log_ip) values (?, ?, ?, ?, ?, ?, ?, ?) 
2020-05-03 16:41:00.842 DEBUG [http-nio-8080-exec-6]com.hnxx.zy.clms.core.mapper.LogMapper.save.debug:159 -==> Parameters: /login(String), ******(String), 1(Integer), null, GET(String), 5(Long), ******(String), 0:0:0:0:0:0:0:1(String)
2020-05-03 16:41:00.931 DEBUG [http-nio-8080-exec-6]com.hnxx.zy.clms.core.mapper.LogMapper.save.debug:159 -<==    Updates: 1
2020-05-03 16:41:00.943 DEBUG [http-nio-8080-exec-7]com.hnxx.zy.clms.core.mapper.LogMapper.save.debug:159 -==>  Preparing: insert into cl_log(log_url, log_params, log_status, log_message, log_method, log_time, log_result, log_ip) values (?, ?, ?, ?, ?, ?, ?, ?) 
2020-05-03 16:41:00.945 DEBUG [http-nio-8080-exec-7]com.hnxx.zy.clms.core.mapper.LogMapper.save.debug:159 -==> Parameters: /login(String), ******(String), 1(Integer), null, GET(String), 3(Long), ******(String), 0:0:0:0:0:0:0:1(String)
2020-05-03 16:41:01.031 DEBUG [http-nio-8080-exec-7]com.hnxx.zy.clms.core.mapper.LogMapper.save.debug:159 -<==    Updates: 1
2020-05-03 16:41:09.534 DEBUG [http-nio-8080-exec-10]com.hnxx.zy.clms.core.mapper.LogMapper.save.debug:159 -==>  Preparing: insert into cl_log(log_url, log_params, log_status, log_message, log_method, log_time, log_result, log_ip) values (?, ?, ?, ?, ?, ?, ?, ?) 
2020-05-03 16:41:09.536 DEBUG [http-nio-8080-exec-10]com.hnxx.zy.clms.core.mapper.LogMapper.save.debug:159 -==> Parameters: /login(String), ******(String), 1(Integer), null, GET(String), 5(Long), ******(String), 0:0:0:0:0:0:0:1(String)
2020-05-03 16:41:09.620 DEBUG [http-nio-8080-exec-10]com.hnxx.zy.clms.core.mapper.LogMapper.save.debug:159 -<==    Updates: 1
2020-05-03 16:41:12.393 DEBUG [http-nio-8080-exec-1]com.hnxx.zy.clms.core.mapper.LogMapper.save.debug:159 -==>  Preparing: insert into cl_log(log_url, log_params, log_status, log_message, log_method, log_time, log_result, log_ip) values (?, ?, ?, ?, ?, ?, ?, ?) 
2020-05-03 16:41:12.396 DEBUG [http-nio-8080-exec-1]com.hnxx.zy.clms.core.mapper.LogMapper.save.debug:159 -==> Parameters: /login(String), ******(String), 1(Integer), null, GET(String), 7(Long), ******(String), 0:0:0:0:0:0:0:1(String)
2020-05-03 16:41:12.481 DEBUG [http-nio-8080-exec-1]com.hnxx.zy.clms.core.mapper.LogMapper.save.debug:159 -<==    Updates: 1
2020-05-03 16:42:27.894 DEBUG [http-nio-8080-exec-6]com.hnxx.zy.clms.core.mapper.LogMapper.save.debug:159 -==>  Preparing: insert into cl_log(log_url, log_params, log_status, log_message, log_method, log_time, log_result, log_ip) values (?, ?, ?, ?, ?, ?, ?, ?) 
2020-05-03 16:42:27.901 DEBUG [http-nio-8080-exec-6]com.hnxx.zy.clms.core.mapper.LogMapper.save.debug:159 -==> Parameters: /login(String), ******(String), 1(Integer), null, GET(String), 21(Long), ******(String), 0:0:0:0:0:0:0:1(String)
2020-05-03 16:42:27.987 DEBUG [http-nio-8080-exec-6]com.hnxx.zy.clms.core.mapper.LogMapper.save.debug:159 -<==    Updates: 1
2020-05-03 16:42:28.015 DEBUG [http-nio-8080-exec-8]com.hnxx.zy.clms.core.mapper.LogMapper.save.debug:159 -==>  Preparing: insert into cl_log(log_url, log_params, log_status, log_message, log_method, log_time, log_result, log_ip) values (?, ?, ?, ?, ?, ?, ?, ?) 
2020-05-03 16:42:28.016 DEBUG [http-nio-8080-exec-8]com.hnxx.zy.clms.core.mapper.LogMapper.save.debug:159 -==> Parameters: /login(String), ******(String), 1(Integer), null, GET(String), 3(Long), ******(String), 0:0:0:0:0:0:0:1(String)
2020-05-03 16:42:28.101 DEBUG [http-nio-8080-exec-8]com.hnxx.zy.clms.core.mapper.LogMapper.save.debug:159 -<==    Updates: 1
2020-05-03 16:42:28.160 DEBUG [http-nio-8080-exec-9]com.hnxx.zy.clms.core.mapper.LogMapper.save.debug:159 -==>  Preparing: insert into cl_log(log_url, log_params, log_status, log_message, log_method, log_time, log_result, log_ip) values (?, ?, ?, ?, ?, ?, ?, ?) 
2020-05-03 16:42:28.162 DEBUG [http-nio-8080-exec-9]com.hnxx.zy.clms.core.mapper.LogMapper.save.debug:159 -==> Parameters: /login(String), ******(String), 1(Integer), null, GET(String), 4(Long), ******(String), 0:0:0:0:0:0:0:1(String)
2020-05-03 16:42:28.248 DEBUG [http-nio-8080-exec-9]com.hnxx.zy.clms.core.mapper.LogMapper.save.debug:159 -<==    Updates: 1
2020-05-03 16:42:28.279 DEBUG [http-nio-8080-exec-2]com.hnxx.zy.clms.core.mapper.LogMapper.save.debug:159 -==>  Preparing: insert into cl_log(log_url, log_params, log_status, log_message, log_method, log_time, log_result, log_ip) values (?, ?, ?, ?, ?, ?, ?, ?) 
2020-05-03 16:42:28.286 DEBUG [http-nio-8080-exec-2]com.hnxx.zy.clms.core.mapper.LogMapper.save.debug:159 -==> Parameters: /login(String), ******(String), 1(Integer), null, GET(String), 5(Long), ******(String), 0:0:0:0:0:0:0:1(String)
2020-05-03 16:42:28.384 DEBUG [http-nio-8080-exec-2]com.hnxx.zy.clms.core.mapper.LogMapper.save.debug:159 -<==    Updates: 1
2020-05-03 16:42:30.120 DEBUG [http-nio-8080-exec-3]com.hnxx.zy.clms.core.mapper.LogMapper.save.debug:159 -==>  Preparing: insert into cl_log(log_url, log_params, log_status, log_message, log_method, log_time, log_result, log_ip) values (?, ?, ?, ?, ?, ?, ?, ?) 
2020-05-03 16:42:30.123 DEBUG [http-nio-8080-exec-3]com.hnxx.zy.clms.core.mapper.LogMapper.save.debug:159 -==> Parameters: /login(String), ******(String), 1(Integer), null, GET(String), 5(Long), ******(String), 0:0:0:0:0:0:0:1(String)
2020-05-03 16:42:30.210 DEBUG [http-nio-8080-exec-3]com.hnxx.zy.clms.core.mapper.LogMapper.save.debug:159 -<==    Updates: 1
2020-05-03 16:42:30.345 DEBUG [http-nio-8080-exec-5]com.hnxx.zy.clms.core.mapper.LogMapper.save.debug:159 -==>  Preparing: insert into cl_log(log_url, log_params, log_status, log_message, log_method, log_time, log_result, log_ip) values (?, ?, ?, ?, ?, ?, ?, ?) 
2020-05-03 16:42:30.347 DEBUG [http-nio-8080-exec-5]com.hnxx.zy.clms.core.mapper.LogMapper.save.debug:159 -==> Parameters: /login(String), ******(String), 1(Integer), null, GET(String), 8(Long), ******(String), 0:0:0:0:0:0:0:1(String)
2020-05-03 16:42:30.440 DEBUG [http-nio-8080-exec-5]com.hnxx.zy.clms.core.mapper.LogMapper.save.debug:159 -<==    Updates: 1
2020-05-03 16:42:32.226 DEBUG [http-nio-8080-exec-6]com.hnxx.zy.clms.core.mapper.LogMapper.save.debug:159 -==>  Preparing: insert into cl_log(log_url, log_params, log_status, log_message, log_method, log_time, log_result, log_ip) values (?, ?, ?, ?, ?, ?, ?, ?) 
2020-05-03 16:42:32.227 DEBUG [http-nio-8080-exec-6]com.hnxx.zy.clms.core.mapper.LogMapper.save.debug:159 -==> Parameters: /login(String), ******(String), 1(Integer), null, GET(String), 4(Long), ******(String), 0:0:0:0:0:0:0:1(String)
2020-05-03 16:42:32.321 DEBUG [http-nio-8080-exec-6]com.hnxx.zy.clms.core.mapper.LogMapper.save.debug:159 -<==    Updates: 1
2020-05-03 16:42:32.353 DEBUG [http-nio-8080-exec-10]com.hnxx.zy.clms.core.mapper.LogMapper.save.debug:159 -==>  Preparing: insert into cl_log(log_url, log_params, log_status, log_message, log_method, log_time, log_result, log_ip) values (?, ?, ?, ?, ?, ?, ?, ?) 
2020-05-03 16:42:32.356 DEBUG [http-nio-8080-exec-10]com.hnxx.zy.clms.core.mapper.LogMapper.save.debug:159 -==> Parameters: /login(String), ******(String), 1(Integer), null, GET(String), 6(Long), ******(String), 0:0:0:0:0:0:0:1(String)
2020-05-03 16:42:32.478 DEBUG [http-nio-8080-exec-10]com.hnxx.zy.clms.core.mapper.LogMapper.save.debug:159 -<==    Updates: 1
2020-05-03 16:42:39.069 DEBUG [http-nio-8080-exec-2]com.hnxx.zy.clms.core.mapper.LogMapper.save.debug:159 -==>  Preparing: insert into cl_log(log_url, log_params, log_status, log_message, log_method, log_time, log_result, log_ip) values (?, ?, ?, ?, ?, ?, ?, ?) 
2020-05-03 16:42:39.070 DEBUG [http-nio-8080-exec-2]com.hnxx.zy.clms.core.mapper.LogMapper.save.debug:159 -==> Parameters: /login(String), ******(String), 1(Integer), null, GET(String), 5(Long), ******(String), 0:0:0:0:0:0:0:1(String)
2020-05-03 16:42:39.156 DEBUG [http-nio-8080-exec-2]com.hnxx.zy.clms.core.mapper.LogMapper.save.debug:159 -<==    Updates: 1
2020-05-03 16:42:39.298 DEBUG [http-nio-8080-exec-3]com.hnxx.zy.clms.core.mapper.LogMapper.save.debug:159 -==>  Preparing: insert into cl_log(log_url, log_params, log_status, log_message, log_method, log_time, log_result, log_ip) values (?, ?, ?, ?, ?, ?, ?, ?) 
2020-05-03 16:42:39.300 DEBUG [http-nio-8080-exec-3]com.hnxx.zy.clms.core.mapper.LogMapper.save.debug:159 -==> Parameters: /login(String), ******(String), 1(Integer), null, GET(String), 4(Long), ******(String), 0:0:0:0:0:0:0:1(String)
2020-05-03 16:42:39.389 DEBUG [http-nio-8080-exec-3]com.hnxx.zy.clms.core.mapper.LogMapper.save.debug:159 -<==    Updates: 1
2020-05-03 16:42:55.237 DEBUG [http-nio-8080-exec-6]com.hnxx.zy.clms.core.mapper.LogMapper.save.debug:159 -==>  Preparing: insert into cl_log(log_url, log_params, log_status, log_message, log_method, log_time, log_result, log_ip) values (?, ?, ?, ?, ?, ?, ?, ?) 
2020-05-03 16:42:55.238 DEBUG [http-nio-8080-exec-6]com.hnxx.zy.clms.core.mapper.LogMapper.save.debug:159 -==> Parameters: /login(String), ******(String), 1(Integer), null, GET(String), 3(Long), ******(String), 0:0:0:0:0:0:0:1(String)
2020-05-03 16:42:55.324 DEBUG [http-nio-8080-exec-6]com.hnxx.zy.clms.core.mapper.LogMapper.save.debug:159 -<==    Updates: 1
2020-05-03 16:42:58.608 DEBUG [http-nio-8080-exec-10]com.hnxx.zy.clms.core.mapper.LogMapper.save.debug:159 -==>  Preparing: insert into cl_log(log_url, log_params, log_status, log_message, log_method, log_time, log_result, log_ip) values (?, ?, ?, ?, ?, ?, ?, ?) 
2020-05-03 16:42:58.611 DEBUG [http-nio-8080-exec-10]com.hnxx.zy.clms.core.mapper.LogMapper.save.debug:159 -==> Parameters: /login(String), ******(String), 1(Integer), null, GET(String), 7(Long), ******(String), 0:0:0:0:0:0:0:1(String)
2020-05-03 16:42:58.698 DEBUG [http-nio-8080-exec-10]com.hnxx.zy.clms.core.mapper.LogMapper.save.debug:159 -<==    Updates: 1
2020-05-03 16:42:58.860 DEBUG [http-nio-8080-exec-2]com.hnxx.zy.clms.core.mapper.LogMapper.save.debug:159 -==>  Preparing: insert into cl_log(log_url, log_params, log_status, log_message, log_method, log_time, log_result, log_ip) values (?, ?, ?, ?, ?, ?, ?, ?) 
2020-05-03 16:42:58.862 DEBUG [http-nio-8080-exec-2]com.hnxx.zy.clms.core.mapper.LogMapper.save.debug:159 -==> Parameters: /login(String), ******(String), 1(Integer), null, GET(String), 14(Long), ******(String), 0:0:0:0:0:0:0:1(String)
2020-05-03 16:42:58.947 DEBUG [http-nio-8080-exec-2]com.hnxx.zy.clms.core.mapper.LogMapper.save.debug:159 -<==    Updates: 1
2020-05-03 16:44:27.579 DEBUG [http-nio-8080-exec-5]com.hnxx.zy.clms.core.mapper.LogMapper.save.debug:159 -==>  Preparing: insert into cl_log(log_url, log_params, log_status, log_message, log_method, log_time, log_result, log_ip) values (?, ?, ?, ?, ?, ?, ?, ?) 
2020-05-03 16:44:27.583 DEBUG [http-nio-8080-exec-5]com.hnxx.zy.clms.core.mapper.LogMapper.save.debug:159 -==> Parameters: /login(String), ******(String), 1(Integer), null, GET(String), 10(Long), ******(String), 0:0:0:0:0:0:0:1(String)
2020-05-03 16:44:27.668 DEBUG [http-nio-8080-exec-5]com.hnxx.zy.clms.core.mapper.LogMapper.save.debug:159 -<==    Updates: 1
2020-05-03 16:46:10.242 DEBUG [http-nio-8080-exec-6]com.hnxx.zy.clms.core.mapper.LogMapper.save.debug:159 -==>  Preparing: insert into cl_log(log_url, log_params, log_status, log_message, log_method, log_time, log_result, log_ip) values (?, ?, ?, ?, ?, ?, ?, ?) 
2020-05-03 16:46:10.243 DEBUG [http-nio-8080-exec-6]com.hnxx.zy.clms.core.mapper.LogMapper.save.debug:159 -==> Parameters: /login(String), ******(String), 1(Integer), null, GET(String), 4(Long), ******(String), 0:0:0:0:0:0:0:1(String)
2020-05-03 16:46:10.330 DEBUG [http-nio-8080-exec-6]com.hnxx.zy.clms.core.mapper.LogMapper.save.debug:159 -<==    Updates: 1
2020-05-03 16:46:10.448 DEBUG [http-nio-8080-exec-10]com.hnxx.zy.clms.core.mapper.LogMapper.save.debug:159 -==>  Preparing: insert into cl_log(log_url, log_params, log_status, log_message, log_method, log_time, log_result, log_ip) values (?, ?, ?, ?, ?, ?, ?, ?) 
2020-05-03 16:46:10.448 DEBUG [http-nio-8080-exec-10]com.hnxx.zy.clms.core.mapper.LogMapper.save.debug:159 -==> Parameters: /login(String), ******(String), 1(Integer), null, GET(String), 3(Long), ******(String), 0:0:0:0:0:0:0:1(String)
2020-05-03 16:46:10.534 DEBUG [http-nio-8080-exec-10]com.hnxx.zy.clms.core.mapper.LogMapper.save.debug:159 -<==    Updates: 1
2020-05-03 16:48:49.416 DEBUG [http-nio-8080-exec-3]com.hnxx.zy.clms.core.mapper.LogMapper.save.debug:159 -==>  Preparing: insert into cl_log(log_url, log_params, log_status, log_message, log_method, log_time, log_result, log_ip) values (?, ?, ?, ?, ?, ?, ?, ?) 
2020-05-03 16:48:49.434 DEBUG [http-nio-8080-exec-3]com.hnxx.zy.clms.core.mapper.LogMapper.save.debug:159 -==> Parameters: /login(String), ******(String), 1(Integer), null, GET(String), 11(Long), ******(String), 127.0.0.1(String)
2020-05-03 16:48:49.522 DEBUG [http-nio-8080-exec-3]com.hnxx.zy.clms.core.mapper.LogMapper.save.debug:159 -<==    Updates: 1
2020-05-03 16:52:02.606 DEBUG [http-nio-8080-exec-5]com.hnxx.zy.clms.core.mapper.UserMapper.selectByName.debug:159 -==>  Preparing: select user_id,user_name,user_password,user_position_id from cl_user where user_name=? 
2020-05-03 16:52:02.614 DEBUG [http-nio-8080-exec-5]com.hnxx.zy.clms.core.mapper.UserMapper.selectByName.debug:159 -==> Parameters: admin(String)
2020-05-03 16:52:02.933 DEBUG [http-nio-8080-exec-5]com.hnxx.zy.clms.core.mapper.UserMapper.selectByName.debug:159 -<==      Total: 1
2020-05-03 16:53:42.818 DEBUG [http-nio-8080-exec-4]com.hnxx.zy.clms.core.mapper.UserMapper.selectByName.debug:159 -==>  Preparing: select user_id,user_name,user_password,user_position_id from cl_user where user_name=? 
2020-05-03 16:53:42.824 DEBUG [http-nio-8080-exec-4]com.hnxx.zy.clms.core.mapper.UserMapper.selectByName.debug:159 -==> Parameters: test(String)
2020-05-03 16:53:42.869 DEBUG [http-nio-8080-exec-4]com.hnxx.zy.clms.core.mapper.UserMapper.selectByName.debug:159 -<==      Total: 1
2020-05-03 16:53:44.924 DEBUG [http-nio-8080-exec-4]com.hnxx.zy.clms.core.mapper.UserMapper.selectByName.debug:159 -==>  Preparing: select user_id,user_name,user_password,user_position_id from cl_user where user_name=? 
2020-05-03 16:53:44.925 DEBUG [http-nio-8080-exec-4]com.hnxx.zy.clms.core.mapper.UserMapper.selectByName.debug:159 -==> Parameters: test(String)
2020-05-03 16:53:44.967 DEBUG [http-nio-8080-exec-4]com.hnxx.zy.clms.core.mapper.UserMapper.selectByName.debug:159 -<==      Total: 1
2020-05-03 16:53:49.196 DEBUG [http-nio-8080-exec-7]com.hnxx.zy.clms.core.mapper.UserMapper.selectByName.debug:159 -==>  Preparing: select user_id,user_name,user_password,user_position_id from cl_user where user_name=? 
2020-05-03 16:53:49.198 DEBUG [http-nio-8080-exec-7]com.hnxx.zy.clms.core.mapper.UserMapper.selectByName.debug:159 -==> Parameters: test(String)
2020-05-03 16:53:49.243 DEBUG [http-nio-8080-exec-7]com.hnxx.zy.clms.core.mapper.UserMapper.selectByName.debug:159 -<==      Total: 1
2020-05-03 16:53:49.499 DEBUG [http-nio-8080-exec-7]com.hnxx.zy.clms.core.mapper.UserMapper.selectByName.debug:159 -==>  Preparing: select user_id,user_name,user_password,user_position_id from cl_user where user_name=? 
2020-05-03 16:53:49.566 DEBUG [http-nio-8080-exec-7]com.hnxx.zy.clms.core.mapper.UserMapper.selectByName.debug:159 -==> Parameters: test(String)
2020-05-03 16:53:49.608 DEBUG [http-nio-8080-exec-7]com.hnxx.zy.clms.core.mapper.UserMapper.selectByName.debug:159 -<==      Total: 1
2020-05-03 16:54:12.364 DEBUG [http-nio-8080-exec-6]com.hnxx.zy.clms.core.mapper.UserMapper.selectByName.debug:159 -==>  Preparing: select user_id,user_name,user_password,user_position_id from cl_user where user_name=? 
2020-05-03 16:54:12.365 DEBUG [http-nio-8080-exec-6]com.hnxx.zy.clms.core.mapper.UserMapper.selectByName.debug:159 -==> Parameters: test(String)
2020-05-03 16:54:12.408 DEBUG [http-nio-8080-exec-6]com.hnxx.zy.clms.core.mapper.UserMapper.selectByName.debug:159 -<==      Total: 1
2020-05-03 16:54:16.317 DEBUG [http-nio-8080-exec-8]com.hnxx.zy.clms.core.mapper.UserMapper.selectByName.debug:159 -==>  Preparing: select user_id,user_name,user_password,user_position_id from cl_user where user_name=? 
2020-05-03 16:54:16.320 DEBUG [http-nio-8080-exec-8]com.hnxx.zy.clms.core.mapper.UserMapper.selectByName.debug:159 -==> Parameters: test(String)
2020-05-03 16:54:16.363 DEBUG [http-nio-8080-exec-8]com.hnxx.zy.clms.core.mapper.UserMapper.selectByName.debug:159 -<==      Total: 1
2020-05-03 16:54:16.622 DEBUG [http-nio-8080-exec-8]com.hnxx.zy.clms.core.mapper.UserMapper.selectByName.debug:159 -==>  Preparing: select user_id,user_name,user_password,user_position_id from cl_user where user_name=? 
2020-05-03 16:54:16.623 DEBUG [http-nio-8080-exec-8]com.hnxx.zy.clms.core.mapper.UserMapper.selectByName.debug:159 -==> Parameters: test(String)
2020-05-03 16:54:16.665 DEBUG [http-nio-8080-exec-8]com.hnxx.zy.clms.core.mapper.UserMapper.selectByName.debug:159 -<==      Total: 1
2020-05-03 16:54:17.798 DEBUG [http-nio-8080-exec-10]com.hnxx.zy.clms.core.mapper.UserMapper.selectByName.debug:159 -==>  Preparing: select user_id,user_name,user_password,user_position_id from cl_user where user_name=? 
2020-05-03 16:54:17.805 DEBUG [http-nio-8080-exec-10]com.hnxx.zy.clms.core.mapper.UserMapper.selectByName.debug:159 -==> Parameters: test(String)
2020-05-03 16:54:17.850 DEBUG [http-nio-8080-exec-10]com.hnxx.zy.clms.core.mapper.UserMapper.selectByName.debug:159 -<==      Total: 1
2020-05-03 16:54:18.158 DEBUG [http-nio-8080-exec-10]com.hnxx.zy.clms.core.mapper.UserMapper.selectByName.debug:159 -==>  Preparing: select user_id,user_name,user_password,user_position_id from cl_user where user_name=? 
2020-05-03 16:54:18.161 DEBUG [http-nio-8080-exec-10]com.hnxx.zy.clms.core.mapper.UserMapper.selectByName.debug:159 -==> Parameters: test(String)
2020-05-03 16:54:18.207 DEBUG [http-nio-8080-exec-10]com.hnxx.zy.clms.core.mapper.UserMapper.selectByName.debug:159 -<==      Total: 1
2020-05-03 16:55:29.212 DEBUG [http-nio-8080-exec-9]com.hnxx.zy.clms.core.mapper.UserMapper.selectByName.debug:159 -==>  Preparing: select user_id,user_name,user_password,user_position_id from cl_user where user_name=? 
2020-05-03 16:55:29.287 DEBUG [http-nio-8080-exec-9]com.hnxx.zy.clms.core.mapper.UserMapper.selectByName.debug:159 -==> Parameters: test(String)
2020-05-03 16:55:29.333 DEBUG [http-nio-8080-exec-9]com.hnxx.zy.clms.core.mapper.UserMapper.selectByName.debug:159 -<==      Total: 1
2020-05-03 16:55:29.700 DEBUG [http-nio-8080-exec-9]com.hnxx.zy.clms.core.mapper.UserMapper.selectByName.debug:159 -==>  Preparing: select user_id,user_name,user_password,user_position_id from cl_user where user_name=? 
2020-05-03 16:55:29.701 DEBUG [http-nio-8080-exec-9]com.hnxx.zy.clms.core.mapper.UserMapper.selectByName.debug:159 -==> Parameters: test(String)
2020-05-03 16:55:29.744 DEBUG [http-nio-8080-exec-9]com.hnxx.zy.clms.core.mapper.UserMapper.selectByName.debug:159 -<==      Total: 1
2020-05-03 16:55:31.274 DEBUG [http-nio-8080-exec-1]com.hnxx.zy.clms.core.mapper.UserMapper.selectByName.debug:159 -==>  Preparing: select user_id,user_name,user_password,user_position_id from cl_user where user_name=? 
2020-05-03 16:55:31.275 DEBUG [http-nio-8080-exec-1]com.hnxx.zy.clms.core.mapper.UserMapper.selectByName.debug:159 -==> Parameters: test(String)
2020-05-03 16:55:31.319 DEBUG [http-nio-8080-exec-1]com.hnxx.zy.clms.core.mapper.UserMapper.selectByName.debug:159 -<==      Total: 1
2020-05-03 16:55:31.583 DEBUG [http-nio-8080-exec-1]com.hnxx.zy.clms.core.mapper.UserMapper.selectByName.debug:159 -==>  Preparing: select user_id,user_name,user_password,user_position_id from cl_user where user_name=? 
2020-05-03 16:55:31.587 DEBUG [http-nio-8080-exec-1]com.hnxx.zy.clms.core.mapper.UserMapper.selectByName.debug:159 -==> Parameters: test(String)
2020-05-03 16:55:31.633 DEBUG [http-nio-8080-exec-1]com.hnxx.zy.clms.core.mapper.UserMapper.selectByName.debug:159 -<==      Total: 1
2020-05-03 17:00:20.498 DEBUG [http-nio-8080-exec-2]com.hnxx.zy.clms.core.mapper.LogMapper.save.debug:159 -==>  Preparing: insert into cl_log(log_url, log_params, log_status, log_message, log_method, log_time, log_result, log_ip) values (?, ?, ?, ?, ?, ?, ?, ?) 
2020-05-03 17:00:20.531 DEBUG [http-nio-8080-exec-2]com.hnxx.zy.clms.core.mapper.LogMapper.save.debug:159 -==> Parameters: /(String), ******(String), 1(Integer), null, GET(String), 98(Long), ******(String), 0:0:0:0:0:0:0:1(String)
2020-05-03 17:00:20.619 DEBUG [http-nio-8080-exec-2]com.hnxx.zy.clms.core.mapper.LogMapper.save.debug:159 -<==    Updates: 1
2020-05-03 17:00:24.537 DEBUG [http-nio-8080-exec-6]com.hnxx.zy.clms.core.mapper.LogMapper.save.debug:159 -==>  Preparing: insert into cl_log(log_url, log_params, log_status, log_message, log_method, log_time, log_result, log_ip) values (?, ?, ?, ?, ?, ?, ?, ?) 
2020-05-03 17:00:24.538 DEBUG [http-nio-8080-exec-6]com.hnxx.zy.clms.core.mapper.LogMapper.save.debug:159 -==> Parameters: /login(String), ******(String), 1(Integer), null, GET(String), 3(Long), ******(String), 0:0:0:0:0:0:0:1(String)
2020-05-03 17:00:24.624 DEBUG [http-nio-8080-exec-6]com.hnxx.zy.clms.core.mapper.LogMapper.save.debug:159 -<==    Updates: 1
2020-05-03 17:00:24.649 DEBUG [http-nio-8080-exec-8]com.hnxx.zy.clms.core.mapper.LogMapper.save.debug:159 -==>  Preparing: insert into cl_log(log_url, log_params, log_status, log_message, log_method, log_time, log_result, log_ip) values (?, ?, ?, ?, ?, ?, ?, ?) 
2020-05-03 17:00:24.650 DEBUG [http-nio-8080-exec-8]com.hnxx.zy.clms.core.mapper.LogMapper.save.debug:159 -==> Parameters: /login(String), ******(String), 1(Integer), null, GET(String), 2(Long), ******(String), 0:0:0:0:0:0:0:1(String)
2020-05-03 17:00:24.737 DEBUG [http-nio-8080-exec-8]com.hnxx.zy.clms.core.mapper.LogMapper.save.debug:159 -<==    Updates: 1
2020-05-03 17:00:26.090 DEBUG [http-nio-8080-exec-9]com.hnxx.zy.clms.core.mapper.LogMapper.save.debug:159 -==>  Preparing: insert into cl_log(log_url, log_params, log_status, log_message, log_method, log_time, log_result, log_ip) values (?, ?, ?, ?, ?, ?, ?, ?) 
2020-05-03 17:00:26.091 DEBUG [http-nio-8080-exec-9]com.hnxx.zy.clms.core.mapper.LogMapper.save.debug:159 -==> Parameters: /login(String), ******(String), 1(Integer), null, GET(String), 2(Long), ******(String), 0:0:0:0:0:0:0:1(String)
2020-05-03 17:00:26.177 DEBUG [http-nio-8080-exec-9]com.hnxx.zy.clms.core.mapper.LogMapper.save.debug:159 -<==    Updates: 1
2020-05-03 17:00:26.400 DEBUG [http-nio-8080-exec-3]com.hnxx.zy.clms.core.mapper.LogMapper.save.debug:159 -==>  Preparing: insert into cl_log(log_url, log_params, log_status, log_message, log_method, log_time, log_result, log_ip) values (?, ?, ?, ?, ?, ?, ?, ?) 
2020-05-03 17:00:26.401 DEBUG [http-nio-8080-exec-3]com.hnxx.zy.clms.core.mapper.LogMapper.save.debug:159 -==> Parameters: /login(String), ******(String), 1(Integer), null, GET(String), 3(Long), ******(String), 0:0:0:0:0:0:0:1(String)
2020-05-03 17:00:26.486 DEBUG [http-nio-8080-exec-3]com.hnxx.zy.clms.core.mapper.LogMapper.save.debug:159 -<==    Updates: 1
2020-05-03 17:00:43.509 DEBUG [http-nio-8080-exec-6]com.hnxx.zy.clms.core.mapper.UserMapper.insert.debug:159 -==>  Preparing: insert into cl_github_user(name,account_id,token,created_time,update_time) values(?,?,?,?,?) 
2020-05-03 17:00:43.611 DEBUG [http-nio-8080-exec-6]com.hnxx.zy.clms.core.mapper.UserMapper.insert.debug:159 -==> Parameters: 南街北巷(String), 57308175(String), d3966d72-6a04-48ea-a13a-68cf149d7b4e(String), 2020-05-03 17:00:43.481(Timestamp), 2020-05-03 17:00:43.481(Timestamp)
2020-05-03 17:00:43.696 DEBUG [http-nio-8080-exec-6]com.hnxx.zy.clms.core.mapper.UserMapper.insert.debug:159 -<==    Updates: 1
2020-05-03 17:00:43.789 DEBUG [http-nio-8080-exec-6]com.hnxx.zy.clms.core.mapper.LogMapper.save.debug:159 -==>  Preparing: insert into cl_log(log_url, log_params, log_status, log_message, log_method, log_time, log_result, log_ip) values (?, ?, ?, ?, ?, ?, ?, ?) 
2020-05-03 17:00:43.790 DEBUG [http-nio-8080-exec-6]com.hnxx.zy.clms.core.mapper.LogMapper.save.debug:159 -==> Parameters: /callback(String), ******(String), 1(Integer), null, GET(String), 5282(Long), ******(String), 0:0:0:0:0:0:0:1(String)
2020-05-03 17:00:43.875 DEBUG [http-nio-8080-exec-6]com.hnxx.zy.clms.core.mapper.LogMapper.save.debug:159 -<==    Updates: 1
2020-05-03 17:00:44.016 DEBUG [http-nio-8080-exec-5]com.hnxx.zy.clms.core.mapper.LogMapper.save.debug:159 -==>  Preparing: insert into cl_log(log_url, log_params, log_status, log_message, log_method, log_time, log_result, log_ip) values (?, ?, ?, ?, ?, ?, ?, ?) 
2020-05-03 17:00:44.017 DEBUG [http-nio-8080-exec-5]com.hnxx.zy.clms.core.mapper.LogMapper.save.debug:159 -==> Parameters: /login(String), ******(String), 1(Integer), null, GET(String), 3(Long), ******(String), 0:0:0:0:0:0:0:1(String)
2020-05-03 17:00:44.102 DEBUG [http-nio-8080-exec-5]com.hnxx.zy.clms.core.mapper.LogMapper.save.debug:159 -<==    Updates: 1
2020-05-03 17:00:44.499 DEBUG [http-nio-8080-exec-9]com.hnxx.zy.clms.core.mapper.LogMapper.save.debug:159 -==>  Preparing: insert into cl_log(log_url, log_params, log_status, log_message, log_method, log_time, log_result, log_ip) values (?, ?, ?, ?, ?, ?, ?, ?) 
2020-05-03 17:00:44.501 DEBUG [http-nio-8080-exec-9]com.hnxx.zy.clms.core.mapper.LogMapper.save.debug:159 -==> Parameters: /login(String), ******(String), 1(Integer), null, GET(String), 3(Long), ******(String), 0:0:0:0:0:0:0:1(String)
2020-05-03 17:00:44.586 DEBUG [http-nio-8080-exec-9]com.hnxx.zy.clms.core.mapper.LogMapper.save.debug:159 -<==    Updates: 1
2020-05-03 17:00:48.706 DEBUG [http-nio-8080-exec-1]com.hnxx.zy.clms.core.mapper.LogMapper.save.debug:159 -==>  Preparing: insert into cl_log(log_url, log_params, log_status, log_message, log_method, log_time, log_result, log_ip) values (?, ?, ?, ?, ?, ?, ?, ?) 
2020-05-03 17:00:48.709 DEBUG [http-nio-8080-exec-1]com.hnxx.zy.clms.core.mapper.LogMapper.save.debug:159 -==> Parameters: /(String), ******(String), 1(Integer), null, GET(String), 4(Long), ******(String), 0:0:0:0:0:0:0:1(String)
2020-05-03 17:00:48.794 DEBUG [http-nio-8080-exec-1]com.hnxx.zy.clms.core.mapper.LogMapper.save.debug:159 -<==    Updates: 1
2020-05-03 17:00:48.902 DEBUG [http-nio-8080-exec-2]com.hnxx.zy.clms.core.mapper.LogMapper.save.debug:159 -==>  Preparing: insert into cl_log(log_url, log_params, log_status, log_message, log_method, log_time, log_result, log_ip) values (?, ?, ?, ?, ?, ?, ?, ?) 
2020-05-03 17:00:48.903 DEBUG [http-nio-8080-exec-2]com.hnxx.zy.clms.core.mapper.LogMapper.save.debug:159 -==> Parameters: /login(String), ******(String), 1(Integer), null, GET(String), 4(Long), ******(String), 0:0:0:0:0:0:0:1(String)
2020-05-03 17:00:48.989 DEBUG [http-nio-8080-exec-2]com.hnxx.zy.clms.core.mapper.LogMapper.save.debug:159 -<==    Updates: 1
2020-05-03 17:00:49.001 DEBUG [http-nio-8080-exec-4]com.hnxx.zy.clms.core.mapper.LogMapper.save.debug:159 -==>  Preparing: insert into cl_log(log_url, log_params, log_status, log_message, log_method, log_time, log_result, log_ip) values (?, ?, ?, ?, ?, ?, ?, ?) 
2020-05-03 17:00:49.002 DEBUG [http-nio-8080-exec-4]com.hnxx.zy.clms.core.mapper.LogMapper.save.debug:159 -==> Parameters: /login(String), ******(String), 1(Integer), null, GET(String), 2(Long), ******(String), 0:0:0:0:0:0:0:1(String)
2020-05-03 17:00:49.090 DEBUG [http-nio-8080-exec-4]com.hnxx.zy.clms.core.mapper.LogMapper.save.debug:159 -<==    Updates: 1
2020-05-03 17:00:49.129 DEBUG [http-nio-8080-exec-8]com.hnxx.zy.clms.core.mapper.LogMapper.save.debug:159 -==>  Preparing: insert into cl_log(log_url, log_params, log_status, log_message, log_method, log_time, log_result, log_ip) values (?, ?, ?, ?, ?, ?, ?, ?) 
2020-05-03 17:00:49.130 DEBUG [http-nio-8080-exec-8]com.hnxx.zy.clms.core.mapper.LogMapper.save.debug:159 -==> Parameters: /login(String), ******(String), 1(Integer), null, GET(String), 2(Long), ******(String), 0:0:0:0:0:0:0:1(String)
2020-05-03 17:00:49.214 DEBUG [http-nio-8080-exec-8]com.hnxx.zy.clms.core.mapper.LogMapper.save.debug:159 -<==    Updates: 1
2020-05-03 17:01:03.364 DEBUG [http-nio-8080-exec-9]com.hnxx.zy.clms.core.mapper.LogMapper.save.debug:159 -==>  Preparing: insert into cl_log(log_url, log_params, log_status, log_message, log_method, log_time, log_result, log_ip) values (?, ?, ?, ?, ?, ?, ?, ?) 
2020-05-03 17:01:03.365 DEBUG [http-nio-8080-exec-9]com.hnxx.zy.clms.core.mapper.LogMapper.save.debug:159 -==> Parameters: /(String), ******(String), 1(Integer), null, GET(String), 9(Long), ******(String), 0:0:0:0:0:0:0:1(String)
2020-05-03 17:01:03.452 DEBUG [http-nio-8080-exec-9]com.hnxx.zy.clms.core.mapper.LogMapper.save.debug:159 -<==    Updates: 1
2020-05-03 17:01:03.596 DEBUG [http-nio-8080-exec-2]com.hnxx.zy.clms.core.mapper.LogMapper.save.debug:159 -==>  Preparing: insert into cl_log(log_url, log_params, log_status, log_message, log_method, log_time, log_result, log_ip) values (?, ?, ?, ?, ?, ?, ?, ?) 
2020-05-03 17:01:03.597 DEBUG [http-nio-8080-exec-2]com.hnxx.zy.clms.core.mapper.LogMapper.save.debug:159 -==> Parameters: /login(String), ******(String), 1(Integer), null, GET(String), 5(Long), ******(String), 0:0:0:0:0:0:0:1(String)
2020-05-03 17:01:03.687 DEBUG [http-nio-8080-exec-2]com.hnxx.zy.clms.core.mapper.LogMapper.save.debug:159 -<==    Updates: 1
2020-05-03 17:01:03.698 DEBUG [http-nio-8080-exec-4]com.hnxx.zy.clms.core.mapper.LogMapper.save.debug:159 -==>  Preparing: insert into cl_log(log_url, log_params, log_status, log_message, log_method, log_time, log_result, log_ip) values (?, ?, ?, ?, ?, ?, ?, ?) 
2020-05-03 17:01:03.699 DEBUG [http-nio-8080-exec-4]com.hnxx.zy.clms.core.mapper.LogMapper.save.debug:159 -==> Parameters: /login(String), ******(String), 1(Integer), null, GET(String), 2(Long), ******(String), 0:0:0:0:0:0:0:1(String)
2020-05-03 17:01:03.786 DEBUG [http-nio-8080-exec-4]com.hnxx.zy.clms.core.mapper.LogMapper.save.debug:159 -<==    Updates: 1
2020-05-03 17:01:03.879 DEBUG [http-nio-8080-exec-8]com.hnxx.zy.clms.core.mapper.LogMapper.save.debug:159 -==>  Preparing: insert into cl_log(log_url, log_params, log_status, log_message, log_method, log_time, log_result, log_ip) values (?, ?, ?, ?, ?, ?, ?, ?) 
2020-05-03 17:01:03.880 DEBUG [http-nio-8080-exec-8]com.hnxx.zy.clms.core.mapper.LogMapper.save.debug:159 -==> Parameters: /login(String), ******(String), 1(Integer), null, GET(String), 6(Long), ******(String), 0:0:0:0:0:0:0:1(String)
2020-05-03 17:01:03.967 DEBUG [http-nio-8080-exec-8]com.hnxx.zy.clms.core.mapper.LogMapper.save.debug:159 -<==    Updates: 1
2020-05-03 17:01:10.743 DEBUG [http-nio-8080-exec-10]com.hnxx.zy.clms.core.mapper.UserMapper.insert.debug:159 -==>  Preparing: insert into cl_github_user(name,account_id,token,created_time,update_time) values(?,?,?,?,?) 
2020-05-03 17:01:10.745 DEBUG [http-nio-8080-exec-10]com.hnxx.zy.clms.core.mapper.UserMapper.insert.debug:159 -==> Parameters: 南街北巷(String), 57308175(String), b0534a00-700c-48a9-8670-900a8dd04001(String), 2020-05-03 17:01:10.742(Timestamp), 2020-05-03 17:01:10.742(Timestamp)
2020-05-03 17:01:10.837 DEBUG [http-nio-8080-exec-10]com.hnxx.zy.clms.core.mapper.UserMapper.insert.debug:159 -<==    Updates: 1
2020-05-03 17:01:10.840 DEBUG [http-nio-8080-exec-10]com.hnxx.zy.clms.core.mapper.LogMapper.save.debug:159 -==>  Preparing: insert into cl_log(log_url, log_params, log_status, log_message, log_method, log_time, log_result, log_ip) values (?, ?, ?, ?, ?, ?, ?, ?) 
2020-05-03 17:01:10.842 DEBUG [http-nio-8080-exec-10]com.hnxx.zy.clms.core.mapper.LogMapper.save.debug:159 -==> Parameters: /callback(String), ******(String), 1(Integer), null, GET(String), 2995(Long), ******(String), 0:0:0:0:0:0:0:1(String)
2020-05-03 17:01:10.927 DEBUG [http-nio-8080-exec-10]com.hnxx.zy.clms.core.mapper.LogMapper.save.debug:159 -<==    Updates: 1
2020-05-03 17:01:10.937 DEBUG [http-nio-8080-exec-3]com.hnxx.zy.clms.core.mapper.LogMapper.save.debug:159 -==>  Preparing: insert into cl_log(log_url, log_params, log_status, log_message, log_method, log_time, log_result, log_ip) values (?, ?, ?, ?, ?, ?, ?, ?) 
2020-05-03 17:01:10.939 DEBUG [http-nio-8080-exec-3]com.hnxx.zy.clms.core.mapper.LogMapper.save.debug:159 -==> Parameters: /home(String), ******(String), 1(Integer), null, GET(String), 2(Long), ******(String), 0:0:0:0:0:0:0:1(String)
2020-05-03 17:01:11.052 DEBUG [http-nio-8080-exec-3]com.hnxx.zy.clms.core.mapper.LogMapper.save.debug:159 -<==    Updates: 1
2020-05-03 17:01:15.849 DEBUG [http-nio-8080-exec-1]com.hnxx.zy.clms.core.mapper.LogMapper.save.debug:159 -==>  Preparing: insert into cl_log(log_url, log_params, log_status, log_message, log_method, log_time, log_result, log_ip) values (?, ?, ?, ?, ?, ?, ?, ?) 
2020-05-03 17:01:15.852 DEBUG [http-nio-8080-exec-1]com.hnxx.zy.clms.core.mapper.LogMapper.save.debug:159 -==> Parameters: /login(String), ******(String), 1(Integer), null, GET(String), 3(Long), ******(String), 0:0:0:0:0:0:0:1(String)
2020-05-03 17:01:15.938 DEBUG [http-nio-8080-exec-1]com.hnxx.zy.clms.core.mapper.LogMapper.save.debug:159 -<==    Updates: 1
2020-05-03 17:01:16.161 DEBUG [http-nio-8080-exec-4]com.hnxx.zy.clms.core.mapper.LogMapper.save.debug:159 -==>  Preparing: insert into cl_log(log_url, log_params, log_status, log_message, log_method, log_time, log_result, log_ip) values (?, ?, ?, ?, ?, ?, ?, ?) 
2020-05-03 17:01:16.166 DEBUG [http-nio-8080-exec-4]com.hnxx.zy.clms.core.mapper.LogMapper.save.debug:159 -==> Parameters: /login(String), ******(String), 1(Integer), null, GET(String), 3(Long), ******(String), 0:0:0:0:0:0:0:1(String)
2020-05-03 17:01:16.253 DEBUG [http-nio-8080-exec-4]com.hnxx.zy.clms.core.mapper.LogMapper.save.debug:159 -<==    Updates: 1
2020-05-03 17:02:05.960 DEBUG [http-nio-8080-exec-8]com.hnxx.zy.clms.core.mapper.LogMapper.save.debug:159 -==>  Preparing: insert into cl_log(log_url, log_params, log_status, log_message, log_method, log_time, log_result, log_ip) values (?, ?, ?, ?, ?, ?, ?, ?) 
2020-05-03 17:02:05.962 DEBUG [http-nio-8080-exec-8]com.hnxx.zy.clms.core.mapper.LogMapper.save.debug:159 -==> Parameters: /(String), ******(String), 1(Integer), null, GET(String), 7(Long), ******(String), 0:0:0:0:0:0:0:1(String)
2020-05-03 17:02:06.049 DEBUG [http-nio-8080-exec-8]com.hnxx.zy.clms.core.mapper.LogMapper.save.debug:159 -<==    Updates: 1
2020-05-03 17:02:06.179 DEBUG [http-nio-8080-exec-3]com.hnxx.zy.clms.core.mapper.LogMapper.save.debug:159 -==>  Preparing: insert into cl_log(log_url, log_params, log_status, log_message, log_method, log_time, log_result, log_ip) values (?, ?, ?, ?, ?, ?, ?, ?) 
2020-05-03 17:02:06.182 DEBUG [http-nio-8080-exec-3]com.hnxx.zy.clms.core.mapper.LogMapper.save.debug:159 -==> Parameters: /login(String), ******(String), 1(Integer), null, GET(String), 5(Long), ******(String), 0:0:0:0:0:0:0:1(String)
2020-05-03 17:02:06.268 DEBUG [http-nio-8080-exec-3]com.hnxx.zy.clms.core.mapper.LogMapper.save.debug:159 -<==    Updates: 1
2020-05-03 17:02:06.294 DEBUG [http-nio-8080-exec-7]com.hnxx.zy.clms.core.mapper.LogMapper.save.debug:159 -==>  Preparing: insert into cl_log(log_url, log_params, log_status, log_message, log_method, log_time, log_result, log_ip) values (?, ?, ?, ?, ?, ?, ?, ?) 
2020-05-03 17:02:06.295 DEBUG [http-nio-8080-exec-7]com.hnxx.zy.clms.core.mapper.LogMapper.save.debug:159 -==> Parameters: /login(String), ******(String), 1(Integer), null, GET(String), 2(Long), ******(String), 0:0:0:0:0:0:0:1(String)
2020-05-03 17:02:06.383 DEBUG [http-nio-8080-exec-7]com.hnxx.zy.clms.core.mapper.LogMapper.save.debug:159 -<==    Updates: 1
2020-05-03 17:02:06.445 DEBUG [http-nio-8080-exec-2]com.hnxx.zy.clms.core.mapper.LogMapper.save.debug:159 -==>  Preparing: insert into cl_log(log_url, log_params, log_status, log_message, log_method, log_time, log_result, log_ip) values (?, ?, ?, ?, ?, ?, ?, ?) 
2020-05-03 17:02:06.447 DEBUG [http-nio-8080-exec-2]com.hnxx.zy.clms.core.mapper.LogMapper.save.debug:159 -==> Parameters: /login(String), ******(String), 1(Integer), null, GET(String), 4(Long), ******(String), 0:0:0:0:0:0:0:1(String)
2020-05-03 17:02:06.533 DEBUG [http-nio-8080-exec-2]com.hnxx.zy.clms.core.mapper.LogMapper.save.debug:159 -<==    Updates: 1
2020-05-03 17:19:19.950 DEBUG [http-nio-8080-exec-1]com.hnxx.zy.clms.core.mapper.LogMapper.save.debug:159 -==>  Preparing: insert into cl_log(log_url, log_params, log_status, log_message, log_method, log_time, log_result, log_ip) values (?, ?, ?, ?, ?, ?, ?, ?) 
2020-05-03 17:19:20.060 DEBUG [http-nio-8080-exec-1]com.hnxx.zy.clms.core.mapper.LogMapper.save.debug:159 -==> Parameters: /login(String), ******(String), 1(Integer), null, GET(String), 169(Long), ******(String), 0:0:0:0:0:0:0:1(String)
2020-05-03 17:19:20.147 DEBUG [http-nio-8080-exec-1]com.hnxx.zy.clms.core.mapper.LogMapper.save.debug:159 -<==    Updates: 1
2020-05-03 17:19:20.405 DEBUG [http-nio-8080-exec-2]com.hnxx.zy.clms.core.mapper.LogMapper.save.debug:159 -==>  Preparing: insert into cl_log(log_url, log_params, log_status, log_message, log_method, log_time, log_result, log_ip) values (?, ?, ?, ?, ?, ?, ?, ?) 
2020-05-03 17:19:20.406 DEBUG [http-nio-8080-exec-2]com.hnxx.zy.clms.core.mapper.LogMapper.save.debug:159 -==> Parameters: /login(String), ******(String), 1(Integer), null, GET(String), 3(Long), ******(String), 0:0:0:0:0:0:0:1(String)
2020-05-03 17:19:20.481 DEBUG [http-nio-8080-exec-2]com.hnxx.zy.clms.core.mapper.LogMapper.save.debug:159 -<==    Updates: 1
2020-05-03 17:19:20.495 DEBUG [http-nio-8080-exec-6]com.hnxx.zy.clms.core.mapper.LogMapper.save.debug:159 -==>  Preparing: insert into cl_log(log_url, log_params, log_status, log_message, log_method, log_time, log_result, log_ip) values (?, ?, ?, ?, ?, ?, ?, ?) 
2020-05-03 17:19:20.496 DEBUG [http-nio-8080-exec-6]com.hnxx.zy.clms.core.mapper.LogMapper.save.debug:159 -==> Parameters: /login(String), ******(String), 1(Integer), null, GET(String), 4(Long), ******(String), 0:0:0:0:0:0:0:1(String)
2020-05-03 17:19:20.567 DEBUG [http-nio-8080-exec-6]com.hnxx.zy.clms.core.mapper.LogMapper.save.debug:159 -<==    Updates: 1
2020-05-03 17:19:20.577 DEBUG [http-nio-8080-exec-4]com.hnxx.zy.clms.core.mapper.LogMapper.save.debug:159 -==>  Preparing: insert into cl_log(log_url, log_params, log_status, log_message, log_method, log_time, log_result, log_ip) values (?, ?, ?, ?, ?, ?, ?, ?) 
2020-05-03 17:19:20.577 DEBUG [http-nio-8080-exec-4]com.hnxx.zy.clms.core.mapper.LogMapper.save.debug:159 -==> Parameters: /login(String), ******(String), 1(Integer), null, GET(String), 0(Long), ******(String), 0:0:0:0:0:0:0:1(String)
2020-05-03 17:19:20.659 DEBUG [http-nio-8080-exec-4]com.hnxx.zy.clms.core.mapper.LogMapper.save.debug:159 -<==    Updates: 1
