2020-05-27 02:47:18.756 DEBUG [restartedMain]com.hnxx.zy.clms.ClmsApplication.logStarting:56 -Running with Spring Boot v2.2.5.RELEASE, Spring v5.2.4.RELEASE
2020-05-27 02:47:37.554 DEBUG [restartedMain]com.hnxx.zy.clms.security.jwt.JwtAuthTokenFilter.init:242 -Filter 'authenticationJwtTokenFilter' configured for use
2020-05-27 02:48:23.962 DEBUG [http-nio-8080-exec-3]com.hnxx.zy.clms.core.mapper.LogMapper.save.debug:159 -==>  Preparing: insert into cl_log(log_url, log_params, log_status, log_message, log_method, log_time, log_result, log_ip) values (?, ?, ?, ?, ?, ?, ?, ?) 
2020-05-27 02:48:24.088 DEBUG [http-nio-8080-exec-3]com.hnxx.zy.clms.core.mapper.LogMapper.save.debug:159 -==> Parameters: /login(String), ******(String), 1(Integer), null, GET(String), 146(Long), ******(String), 0:0:0:0:0:0:0:1(String)
2020-05-27 02:48:24.171 DEBUG [http-nio-8080-exec-3]com.hnxx.zy.clms.core.mapper.LogMapper.save.debug:159 -<==    Updates: 1
2020-05-27 02:49:23.188 DEBUG [restartedMain]com.hnxx.zy.clms.ClmsApplication.logStarting:56 -Running with Spring Boot v2.2.5.RELEASE, Spring v5.2.4.RELEASE
2020-05-27 02:51:06.189 DEBUG [restartedMain]com.hnxx.zy.clms.ClmsApplication.logStarting:56 -Running with Spring Boot v2.2.5.RELEASE, Spring v5.2.4.RELEASE
2020-05-27 02:51:15.796 DEBUG [restartedMain]com.hnxx.zy.clms.security.jwt.JwtAuthTokenFilter.init:242 -Filter 'authenticationJwtTokenFilter' configured for use
2020-05-27 02:51:37.227 DEBUG [http-nio-8080-exec-2]c.h.zy.clms.core.mapper.UserMapper.getUserByPage_COUNT.debug:159 -==>  Preparing: select count(0) from (select a.*, b.group_name from cl_user as a left join cl_group as b on a.user_group_id = group_id group by a.user_id asc) tmp_count 
2020-05-27 02:51:37.248 DEBUG [http-nio-8080-exec-2]c.h.zy.clms.core.mapper.UserMapper.getUserByPage_COUNT.debug:159 -==> Parameters: 
2020-05-27 02:51:37.313 DEBUG [http-nio-8080-exec-2]c.h.zy.clms.core.mapper.UserMapper.getUserByPage_COUNT.debug:159 -<==      Total: 1
2020-05-27 02:51:37.317 DEBUG [http-nio-8080-exec-2]com.hnxx.zy.clms.core.mapper.UserMapper.getUserByPage.debug:159 -==>  Preparing: select a.*, b.group_name from cl_user as a left join cl_group as b on a.user_group_id = group_id group by a.user_id asc LIMIT ? 
2020-05-27 02:51:37.318 DEBUG [http-nio-8080-exec-2]com.hnxx.zy.clms.core.mapper.UserMapper.getUserByPage.debug:159 -==> Parameters: 4(Integer)
2020-05-27 02:51:37.360 DEBUG [http-nio-8080-exec-2]com.hnxx.zy.clms.core.mapper.UserMapper.getUserByPage.debug:159 -<==      Total: 4
2020-05-27 02:51:37.444 DEBUG [http-nio-8080-exec-2]com.hnxx.zy.clms.core.mapper.LogMapper.save.debug:159 -==>  Preparing: insert into cl_log(log_url, log_params, log_status, log_message, log_method, log_time, log_result, log_ip) values (?, ?, ?, ?, ?, ?, ?, ?) 
2020-05-27 02:51:37.446 DEBUG [http-nio-8080-exec-2]com.hnxx.zy.clms.core.mapper.LogMapper.save.debug:159 -==> Parameters: /user/get/byPage(String), ******(String), 1(Integer), null, POST(String), 965(Long), ******(String), 0:0:0:0:0:0:0:1(String)
2020-05-27 02:51:37.518 DEBUG [http-nio-8080-exec-2]com.hnxx.zy.clms.core.mapper.LogMapper.save.debug:159 -<==    Updates: 1
2020-05-27 03:06:55.723 DEBUG [restartedMain]com.hnxx.zy.clms.ClmsApplication.logStarting:56 -Running with Spring Boot v2.2.5.RELEASE, Spring v5.2.4.RELEASE
2020-05-27 03:07:03.164 DEBUG [restartedMain]com.hnxx.zy.clms.security.jwt.JwtAuthTokenFilter.init:242 -Filter 'authenticationJwtTokenFilter' configured for use
2020-05-27 03:07:34.250 DEBUG [http-nio-8080-exec-1]c.h.zy.clms.core.mapper.UserMapper.getUserByPage_COUNT.debug:159 -==>  Preparing: select count(0) from (select a.*, b.group_name from cl_user as a left join cl_group as b on a.user_group_id = group_id group by a.user_id asc) tmp_count 
2020-05-27 03:07:34.327 DEBUG [http-nio-8080-exec-1]c.h.zy.clms.core.mapper.UserMapper.getUserByPage_COUNT.debug:159 -==> Parameters: 
2020-05-27 03:07:34.409 DEBUG [http-nio-8080-exec-1]c.h.zy.clms.core.mapper.UserMapper.getUserByPage_COUNT.debug:159 -<==      Total: 1
2020-05-27 03:07:34.413 DEBUG [http-nio-8080-exec-1]com.hnxx.zy.clms.core.mapper.UserMapper.getUserByPage.debug:159 -==>  Preparing: select a.*, b.group_name from cl_user as a left join cl_group as b on a.user_group_id = group_id group by a.user_id asc LIMIT ? 
2020-05-27 03:07:34.415 DEBUG [http-nio-8080-exec-1]com.hnxx.zy.clms.core.mapper.UserMapper.getUserByPage.debug:159 -==> Parameters: 4(Integer)
2020-05-27 03:07:34.455 DEBUG [http-nio-8080-exec-1]com.hnxx.zy.clms.core.mapper.UserMapper.getUserByPage.debug:159 -<==      Total: 4
2020-05-27 03:07:34.875 DEBUG [http-nio-8080-exec-1]com.hnxx.zy.clms.core.mapper.LogMapper.save.debug:159 -==>  Preparing: insert into cl_log(log_url, log_params, log_status, log_message, log_method, log_time, log_result, log_ip) values (?, ?, ?, ?, ?, ?, ?, ?) 
2020-05-27 03:07:34.877 DEBUG [http-nio-8080-exec-1]com.hnxx.zy.clms.core.mapper.LogMapper.save.debug:159 -==> Parameters: /user/get/byPage(String), ******(String), 1(Integer), null, POST(String), 1409(Long), ******(String), 0:0:0:0:0:0:0:1(String)
2020-05-27 03:07:34.943 DEBUG [http-nio-8080-exec-1]com.hnxx.zy.clms.core.mapper.LogMapper.save.debug:159 -<==    Updates: 1
2020-05-27 03:10:13.486 DEBUG [restartedMain]com.hnxx.zy.clms.ClmsApplication.logStarting:56 -Running with Spring Boot v2.2.5.RELEASE, Spring v5.2.4.RELEASE
2020-05-27 03:10:17.474 DEBUG [restartedMain]com.hnxx.zy.clms.security.jwt.JwtAuthTokenFilter.init:242 -Filter 'authenticationJwtTokenFilter' configured for use
2020-05-27 03:22:12.869 DEBUG [http-nio-8080-exec-9]com.hnxx.zy.clms.core.mapper.UserMapper.selectByName.debug:159 -==>  Preparing: select * from cl_user where user_name=? or mobile = ? 
2020-05-27 03:22:13.865 DEBUG [http-nio-8080-exec-9]com.hnxx.zy.clms.core.mapper.UserMapper.selectByName.debug:159 -==> Parameters: admin(String), admin(String)
2020-05-27 03:22:14.249 DEBUG [http-nio-8080-exec-9]com.hnxx.zy.clms.core.mapper.UserMapper.selectByName.debug:159 -<==      Total: 1
2020-05-27 03:22:21.753 DEBUG [http-nio-8080-exec-9]com.hnxx.zy.clms.core.mapper.UserMapper.selectByName.debug:159 -==>  Preparing: select * from cl_user where user_name=? or mobile = ? 
2020-05-27 03:22:21.754 DEBUG [http-nio-8080-exec-9]com.hnxx.zy.clms.core.mapper.UserMapper.selectByName.debug:159 -==> Parameters: admin(String), admin(String)
2020-05-27 03:22:21.821 DEBUG [http-nio-8080-exec-9]com.hnxx.zy.clms.core.mapper.UserMapper.selectByName.debug:159 -<==      Total: 1
2020-05-27 03:22:30.986 DEBUG [http-nio-8080-exec-8]com.hnxx.zy.clms.core.mapper.UserMapper.selectByName.debug:159 -==>  Preparing: select * from cl_user where user_name=? or mobile = ? 
2020-05-27 03:22:30.986 DEBUG [http-nio-8080-exec-8]com.hnxx.zy.clms.core.mapper.UserMapper.selectByName.debug:159 -==> Parameters: admin(String), admin(String)
2020-05-27 03:22:31.036 DEBUG [http-nio-8080-exec-8]com.hnxx.zy.clms.core.mapper.UserMapper.selectByName.debug:159 -<==      Total: 1
2020-05-27 03:22:31.036 DEBUG [http-nio-8080-exec-6]com.hnxx.zy.clms.core.mapper.UserMapper.selectByName.debug:159 -==>  Preparing: select * from cl_user where user_name=? or mobile = ? 
2020-05-27 03:22:31.036 DEBUG [http-nio-8080-exec-6]com.hnxx.zy.clms.core.mapper.UserMapper.selectByName.debug:159 -==> Parameters: admin(String), admin(String)
2020-05-27 03:22:31.176 DEBUG [http-nio-8080-exec-6]com.hnxx.zy.clms.core.mapper.UserMapper.selectByName.debug:159 -<==      Total: 1
2020-05-27 03:22:32.155 DEBUG [http-nio-8080-exec-8]com.hnxx.zy.clms.core.mapper.UserMapper.selectByName.debug:159 -==>  Preparing: select * from cl_user where user_name=? or mobile = ? 
2020-05-27 03:22:32.165 DEBUG [http-nio-8080-exec-8]com.hnxx.zy.clms.core.mapper.UserMapper.selectByName.debug:159 -==> Parameters: admin(String), admin(String)
2020-05-27 03:22:32.305 DEBUG [http-nio-8080-exec-8]com.hnxx.zy.clms.core.mapper.UserMapper.selectByName.debug:159 -<==      Total: 1
2020-05-27 03:22:32.365 DEBUG [http-nio-8080-exec-8]com.hnxx.zy.clms.core.mapper.MenuMapper.getMenuByRole.debug:159 -==>  Preparing: select * from cl_menu where user_position_id <= ? 
2020-05-27 03:22:32.365 DEBUG [http-nio-8080-exec-8]com.hnxx.zy.clms.core.mapper.MenuMapper.getMenuByRole.debug:159 -==> Parameters: 0(Integer)
2020-05-27 03:22:32.395 DEBUG [http-nio-8080-exec-8]com.hnxx.zy.clms.core.mapper.MenuMapper.getMenuByRole.debug:159 -<==      Total: 5
2020-05-27 03:22:32.595 DEBUG [http-nio-8080-exec-6]com.hnxx.zy.clms.core.mapper.ArticleTypeMapper.getList.debug:159 -==>  Preparing: select type_id, type_name, type_count from cl_article_type where is_deleted = 0 and is_enabled = 1 
2020-05-27 03:22:32.595 DEBUG [http-nio-8080-exec-6]com.hnxx.zy.clms.core.mapper.ArticleTypeMapper.getList.debug:159 -==> Parameters: 
2020-05-27 03:22:32.635 DEBUG [http-nio-8080-exec-6]com.hnxx.zy.clms.core.mapper.ArticleTypeMapper.getList.debug:159 -<==      Total: 24
2020-05-27 03:22:32.685 DEBUG [http-nio-8080-exec-6]com.hnxx.zy.clms.core.mapper.LogMapper.save.debug:159 -==>  Preparing: insert into cl_log(log_url, log_params, log_status, log_message, log_method, log_time, log_result, log_ip) values (?, ?, ?, ?, ?, ?, ?, ?) 
2020-05-27 03:22:32.685 DEBUG [http-nio-8080-exec-6]com.hnxx.zy.clms.core.mapper.LogMapper.save.debug:159 -==> Parameters: /articleType/getList(String), ******(String), 1(Integer), null, GET(String), 320(Long), ******(String), 127.0.0.1(String)
2020-05-27 03:22:32.755 DEBUG [http-nio-8080-exec-6]com.hnxx.zy.clms.core.mapper.LogMapper.save.debug:159 -<==    Updates: 1
2020-05-27 23:19:20.018 DEBUG [restartedMain]com.hnxx.zy.clms.ClmsApplication.logStarting:56 -Running with Spring Boot v2.2.5.RELEASE, Spring v5.2.4.RELEASE
2020-05-27 23:19:41.648 DEBUG [restartedMain]com.hnxx.zy.clms.security.jwt.JwtAuthTokenFilter.init:242 -Filter 'authenticationJwtTokenFilter' configured for use
2020-05-27 23:31:53.011 DEBUG [http-nio-8080-exec-2]com.hnxx.zy.clms.core.mapper.LogMapper.save.debug:159 -==>  Preparing: insert into cl_log(log_url, log_params, log_status, log_message, log_method, log_time, log_result, log_ip) values (?, ?, ?, ?, ?, ?, ?, ?) 
2020-05-27 23:31:53.341 DEBUG [http-nio-8080-exec-2]com.hnxx.zy.clms.core.mapper.LogMapper.save.debug:159 -==> Parameters: /error(String), ******(String), 1(Integer), null, GET(String), 1310(Long), ******(String), 127.0.0.1(String)
2020-05-27 23:31:53.421 DEBUG [http-nio-8080-exec-2]com.hnxx.zy.clms.core.mapper.LogMapper.save.debug:159 -<==    Updates: 1
