2020-04-23 02:22:00.678 DEBUG [restartedMain]com.hnxx.zy.clms.ClmsApplication.logStarting:56 -Running with Spring Boot v2.2.5.RELEASE, Spring v5.2.4.RELEASE
2020-04-23 02:23:02.580 DEBUG [restartedMain]com.hnxx.zy.clms.security.jwt.JwtAuthTokenFilter.init:242 -Filter 'authenticationJwtTokenFilter' configured for use
2020-04-23 02:24:56.684 DEBUG [restartedMain]com.hnxx.zy.clms.ClmsApplication.logStarting:56 -Running with Spring Boot v2.2.5.RELEASE, Spring v5.2.4.RELEASE
2020-04-23 02:25:01.601 DEBUG [restartedMain]com.hnxx.zy.clms.security.jwt.JwtAuthTokenFilter.init:242 -Filter 'authenticationJwtTokenFilter' configured for use
2020-04-23 02:28:30.288 DEBUG [restartedMain]com.hnxx.zy.clms.ClmsApplication.logStarting:56 -Running with Spring Boot v2.2.5.RELEASE, Spring v5.2.4.RELEASE
2020-04-23 02:28:35.795 DEBUG [restartedMain]com.hnxx.zy.clms.security.jwt.JwtAuthTokenFilter.init:242 -Filter 'authenticationJwtTokenFilter' configured for use
2020-04-23 02:28:44.936 DEBUG [http-nio-8080-exec-1]com.hnxx.zy.clms.core.mapper.LogMapper.save.debug:159 -==>  Preparing: insert into cl_log(log_url, log_params, log_status, log_message, log_method, log_time, log_result, log_ip) values (?, ?, ?, ?, ?, ?, ?, ?) 
2020-04-23 02:28:45.036 DEBUG [http-nio-8080-exec-1]com.hnxx.zy.clms.core.mapper.LogMapper.save.debug:159 -==> Parameters: /login(String), ******(String), 1(Integer), null, GET(String), 40(Long), ******(String), 0:0:0:0:0:0:0:1(String)
2020-04-23 02:28:45.115 DEBUG [http-nio-8080-exec-1]com.hnxx.zy.clms.core.mapper.LogMapper.save.debug:159 -<==    Updates: 1
2020-04-23 02:28:45.299 DEBUG [http-nio-8080-exec-1]com.hnxx.zy.clms.core.mapper.LogMapper.save.debug:159 -==>  Preparing: insert into cl_log(log_url, log_params, log_status, log_message, log_method, log_time, log_result, log_ip) values (?, ?, ?, ?, ?, ?, ?, ?) 
2020-04-23 02:28:45.303 DEBUG [http-nio-8080-exec-1]com.hnxx.zy.clms.core.mapper.LogMapper.save.debug:159 -==> Parameters: /error(String), ******(String), 1(Integer), null, GET(String), 8(Long), ******(String), 0:0:0:0:0:0:0:1(String)
2020-04-23 02:28:45.379 DEBUG [http-nio-8080-exec-1]com.hnxx.zy.clms.core.mapper.LogMapper.save.debug:159 -<==    Updates: 1
2020-04-23 02:28:47.025 DEBUG [http-nio-8080-exec-3]com.hnxx.zy.clms.core.mapper.LogMapper.save.debug:159 -==>  Preparing: insert into cl_log(log_url, log_params, log_status, log_message, log_method, log_time, log_result, log_ip) values (?, ?, ?, ?, ?, ?, ?, ?) 
2020-04-23 02:28:47.025 DEBUG [http-nio-8080-exec-3]com.hnxx.zy.clms.core.mapper.LogMapper.save.debug:159 -==> Parameters: /login(String), ******(String), 1(Integer), null, GET(String), 8(Long), ******(String), 0:0:0:0:0:0:0:1(String)
2020-04-23 02:28:47.101 DEBUG [http-nio-8080-exec-3]com.hnxx.zy.clms.core.mapper.LogMapper.save.debug:159 -<==    Updates: 1
2020-04-23 02:28:47.161 DEBUG [http-nio-8080-exec-3]com.hnxx.zy.clms.core.mapper.LogMapper.save.debug:159 -==>  Preparing: insert into cl_log(log_url, log_params, log_status, log_message, log_method, log_time, log_result, log_ip) values (?, ?, ?, ?, ?, ?, ?, ?) 
2020-04-23 02:28:47.161 DEBUG [http-nio-8080-exec-3]com.hnxx.zy.clms.core.mapper.LogMapper.save.debug:159 -==> Parameters: /error(String), ******(String), 1(Integer), null, GET(String), 8(Long), ******(String), 0:0:0:0:0:0:0:1(String)
2020-04-23 02:28:47.237 DEBUG [http-nio-8080-exec-3]com.hnxx.zy.clms.core.mapper.LogMapper.save.debug:159 -<==    Updates: 1
2020-04-23 02:31:36.844 DEBUG [restartedMain]com.hnxx.zy.clms.ClmsApplication.logStarting:56 -Running with Spring Boot v2.2.5.RELEASE, Spring v5.2.4.RELEASE
2020-04-23 02:31:42.315 DEBUG [restartedMain]com.hnxx.zy.clms.security.jwt.JwtAuthTokenFilter.init:242 -Filter 'authenticationJwtTokenFilter' configured for use
2020-04-23 02:31:44.154 DEBUG [http-nio-8080-exec-2]com.hnxx.zy.clms.core.mapper.LogMapper.save.debug:159 -==>  Preparing: insert into cl_log(log_url, log_params, log_status, log_message, log_method, log_time, log_result, log_ip) values (?, ?, ?, ?, ?, ?, ?, ?) 
2020-04-23 02:31:44.185 DEBUG [http-nio-8080-exec-2]com.hnxx.zy.clms.core.mapper.LogMapper.save.debug:159 -==> Parameters: /login(String), ******(String), 1(Integer), null, GET(String), 16(Long), ******(String), 127.0.0.1(String)
2020-04-23 02:31:44.265 DEBUG [http-nio-8080-exec-2]com.hnxx.zy.clms.core.mapper.LogMapper.save.debug:159 -<==    Updates: 1
2020-04-23 02:31:44.449 DEBUG [http-nio-8080-exec-2]com.hnxx.zy.clms.core.mapper.LogMapper.save.debug:159 -==>  Preparing: insert into cl_log(log_url, log_params, log_status, log_message, log_method, log_time, log_result, log_ip) values (?, ?, ?, ?, ?, ?, ?, ?) 
2020-04-23 02:31:44.453 DEBUG [http-nio-8080-exec-2]com.hnxx.zy.clms.core.mapper.LogMapper.save.debug:159 -==> Parameters: /error(String), ******(String), 1(Integer), null, GET(String), 12(Long), ******(String), 127.0.0.1(String)
2020-04-23 02:31:44.526 DEBUG [http-nio-8080-exec-2]com.hnxx.zy.clms.core.mapper.LogMapper.save.debug:159 -<==    Updates: 1
2020-04-23 23:31:38.901 DEBUG [restartedMain]com.hnxx.zy.clms.ClmsApplication.logStarting:56 -Running with Spring Boot v2.2.5.RELEASE, Spring v5.2.4.RELEASE
2020-04-23 23:31:50.502 DEBUG [restartedMain]com.hnxx.zy.clms.security.jwt.JwtAuthTokenFilter.init:242 -Filter 'authenticationJwtTokenFilter' configured for use
2020-04-23 23:32:39.153 DEBUG [http-nio-8080-exec-1]com.hnxx.zy.clms.core.mapper.LogMapper.save.debug:159 -==>  Preparing: insert into cl_log(log_url, log_params, log_status, log_message, log_method, log_time, log_result, log_ip) values (?, ?, ?, ?, ?, ?, ?, ?) 
2020-04-23 23:32:39.276 DEBUG [http-nio-8080-exec-1]com.hnxx.zy.clms.core.mapper.LogMapper.save.debug:159 -==> Parameters: /error(String), ******(String), 1(Integer), null, GET(String), 22(Long), ******(String), 0:0:0:0:0:0:0:1(String)
2020-04-23 23:32:39.364 DEBUG [http-nio-8080-exec-1]com.hnxx.zy.clms.core.mapper.LogMapper.save.debug:159 -<==    Updates: 1
2020-04-23 23:32:49.465 DEBUG [http-nio-8080-exec-4]com.hnxx.zy.clms.core.mapper.LogMapper.save.debug:159 -==>  Preparing: insert into cl_log(log_url, log_params, log_status, log_message, log_method, log_time, log_result, log_ip) values (?, ?, ?, ?, ?, ?, ?, ?) 
2020-04-23 23:32:49.466 DEBUG [http-nio-8080-exec-4]com.hnxx.zy.clms.core.mapper.LogMapper.save.debug:159 -==> Parameters: /error(String), ******(String), 1(Integer), null, GET(String), 3(Long), ******(String), 0:0:0:0:0:0:0:1(String)
2020-04-23 23:32:49.548 DEBUG [http-nio-8080-exec-4]com.hnxx.zy.clms.core.mapper.LogMapper.save.debug:159 -<==    Updates: 1
2020-04-23 23:32:50.762 DEBUG [http-nio-8080-exec-5]com.hnxx.zy.clms.core.mapper.LogMapper.save.debug:159 -==>  Preparing: insert into cl_log(log_url, log_params, log_status, log_message, log_method, log_time, log_result, log_ip) values (?, ?, ?, ?, ?, ?, ?, ?) 
2020-04-23 23:32:50.763 DEBUG [http-nio-8080-exec-5]com.hnxx.zy.clms.core.mapper.LogMapper.save.debug:159 -==> Parameters: /error(String), ******(String), 1(Integer), null, GET(String), 3(Long), ******(String), 0:0:0:0:0:0:0:1(String)
2020-04-23 23:32:50.846 DEBUG [http-nio-8080-exec-5]com.hnxx.zy.clms.core.mapper.LogMapper.save.debug:159 -<==    Updates: 1
2020-04-23 23:39:08.343 DEBUG [restartedMain]com.hnxx.zy.clms.ClmsApplication.logStarting:56 -Running with Spring Boot v2.2.5.RELEASE, Spring v5.2.4.RELEASE
2020-04-23 23:39:13.354 DEBUG [restartedMain]com.hnxx.zy.clms.security.jwt.JwtAuthTokenFilter.init:242 -Filter 'authenticationJwtTokenFilter' configured for use
2020-04-23 23:39:26.013 DEBUG [http-nio-8080-exec-2]com.hnxx.zy.clms.core.mapper.LogMapper.save.debug:159 -==>  Preparing: insert into cl_log(log_url, log_params, log_status, log_message, log_method, log_time, log_result, log_ip) values (?, ?, ?, ?, ?, ?, ?, ?) 
2020-04-23 23:39:26.042 DEBUG [http-nio-8080-exec-2]com.hnxx.zy.clms.core.mapper.LogMapper.save.debug:159 -==> Parameters: /error(String), ******(String), 1(Integer), null, GET(String), 15(Long), ******(String), 0:0:0:0:0:0:0:1(String)
2020-04-23 23:39:26.112 DEBUG [http-nio-8080-exec-2]com.hnxx.zy.clms.core.mapper.LogMapper.save.debug:159 -<==    Updates: 1
2020-04-23 23:46:21.662 DEBUG [restartedMain]com.hnxx.zy.clms.ClmsApplication.logStarting:56 -Running with Spring Boot v2.2.5.RELEASE, Spring v5.2.4.RELEASE
2020-04-23 23:46:44.139 DEBUG [restartedMain]com.hnxx.zy.clms.security.jwt.JwtAuthTokenFilter.init:242 -Filter 'authenticationJwtTokenFilter' configured for use
2020-04-23 23:49:36.356 DEBUG [restartedMain]com.hnxx.zy.clms.ClmsApplication.logStarting:56 -Running with Spring Boot v2.2.5.RELEASE, Spring v5.2.4.RELEASE
2020-04-23 23:49:42.863 DEBUG [restartedMain]com.hnxx.zy.clms.security.jwt.JwtAuthTokenFilter.init:242 -Filter 'authenticationJwtTokenFilter' configured for use
2020-04-23 23:50:29.565 DEBUG [restartedMain]com.hnxx.zy.clms.ClmsApplication.logStarting:56 -Running with Spring Boot v2.2.5.RELEASE, Spring v5.2.4.RELEASE
2020-04-23 23:50:34.852 DEBUG [restartedMain]com.hnxx.zy.clms.security.jwt.JwtAuthTokenFilter.init:242 -Filter 'authenticationJwtTokenFilter' configured for use
2020-04-23 23:51:10.756 DEBUG [restartedMain]com.hnxx.zy.clms.ClmsApplication.logStarting:56 -Running with Spring Boot v2.2.5.RELEASE, Spring v5.2.4.RELEASE
2020-04-23 23:51:16.043 DEBUG [restartedMain]com.hnxx.zy.clms.security.jwt.JwtAuthTokenFilter.init:242 -Filter 'authenticationJwtTokenFilter' configured for use
2020-04-23 23:53:28.775 DEBUG [restartedMain]com.hnxx.zy.clms.ClmsApplication.logStarting:56 -Running with Spring Boot v2.2.5.RELEASE, Spring v5.2.4.RELEASE
2020-04-23 23:53:34.022 DEBUG [restartedMain]com.hnxx.zy.clms.security.jwt.JwtAuthTokenFilter.init:242 -Filter 'authenticationJwtTokenFilter' configured for use
2020-04-23 23:54:26.224 DEBUG [restartedMain]com.hnxx.zy.clms.ClmsApplication.logStarting:56 -Running with Spring Boot v2.2.5.RELEASE, Spring v5.2.4.RELEASE
2020-04-23 23:54:31.462 DEBUG [restartedMain]com.hnxx.zy.clms.security.jwt.JwtAuthTokenFilter.init:242 -Filter 'authenticationJwtTokenFilter' configured for use
2020-04-23 23:56:27.899 DEBUG [restartedMain]com.hnxx.zy.clms.ClmsApplication.logStarting:56 -Running with Spring Boot v2.2.5.RELEASE, Spring v5.2.4.RELEASE
2020-04-23 23:56:33.136 DEBUG [restartedMain]com.hnxx.zy.clms.security.jwt.JwtAuthTokenFilter.init:242 -Filter 'authenticationJwtTokenFilter' configured for use
2020-04-23 23:57:52.621 DEBUG [restartedMain]com.hnxx.zy.clms.ClmsApplication.logStarting:56 -Running with Spring Boot v2.2.5.RELEASE, Spring v5.2.4.RELEASE
2020-04-23 23:58:03.102 DEBUG [restartedMain]com.hnxx.zy.clms.security.jwt.JwtAuthTokenFilter.init:242 -Filter 'authenticationJwtTokenFilter' configured for use
