2020-05-02 22:14:18.496 DEBUG [restartedMain]com.hnxx.zy.clms.ClmsApplication.logStarting:56 -Running with Spring Boot v2.2.5.RELEASE, Spring v5.2.4.RELEASE
2020-05-02 22:14:26.344 DEBUG [restartedMain]com.hnxx.zy.clms.security.jwt.JwtAuthTokenFilter.init:242 -Filter 'authenticationJwtTokenFilter' configured for use
2020-05-02 22:14:30.185 DEBUG [http-nio-8080-exec-1]com.hnxx.zy.clms.core.mapper.UserMapper.selectByName.debug:159 -==>  Preparing: select user_id,user_name,user_password,user_position_id from cl_user where user_name=? 
2020-05-02 22:14:30.236 DEBUG [http-nio-8080-exec-1]com.hnxx.zy.clms.core.mapper.UserMapper.selectByName.debug:159 -==> Parameters: admin(String)
2020-05-02 22:14:30.333 DEBUG [http-nio-8080-exec-1]com.hnxx.zy.clms.core.mapper.UserMapper.selectByName.debug:159 -<==      Total: 1
2020-05-02 22:14:30.798 DEBUG [http-nio-8080-exec-1]com.hnxx.zy.clms.core.mapper.UserMapper.selectUserId.debug:159 -==>  Preparing: select user_id from cl_user where user_name = ? 
2020-05-02 22:14:30.799 DEBUG [http-nio-8080-exec-1]com.hnxx.zy.clms.core.mapper.UserMapper.selectUserId.debug:159 -==> Parameters: admin(String)
2020-05-02 22:14:30.839 DEBUG [http-nio-8080-exec-1]com.hnxx.zy.clms.core.mapper.UserMapper.selectUserId.debug:159 -<==      Total: 1
2020-05-02 22:14:31.581 DEBUG [http-nio-8080-exec-2]com.hnxx.zy.clms.core.mapper.UserMapper.selectByName.debug:159 -==>  Preparing: select user_id,user_name,user_password,user_position_id from cl_user where user_name=? 
2020-05-02 22:14:31.582 DEBUG [http-nio-8080-exec-2]com.hnxx.zy.clms.core.mapper.UserMapper.selectByName.debug:159 -==> Parameters: admin(String)
2020-05-02 22:14:31.616 DEBUG [http-nio-8080-exec-2]com.hnxx.zy.clms.core.mapper.UserMapper.selectByName.debug:159 -<==      Total: 1
2020-05-02 22:14:31.847 DEBUG [http-nio-8080-exec-2]com.hnxx.zy.clms.core.mapper.ArticleTypeMapper.getList.debug:159 -==>  Preparing: select type_id, type_name, type_count from cl_article_type where is_deleted = 0 and is_enabled = 1 
2020-05-02 22:14:31.848 DEBUG [http-nio-8080-exec-2]com.hnxx.zy.clms.core.mapper.ArticleTypeMapper.getList.debug:159 -==> Parameters: 
2020-05-02 22:14:31.884 DEBUG [http-nio-8080-exec-2]com.hnxx.zy.clms.core.mapper.ArticleTypeMapper.getList.debug:159 -<==      Total: 6
2020-05-02 22:14:31.933 DEBUG [http-nio-8080-exec-2]com.hnxx.zy.clms.core.mapper.LogMapper.save.debug:159 -==>  Preparing: insert into cl_log(log_url, log_params, log_status, log_message, log_method, log_time, log_result, log_ip) values (?, ?, ?, ?, ?, ?, ?, ?) 
2020-05-02 22:14:31.939 DEBUG [http-nio-8080-exec-2]com.hnxx.zy.clms.core.mapper.LogMapper.save.debug:159 -==> Parameters: /articleType/getList(String), ******(String), 1(Integer), null, GET(String), 104(Long), ******(String), 127.0.0.1(String)
2020-05-02 22:14:32.154 DEBUG [http-nio-8080-exec-2]com.hnxx.zy.clms.core.mapper.LogMapper.save.debug:159 -<==    Updates: 1
2020-05-02 22:14:37.368 DEBUG [http-nio-8080-exec-5]com.hnxx.zy.clms.core.mapper.UserMapper.selectByName.debug:159 -==>  Preparing: select user_id,user_name,user_password,user_position_id from cl_user where user_name=? 
2020-05-02 22:14:37.370 DEBUG [http-nio-8080-exec-5]com.hnxx.zy.clms.core.mapper.UserMapper.selectByName.debug:159 -==> Parameters: admin(String)
2020-05-02 22:14:37.409 DEBUG [http-nio-8080-exec-5]com.hnxx.zy.clms.core.mapper.UserMapper.selectByName.debug:159 -<==      Total: 1
2020-05-02 22:14:41.277 DEBUG [http-nio-8080-exec-7]com.hnxx.zy.clms.core.mapper.UserMapper.selectByName.debug:159 -==>  Preparing: select user_id,user_name,user_password,user_position_id from cl_user where user_name=? 
2020-05-02 22:14:41.277 DEBUG [http-nio-8080-exec-7]com.hnxx.zy.clms.core.mapper.UserMapper.selectByName.debug:159 -==> Parameters: admin(String)
2020-05-02 22:14:41.311 DEBUG [http-nio-8080-exec-7]com.hnxx.zy.clms.core.mapper.UserMapper.selectByName.debug:159 -<==      Total: 1
2020-05-02 22:14:41.625 DEBUG [http-nio-8080-exec-7]com.hnxx.zy.clms.core.mapper.UserMapper.selectUserId.debug:159 -==>  Preparing: select user_id from cl_user where user_name = ? 
2020-05-02 22:14:41.627 DEBUG [http-nio-8080-exec-7]com.hnxx.zy.clms.core.mapper.UserMapper.selectUserId.debug:159 -==> Parameters: admin(String)
2020-05-02 22:14:41.663 DEBUG [http-nio-8080-exec-7]com.hnxx.zy.clms.core.mapper.UserMapper.selectUserId.debug:159 -<==      Total: 1
2020-05-02 22:14:41.963 DEBUG [http-nio-8080-exec-8]com.hnxx.zy.clms.core.mapper.UserMapper.selectByName.debug:159 -==>  Preparing: select user_id,user_name,user_password,user_position_id from cl_user where user_name=? 
2020-05-02 22:14:41.964 DEBUG [http-nio-8080-exec-8]com.hnxx.zy.clms.core.mapper.UserMapper.selectByName.debug:159 -==> Parameters: admin(String)
2020-05-02 22:14:42.000 DEBUG [http-nio-8080-exec-8]com.hnxx.zy.clms.core.mapper.UserMapper.selectByName.debug:159 -<==      Total: 1
2020-05-02 22:14:42.198 DEBUG [http-nio-8080-exec-8]com.hnxx.zy.clms.core.mapper.ArticleTypeMapper.getList.debug:159 -==>  Preparing: select type_id, type_name, type_count from cl_article_type where is_deleted = 0 and is_enabled = 1 
2020-05-02 22:14:42.199 DEBUG [http-nio-8080-exec-8]com.hnxx.zy.clms.core.mapper.ArticleTypeMapper.getList.debug:159 -==> Parameters: 
2020-05-02 22:14:42.234 DEBUG [http-nio-8080-exec-8]com.hnxx.zy.clms.core.mapper.ArticleTypeMapper.getList.debug:159 -<==      Total: 6
2020-05-02 22:14:42.357 DEBUG [http-nio-8080-exec-8]com.hnxx.zy.clms.core.mapper.LogMapper.save.debug:159 -==>  Preparing: insert into cl_log(log_url, log_params, log_status, log_message, log_method, log_time, log_result, log_ip) values (?, ?, ?, ?, ?, ?, ?, ?) 
2020-05-02 22:14:42.368 DEBUG [http-nio-8080-exec-8]com.hnxx.zy.clms.core.mapper.LogMapper.save.debug:159 -==> Parameters: /articleType/getList(String), ******(String), 1(Integer), null, GET(String), 85(Long), ******(String), 127.0.0.1(String)
2020-05-02 22:14:42.440 DEBUG [http-nio-8080-exec-8]com.hnxx.zy.clms.core.mapper.LogMapper.save.debug:159 -<==    Updates: 1
2020-05-02 22:22:15.707 DEBUG [restartedMain]com.hnxx.zy.clms.ClmsApplication.logStarting:56 -Running with Spring Boot v2.2.5.RELEASE, Spring v5.2.4.RELEASE
2020-05-02 22:22:22.476 DEBUG [restartedMain]com.hnxx.zy.clms.security.jwt.JwtAuthTokenFilter.init:242 -Filter 'authenticationJwtTokenFilter' configured for use
2020-05-02 22:23:21.762 DEBUG [http-nio-8080-exec-1]com.hnxx.zy.clms.core.mapper.UserMapper.selectByName.debug:159 -==>  Preparing: select user_id,user_name,user_password,user_position_id from cl_user where user_name=? 
2020-05-02 22:23:21.822 DEBUG [http-nio-8080-exec-1]com.hnxx.zy.clms.core.mapper.UserMapper.selectByName.debug:159 -==> Parameters: admin(String)
2020-05-02 22:23:21.900 DEBUG [http-nio-8080-exec-1]com.hnxx.zy.clms.core.mapper.UserMapper.selectByName.debug:159 -<==      Total: 1
2020-05-02 22:23:22.181 DEBUG [http-nio-8080-exec-1]com.hnxx.zy.clms.core.mapper.ArticleTypeMapper.getList.debug:159 -==>  Preparing: select type_id, type_name, type_count from cl_article_type where is_deleted = 0 and is_enabled = 1 
2020-05-02 22:23:22.183 DEBUG [http-nio-8080-exec-1]com.hnxx.zy.clms.core.mapper.ArticleTypeMapper.getList.debug:159 -==> Parameters: 
2020-05-02 22:23:22.231 DEBUG [http-nio-8080-exec-1]com.hnxx.zy.clms.core.mapper.ArticleTypeMapper.getList.debug:159 -<==      Total: 6
2020-05-02 22:23:22.605 DEBUG [http-nio-8080-exec-1]com.hnxx.zy.clms.core.mapper.LogMapper.save.debug:159 -==>  Preparing: insert into cl_log(log_url, log_params, log_status, log_message, log_method, log_time, log_result, log_ip) values (?, ?, ?, ?, ?, ?, ?, ?) 
2020-05-02 22:23:22.611 DEBUG [http-nio-8080-exec-1]com.hnxx.zy.clms.core.mapper.LogMapper.save.debug:159 -==> Parameters: /articleType/getList(String), ******(String), 1(Integer), null, GET(String), 124(Long), ******(String), 127.0.0.1(String)
2020-05-02 22:23:22.687 DEBUG [http-nio-8080-exec-1]com.hnxx.zy.clms.core.mapper.LogMapper.save.debug:159 -<==    Updates: 1
2020-05-02 22:23:22.952 DEBUG [http-nio-8080-exec-2]com.hnxx.zy.clms.core.mapper.UserMapper.selectByName.debug:159 -==>  Preparing: select user_id,user_name,user_password,user_position_id from cl_user where user_name=? 
2020-05-02 22:23:22.953 DEBUG [http-nio-8080-exec-2]com.hnxx.zy.clms.core.mapper.UserMapper.selectByName.debug:159 -==> Parameters: admin(String)
2020-05-02 22:23:22.992 DEBUG [http-nio-8080-exec-2]com.hnxx.zy.clms.core.mapper.UserMapper.selectByName.debug:159 -<==      Total: 1
2020-05-02 22:23:23.178 DEBUG [http-nio-8080-exec-2]com.hnxx.zy.clms.core.mapper.ArticleTypeMapper.getList.debug:159 -==>  Preparing: select type_id, type_name, type_count from cl_article_type where is_deleted = 0 and is_enabled = 1 
2020-05-02 22:23:23.179 DEBUG [http-nio-8080-exec-2]com.hnxx.zy.clms.core.mapper.ArticleTypeMapper.getList.debug:159 -==> Parameters: 
2020-05-02 22:23:23.217 DEBUG [http-nio-8080-exec-2]com.hnxx.zy.clms.core.mapper.ArticleTypeMapper.getList.debug:159 -<==      Total: 6
2020-05-02 22:23:23.337 DEBUG [http-nio-8080-exec-2]com.hnxx.zy.clms.core.mapper.LogMapper.save.debug:159 -==>  Preparing: insert into cl_log(log_url, log_params, log_status, log_message, log_method, log_time, log_result, log_ip) values (?, ?, ?, ?, ?, ?, ?, ?) 
2020-05-02 22:23:23.341 DEBUG [http-nio-8080-exec-2]com.hnxx.zy.clms.core.mapper.LogMapper.save.debug:159 -==> Parameters: /articleType/getList(String), ******(String), 1(Integer), null, GET(String), 81(Long), ******(String), 127.0.0.1(String)
2020-05-02 22:23:23.418 DEBUG [http-nio-8080-exec-2]com.hnxx.zy.clms.core.mapper.LogMapper.save.debug:159 -<==    Updates: 1
2020-05-02 22:23:27.489 DEBUG [http-nio-8080-exec-4]com.hnxx.zy.clms.core.mapper.UserMapper.selectByName.debug:159 -==>  Preparing: select user_id,user_name,user_password,user_position_id from cl_user where user_name=? 
2020-05-02 22:23:27.490 DEBUG [http-nio-8080-exec-4]com.hnxx.zy.clms.core.mapper.UserMapper.selectByName.debug:159 -==> Parameters: admin(String)
2020-05-02 22:23:27.526 DEBUG [http-nio-8080-exec-4]com.hnxx.zy.clms.core.mapper.UserMapper.selectByName.debug:159 -<==      Total: 1
