2020-05-04 17:30:27.920 WARN  [restartedMain]org.apache.catalina.loader.WebappClassLoaderBase.log:173 -The web application [ROOT] appears to have started a thread named [Druid-ConnectionPool-Create-1818190311] but has failed to stop it. This is very likely to create a memory leak. Stack trace of thread:
 java.net.DualStackPlainSocketImpl.connect0(Native Method)
 java.net.DualStackPlainSocketImpl.socketConnect(DualStackPlainSocketImpl.java:79)
 java.net.AbstractPlainSocketImpl.doConnect(AbstractPlainSocketImpl.java:350)
 java.net.AbstractPlainSocketImpl.connectToAddress(AbstractPlainSocketImpl.java:206)
 java.net.AbstractPlainSocketImpl.connect(AbstractPlainSocketImpl.java:188)
 java.net.PlainSocketImpl.connect(PlainSocketImpl.java:172)
 java.net.SocksSocketImpl.connect(SocksSocketImpl.java:392)
 java.net.Socket.connect(Socket.java:589)
 com.mysql.cj.protocol.StandardSocketFactory.connect(StandardSocketFactory.java:155)
 com.mysql.cj.protocol.a.NativeSocketConnection.connect(NativeSocketConnection.java:65)
 com.mysql.cj.NativeSession.connect(NativeSession.java:144)
 com.mysql.cj.jdbc.ConnectionImpl.connectOneTryOnly(ConnectionImpl.java:956)
 com.mysql.cj.jdbc.ConnectionImpl.createNewIO(ConnectionImpl.java:826)
 com.mysql.cj.jdbc.ConnectionImpl.<init>(ConnectionImpl.java:456)
 com.mysql.cj.jdbc.ConnectionImpl.getInstance(ConnectionImpl.java:246)
 com.mysql.cj.jdbc.NonRegisteringDriver.connect(NonRegisteringDriver.java:197)
 com.alibaba.druid.filter.FilterChainImpl.connection_connect(FilterChainImpl.java:156)
 com.alibaba.druid.filter.stat.StatFilter.connection_connect(StatFilter.java:218)
 com.alibaba.druid.filter.FilterChainImpl.connection_connect(FilterChainImpl.java:150)
 com.alibaba.druid.pool.DruidAbstractDataSource.createPhysicalConnection(DruidAbstractDataSource.java:1560)
 com.alibaba.druid.pool.DruidAbstractDataSource.createPhysicalConnection(DruidAbstractDataSource.java:1623)
 com.alibaba.druid.pool.DruidDataSource$CreateConnectionThread.run(DruidDataSource.java:2468)
2020-05-04 17:30:27.925 WARN  [restartedMain]org.apache.catalina.loader.WebappClassLoaderBase.log:173 -The web application [ROOT] appears to have started a thread named [Druid-ConnectionPool-Destroy-1818190311] but has failed to stop it. This is very likely to create a memory leak. Stack trace of thread:
 java.lang.Thread.sleep(Native Method)
 com.alibaba.druid.pool.DruidDataSource$DestroyConnectionThread.run(DruidDataSource.java:2540)
2020-05-04 17:30:27.932 WARN  [restartedMain]o.s.b.w.s.c.AnnotationConfigServletWebServerApplicationContext.refresh:558 -Exception encountered during context initialization - cancelling refresh attempt: org.springframework.context.ApplicationContextException: Unable to start web server; nested exception is org.springframework.boot.web.server.WebServerException: Unable to start embedded Tomcat
