2020-04-19 17:40:32.088 INFO  [restartedMain]com.hnxx.zy.clms.ClmsApplication.logStarting:55 -Starting ClmsApplication on WIN-20190617RXB with PID 8172 (D:\clms\target\classes started by Administrator in D:\clms)
2020-04-19 17:40:32.103 INFO  [restartedMain]com.hnxx.zy.clms.ClmsApplication.logStartupProfileInfo:651 -No active profile set, falling back to default profiles: default
2020-04-19 17:40:32.150 INFO  [restartedMain]org.springframework.boot.devtools.restart.ChangeableUrls.logTo:225 -The Class-Path manifest attribute in C:\repo\com\sun\xml\bind\jaxb-impl\2.3.0\jaxb-impl-2.3.0.jar referenced one or more files that do not exist: file:/C:/repo/com/sun/xml/bind/jaxb-impl/2.3.0/jaxb-core.jar
2020-04-19 17:40:32.150 INFO  [restartedMain]org.springframework.boot.devtools.restart.ChangeableUrls.logTo:225 -The Class-Path manifest attribute in C:\repo\com\sun\xml\bind\jaxb-core\2.3.0\jaxb-core-2.3.0.jar referenced one or more files that do not exist: file:/C:/repo/com/sun/xml/bind/jaxb-core/2.3.0/jaxb-api.jar
2020-04-19 17:40:32.150 INFO  [restartedMain]o.s.b.devtools.env.DevToolsPropertyDefaultsPostProcessor.logTo:225 -Devtools property defaults active! Set 'spring.devtools.add-properties' to 'false' to disable
2020-04-19 17:40:32.150 INFO  [restartedMain]o.s.b.devtools.env.DevToolsPropertyDefaultsPostProcessor.logTo:225 -For additional web related logging consider setting the 'logging.level.web' property to 'DEBUG'
2020-04-19 17:40:34.646 INFO  [restartedMain]o.s.boot.web.embedded.tomcat.TomcatWebServer.initialize:92 -Tomcat initialized with port(s): 8080 (http)
2020-04-19 17:40:34.662 INFO  [restartedMain]org.apache.coyote.http11.Http11NioProtocol.log:173 -Initializing ProtocolHandler ["http-nio-8080"]
2020-04-19 17:40:34.662 INFO  [restartedMain]org.apache.catalina.core.StandardService.log:173 -Starting service [Tomcat]
2020-04-19 17:40:34.662 INFO  [restartedMain]org.apache.catalina.core.StandardEngine.log:173 -Starting Servlet engine: [Apache Tomcat/9.0.31]
2020-04-19 17:40:34.818 INFO  [restartedMain]o.a.catalina.core.ContainerBase.[Tomcat].[localhost].[/].log:173 -Initializing Spring embedded WebApplicationContext
2020-04-19 17:40:34.818 INFO  [restartedMain]org.springframework.web.context.ContextLoader.prepareWebApplicationContext:284 -Root WebApplicationContext: initialization completed in 2668 ms
2020-04-19 17:40:35.566 INFO  [restartedMain]c.a.d.s.boot.autoconfigure.DruidDataSourceAutoConfigure.dataSource:56 -Init DruidDataSource
2020-04-19 17:40:43.975 INFO  [restartedMain]com.alibaba.druid.pool.DruidDataSource.init:930 -{dataSource-1} inited
2020-04-19 17:40:45.972 INFO  [restartedMain]o.s.security.web.DefaultSecurityFilterChain.<init>:43 -Creating filter chain: Ant [pattern='/css/**'], []
2020-04-19 17:40:45.972 INFO  [restartedMain]o.s.security.web.DefaultSecurityFilterChain.<init>:43 -Creating filter chain: Ant [pattern='/js/**,/static/**'], []
2020-04-19 17:40:46.551 INFO  [restartedMain]o.s.security.web.DefaultSecurityFilterChain.<init>:43 -Creating filter chain: any request, [org.springframework.security.web.context.request.async.WebAsyncManagerIntegrationFilter@550d526d, org.springframework.security.web.context.SecurityContextPersistenceFilter@2f0b8d2a, org.springframework.security.web.header.HeaderWriterFilter@671b221a, org.springframework.web.filter.CorsFilter@ad8dc60, org.springframework.security.web.authentication.logout.LogoutFilter@b86fa9f, com.hnxx.zy.clms.security.jwt.JwtAuthTokenFilter@56b3c419, org.springframework.security.web.authentication.UsernamePasswordAuthenticationFilter@2aa6d558, org.springframework.security.web.savedrequest.RequestCacheAwareFilter@30211653, org.springframework.security.web.servletapi.SecurityContextHolderAwareRequestFilter@5143e23d, org.springframework.security.web.authentication.AnonymousAuthenticationFilter@5f219abc, org.springframework.security.web.session.SessionManagementFilter@5857c044, org.springframework.security.web.access.ExceptionTranslationFilter@6da1429f, org.springframework.security.web.access.intercept.FilterSecurityInterceptor@90fab6e]
2020-04-19 17:40:46.660 INFO  [restartedMain]o.s.scheduling.concurrent.ThreadPoolTaskExecutor.initialize:181 -Initializing ExecutorService 'applicationTaskExecutor'
2020-04-19 17:40:47.284 INFO  [restartedMain]o.s.scheduling.concurrent.ThreadPoolTaskScheduler.initialize:181 -Initializing ExecutorService 'taskScheduler'
2020-04-19 17:40:47.424 INFO  [restartedMain]o.s.boot.devtools.autoconfigure.OptionalLiveReloadServer.startServer:58 -LiveReload server is running on port 35729
2020-04-19 17:40:47.471 INFO  [restartedMain]org.apache.coyote.http11.Http11NioProtocol.log:173 -Starting ProtocolHandler ["http-nio-8080"]
2020-04-19 17:40:47.502 INFO  [restartedMain]o.s.boot.web.embedded.tomcat.TomcatWebServer.start:204 -Tomcat started on port(s): 8080 (http) with context path ''
2020-04-19 17:40:47.502 INFO  [restartedMain]com.hnxx.zy.clms.ClmsApplication.logStarted:61 -Started ClmsApplication in 16.568 seconds (JVM running for 19.227)
2020-04-19 17:42:33.163 INFO  [http-nio-8080-exec-1]o.a.catalina.core.ContainerBase.[Tomcat].[localhost].[/].log:173 -Initializing Spring DispatcherServlet 'dispatcherServlet'
2020-04-19 17:42:33.167 INFO  [http-nio-8080-exec-1]org.springframework.web.servlet.DispatcherServlet.initServletBean:525 -Initializing Servlet 'dispatcherServlet'
2020-04-19 17:42:33.196 INFO  [http-nio-8080-exec-1]org.springframework.web.servlet.DispatcherServlet.initServletBean:547 -Completed initialization in 28 ms
2020-04-19 17:42:34.711 INFO  [http-nio-8080-exec-2]com.hnxx.zy.clms.common.aspect.RequestAspect.printRequestLog:142 -请求地址 : /articleType/getList
2020-04-19 17:42:34.714 INFO  [http-nio-8080-exec-2]com.hnxx.zy.clms.common.aspect.RequestAspect.printRequestLog:143 -请求方式 : GET
2020-04-19 17:42:34.721 INFO  [http-nio-8080-exec-2]com.hnxx.zy.clms.common.aspect.RequestAspect.printRequestLog:146 -IP : 127.0.0.1
2020-04-19 17:42:34.725 INFO  [http-nio-8080-exec-2]com.hnxx.zy.clms.common.aspect.RequestAspect.printRequestLog:148 -方法 : com.hnxx.zy.clms.controller.ArticleTypeController.getList
2020-04-19 17:42:34.726 INFO  [http-nio-8080-exec-2]com.hnxx.zy.clms.common.aspect.RequestAspect.printRequestLog:152 -请求参数：******
2020-04-19 17:42:34.813 INFO  [http-nio-8080-exec-2]com.hnxx.zy.clms.common.aspect.RequestAspect.doAround:91 -耗时 : 102
2020-04-19 17:42:34.825 INFO  [http-nio-8080-exec-2]com.hnxx.zy.clms.common.aspect.RequestAspect.doAfterReturning:109 -返回值:"******"
2020-04-19 17:42:36.328 INFO  [http-nio-8080-exec-3]com.hnxx.zy.clms.common.aspect.RequestAspect.printRequestLog:142 -请求地址 : /classes/all/1/10
2020-04-19 17:42:36.332 INFO  [http-nio-8080-exec-3]com.hnxx.zy.clms.common.aspect.RequestAspect.printRequestLog:143 -请求方式 : GET
2020-04-19 17:42:36.333 INFO  [http-nio-8080-exec-3]com.hnxx.zy.clms.common.aspect.RequestAspect.printRequestLog:146 -IP : 127.0.0.1
2020-04-19 17:42:36.334 INFO  [http-nio-8080-exec-3]com.hnxx.zy.clms.common.aspect.RequestAspect.printRequestLog:148 -方法 : com.hnxx.zy.clms.controller.ClassesController.findAllClassesByPage
2020-04-19 17:42:36.335 INFO  [http-nio-8080-exec-3]com.hnxx.zy.clms.common.aspect.RequestAspect.printRequestLog:152 -请求参数：******
2020-04-19 17:42:36.785 INFO  [http-nio-8080-exec-3]com.hnxx.zy.clms.common.aspect.RequestAspect.doAround:91 -耗时 : 457
2020-04-19 17:42:36.796 INFO  [http-nio-8080-exec-3]com.hnxx.zy.clms.common.aspect.RequestAspect.doAfterReturning:109 -返回值:"******"
2020-04-19 17:48:41.827 INFO  [http-nio-8080-exec-6]com.hnxx.zy.clms.common.aspect.RequestAspect.printRequestLog:142 -请求地址 : /articleType/getList
2020-04-19 17:48:41.828 INFO  [http-nio-8080-exec-6]com.hnxx.zy.clms.common.aspect.RequestAspect.printRequestLog:143 -请求方式 : GET
2020-04-19 17:48:41.829 INFO  [http-nio-8080-exec-6]com.hnxx.zy.clms.common.aspect.RequestAspect.printRequestLog:146 -IP : 127.0.0.1
2020-04-19 17:48:41.829 INFO  [http-nio-8080-exec-6]com.hnxx.zy.clms.common.aspect.RequestAspect.printRequestLog:148 -方法 : com.hnxx.zy.clms.controller.ArticleTypeController.getList
2020-04-19 17:48:41.830 INFO  [http-nio-8080-exec-6]com.hnxx.zy.clms.common.aspect.RequestAspect.printRequestLog:152 -请求参数：******
2020-04-19 17:48:41.910 INFO  [http-nio-8080-exec-6]com.hnxx.zy.clms.common.aspect.RequestAspect.doAround:91 -耗时 : 83
2020-04-19 17:48:41.911 INFO  [http-nio-8080-exec-6]com.hnxx.zy.clms.common.aspect.RequestAspect.doAfterReturning:109 -返回值:"******"
2020-04-19 17:48:42.377 INFO  [http-nio-8080-exec-8]com.hnxx.zy.clms.common.aspect.RequestAspect.printRequestLog:142 -请求地址 : /college/all/1/10
2020-04-19 17:48:42.378 INFO  [http-nio-8080-exec-8]com.hnxx.zy.clms.common.aspect.RequestAspect.printRequestLog:143 -请求方式 : GET
2020-04-19 17:48:42.379 INFO  [http-nio-8080-exec-8]com.hnxx.zy.clms.common.aspect.RequestAspect.printRequestLog:146 -IP : 127.0.0.1
2020-04-19 17:48:42.380 INFO  [http-nio-8080-exec-8]com.hnxx.zy.clms.common.aspect.RequestAspect.printRequestLog:148 -方法 : com.hnxx.zy.clms.controller.CollegeController.findAllByPage
2020-04-19 17:48:42.381 INFO  [http-nio-8080-exec-8]com.hnxx.zy.clms.common.aspect.RequestAspect.printRequestLog:152 -请求参数：******
2020-04-19 17:48:42.644 INFO  [http-nio-8080-exec-8]com.hnxx.zy.clms.common.aspect.RequestAspect.doAround:91 -耗时 : 267
2020-04-19 17:48:42.645 INFO  [http-nio-8080-exec-8]com.hnxx.zy.clms.common.aspect.RequestAspect.doAfterReturning:109 -返回值:"******"
2020-04-19 17:49:02.181 INFO  [http-nio-8080-exec-9]com.hnxx.zy.clms.common.aspect.RequestAspect.printRequestLog:142 -请求地址 : /college/all/1/10
2020-04-19 17:49:02.181 INFO  [http-nio-8080-exec-9]com.hnxx.zy.clms.common.aspect.RequestAspect.printRequestLog:143 -请求方式 : GET
2020-04-19 17:49:02.182 INFO  [http-nio-8080-exec-9]com.hnxx.zy.clms.common.aspect.RequestAspect.printRequestLog:146 -IP : 127.0.0.1
2020-04-19 17:49:02.183 INFO  [http-nio-8080-exec-9]com.hnxx.zy.clms.common.aspect.RequestAspect.printRequestLog:148 -方法 : com.hnxx.zy.clms.controller.CollegeController.findAllByPage
2020-04-19 17:49:02.183 INFO  [http-nio-8080-exec-9]com.hnxx.zy.clms.common.aspect.RequestAspect.printRequestLog:152 -请求参数：******
2020-04-19 17:49:02.369 INFO  [http-nio-8080-exec-9]com.hnxx.zy.clms.common.aspect.RequestAspect.doAround:91 -耗时 : 188
2020-04-19 17:49:02.370 INFO  [http-nio-8080-exec-9]com.hnxx.zy.clms.common.aspect.RequestAspect.doAfterReturning:109 -返回值:"******"
2020-04-19 17:49:29.151 INFO  [http-nio-8080-exec-10]com.hnxx.zy.clms.common.aspect.RequestAspect.printRequestLog:142 -请求地址 : /college/all/1/10
2020-04-19 17:49:29.152 INFO  [http-nio-8080-exec-10]com.hnxx.zy.clms.common.aspect.RequestAspect.printRequestLog:143 -请求方式 : GET
2020-04-19 17:49:29.153 INFO  [http-nio-8080-exec-10]com.hnxx.zy.clms.common.aspect.RequestAspect.printRequestLog:146 -IP : 127.0.0.1
2020-04-19 17:49:29.154 INFO  [http-nio-8080-exec-10]com.hnxx.zy.clms.common.aspect.RequestAspect.printRequestLog:148 -方法 : com.hnxx.zy.clms.controller.CollegeController.findAllByPage
2020-04-19 17:49:29.155 INFO  [http-nio-8080-exec-10]com.hnxx.zy.clms.common.aspect.RequestAspect.printRequestLog:152 -请求参数：******
2020-04-19 17:49:29.323 INFO  [http-nio-8080-exec-10]com.hnxx.zy.clms.common.aspect.RequestAspect.doAround:91 -耗时 : 172
2020-04-19 17:49:29.323 INFO  [http-nio-8080-exec-10]com.hnxx.zy.clms.common.aspect.RequestAspect.doAfterReturning:109 -返回值:"******"
2020-04-19 17:49:30.512 INFO  [http-nio-8080-exec-1]com.hnxx.zy.clms.common.aspect.RequestAspect.printRequestLog:142 -请求地址 : /college/all/1/10
2020-04-19 17:49:30.514 INFO  [http-nio-8080-exec-1]com.hnxx.zy.clms.common.aspect.RequestAspect.printRequestLog:143 -请求方式 : GET
2020-04-19 17:49:30.515 INFO  [http-nio-8080-exec-1]com.hnxx.zy.clms.common.aspect.RequestAspect.printRequestLog:146 -IP : 127.0.0.1
2020-04-19 17:49:30.517 INFO  [http-nio-8080-exec-1]com.hnxx.zy.clms.common.aspect.RequestAspect.printRequestLog:148 -方法 : com.hnxx.zy.clms.controller.CollegeController.findAllByPage
2020-04-19 17:49:30.517 INFO  [http-nio-8080-exec-1]com.hnxx.zy.clms.common.aspect.RequestAspect.printRequestLog:152 -请求参数：******
2020-04-19 17:49:30.711 INFO  [http-nio-8080-exec-1]com.hnxx.zy.clms.common.aspect.RequestAspect.doAround:91 -耗时 : 199
2020-04-19 17:49:30.712 INFO  [http-nio-8080-exec-1]com.hnxx.zy.clms.common.aspect.RequestAspect.doAfterReturning:109 -返回值:"******"
2020-04-19 17:50:13.716 INFO  [http-nio-8080-exec-2]com.hnxx.zy.clms.common.aspect.RequestAspect.printRequestLog:142 -请求地址 : /classes/all/1/10
2020-04-19 17:50:13.716 INFO  [http-nio-8080-exec-2]com.hnxx.zy.clms.common.aspect.RequestAspect.printRequestLog:143 -请求方式 : GET
2020-04-19 17:50:13.717 INFO  [http-nio-8080-exec-2]com.hnxx.zy.clms.common.aspect.RequestAspect.printRequestLog:146 -IP : 127.0.0.1
2020-04-19 17:50:13.717 INFO  [http-nio-8080-exec-2]com.hnxx.zy.clms.common.aspect.RequestAspect.printRequestLog:148 -方法 : com.hnxx.zy.clms.controller.ClassesController.findAllClassesByPage
2020-04-19 17:50:13.718 INFO  [http-nio-8080-exec-2]com.hnxx.zy.clms.common.aspect.RequestAspect.printRequestLog:152 -请求参数：******
2020-04-19 17:50:13.938 INFO  [http-nio-8080-exec-2]com.hnxx.zy.clms.common.aspect.RequestAspect.doAround:91 -耗时 : 222
2020-04-19 17:50:13.939 INFO  [http-nio-8080-exec-2]com.hnxx.zy.clms.common.aspect.RequestAspect.doAfterReturning:109 -返回值:"******"
2020-04-19 17:50:20.731 INFO  [http-nio-8080-exec-3]com.hnxx.zy.clms.common.aspect.RequestAspect.printRequestLog:142 -请求地址 : /classes/all/1/10
2020-04-19 17:50:20.732 INFO  [http-nio-8080-exec-3]com.hnxx.zy.clms.common.aspect.RequestAspect.printRequestLog:143 -请求方式 : GET
2020-04-19 17:50:20.734 INFO  [http-nio-8080-exec-3]com.hnxx.zy.clms.common.aspect.RequestAspect.printRequestLog:146 -IP : 127.0.0.1
2020-04-19 17:50:20.736 INFO  [http-nio-8080-exec-3]com.hnxx.zy.clms.common.aspect.RequestAspect.printRequestLog:148 -方法 : com.hnxx.zy.clms.controller.ClassesController.findAllClassesByPage
2020-04-19 17:50:20.740 INFO  [http-nio-8080-exec-3]com.hnxx.zy.clms.common.aspect.RequestAspect.printRequestLog:152 -请求参数：******
2020-04-19 17:50:20.948 INFO  [http-nio-8080-exec-3]com.hnxx.zy.clms.common.aspect.RequestAspect.doAround:91 -耗时 : 217
2020-04-19 17:50:20.949 INFO  [http-nio-8080-exec-3]com.hnxx.zy.clms.common.aspect.RequestAspect.doAfterReturning:109 -返回值:"******"
2020-04-19 17:50:22.680 INFO  [http-nio-8080-exec-4]com.hnxx.zy.clms.common.aspect.RequestAspect.printRequestLog:142 -请求地址 : /classes/all/1/10
2020-04-19 17:50:22.681 INFO  [http-nio-8080-exec-4]com.hnxx.zy.clms.common.aspect.RequestAspect.printRequestLog:143 -请求方式 : GET
2020-04-19 17:50:22.682 INFO  [http-nio-8080-exec-4]com.hnxx.zy.clms.common.aspect.RequestAspect.printRequestLog:146 -IP : 127.0.0.1
2020-04-19 17:50:22.682 INFO  [http-nio-8080-exec-4]com.hnxx.zy.clms.common.aspect.RequestAspect.printRequestLog:148 -方法 : com.hnxx.zy.clms.controller.ClassesController.findAllClassesByPage
2020-04-19 17:50:22.683 INFO  [http-nio-8080-exec-4]com.hnxx.zy.clms.common.aspect.RequestAspect.printRequestLog:152 -请求参数：******
2020-04-19 17:50:22.899 INFO  [http-nio-8080-exec-4]com.hnxx.zy.clms.common.aspect.RequestAspect.doAround:91 -耗时 : 219
2020-04-19 17:50:22.900 INFO  [http-nio-8080-exec-4]com.hnxx.zy.clms.common.aspect.RequestAspect.doAfterReturning:109 -返回值:"******"
2020-04-19 17:50:24.029 INFO  [http-nio-8080-exec-5]com.hnxx.zy.clms.common.aspect.RequestAspect.printRequestLog:142 -请求地址 : /classes/all/1/10
2020-04-19 17:50:24.030 INFO  [http-nio-8080-exec-5]com.hnxx.zy.clms.common.aspect.RequestAspect.printRequestLog:143 -请求方式 : GET
2020-04-19 17:50:24.031 INFO  [http-nio-8080-exec-5]com.hnxx.zy.clms.common.aspect.RequestAspect.printRequestLog:146 -IP : 127.0.0.1
2020-04-19 17:50:24.032 INFO  [http-nio-8080-exec-5]com.hnxx.zy.clms.common.aspect.RequestAspect.printRequestLog:148 -方法 : com.hnxx.zy.clms.controller.ClassesController.findAllClassesByPage
2020-04-19 17:50:24.034 INFO  [http-nio-8080-exec-5]com.hnxx.zy.clms.common.aspect.RequestAspect.printRequestLog:152 -请求参数：******
2020-04-19 17:50:24.260 INFO  [http-nio-8080-exec-5]com.hnxx.zy.clms.common.aspect.RequestAspect.doAround:91 -耗时 : 231
2020-04-19 17:50:24.261 INFO  [http-nio-8080-exec-5]com.hnxx.zy.clms.common.aspect.RequestAspect.doAfterReturning:109 -返回值:"******"
2020-04-19 17:50:28.247 INFO  [http-nio-8080-exec-6]com.hnxx.zy.clms.common.aspect.RequestAspect.printRequestLog:142 -请求地址 : /classes/all/1/10
2020-04-19 17:50:28.248 INFO  [http-nio-8080-exec-6]com.hnxx.zy.clms.common.aspect.RequestAspect.printRequestLog:143 -请求方式 : GET
2020-04-19 17:50:28.249 INFO  [http-nio-8080-exec-6]com.hnxx.zy.clms.common.aspect.RequestAspect.printRequestLog:146 -IP : 127.0.0.1
2020-04-19 17:50:28.250 INFO  [http-nio-8080-exec-6]com.hnxx.zy.clms.common.aspect.RequestAspect.printRequestLog:148 -方法 : com.hnxx.zy.clms.controller.ClassesController.findAllClassesByPage
2020-04-19 17:50:28.250 INFO  [http-nio-8080-exec-6]com.hnxx.zy.clms.common.aspect.RequestAspect.printRequestLog:152 -请求参数：******
2020-04-19 17:50:28.453 INFO  [http-nio-8080-exec-6]com.hnxx.zy.clms.common.aspect.RequestAspect.doAround:91 -耗时 : 206
2020-04-19 17:50:28.453 INFO  [http-nio-8080-exec-6]com.hnxx.zy.clms.common.aspect.RequestAspect.doAfterReturning:109 -返回值:"******"
2020-04-19 17:50:30.447 INFO  [http-nio-8080-exec-7]com.hnxx.zy.clms.common.aspect.RequestAspect.printRequestLog:142 -请求地址 : /classes/all/1/10
2020-04-19 17:50:30.448 INFO  [http-nio-8080-exec-7]com.hnxx.zy.clms.common.aspect.RequestAspect.printRequestLog:143 -请求方式 : GET
2020-04-19 17:50:30.449 INFO  [http-nio-8080-exec-7]com.hnxx.zy.clms.common.aspect.RequestAspect.printRequestLog:146 -IP : 127.0.0.1
2020-04-19 17:50:30.450 INFO  [http-nio-8080-exec-7]com.hnxx.zy.clms.common.aspect.RequestAspect.printRequestLog:148 -方法 : com.hnxx.zy.clms.controller.ClassesController.findAllClassesByPage
2020-04-19 17:50:30.451 INFO  [http-nio-8080-exec-7]com.hnxx.zy.clms.common.aspect.RequestAspect.printRequestLog:152 -请求参数：******
2020-04-19 17:50:30.679 INFO  [http-nio-8080-exec-7]com.hnxx.zy.clms.common.aspect.RequestAspect.doAround:91 -耗时 : 232
2020-04-19 17:50:30.680 INFO  [http-nio-8080-exec-7]com.hnxx.zy.clms.common.aspect.RequestAspect.doAfterReturning:109 -返回值:"******"
2020-04-19 17:50:52.076 INFO  [http-nio-8080-exec-8]com.hnxx.zy.clms.common.aspect.RequestAspect.printRequestLog:142 -请求地址 : /classes/all/1/10
2020-04-19 17:50:52.077 INFO  [http-nio-8080-exec-8]com.hnxx.zy.clms.common.aspect.RequestAspect.printRequestLog:143 -请求方式 : GET
2020-04-19 17:50:52.078 INFO  [http-nio-8080-exec-8]com.hnxx.zy.clms.common.aspect.RequestAspect.printRequestLog:146 -IP : 127.0.0.1
2020-04-19 17:50:52.078 INFO  [http-nio-8080-exec-8]com.hnxx.zy.clms.common.aspect.RequestAspect.printRequestLog:148 -方法 : com.hnxx.zy.clms.controller.ClassesController.findAllClassesByPage
2020-04-19 17:50:52.079 INFO  [http-nio-8080-exec-8]com.hnxx.zy.clms.common.aspect.RequestAspect.printRequestLog:152 -请求参数：******
2020-04-19 17:50:52.297 INFO  [http-nio-8080-exec-8]com.hnxx.zy.clms.common.aspect.RequestAspect.doAround:91 -耗时 : 221
2020-04-19 17:50:52.297 INFO  [http-nio-8080-exec-8]com.hnxx.zy.clms.common.aspect.RequestAspect.doAfterReturning:109 -返回值:"******"
2020-04-19 17:51:01.527 INFO  [http-nio-8080-exec-9]com.hnxx.zy.clms.common.aspect.RequestAspect.printRequestLog:142 -请求地址 : /classes/all/1/10
2020-04-19 17:51:01.528 INFO  [http-nio-8080-exec-9]com.hnxx.zy.clms.common.aspect.RequestAspect.printRequestLog:143 -请求方式 : GET
2020-04-19 17:51:01.529 INFO  [http-nio-8080-exec-9]com.hnxx.zy.clms.common.aspect.RequestAspect.printRequestLog:146 -IP : 127.0.0.1
2020-04-19 17:51:01.530 INFO  [http-nio-8080-exec-9]com.hnxx.zy.clms.common.aspect.RequestAspect.printRequestLog:148 -方法 : com.hnxx.zy.clms.controller.ClassesController.findAllClassesByPage
2020-04-19 17:51:01.530 INFO  [http-nio-8080-exec-9]com.hnxx.zy.clms.common.aspect.RequestAspect.printRequestLog:152 -请求参数：******
2020-04-19 17:51:02.150 INFO  [http-nio-8080-exec-9]com.hnxx.zy.clms.common.aspect.RequestAspect.doAround:91 -耗时 : 623
2020-04-19 17:51:02.151 INFO  [http-nio-8080-exec-9]com.hnxx.zy.clms.common.aspect.RequestAspect.doAfterReturning:109 -返回值:"******"
2020-04-19 17:51:11.311 INFO  [http-nio-8080-exec-1]com.hnxx.zy.clms.common.aspect.RequestAspect.printRequestLog:142 -请求地址 : /articleType/getList
2020-04-19 17:51:11.312 INFO  [http-nio-8080-exec-1]com.hnxx.zy.clms.common.aspect.RequestAspect.printRequestLog:143 -请求方式 : GET
2020-04-19 17:51:11.313 INFO  [http-nio-8080-exec-1]com.hnxx.zy.clms.common.aspect.RequestAspect.printRequestLog:146 -IP : 127.0.0.1
2020-04-19 17:51:11.314 INFO  [http-nio-8080-exec-1]com.hnxx.zy.clms.common.aspect.RequestAspect.printRequestLog:148 -方法 : com.hnxx.zy.clms.controller.ArticleTypeController.getList
2020-04-19 17:51:11.319 INFO  [http-nio-8080-exec-1]com.hnxx.zy.clms.common.aspect.RequestAspect.printRequestLog:152 -请求参数：******
2020-04-19 17:51:11.342 INFO  [http-nio-8080-exec-10]com.hnxx.zy.clms.common.aspect.RequestAspect.printRequestLog:142 -请求地址 : /classes/all/1/10
2020-04-19 17:51:11.344 INFO  [http-nio-8080-exec-10]com.hnxx.zy.clms.common.aspect.RequestAspect.printRequestLog:143 -请求方式 : GET
2020-04-19 17:51:11.345 INFO  [http-nio-8080-exec-10]com.hnxx.zy.clms.common.aspect.RequestAspect.printRequestLog:146 -IP : 127.0.0.1
2020-04-19 17:51:11.346 INFO  [http-nio-8080-exec-10]com.hnxx.zy.clms.common.aspect.RequestAspect.printRequestLog:148 -方法 : com.hnxx.zy.clms.controller.ClassesController.findAllClassesByPage
2020-04-19 17:51:11.348 INFO  [http-nio-8080-exec-10]com.hnxx.zy.clms.common.aspect.RequestAspect.printRequestLog:152 -请求参数：******
2020-04-19 17:51:11.404 INFO  [http-nio-8080-exec-1]com.hnxx.zy.clms.common.aspect.RequestAspect.doAround:91 -耗时 : 102
2020-04-19 17:51:11.406 INFO  [http-nio-8080-exec-1]com.hnxx.zy.clms.common.aspect.RequestAspect.doAfterReturning:109 -返回值:"******"
2020-04-19 17:51:11.569 INFO  [http-nio-8080-exec-10]com.hnxx.zy.clms.common.aspect.RequestAspect.doAround:91 -耗时 : 227
2020-04-19 17:51:11.570 INFO  [http-nio-8080-exec-10]com.hnxx.zy.clms.common.aspect.RequestAspect.doAfterReturning:109 -返回值:"******"
2020-04-19 17:52:24.389 INFO  [http-nio-8080-exec-2]com.hnxx.zy.clms.common.aspect.RequestAspect.printRequestLog:142 -请求地址 : /classes/all/1/10
2020-04-19 17:52:24.390 INFO  [http-nio-8080-exec-2]com.hnxx.zy.clms.common.aspect.RequestAspect.printRequestLog:143 -请求方式 : GET
2020-04-19 17:52:24.391 INFO  [http-nio-8080-exec-2]com.hnxx.zy.clms.common.aspect.RequestAspect.printRequestLog:146 -IP : 127.0.0.1
2020-04-19 17:52:24.392 INFO  [http-nio-8080-exec-2]com.hnxx.zy.clms.common.aspect.RequestAspect.printRequestLog:148 -方法 : com.hnxx.zy.clms.controller.ClassesController.findAllClassesByPage
2020-04-19 17:52:24.393 INFO  [http-nio-8080-exec-2]com.hnxx.zy.clms.common.aspect.RequestAspect.printRequestLog:152 -请求参数：******
2020-04-19 17:52:24.609 INFO  [http-nio-8080-exec-2]com.hnxx.zy.clms.common.aspect.RequestAspect.doAround:91 -耗时 : 220
2020-04-19 17:52:24.610 INFO  [http-nio-8080-exec-2]com.hnxx.zy.clms.common.aspect.RequestAspect.doAfterReturning:109 -返回值:"******"
2020-04-19 17:55:41.833 INFO  [http-nio-8080-exec-3]com.hnxx.zy.clms.common.aspect.RequestAspect.printRequestLog:142 -请求地址 : /classes/all/1/10
2020-04-19 17:55:41.833 INFO  [http-nio-8080-exec-3]com.hnxx.zy.clms.common.aspect.RequestAspect.printRequestLog:143 -请求方式 : GET
2020-04-19 17:55:41.834 INFO  [http-nio-8080-exec-3]com.hnxx.zy.clms.common.aspect.RequestAspect.printRequestLog:146 -IP : 127.0.0.1
2020-04-19 17:55:41.834 INFO  [http-nio-8080-exec-3]com.hnxx.zy.clms.common.aspect.RequestAspect.printRequestLog:148 -方法 : com.hnxx.zy.clms.controller.ClassesController.findAllClassesByPage
2020-04-19 17:55:41.835 INFO  [http-nio-8080-exec-3]com.hnxx.zy.clms.common.aspect.RequestAspect.printRequestLog:152 -请求参数：******
2020-04-19 17:55:42.043 INFO  [http-nio-8080-exec-3]com.hnxx.zy.clms.common.aspect.RequestAspect.doAround:91 -耗时 : 210
2020-04-19 17:55:42.043 INFO  [http-nio-8080-exec-3]com.hnxx.zy.clms.common.aspect.RequestAspect.doAfterReturning:109 -返回值:"******"
2020-04-19 17:55:44.631 INFO  [http-nio-8080-exec-4]com.hnxx.zy.clms.common.aspect.RequestAspect.printRequestLog:142 -请求地址 : /classes/all/1/10
2020-04-19 17:55:44.632 INFO  [http-nio-8080-exec-4]com.hnxx.zy.clms.common.aspect.RequestAspect.printRequestLog:143 -请求方式 : GET
2020-04-19 17:55:44.633 INFO  [http-nio-8080-exec-4]com.hnxx.zy.clms.common.aspect.RequestAspect.printRequestLog:146 -IP : 127.0.0.1
2020-04-19 17:55:44.634 INFO  [http-nio-8080-exec-4]com.hnxx.zy.clms.common.aspect.RequestAspect.printRequestLog:148 -方法 : com.hnxx.zy.clms.controller.ClassesController.findAllClassesByPage
2020-04-19 17:55:44.635 INFO  [http-nio-8080-exec-4]com.hnxx.zy.clms.common.aspect.RequestAspect.printRequestLog:152 -请求参数：******
2020-04-19 17:55:44.854 INFO  [http-nio-8080-exec-4]com.hnxx.zy.clms.common.aspect.RequestAspect.doAround:91 -耗时 : 223
2020-04-19 17:55:44.855 INFO  [http-nio-8080-exec-4]com.hnxx.zy.clms.common.aspect.RequestAspect.doAfterReturning:109 -返回值:"******"
2020-04-19 17:55:51.711 INFO  [http-nio-8080-exec-5]com.hnxx.zy.clms.common.aspect.RequestAspect.printRequestLog:142 -请求地址 : /articleType/getList
2020-04-19 17:55:51.712 INFO  [http-nio-8080-exec-5]com.hnxx.zy.clms.common.aspect.RequestAspect.printRequestLog:143 -请求方式 : GET
2020-04-19 17:55:51.714 INFO  [http-nio-8080-exec-5]com.hnxx.zy.clms.common.aspect.RequestAspect.printRequestLog:146 -IP : 127.0.0.1
2020-04-19 17:55:51.715 INFO  [http-nio-8080-exec-5]com.hnxx.zy.clms.common.aspect.RequestAspect.printRequestLog:148 -方法 : com.hnxx.zy.clms.controller.ArticleTypeController.getList
2020-04-19 17:55:51.716 INFO  [http-nio-8080-exec-5]com.hnxx.zy.clms.common.aspect.RequestAspect.printRequestLog:152 -请求参数：******
2020-04-19 17:55:51.801 INFO  [http-nio-8080-exec-5]com.hnxx.zy.clms.common.aspect.RequestAspect.doAround:91 -耗时 : 90
2020-04-19 17:55:51.802 INFO  [http-nio-8080-exec-5]com.hnxx.zy.clms.common.aspect.RequestAspect.doAfterReturning:109 -返回值:"******"
2020-04-19 17:55:53.564 INFO  [http-nio-8080-exec-6]com.hnxx.zy.clms.common.aspect.RequestAspect.printRequestLog:142 -请求地址 : /classes/all/1/10
2020-04-19 17:55:53.565 INFO  [http-nio-8080-exec-6]com.hnxx.zy.clms.common.aspect.RequestAspect.printRequestLog:143 -请求方式 : GET
2020-04-19 17:55:53.566 INFO  [http-nio-8080-exec-6]com.hnxx.zy.clms.common.aspect.RequestAspect.printRequestLog:146 -IP : 127.0.0.1
2020-04-19 17:55:53.567 INFO  [http-nio-8080-exec-6]com.hnxx.zy.clms.common.aspect.RequestAspect.printRequestLog:148 -方法 : com.hnxx.zy.clms.controller.ClassesController.findAllClassesByPage
2020-04-19 17:55:53.568 INFO  [http-nio-8080-exec-6]com.hnxx.zy.clms.common.aspect.RequestAspect.printRequestLog:152 -请求参数：******
2020-04-19 17:55:53.779 INFO  [http-nio-8080-exec-6]com.hnxx.zy.clms.common.aspect.RequestAspect.doAround:91 -耗时 : 215
2020-04-19 17:55:53.780 INFO  [http-nio-8080-exec-6]com.hnxx.zy.clms.common.aspect.RequestAspect.doAfterReturning:109 -返回值:"******"
2020-04-19 17:56:52.834 INFO  [http-nio-8080-exec-7]com.hnxx.zy.clms.common.aspect.RequestAspect.printRequestLog:142 -请求地址 : /articleType/getList
2020-04-19 17:56:52.853 INFO  [http-nio-8080-exec-7]com.hnxx.zy.clms.common.aspect.RequestAspect.printRequestLog:143 -请求方式 : GET
2020-04-19 17:56:52.854 INFO  [http-nio-8080-exec-7]com.hnxx.zy.clms.common.aspect.RequestAspect.printRequestLog:146 -IP : 127.0.0.1
2020-04-19 17:56:52.855 INFO  [http-nio-8080-exec-7]com.hnxx.zy.clms.common.aspect.RequestAspect.printRequestLog:148 -方法 : com.hnxx.zy.clms.controller.ArticleTypeController.getList
2020-04-19 17:56:52.858 INFO  [http-nio-8080-exec-7]com.hnxx.zy.clms.common.aspect.RequestAspect.printRequestLog:152 -请求参数：******
2020-04-19 17:56:52.870 INFO  [http-nio-8080-exec-8]com.hnxx.zy.clms.common.aspect.RequestAspect.printRequestLog:142 -请求地址 : /college/all/1/10
2020-04-19 17:56:52.871 INFO  [http-nio-8080-exec-8]com.hnxx.zy.clms.common.aspect.RequestAspect.printRequestLog:143 -请求方式 : GET
2020-04-19 17:56:52.872 INFO  [http-nio-8080-exec-8]com.hnxx.zy.clms.common.aspect.RequestAspect.printRequestLog:146 -IP : 127.0.0.1
2020-04-19 17:56:52.873 INFO  [http-nio-8080-exec-8]com.hnxx.zy.clms.common.aspect.RequestAspect.printRequestLog:148 -方法 : com.hnxx.zy.clms.controller.CollegeController.findAllByPage
2020-04-19 17:56:52.874 INFO  [http-nio-8080-exec-8]com.hnxx.zy.clms.common.aspect.RequestAspect.printRequestLog:152 -请求参数：******
2020-04-19 17:56:52.940 INFO  [http-nio-8080-exec-7]com.hnxx.zy.clms.common.aspect.RequestAspect.doAround:91 -耗时 : 106
2020-04-19 17:56:52.941 INFO  [http-nio-8080-exec-7]com.hnxx.zy.clms.common.aspect.RequestAspect.doAfterReturning:109 -返回值:"******"
2020-04-19 17:56:53.062 INFO  [http-nio-8080-exec-8]com.hnxx.zy.clms.common.aspect.RequestAspect.doAround:91 -耗时 : 192
2020-04-19 17:56:53.064 INFO  [http-nio-8080-exec-8]com.hnxx.zy.clms.common.aspect.RequestAspect.doAfterReturning:109 -返回值:"******"
2020-04-19 17:57:38.548 INFO  [http-nio-8080-exec-9]com.hnxx.zy.clms.common.aspect.RequestAspect.printRequestLog:142 -请求地址 : /college/all/1/10
2020-04-19 17:57:38.550 INFO  [http-nio-8080-exec-9]com.hnxx.zy.clms.common.aspect.RequestAspect.printRequestLog:143 -请求方式 : GET
2020-04-19 17:57:38.551 INFO  [http-nio-8080-exec-9]com.hnxx.zy.clms.common.aspect.RequestAspect.printRequestLog:146 -IP : 127.0.0.1
2020-04-19 17:57:38.560 INFO  [http-nio-8080-exec-9]com.hnxx.zy.clms.common.aspect.RequestAspect.printRequestLog:148 -方法 : com.hnxx.zy.clms.controller.CollegeController.findAllByPage
2020-04-19 17:57:38.560 INFO  [http-nio-8080-exec-9]com.hnxx.zy.clms.common.aspect.RequestAspect.printRequestLog:152 -请求参数：******
2020-04-19 17:57:38.728 INFO  [http-nio-8080-exec-9]com.hnxx.zy.clms.common.aspect.RequestAspect.doAround:91 -耗时 : 180
2020-04-19 17:57:38.729 INFO  [http-nio-8080-exec-9]com.hnxx.zy.clms.common.aspect.RequestAspect.doAfterReturning:109 -返回值:"******"
2020-04-19 17:58:53.542 INFO  [http-nio-8080-exec-1]com.hnxx.zy.clms.common.aspect.RequestAspect.printRequestLog:142 -请求地址 : /college/all/1/10
2020-04-19 17:58:53.543 INFO  [http-nio-8080-exec-1]com.hnxx.zy.clms.common.aspect.RequestAspect.printRequestLog:143 -请求方式 : GET
2020-04-19 17:58:53.544 INFO  [http-nio-8080-exec-1]com.hnxx.zy.clms.common.aspect.RequestAspect.printRequestLog:146 -IP : 127.0.0.1
2020-04-19 17:58:53.544 INFO  [http-nio-8080-exec-1]com.hnxx.zy.clms.common.aspect.RequestAspect.printRequestLog:148 -方法 : com.hnxx.zy.clms.controller.CollegeController.findAllByPage
2020-04-19 17:58:53.545 INFO  [http-nio-8080-exec-1]com.hnxx.zy.clms.common.aspect.RequestAspect.printRequestLog:152 -请求参数：******
2020-04-19 17:58:53.800 INFO  [http-nio-8080-exec-1]com.hnxx.zy.clms.common.aspect.RequestAspect.doAround:91 -耗时 : 258
2020-04-19 17:58:53.803 INFO  [http-nio-8080-exec-1]com.hnxx.zy.clms.common.aspect.RequestAspect.doAfterReturning:109 -返回值:"******"
2020-04-19 17:58:59.431 INFO  [http-nio-8080-exec-10]com.hnxx.zy.clms.common.aspect.RequestAspect.printRequestLog:142 -请求地址 : /college/update/1/0
2020-04-19 17:58:59.431 INFO  [http-nio-8080-exec-10]com.hnxx.zy.clms.common.aspect.RequestAspect.printRequestLog:143 -请求方式 : PUT
2020-04-19 17:58:59.434 INFO  [http-nio-8080-exec-10]com.hnxx.zy.clms.common.aspect.RequestAspect.printRequestLog:146 -IP : 127.0.0.1
2020-04-19 17:58:59.435 INFO  [http-nio-8080-exec-10]com.hnxx.zy.clms.common.aspect.RequestAspect.printRequestLog:148 -方法 : com.hnxx.zy.clms.controller.CollegeController.updateClasses
2020-04-19 17:58:59.436 INFO  [http-nio-8080-exec-10]com.hnxx.zy.clms.common.aspect.RequestAspect.printRequestLog:152 -请求参数：******
2020-04-19 17:58:59.699 INFO  [http-nio-8080-exec-10]com.hnxx.zy.clms.common.aspect.RequestAspect.doAround:91 -耗时 : 268
2020-04-19 17:58:59.699 INFO  [http-nio-8080-exec-10]com.hnxx.zy.clms.common.aspect.RequestAspect.doAfterReturning:109 -返回值:"******"
2020-04-19 17:59:00.347 INFO  [http-nio-8080-exec-2]com.hnxx.zy.clms.common.aspect.RequestAspect.printRequestLog:142 -请求地址 : /college/all/1/10
2020-04-19 17:59:00.348 INFO  [http-nio-8080-exec-2]com.hnxx.zy.clms.common.aspect.RequestAspect.printRequestLog:143 -请求方式 : GET
2020-04-19 17:59:00.349 INFO  [http-nio-8080-exec-2]com.hnxx.zy.clms.common.aspect.RequestAspect.printRequestLog:146 -IP : 127.0.0.1
2020-04-19 17:59:00.349 INFO  [http-nio-8080-exec-2]com.hnxx.zy.clms.common.aspect.RequestAspect.printRequestLog:148 -方法 : com.hnxx.zy.clms.controller.CollegeController.findAllByPage
2020-04-19 17:59:00.349 INFO  [http-nio-8080-exec-2]com.hnxx.zy.clms.common.aspect.RequestAspect.printRequestLog:152 -请求参数：******
2020-04-19 17:59:00.549 INFO  [http-nio-8080-exec-2]com.hnxx.zy.clms.common.aspect.RequestAspect.doAround:91 -耗时 : 202
2020-04-19 17:59:00.550 INFO  [http-nio-8080-exec-2]com.hnxx.zy.clms.common.aspect.RequestAspect.doAfterReturning:109 -返回值:"******"
2020-04-19 17:59:03.686 INFO  [http-nio-8080-exec-3]com.hnxx.zy.clms.common.aspect.RequestAspect.printRequestLog:142 -请求地址 : /college/update/1/1
2020-04-19 17:59:03.687 INFO  [http-nio-8080-exec-3]com.hnxx.zy.clms.common.aspect.RequestAspect.printRequestLog:143 -请求方式 : PUT
2020-04-19 17:59:03.688 INFO  [http-nio-8080-exec-3]com.hnxx.zy.clms.common.aspect.RequestAspect.printRequestLog:146 -IP : 127.0.0.1
2020-04-19 17:59:03.689 INFO  [http-nio-8080-exec-3]com.hnxx.zy.clms.common.aspect.RequestAspect.printRequestLog:148 -方法 : com.hnxx.zy.clms.controller.CollegeController.updateClasses
2020-04-19 17:59:03.690 INFO  [http-nio-8080-exec-3]com.hnxx.zy.clms.common.aspect.RequestAspect.printRequestLog:152 -请求参数：******
2020-04-19 17:59:03.897 INFO  [http-nio-8080-exec-3]com.hnxx.zy.clms.common.aspect.RequestAspect.doAround:91 -耗时 : 211
2020-04-19 17:59:03.898 INFO  [http-nio-8080-exec-3]com.hnxx.zy.clms.common.aspect.RequestAspect.doAfterReturning:109 -返回值:"******"
2020-04-19 17:59:04.523 INFO  [http-nio-8080-exec-4]com.hnxx.zy.clms.common.aspect.RequestAspect.printRequestLog:142 -请求地址 : /college/all/1/10
2020-04-19 17:59:04.524 INFO  [http-nio-8080-exec-4]com.hnxx.zy.clms.common.aspect.RequestAspect.printRequestLog:143 -请求方式 : GET
2020-04-19 17:59:04.524 INFO  [http-nio-8080-exec-4]com.hnxx.zy.clms.common.aspect.RequestAspect.printRequestLog:146 -IP : 127.0.0.1
2020-04-19 17:59:04.524 INFO  [http-nio-8080-exec-4]com.hnxx.zy.clms.common.aspect.RequestAspect.printRequestLog:148 -方法 : com.hnxx.zy.clms.controller.CollegeController.findAllByPage
2020-04-19 17:59:04.525 INFO  [http-nio-8080-exec-4]com.hnxx.zy.clms.common.aspect.RequestAspect.printRequestLog:152 -请求参数：******
2020-04-19 17:59:04.773 INFO  [http-nio-8080-exec-4]com.hnxx.zy.clms.common.aspect.RequestAspect.doAround:91 -耗时 : 250
2020-04-19 17:59:04.774 INFO  [http-nio-8080-exec-4]com.hnxx.zy.clms.common.aspect.RequestAspect.doAfterReturning:109 -返回值:"******"
2020-04-19 18:02:56.758 INFO  [http-nio-8080-exec-5]com.hnxx.zy.clms.common.aspect.RequestAspect.printRequestLog:142 -请求地址 : /college/all/1/10
2020-04-19 18:02:56.759 INFO  [http-nio-8080-exec-5]com.hnxx.zy.clms.common.aspect.RequestAspect.printRequestLog:143 -请求方式 : GET
2020-04-19 18:02:56.759 INFO  [http-nio-8080-exec-5]com.hnxx.zy.clms.common.aspect.RequestAspect.printRequestLog:146 -IP : 127.0.0.1
2020-04-19 18:02:56.760 INFO  [http-nio-8080-exec-5]com.hnxx.zy.clms.common.aspect.RequestAspect.printRequestLog:148 -方法 : com.hnxx.zy.clms.controller.CollegeController.findAllByPage
2020-04-19 18:02:56.761 INFO  [http-nio-8080-exec-5]com.hnxx.zy.clms.common.aspect.RequestAspect.printRequestLog:152 -请求参数：******
2020-04-19 18:02:56.973 INFO  [http-nio-8080-exec-5]com.hnxx.zy.clms.common.aspect.RequestAspect.doAround:91 -耗时 : 215
2020-04-19 18:02:56.974 INFO  [http-nio-8080-exec-5]com.hnxx.zy.clms.common.aspect.RequestAspect.doAfterReturning:109 -返回值:"******"
2020-04-19 18:02:57.735 INFO  [http-nio-8080-exec-6]com.hnxx.zy.clms.common.aspect.RequestAspect.printRequestLog:142 -请求地址 : /articleType/getList
2020-04-19 18:02:57.737 INFO  [http-nio-8080-exec-6]com.hnxx.zy.clms.common.aspect.RequestAspect.printRequestLog:143 -请求方式 : GET
2020-04-19 18:02:57.738 INFO  [http-nio-8080-exec-6]com.hnxx.zy.clms.common.aspect.RequestAspect.printRequestLog:146 -IP : 127.0.0.1
2020-04-19 18:02:57.739 INFO  [http-nio-8080-exec-6]com.hnxx.zy.clms.common.aspect.RequestAspect.printRequestLog:148 -方法 : com.hnxx.zy.clms.controller.ArticleTypeController.getList
2020-04-19 18:02:57.740 INFO  [http-nio-8080-exec-6]com.hnxx.zy.clms.common.aspect.RequestAspect.printRequestLog:152 -请求参数：******
2020-04-19 18:02:58.063 INFO  [http-nio-8080-exec-6]com.hnxx.zy.clms.common.aspect.RequestAspect.doAround:91 -耗时 : 328
2020-04-19 18:02:58.064 INFO  [http-nio-8080-exec-6]com.hnxx.zy.clms.common.aspect.RequestAspect.doAfterReturning:109 -返回值:"******"
2020-04-19 18:03:37.257 INFO  [http-nio-8080-exec-7]com.hnxx.zy.clms.common.aspect.RequestAspect.printRequestLog:142 -请求地址 : /group/all/1/10
2020-04-19 18:03:37.259 INFO  [http-nio-8080-exec-7]com.hnxx.zy.clms.common.aspect.RequestAspect.printRequestLog:143 -请求方式 : GET
2020-04-19 18:03:37.260 INFO  [http-nio-8080-exec-7]com.hnxx.zy.clms.common.aspect.RequestAspect.printRequestLog:146 -IP : 127.0.0.1
2020-04-19 18:03:37.261 INFO  [http-nio-8080-exec-7]com.hnxx.zy.clms.common.aspect.RequestAspect.printRequestLog:148 -方法 : com.hnxx.zy.clms.controller.GroupController.findAllByPage
2020-04-19 18:03:37.261 INFO  [http-nio-8080-exec-7]com.hnxx.zy.clms.common.aspect.RequestAspect.printRequestLog:152 -请求参数：******
2020-04-19 18:03:37.474 INFO  [http-nio-8080-exec-7]com.hnxx.zy.clms.common.aspect.RequestAspect.doAround:91 -耗时 : 217
2020-04-19 18:03:37.475 INFO  [http-nio-8080-exec-7]com.hnxx.zy.clms.common.aspect.RequestAspect.doAfterReturning:109 -返回值:"******"
2020-04-19 18:04:52.172 INFO  [http-nio-8080-exec-8]com.hnxx.zy.clms.common.aspect.RequestAspect.printRequestLog:142 -请求地址 : /articleType/getList
2020-04-19 18:04:52.173 INFO  [http-nio-8080-exec-8]com.hnxx.zy.clms.common.aspect.RequestAspect.printRequestLog:143 -请求方式 : GET
2020-04-19 18:04:52.174 INFO  [http-nio-8080-exec-8]com.hnxx.zy.clms.common.aspect.RequestAspect.printRequestLog:146 -IP : 127.0.0.1
2020-04-19 18:04:52.175 INFO  [http-nio-8080-exec-8]com.hnxx.zy.clms.common.aspect.RequestAspect.printRequestLog:148 -方法 : com.hnxx.zy.clms.controller.ArticleTypeController.getList
2020-04-19 18:04:52.176 INFO  [http-nio-8080-exec-8]com.hnxx.zy.clms.common.aspect.RequestAspect.printRequestLog:152 -请求参数：******
2020-04-19 18:04:52.250 INFO  [http-nio-8080-exec-9]com.hnxx.zy.clms.common.aspect.RequestAspect.printRequestLog:142 -请求地址 : /group/all/1/10
2020-04-19 18:04:52.251 INFO  [http-nio-8080-exec-9]com.hnxx.zy.clms.common.aspect.RequestAspect.printRequestLog:143 -请求方式 : GET
2020-04-19 18:04:52.252 INFO  [http-nio-8080-exec-9]com.hnxx.zy.clms.common.aspect.RequestAspect.printRequestLog:146 -IP : 127.0.0.1
2020-04-19 18:04:52.253 INFO  [http-nio-8080-exec-9]com.hnxx.zy.clms.common.aspect.RequestAspect.printRequestLog:148 -方法 : com.hnxx.zy.clms.controller.GroupController.findAllByPage
2020-04-19 18:04:52.253 INFO  [http-nio-8080-exec-9]com.hnxx.zy.clms.common.aspect.RequestAspect.printRequestLog:152 -请求参数：******
2020-04-19 18:04:52.279 INFO  [http-nio-8080-exec-8]com.hnxx.zy.clms.common.aspect.RequestAspect.doAround:91 -耗时 : 107
2020-04-19 18:04:52.281 INFO  [http-nio-8080-exec-8]com.hnxx.zy.clms.common.aspect.RequestAspect.doAfterReturning:109 -返回值:"******"
2020-04-19 18:04:52.480 INFO  [http-nio-8080-exec-9]com.hnxx.zy.clms.common.aspect.RequestAspect.doAround:91 -耗时 : 230
2020-04-19 18:04:52.484 INFO  [http-nio-8080-exec-9]com.hnxx.zy.clms.common.aspect.RequestAspect.doAfterReturning:109 -返回值:"******"
2020-04-19 18:06:27.197 INFO  [http-nio-8080-exec-10]com.hnxx.zy.clms.common.aspect.RequestAspect.printRequestLog:142 -请求地址 : /group/all/1/10
2020-04-19 18:06:27.198 INFO  [http-nio-8080-exec-10]com.hnxx.zy.clms.common.aspect.RequestAspect.printRequestLog:143 -请求方式 : GET
2020-04-19 18:06:27.199 INFO  [http-nio-8080-exec-10]com.hnxx.zy.clms.common.aspect.RequestAspect.printRequestLog:146 -IP : 127.0.0.1
2020-04-19 18:06:27.200 INFO  [http-nio-8080-exec-10]com.hnxx.zy.clms.common.aspect.RequestAspect.printRequestLog:148 -方法 : com.hnxx.zy.clms.controller.GroupController.findAllByPage
2020-04-19 18:06:27.201 INFO  [http-nio-8080-exec-10]com.hnxx.zy.clms.common.aspect.RequestAspect.printRequestLog:152 -请求参数：******
2020-04-19 18:06:27.235 INFO  [http-nio-8080-exec-1]com.hnxx.zy.clms.common.aspect.RequestAspect.printRequestLog:142 -请求地址 : /articleType/getList
2020-04-19 18:06:27.236 INFO  [http-nio-8080-exec-1]com.hnxx.zy.clms.common.aspect.RequestAspect.printRequestLog:143 -请求方式 : GET
2020-04-19 18:06:27.237 INFO  [http-nio-8080-exec-1]com.hnxx.zy.clms.common.aspect.RequestAspect.printRequestLog:146 -IP : 127.0.0.1
2020-04-19 18:06:27.237 INFO  [http-nio-8080-exec-1]com.hnxx.zy.clms.common.aspect.RequestAspect.printRequestLog:148 -方法 : com.hnxx.zy.clms.controller.ArticleTypeController.getList
2020-04-19 18:06:27.238 INFO  [http-nio-8080-exec-1]com.hnxx.zy.clms.common.aspect.RequestAspect.printRequestLog:152 -请求参数：******
2020-04-19 18:06:27.325 INFO  [http-nio-8080-exec-1]com.hnxx.zy.clms.common.aspect.RequestAspect.doAround:91 -耗时 : 90
2020-04-19 18:06:27.326 INFO  [http-nio-8080-exec-1]com.hnxx.zy.clms.common.aspect.RequestAspect.doAfterReturning:109 -返回值:"******"
2020-04-19 18:06:27.425 INFO  [http-nio-8080-exec-10]com.hnxx.zy.clms.common.aspect.RequestAspect.doAround:91 -耗时 : 228
2020-04-19 18:06:27.426 INFO  [http-nio-8080-exec-10]com.hnxx.zy.clms.common.aspect.RequestAspect.doAfterReturning:109 -返回值:"******"
2020-04-19 18:12:02.187 INFO  [http-nio-8080-exec-2]com.hnxx.zy.clms.common.aspect.RequestAspect.printRequestLog:142 -请求地址 : /group/all/1/10
2020-04-19 18:12:02.187 INFO  [http-nio-8080-exec-2]com.hnxx.zy.clms.common.aspect.RequestAspect.printRequestLog:143 -请求方式 : GET
2020-04-19 18:12:02.188 INFO  [http-nio-8080-exec-2]com.hnxx.zy.clms.common.aspect.RequestAspect.printRequestLog:146 -IP : 127.0.0.1
2020-04-19 18:12:02.189 INFO  [http-nio-8080-exec-2]com.hnxx.zy.clms.common.aspect.RequestAspect.printRequestLog:148 -方法 : com.hnxx.zy.clms.controller.GroupController.findAllByPage
2020-04-19 18:12:02.189 INFO  [http-nio-8080-exec-2]com.hnxx.zy.clms.common.aspect.RequestAspect.printRequestLog:152 -请求参数：******
2020-04-19 18:12:02.403 INFO  [http-nio-8080-exec-2]com.hnxx.zy.clms.common.aspect.RequestAspect.doAround:91 -耗时 : 216
2020-04-19 18:12:02.404 INFO  [http-nio-8080-exec-2]com.hnxx.zy.clms.common.aspect.RequestAspect.doAfterReturning:109 -返回值:"******"
2020-04-19 18:12:03.266 INFO  [http-nio-8080-exec-3]com.hnxx.zy.clms.common.aspect.RequestAspect.printRequestLog:142 -请求地址 : /articleType/getList
2020-04-19 18:12:03.268 INFO  [http-nio-8080-exec-3]com.hnxx.zy.clms.common.aspect.RequestAspect.printRequestLog:143 -请求方式 : GET
2020-04-19 18:12:03.268 INFO  [http-nio-8080-exec-3]com.hnxx.zy.clms.common.aspect.RequestAspect.printRequestLog:146 -IP : 127.0.0.1
2020-04-19 18:12:03.269 INFO  [http-nio-8080-exec-3]com.hnxx.zy.clms.common.aspect.RequestAspect.printRequestLog:148 -方法 : com.hnxx.zy.clms.controller.ArticleTypeController.getList
2020-04-19 18:12:03.270 INFO  [http-nio-8080-exec-3]com.hnxx.zy.clms.common.aspect.RequestAspect.printRequestLog:152 -请求参数：******
2020-04-19 18:12:03.347 INFO  [http-nio-8080-exec-3]com.hnxx.zy.clms.common.aspect.RequestAspect.doAround:91 -耗时 : 81
2020-04-19 18:12:03.348 INFO  [http-nio-8080-exec-3]com.hnxx.zy.clms.common.aspect.RequestAspect.doAfterReturning:109 -返回值:"******"
2020-04-19 18:12:04.417 INFO  [http-nio-8080-exec-4]com.hnxx.zy.clms.common.aspect.RequestAspect.printRequestLog:142 -请求地址 : /articleType/getList
2020-04-19 18:12:04.420 INFO  [http-nio-8080-exec-4]com.hnxx.zy.clms.common.aspect.RequestAspect.printRequestLog:143 -请求方式 : GET
2020-04-19 18:12:04.423 INFO  [http-nio-8080-exec-4]com.hnxx.zy.clms.common.aspect.RequestAspect.printRequestLog:146 -IP : 127.0.0.1
2020-04-19 18:12:04.428 INFO  [http-nio-8080-exec-4]com.hnxx.zy.clms.common.aspect.RequestAspect.printRequestLog:148 -方法 : com.hnxx.zy.clms.controller.ArticleTypeController.getList
2020-04-19 18:12:04.430 INFO  [http-nio-8080-exec-4]com.hnxx.zy.clms.common.aspect.RequestAspect.printRequestLog:152 -请求参数：******
2020-04-19 18:12:04.504 INFO  [http-nio-8080-exec-4]com.hnxx.zy.clms.common.aspect.RequestAspect.doAround:91 -耗时 : 88
2020-04-19 18:12:04.505 INFO  [http-nio-8080-exec-4]com.hnxx.zy.clms.common.aspect.RequestAspect.doAfterReturning:109 -返回值:"******"
2020-04-19 18:12:06.820 INFO  [http-nio-8080-exec-5]com.hnxx.zy.clms.common.aspect.RequestAspect.printRequestLog:142 -请求地址 : /group/all/1/10
2020-04-19 18:12:06.821 INFO  [http-nio-8080-exec-5]com.hnxx.zy.clms.common.aspect.RequestAspect.printRequestLog:143 -请求方式 : GET
2020-04-19 18:12:06.821 INFO  [http-nio-8080-exec-5]com.hnxx.zy.clms.common.aspect.RequestAspect.printRequestLog:146 -IP : 127.0.0.1
2020-04-19 18:12:06.822 INFO  [http-nio-8080-exec-5]com.hnxx.zy.clms.common.aspect.RequestAspect.printRequestLog:148 -方法 : com.hnxx.zy.clms.controller.GroupController.findAllByPage
2020-04-19 18:12:06.822 INFO  [http-nio-8080-exec-5]com.hnxx.zy.clms.common.aspect.RequestAspect.printRequestLog:152 -请求参数：******
2020-04-19 18:12:07.022 INFO  [http-nio-8080-exec-5]com.hnxx.zy.clms.common.aspect.RequestAspect.doAround:91 -耗时 : 202
2020-04-19 18:12:07.023 INFO  [http-nio-8080-exec-5]com.hnxx.zy.clms.common.aspect.RequestAspect.doAfterReturning:109 -返回值:"******"
2020-04-19 18:12:09.054 INFO  [http-nio-8080-exec-6]com.hnxx.zy.clms.common.aspect.RequestAspect.printRequestLog:142 -请求地址 : /position/all/1/10
2020-04-19 18:12:09.056 INFO  [http-nio-8080-exec-6]com.hnxx.zy.clms.common.aspect.RequestAspect.printRequestLog:143 -请求方式 : GET
2020-04-19 18:12:09.058 INFO  [http-nio-8080-exec-6]com.hnxx.zy.clms.common.aspect.RequestAspect.printRequestLog:146 -IP : 127.0.0.1
2020-04-19 18:12:09.059 INFO  [http-nio-8080-exec-6]com.hnxx.zy.clms.common.aspect.RequestAspect.printRequestLog:148 -方法 : com.hnxx.zy.clms.controller.PositionController.findAllByPage
2020-04-19 18:12:09.060 INFO  [http-nio-8080-exec-6]com.hnxx.zy.clms.common.aspect.RequestAspect.printRequestLog:152 -请求参数：******
2020-04-19 18:12:09.226 INFO  [http-nio-8080-exec-6]com.hnxx.zy.clms.common.aspect.RequestAspect.doAround:91 -耗时 : 172
2020-04-19 18:12:09.227 INFO  [http-nio-8080-exec-6]com.hnxx.zy.clms.common.aspect.RequestAspect.doAfterReturning:109 -返回值:"******"
2020-04-19 18:13:05.113 INFO  [http-nio-8080-exec-7]com.hnxx.zy.clms.common.aspect.RequestAspect.printRequestLog:142 -请求地址 : /position/all/1/10
2020-04-19 18:13:05.116 INFO  [http-nio-8080-exec-7]com.hnxx.zy.clms.common.aspect.RequestAspect.printRequestLog:143 -请求方式 : GET
2020-04-19 18:13:05.117 INFO  [http-nio-8080-exec-7]com.hnxx.zy.clms.common.aspect.RequestAspect.printRequestLog:146 -IP : 127.0.0.1
2020-04-19 18:13:05.117 INFO  [http-nio-8080-exec-7]com.hnxx.zy.clms.common.aspect.RequestAspect.printRequestLog:148 -方法 : com.hnxx.zy.clms.controller.PositionController.findAllByPage
2020-04-19 18:13:05.118 INFO  [http-nio-8080-exec-7]com.hnxx.zy.clms.common.aspect.RequestAspect.printRequestLog:152 -请求参数：******
2020-04-19 18:13:05.315 INFO  [http-nio-8080-exec-7]com.hnxx.zy.clms.common.aspect.RequestAspect.doAround:91 -耗时 : 202
2020-04-19 18:13:05.317 INFO  [http-nio-8080-exec-7]com.hnxx.zy.clms.common.aspect.RequestAspect.doAfterReturning:109 -返回值:"******"
2020-04-19 18:14:14.527 INFO  [http-nio-8080-exec-8]com.hnxx.zy.clms.common.aspect.RequestAspect.printRequestLog:142 -请求地址 : /articleType/getList
2020-04-19 18:14:14.528 INFO  [http-nio-8080-exec-8]com.hnxx.zy.clms.common.aspect.RequestAspect.printRequestLog:143 -请求方式 : GET
2020-04-19 18:14:14.529 INFO  [http-nio-8080-exec-8]com.hnxx.zy.clms.common.aspect.RequestAspect.printRequestLog:146 -IP : 127.0.0.1
2020-04-19 18:14:14.530 INFO  [http-nio-8080-exec-8]com.hnxx.zy.clms.common.aspect.RequestAspect.printRequestLog:148 -方法 : com.hnxx.zy.clms.controller.ArticleTypeController.getList
2020-04-19 18:14:14.530 INFO  [http-nio-8080-exec-8]com.hnxx.zy.clms.common.aspect.RequestAspect.printRequestLog:152 -请求参数：******
2020-04-19 18:14:14.615 INFO  [http-nio-8080-exec-8]com.hnxx.zy.clms.common.aspect.RequestAspect.doAround:91 -耗时 : 88
2020-04-19 18:14:14.616 INFO  [http-nio-8080-exec-8]com.hnxx.zy.clms.common.aspect.RequestAspect.doAfterReturning:109 -返回值:"******"
2020-04-19 18:14:14.626 INFO  [http-nio-8080-exec-9]com.hnxx.zy.clms.common.aspect.RequestAspect.printRequestLog:142 -请求地址 : /position/all/1/10
2020-04-19 18:14:14.628 INFO  [http-nio-8080-exec-9]com.hnxx.zy.clms.common.aspect.RequestAspect.printRequestLog:143 -请求方式 : GET
2020-04-19 18:14:14.631 INFO  [http-nio-8080-exec-9]com.hnxx.zy.clms.common.aspect.RequestAspect.printRequestLog:146 -IP : 127.0.0.1
2020-04-19 18:14:14.632 INFO  [http-nio-8080-exec-9]com.hnxx.zy.clms.common.aspect.RequestAspect.printRequestLog:148 -方法 : com.hnxx.zy.clms.controller.PositionController.findAllByPage
2020-04-19 18:14:14.633 INFO  [http-nio-8080-exec-9]com.hnxx.zy.clms.common.aspect.RequestAspect.printRequestLog:152 -请求参数：******
2020-04-19 18:14:14.894 INFO  [http-nio-8080-exec-9]com.hnxx.zy.clms.common.aspect.RequestAspect.doAround:91 -耗时 : 268
2020-04-19 18:14:14.895 INFO  [http-nio-8080-exec-9]com.hnxx.zy.clms.common.aspect.RequestAspect.doAfterReturning:109 -返回值:"******"
2020-04-19 18:14:19.363 INFO  [http-nio-8080-exec-1]com.hnxx.zy.clms.common.aspect.RequestAspect.printRequestLog:142 -请求地址 : /position/all/1/10
2020-04-19 18:14:19.364 INFO  [http-nio-8080-exec-1]com.hnxx.zy.clms.common.aspect.RequestAspect.printRequestLog:143 -请求方式 : GET
2020-04-19 18:14:19.364 INFO  [http-nio-8080-exec-1]com.hnxx.zy.clms.common.aspect.RequestAspect.printRequestLog:146 -IP : 127.0.0.1
2020-04-19 18:14:19.365 INFO  [http-nio-8080-exec-1]com.hnxx.zy.clms.common.aspect.RequestAspect.printRequestLog:148 -方法 : com.hnxx.zy.clms.controller.PositionController.findAllByPage
2020-04-19 18:14:19.365 INFO  [http-nio-8080-exec-1]com.hnxx.zy.clms.common.aspect.RequestAspect.printRequestLog:152 -请求参数：******
2020-04-19 18:14:19.573 INFO  [http-nio-8080-exec-1]com.hnxx.zy.clms.common.aspect.RequestAspect.doAround:91 -耗时 : 210
2020-04-19 18:14:19.574 INFO  [http-nio-8080-exec-1]com.hnxx.zy.clms.common.aspect.RequestAspect.doAfterReturning:109 -返回值:"******"
2020-04-19 18:14:36.720 INFO  [http-nio-8080-exec-2]com.hnxx.zy.clms.common.aspect.RequestAspect.printRequestLog:142 -请求地址 : /position/all/1/10
2020-04-19 18:14:36.722 INFO  [http-nio-8080-exec-2]com.hnxx.zy.clms.common.aspect.RequestAspect.printRequestLog:143 -请求方式 : GET
2020-04-19 18:14:36.722 INFO  [http-nio-8080-exec-2]com.hnxx.zy.clms.common.aspect.RequestAspect.printRequestLog:146 -IP : 127.0.0.1
2020-04-19 18:14:36.726 INFO  [http-nio-8080-exec-2]com.hnxx.zy.clms.common.aspect.RequestAspect.printRequestLog:148 -方法 : com.hnxx.zy.clms.controller.PositionController.findAllByPage
2020-04-19 18:14:36.727 INFO  [http-nio-8080-exec-2]com.hnxx.zy.clms.common.aspect.RequestAspect.printRequestLog:152 -请求参数：******
2020-04-19 18:14:36.788 INFO  [http-nio-8080-exec-10]com.hnxx.zy.clms.common.aspect.RequestAspect.printRequestLog:142 -请求地址 : /articleType/getList
2020-04-19 18:14:36.790 INFO  [http-nio-8080-exec-10]com.hnxx.zy.clms.common.aspect.RequestAspect.printRequestLog:143 -请求方式 : GET
2020-04-19 18:14:36.799 INFO  [http-nio-8080-exec-10]com.hnxx.zy.clms.common.aspect.RequestAspect.printRequestLog:146 -IP : 127.0.0.1
2020-04-19 18:14:36.801 INFO  [http-nio-8080-exec-10]com.hnxx.zy.clms.common.aspect.RequestAspect.printRequestLog:148 -方法 : com.hnxx.zy.clms.controller.ArticleTypeController.getList
2020-04-19 18:14:36.804 INFO  [http-nio-8080-exec-10]com.hnxx.zy.clms.common.aspect.RequestAspect.printRequestLog:152 -请求参数：******
2020-04-19 18:14:36.879 INFO  [http-nio-8080-exec-10]com.hnxx.zy.clms.common.aspect.RequestAspect.doAround:91 -耗时 : 91
2020-04-19 18:14:36.880 INFO  [http-nio-8080-exec-10]com.hnxx.zy.clms.common.aspect.RequestAspect.doAfterReturning:109 -返回值:"******"
2020-04-19 18:14:36.939 INFO  [http-nio-8080-exec-2]com.hnxx.zy.clms.common.aspect.RequestAspect.doAround:91 -耗时 : 219
2020-04-19 18:14:36.940 INFO  [http-nio-8080-exec-2]com.hnxx.zy.clms.common.aspect.RequestAspect.doAfterReturning:109 -返回值:"******"
2020-04-19 18:15:07.081 INFO  [http-nio-8080-exec-3]com.hnxx.zy.clms.common.aspect.RequestAspect.printRequestLog:142 -请求地址 : /articleType/getList
2020-04-19 18:15:07.084 INFO  [http-nio-8080-exec-3]com.hnxx.zy.clms.common.aspect.RequestAspect.printRequestLog:143 -请求方式 : GET
2020-04-19 18:15:07.085 INFO  [http-nio-8080-exec-3]com.hnxx.zy.clms.common.aspect.RequestAspect.printRequestLog:146 -IP : 127.0.0.1
2020-04-19 18:15:07.085 INFO  [http-nio-8080-exec-3]com.hnxx.zy.clms.common.aspect.RequestAspect.printRequestLog:148 -方法 : com.hnxx.zy.clms.controller.ArticleTypeController.getList
2020-04-19 18:15:07.086 INFO  [http-nio-8080-exec-3]com.hnxx.zy.clms.common.aspect.RequestAspect.printRequestLog:152 -请求参数：******
2020-04-19 18:15:07.156 INFO  [http-nio-8080-exec-3]com.hnxx.zy.clms.common.aspect.RequestAspect.doAround:91 -耗时 : 75
2020-04-19 18:15:07.157 INFO  [http-nio-8080-exec-3]com.hnxx.zy.clms.common.aspect.RequestAspect.doAfterReturning:109 -返回值:"******"
2020-04-19 18:15:10.260 INFO  [http-nio-8080-exec-4]com.hnxx.zy.clms.common.aspect.RequestAspect.printRequestLog:142 -请求地址 : /classes/all/1/10
2020-04-19 18:15:10.261 INFO  [http-nio-8080-exec-4]com.hnxx.zy.clms.common.aspect.RequestAspect.printRequestLog:143 -请求方式 : GET
2020-04-19 18:15:10.264 INFO  [http-nio-8080-exec-4]com.hnxx.zy.clms.common.aspect.RequestAspect.printRequestLog:146 -IP : 127.0.0.1
2020-04-19 18:15:10.265 INFO  [http-nio-8080-exec-4]com.hnxx.zy.clms.common.aspect.RequestAspect.printRequestLog:148 -方法 : com.hnxx.zy.clms.controller.ClassesController.findAllClassesByPage
2020-04-19 18:15:10.266 INFO  [http-nio-8080-exec-4]com.hnxx.zy.clms.common.aspect.RequestAspect.printRequestLog:152 -请求参数：******
2020-04-19 18:15:10.476 INFO  [http-nio-8080-exec-4]com.hnxx.zy.clms.common.aspect.RequestAspect.doAround:91 -耗时 : 216
2020-04-19 18:15:10.476 INFO  [http-nio-8080-exec-4]com.hnxx.zy.clms.common.aspect.RequestAspect.doAfterReturning:109 -返回值:"******"
2020-04-19 18:15:21.451 INFO  [http-nio-8080-exec-6]com.hnxx.zy.clms.common.aspect.RequestAspect.printRequestLog:142 -请求地址 : /classes/all/1/10
2020-04-19 18:15:21.452 INFO  [http-nio-8080-exec-6]com.hnxx.zy.clms.common.aspect.RequestAspect.printRequestLog:143 -请求方式 : GET
2020-04-19 18:15:21.453 INFO  [http-nio-8080-exec-6]com.hnxx.zy.clms.common.aspect.RequestAspect.printRequestLog:146 -IP : 127.0.0.1
2020-04-19 18:15:21.454 INFO  [http-nio-8080-exec-6]com.hnxx.zy.clms.common.aspect.RequestAspect.printRequestLog:148 -方法 : com.hnxx.zy.clms.controller.ClassesController.findAllClassesByPage
2020-04-19 18:15:21.455 INFO  [http-nio-8080-exec-6]com.hnxx.zy.clms.common.aspect.RequestAspect.printRequestLog:152 -请求参数：******
2020-04-19 18:15:21.480 INFO  [http-nio-8080-exec-5]com.hnxx.zy.clms.common.aspect.RequestAspect.printRequestLog:142 -请求地址 : /articleType/getList
2020-04-19 18:15:21.483 INFO  [http-nio-8080-exec-5]com.hnxx.zy.clms.common.aspect.RequestAspect.printRequestLog:143 -请求方式 : GET
2020-04-19 18:15:21.485 INFO  [http-nio-8080-exec-5]com.hnxx.zy.clms.common.aspect.RequestAspect.printRequestLog:146 -IP : 127.0.0.1
2020-04-19 18:15:21.487 INFO  [http-nio-8080-exec-5]com.hnxx.zy.clms.common.aspect.RequestAspect.printRequestLog:148 -方法 : com.hnxx.zy.clms.controller.ArticleTypeController.getList
2020-04-19 18:15:21.488 INFO  [http-nio-8080-exec-5]com.hnxx.zy.clms.common.aspect.RequestAspect.printRequestLog:152 -请求参数：******
2020-04-19 18:15:21.568 INFO  [http-nio-8080-exec-5]com.hnxx.zy.clms.common.aspect.RequestAspect.doAround:91 -耗时 : 88
2020-04-19 18:15:21.569 INFO  [http-nio-8080-exec-5]com.hnxx.zy.clms.common.aspect.RequestAspect.doAfterReturning:109 -返回值:"******"
2020-04-19 18:15:21.712 INFO  [http-nio-8080-exec-6]com.hnxx.zy.clms.common.aspect.RequestAspect.doAround:91 -耗时 : 261
2020-04-19 18:15:21.712 INFO  [http-nio-8080-exec-6]com.hnxx.zy.clms.common.aspect.RequestAspect.doAfterReturning:109 -返回值:"******"
2020-04-19 18:15:40.816 INFO  [http-nio-8080-exec-7]com.hnxx.zy.clms.common.aspect.RequestAspect.printRequestLog:142 -请求地址 : /articleType/getList
2020-04-19 18:15:40.817 INFO  [http-nio-8080-exec-7]com.hnxx.zy.clms.common.aspect.RequestAspect.printRequestLog:143 -请求方式 : GET
2020-04-19 18:15:40.817 INFO  [http-nio-8080-exec-7]com.hnxx.zy.clms.common.aspect.RequestAspect.printRequestLog:146 -IP : 127.0.0.1
2020-04-19 18:15:40.818 INFO  [http-nio-8080-exec-7]com.hnxx.zy.clms.common.aspect.RequestAspect.printRequestLog:148 -方法 : com.hnxx.zy.clms.controller.ArticleTypeController.getList
2020-04-19 18:15:40.819 INFO  [http-nio-8080-exec-7]com.hnxx.zy.clms.common.aspect.RequestAspect.printRequestLog:152 -请求参数：******
2020-04-19 18:15:40.898 INFO  [http-nio-8080-exec-7]com.hnxx.zy.clms.common.aspect.RequestAspect.doAround:91 -耗时 : 82
2020-04-19 18:15:40.899 INFO  [http-nio-8080-exec-7]com.hnxx.zy.clms.common.aspect.RequestAspect.doAfterReturning:109 -返回值:"******"
2020-04-19 18:15:40.945 INFO  [http-nio-8080-exec-8]com.hnxx.zy.clms.common.aspect.RequestAspect.printRequestLog:142 -请求地址 : /classes/all/1/10
2020-04-19 18:15:40.946 INFO  [http-nio-8080-exec-8]com.hnxx.zy.clms.common.aspect.RequestAspect.printRequestLog:143 -请求方式 : GET
2020-04-19 18:15:40.946 INFO  [http-nio-8080-exec-8]com.hnxx.zy.clms.common.aspect.RequestAspect.printRequestLog:146 -IP : 127.0.0.1
2020-04-19 18:15:40.947 INFO  [http-nio-8080-exec-8]com.hnxx.zy.clms.common.aspect.RequestAspect.printRequestLog:148 -方法 : com.hnxx.zy.clms.controller.ClassesController.findAllClassesByPage
2020-04-19 18:15:40.947 INFO  [http-nio-8080-exec-8]com.hnxx.zy.clms.common.aspect.RequestAspect.printRequestLog:152 -请求参数：******
2020-04-19 18:15:41.140 INFO  [http-nio-8080-exec-8]com.hnxx.zy.clms.common.aspect.RequestAspect.doAround:91 -耗时 : 195
2020-04-19 18:15:41.141 INFO  [http-nio-8080-exec-8]com.hnxx.zy.clms.common.aspect.RequestAspect.doAfterReturning:109 -返回值:"******"
2020-04-19 18:16:38.617 INFO  [http-nio-8080-exec-9]com.hnxx.zy.clms.common.aspect.RequestAspect.printRequestLog:142 -请求地址 : /classes/all/1/10
2020-04-19 18:16:38.617 INFO  [http-nio-8080-exec-9]com.hnxx.zy.clms.common.aspect.RequestAspect.printRequestLog:143 -请求方式 : GET
2020-04-19 18:16:38.618 INFO  [http-nio-8080-exec-9]com.hnxx.zy.clms.common.aspect.RequestAspect.printRequestLog:146 -IP : 127.0.0.1
2020-04-19 18:16:38.619 INFO  [http-nio-8080-exec-9]com.hnxx.zy.clms.common.aspect.RequestAspect.printRequestLog:148 -方法 : com.hnxx.zy.clms.controller.ClassesController.findAllClassesByPage
2020-04-19 18:16:38.619 INFO  [http-nio-8080-exec-9]com.hnxx.zy.clms.common.aspect.RequestAspect.printRequestLog:152 -请求参数：******
2020-04-19 18:16:38.833 INFO  [http-nio-8080-exec-9]com.hnxx.zy.clms.common.aspect.RequestAspect.doAround:91 -耗时 : 217
2020-04-19 18:16:38.837 INFO  [http-nio-8080-exec-9]com.hnxx.zy.clms.common.aspect.RequestAspect.doAfterReturning:109 -返回值:"******"
2020-04-19 21:33:40.034 INFO  [restartedMain]com.hnxx.zy.clms.ClmsApplication.logStarting:55 -Starting ClmsApplication on WIN-20190617RXB with PID 7628 (D:\clms\target\classes started by Administrator in D:\clms)
2020-04-19 21:33:40.034 INFO  [restartedMain]com.hnxx.zy.clms.ClmsApplication.logStartupProfileInfo:651 -No active profile set, falling back to default profiles: default
2020-04-19 21:33:40.096 INFO  [restartedMain]org.springframework.boot.devtools.restart.ChangeableUrls.logTo:225 -The Class-Path manifest attribute in C:\repo\com\sun\xml\bind\jaxb-impl\2.3.0\jaxb-impl-2.3.0.jar referenced one or more files that do not exist: file:/C:/repo/com/sun/xml/bind/jaxb-impl/2.3.0/jaxb-core.jar
2020-04-19 21:33:40.096 INFO  [restartedMain]org.springframework.boot.devtools.restart.ChangeableUrls.logTo:225 -The Class-Path manifest attribute in C:\repo\com\sun\xml\bind\jaxb-core\2.3.0\jaxb-core-2.3.0.jar referenced one or more files that do not exist: file:/C:/repo/com/sun/xml/bind/jaxb-core/2.3.0/jaxb-api.jar
2020-04-19 21:33:40.096 INFO  [restartedMain]o.s.b.devtools.env.DevToolsPropertyDefaultsPostProcessor.logTo:225 -Devtools property defaults active! Set 'spring.devtools.add-properties' to 'false' to disable
2020-04-19 21:33:40.096 INFO  [restartedMain]o.s.b.devtools.env.DevToolsPropertyDefaultsPostProcessor.logTo:225 -For additional web related logging consider setting the 'logging.level.web' property to 'DEBUG'
2020-04-19 21:33:42.280 INFO  [restartedMain]o.s.boot.web.embedded.tomcat.TomcatWebServer.initialize:92 -Tomcat initialized with port(s): 8080 (http)
2020-04-19 21:33:42.296 INFO  [restartedMain]org.apache.coyote.http11.Http11NioProtocol.log:173 -Initializing ProtocolHandler ["http-nio-8080"]
2020-04-19 21:33:42.296 INFO  [restartedMain]org.apache.catalina.core.StandardService.log:173 -Starting service [Tomcat]
2020-04-19 21:33:42.296 INFO  [restartedMain]org.apache.catalina.core.StandardEngine.log:173 -Starting Servlet engine: [Apache Tomcat/9.0.31]
2020-04-19 21:33:42.561 INFO  [restartedMain]o.a.catalina.core.ContainerBase.[Tomcat].[localhost].[/].log:173 -Initializing Spring embedded WebApplicationContext
2020-04-19 21:33:42.561 INFO  [restartedMain]org.springframework.web.context.ContextLoader.prepareWebApplicationContext:284 -Root WebApplicationContext: initialization completed in 2465 ms
2020-04-19 21:33:42.888 INFO  [restartedMain]c.a.d.s.boot.autoconfigure.DruidDataSourceAutoConfigure.dataSource:56 -Init DruidDataSource
2020-04-19 21:33:46.305 INFO  [restartedMain]com.alibaba.druid.pool.DruidDataSource.init:930 -{dataSource-1} inited
2020-04-19 21:33:47.381 INFO  [restartedMain]o.s.security.web.DefaultSecurityFilterChain.<init>:43 -Creating filter chain: Ant [pattern='/css/**'], []
2020-04-19 21:33:47.381 INFO  [restartedMain]o.s.security.web.DefaultSecurityFilterChain.<init>:43 -Creating filter chain: Ant [pattern='/js/**,/static/**'], []
2020-04-19 21:33:47.818 INFO  [restartedMain]o.s.security.web.DefaultSecurityFilterChain.<init>:43 -Creating filter chain: any request, [org.springframework.security.web.context.request.async.WebAsyncManagerIntegrationFilter@7cf71bda, org.springframework.security.web.context.SecurityContextPersistenceFilter@7753d3b2, org.springframework.security.web.header.HeaderWriterFilter@770eae32, org.springframework.web.filter.CorsFilter@19da9448, org.springframework.security.web.authentication.logout.LogoutFilter@37bb475c, com.hnxx.zy.clms.security.jwt.JwtAuthTokenFilter@1651ea40, org.springframework.security.web.authentication.UsernamePasswordAuthenticationFilter@3e069174, org.springframework.security.web.savedrequest.RequestCacheAwareFilter@2e175023, org.springframework.security.web.servletapi.SecurityContextHolderAwareRequestFilter@55c0bb37, org.springframework.security.web.authentication.AnonymousAuthenticationFilter@2bce304c, org.springframework.security.web.session.SessionManagementFilter@40e77e96, org.springframework.security.web.access.ExceptionTranslationFilter@409873bf, org.springframework.security.web.access.intercept.FilterSecurityInterceptor@2e93be4a]
2020-04-19 21:33:47.912 INFO  [restartedMain]o.s.scheduling.concurrent.ThreadPoolTaskExecutor.initialize:181 -Initializing ExecutorService 'applicationTaskExecutor'
2020-04-19 21:33:48.317 INFO  [restartedMain]o.s.scheduling.concurrent.ThreadPoolTaskScheduler.initialize:181 -Initializing ExecutorService 'taskScheduler'
2020-04-19 21:33:48.458 INFO  [restartedMain]o.s.boot.devtools.autoconfigure.OptionalLiveReloadServer.startServer:58 -LiveReload server is running on port 35729
2020-04-19 21:33:48.504 INFO  [restartedMain]org.apache.coyote.http11.Http11NioProtocol.log:173 -Starting ProtocolHandler ["http-nio-8080"]
2020-04-19 21:33:48.520 INFO  [restartedMain]o.s.boot.web.embedded.tomcat.TomcatWebServer.start:204 -Tomcat started on port(s): 8080 (http) with context path ''
2020-04-19 21:33:48.536 INFO  [restartedMain]com.hnxx.zy.clms.ClmsApplication.logStarted:61 -Started ClmsApplication in 9.653 seconds (JVM running for 12.681)
2020-04-19 21:52:07.469 INFO  [http-nio-8080-exec-1]o.a.catalina.core.ContainerBase.[Tomcat].[localhost].[/].log:173 -Initializing Spring DispatcherServlet 'dispatcherServlet'
2020-04-19 21:52:07.469 INFO  [http-nio-8080-exec-1]org.springframework.web.servlet.DispatcherServlet.initServletBean:525 -Initializing Servlet 'dispatcherServlet'
2020-04-19 21:52:07.486 INFO  [http-nio-8080-exec-1]org.springframework.web.servlet.DispatcherServlet.initServletBean:547 -Completed initialization in 16 ms
2020-04-19 21:52:10.891 INFO  [http-nio-8080-exec-2]com.hnxx.zy.clms.common.aspect.RequestAspect.printRequestLog:142 -请求地址 : /articleType/getList
2020-04-19 21:52:10.894 INFO  [http-nio-8080-exec-2]com.hnxx.zy.clms.common.aspect.RequestAspect.printRequestLog:143 -请求方式 : GET
2020-04-19 21:52:10.902 INFO  [http-nio-8080-exec-2]com.hnxx.zy.clms.common.aspect.RequestAspect.printRequestLog:146 -IP : 127.0.0.1
2020-04-19 21:52:10.905 INFO  [http-nio-8080-exec-2]com.hnxx.zy.clms.common.aspect.RequestAspect.printRequestLog:148 -方法 : com.hnxx.zy.clms.controller.ArticleTypeController.getList
2020-04-19 21:52:10.906 INFO  [http-nio-8080-exec-2]com.hnxx.zy.clms.common.aspect.RequestAspect.printRequestLog:152 -请求参数：******
2020-04-19 21:52:10.990 INFO  [http-nio-8080-exec-2]com.hnxx.zy.clms.common.aspect.RequestAspect.doAround:91 -耗时 : 100
2020-04-19 21:52:11.001 INFO  [http-nio-8080-exec-2]com.hnxx.zy.clms.common.aspect.RequestAspect.doAfterReturning:109 -返回值:"******"
2020-04-19 21:52:15.394 INFO  [http-nio-8080-exec-3]com.hnxx.zy.clms.common.aspect.RequestAspect.printRequestLog:142 -请求地址 : /classes/all/1/10
2020-04-19 21:52:15.397 INFO  [http-nio-8080-exec-3]com.hnxx.zy.clms.common.aspect.RequestAspect.printRequestLog:143 -请求方式 : GET
2020-04-19 21:52:15.398 INFO  [http-nio-8080-exec-3]com.hnxx.zy.clms.common.aspect.RequestAspect.printRequestLog:146 -IP : 127.0.0.1
2020-04-19 21:52:15.401 INFO  [http-nio-8080-exec-3]com.hnxx.zy.clms.common.aspect.RequestAspect.printRequestLog:148 -方法 : com.hnxx.zy.clms.controller.ClassesController.findAllClassesByPage
2020-04-19 21:52:15.404 INFO  [http-nio-8080-exec-3]com.hnxx.zy.clms.common.aspect.RequestAspect.printRequestLog:152 -请求参数：******
2020-04-19 21:52:15.713 INFO  [http-nio-8080-exec-3]com.hnxx.zy.clms.common.aspect.RequestAspect.doAround:91 -耗时 : 319
2020-04-19 21:52:15.729 INFO  [http-nio-8080-exec-3]com.hnxx.zy.clms.common.aspect.RequestAspect.doAfterReturning:109 -返回值:"******"
2020-04-19 21:54:35.762 INFO  [http-nio-8080-exec-4]com.hnxx.zy.clms.common.aspect.RequestAspect.printRequestLog:142 -请求地址 : /college/all/1/10
2020-04-19 21:54:35.764 INFO  [http-nio-8080-exec-4]com.hnxx.zy.clms.common.aspect.RequestAspect.printRequestLog:143 -请求方式 : GET
2020-04-19 21:54:35.765 INFO  [http-nio-8080-exec-4]com.hnxx.zy.clms.common.aspect.RequestAspect.printRequestLog:146 -IP : 127.0.0.1
2020-04-19 21:54:35.766 INFO  [http-nio-8080-exec-4]com.hnxx.zy.clms.common.aspect.RequestAspect.printRequestLog:148 -方法 : com.hnxx.zy.clms.controller.CollegeController.findAllByPage
2020-04-19 21:54:35.767 INFO  [http-nio-8080-exec-4]com.hnxx.zy.clms.common.aspect.RequestAspect.printRequestLog:152 -请求参数：******
2020-04-19 21:54:35.967 INFO  [http-nio-8080-exec-4]com.hnxx.zy.clms.common.aspect.RequestAspect.doAround:91 -耗时 : 205
2020-04-19 21:54:35.983 INFO  [http-nio-8080-exec-4]com.hnxx.zy.clms.common.aspect.RequestAspect.doAfterReturning:109 -返回值:"******"
2020-04-19 21:54:37.620 INFO  [http-nio-8080-exec-5]com.hnxx.zy.clms.common.aspect.RequestAspect.printRequestLog:142 -请求地址 : /group/all/1/10
2020-04-19 21:54:37.621 INFO  [http-nio-8080-exec-5]com.hnxx.zy.clms.common.aspect.RequestAspect.printRequestLog:143 -请求方式 : GET
2020-04-19 21:54:37.622 INFO  [http-nio-8080-exec-5]com.hnxx.zy.clms.common.aspect.RequestAspect.printRequestLog:146 -IP : 127.0.0.1
2020-04-19 21:54:37.623 INFO  [http-nio-8080-exec-5]com.hnxx.zy.clms.common.aspect.RequestAspect.printRequestLog:148 -方法 : com.hnxx.zy.clms.controller.GroupController.findAllByPage
2020-04-19 21:54:37.625 INFO  [http-nio-8080-exec-5]com.hnxx.zy.clms.common.aspect.RequestAspect.printRequestLog:152 -请求参数：******
2020-04-19 21:54:37.851 INFO  [http-nio-8080-exec-5]com.hnxx.zy.clms.common.aspect.RequestAspect.doAround:91 -耗时 : 231
2020-04-19 21:54:37.854 INFO  [http-nio-8080-exec-5]com.hnxx.zy.clms.common.aspect.RequestAspect.doAfterReturning:109 -返回值:"******"
2020-04-19 21:54:40.027 INFO  [http-nio-8080-exec-6]com.hnxx.zy.clms.common.aspect.RequestAspect.printRequestLog:142 -请求地址 : /position/all/1/10
2020-04-19 21:54:40.029 INFO  [http-nio-8080-exec-6]com.hnxx.zy.clms.common.aspect.RequestAspect.printRequestLog:143 -请求方式 : GET
2020-04-19 21:54:40.030 INFO  [http-nio-8080-exec-6]com.hnxx.zy.clms.common.aspect.RequestAspect.printRequestLog:146 -IP : 127.0.0.1
2020-04-19 21:54:40.031 INFO  [http-nio-8080-exec-6]com.hnxx.zy.clms.common.aspect.RequestAspect.printRequestLog:148 -方法 : com.hnxx.zy.clms.controller.PositionController.findAllByPage
2020-04-19 21:54:40.032 INFO  [http-nio-8080-exec-6]com.hnxx.zy.clms.common.aspect.RequestAspect.printRequestLog:152 -请求参数：******
2020-04-19 21:54:40.250 INFO  [http-nio-8080-exec-6]com.hnxx.zy.clms.common.aspect.RequestAspect.doAround:91 -耗时 : 223
2020-04-19 21:54:40.250 INFO  [http-nio-8080-exec-6]com.hnxx.zy.clms.common.aspect.RequestAspect.doAfterReturning:109 -返回值:"******"
2020-04-19 21:54:43.464 INFO  [http-nio-8080-exec-7]com.hnxx.zy.clms.common.aspect.RequestAspect.printRequestLog:142 -请求地址 : /classes/all/1/10
2020-04-19 21:54:43.465 INFO  [http-nio-8080-exec-7]com.hnxx.zy.clms.common.aspect.RequestAspect.printRequestLog:143 -请求方式 : GET
2020-04-19 21:54:43.467 INFO  [http-nio-8080-exec-7]com.hnxx.zy.clms.common.aspect.RequestAspect.printRequestLog:146 -IP : 127.0.0.1
2020-04-19 21:54:43.468 INFO  [http-nio-8080-exec-7]com.hnxx.zy.clms.common.aspect.RequestAspect.printRequestLog:148 -方法 : com.hnxx.zy.clms.controller.ClassesController.findAllClassesByPage
2020-04-19 21:54:43.469 INFO  [http-nio-8080-exec-7]com.hnxx.zy.clms.common.aspect.RequestAspect.printRequestLog:152 -请求参数：******
2020-04-19 21:54:43.674 INFO  [http-nio-8080-exec-7]com.hnxx.zy.clms.common.aspect.RequestAspect.doAround:91 -耗时 : 210
2020-04-19 21:54:43.674 INFO  [http-nio-8080-exec-7]com.hnxx.zy.clms.common.aspect.RequestAspect.doAfterReturning:109 -返回值:"******"
2020-04-19 21:56:53.907 INFO  [http-nio-8080-exec-8]com.hnxx.zy.clms.common.aspect.RequestAspect.printRequestLog:142 -请求地址 : /position/all/1/10
2020-04-19 21:56:53.908 INFO  [http-nio-8080-exec-8]com.hnxx.zy.clms.common.aspect.RequestAspect.printRequestLog:143 -请求方式 : GET
2020-04-19 21:56:53.909 INFO  [http-nio-8080-exec-8]com.hnxx.zy.clms.common.aspect.RequestAspect.printRequestLog:146 -IP : 127.0.0.1
2020-04-19 21:56:53.909 INFO  [http-nio-8080-exec-8]com.hnxx.zy.clms.common.aspect.RequestAspect.printRequestLog:148 -方法 : com.hnxx.zy.clms.controller.PositionController.findAllByPage
2020-04-19 21:56:53.910 INFO  [http-nio-8080-exec-8]com.hnxx.zy.clms.common.aspect.RequestAspect.printRequestLog:152 -请求参数：******
2020-04-19 21:56:54.507 INFO  [http-nio-8080-exec-8]com.hnxx.zy.clms.common.aspect.RequestAspect.doAround:91 -耗时 : 599
2020-04-19 21:56:54.507 INFO  [http-nio-8080-exec-8]com.hnxx.zy.clms.common.aspect.RequestAspect.doAfterReturning:109 -返回值:"******"
2020-04-19 21:56:55.507 INFO  [http-nio-8080-exec-9]com.hnxx.zy.clms.common.aspect.RequestAspect.printRequestLog:142 -请求地址 : /group/all/1/10
2020-04-19 21:56:55.507 INFO  [http-nio-8080-exec-9]com.hnxx.zy.clms.common.aspect.RequestAspect.printRequestLog:143 -请求方式 : GET
2020-04-19 21:56:55.508 INFO  [http-nio-8080-exec-9]com.hnxx.zy.clms.common.aspect.RequestAspect.printRequestLog:146 -IP : 127.0.0.1
2020-04-19 21:56:55.508 INFO  [http-nio-8080-exec-9]com.hnxx.zy.clms.common.aspect.RequestAspect.printRequestLog:148 -方法 : com.hnxx.zy.clms.controller.GroupController.findAllByPage
2020-04-19 21:56:55.509 INFO  [http-nio-8080-exec-9]com.hnxx.zy.clms.common.aspect.RequestAspect.printRequestLog:152 -请求参数：******
2020-04-19 21:56:55.777 INFO  [http-nio-8080-exec-9]com.hnxx.zy.clms.common.aspect.RequestAspect.doAround:91 -耗时 : 270
2020-04-19 21:56:55.779 INFO  [http-nio-8080-exec-9]com.hnxx.zy.clms.common.aspect.RequestAspect.doAfterReturning:109 -返回值:"******"
2020-04-19 21:56:57.415 INFO  [http-nio-8080-exec-10]com.hnxx.zy.clms.common.aspect.RequestAspect.printRequestLog:142 -请求地址 : /classes/all/1/10
2020-04-19 21:56:57.416 INFO  [http-nio-8080-exec-10]com.hnxx.zy.clms.common.aspect.RequestAspect.printRequestLog:143 -请求方式 : GET
2020-04-19 21:56:57.417 INFO  [http-nio-8080-exec-10]com.hnxx.zy.clms.common.aspect.RequestAspect.printRequestLog:146 -IP : 127.0.0.1
2020-04-19 21:56:57.417 INFO  [http-nio-8080-exec-10]com.hnxx.zy.clms.common.aspect.RequestAspect.printRequestLog:148 -方法 : com.hnxx.zy.clms.controller.ClassesController.findAllClassesByPage
2020-04-19 21:56:57.418 INFO  [http-nio-8080-exec-10]com.hnxx.zy.clms.common.aspect.RequestAspect.printRequestLog:152 -请求参数：******
2020-04-19 21:56:57.643 INFO  [http-nio-8080-exec-10]com.hnxx.zy.clms.common.aspect.RequestAspect.doAround:91 -耗时 : 228
2020-04-19 21:56:57.645 INFO  [http-nio-8080-exec-10]com.hnxx.zy.clms.common.aspect.RequestAspect.doAfterReturning:109 -返回值:"******"
2020-04-19 21:56:58.592 INFO  [http-nio-8080-exec-1]com.hnxx.zy.clms.common.aspect.RequestAspect.printRequestLog:142 -请求地址 : /college/all/1/10
2020-04-19 21:56:58.593 INFO  [http-nio-8080-exec-1]com.hnxx.zy.clms.common.aspect.RequestAspect.printRequestLog:143 -请求方式 : GET
2020-04-19 21:56:58.594 INFO  [http-nio-8080-exec-1]com.hnxx.zy.clms.common.aspect.RequestAspect.printRequestLog:146 -IP : 127.0.0.1
2020-04-19 21:56:58.595 INFO  [http-nio-8080-exec-1]com.hnxx.zy.clms.common.aspect.RequestAspect.printRequestLog:148 -方法 : com.hnxx.zy.clms.controller.CollegeController.findAllByPage
2020-04-19 21:56:58.595 INFO  [http-nio-8080-exec-1]com.hnxx.zy.clms.common.aspect.RequestAspect.printRequestLog:152 -请求参数：******
2020-04-19 21:56:58.791 INFO  [http-nio-8080-exec-1]com.hnxx.zy.clms.common.aspect.RequestAspect.doAround:91 -耗时 : 199
2020-04-19 21:56:58.792 INFO  [http-nio-8080-exec-1]com.hnxx.zy.clms.common.aspect.RequestAspect.doAfterReturning:109 -返回值:"******"
