2020-04-20 17:00:50.332 DEBUG [restartedMain]com.hnxx.zy.clms.ClmsApplication.logStarting:56 -Running with Spring Boot v2.2.5.RELEASE, Spring v5.2.4.RELEASE
2020-04-20 17:00:59.315 DEBUG [restartedMain]com.hnxx.zy.clms.security.jwt.JwtAuthTokenFilter.init:242 -Filter 'authenticationJwtTokenFilter' configured for use
2020-04-20 17:03:44.396 DEBUG [http-nio-8080-exec-1]com.hnxx.zy.clms.core.mapper.UserMapper.selectByName.debug:159 -==>  Preparing: select user_id,user_name,user_password,user_position_id from cl_user where user_name=? 
2020-04-20 17:03:44.437 DEBUG [http-nio-8080-exec-1]com.hnxx.zy.clms.core.mapper.UserMapper.selectByName.debug:159 -==> Parameters: admin(String)
2020-04-20 17:03:44.509 DEBUG [http-nio-8080-exec-1]com.hnxx.zy.clms.core.mapper.UserMapper.selectByName.debug:159 -<==      Total: 1
2020-04-20 17:03:45.310 DEBUG [http-nio-8080-exec-2]com.hnxx.zy.clms.core.mapper.UserMapper.selectByName.debug:159 -==>  Preparing: select user_id,user_name,user_password,user_position_id from cl_user where user_name=? 
2020-04-20 17:03:45.311 DEBUG [http-nio-8080-exec-2]com.hnxx.zy.clms.core.mapper.UserMapper.selectByName.debug:159 -==> Parameters: admin(String)
2020-04-20 17:03:45.353 DEBUG [http-nio-8080-exec-2]com.hnxx.zy.clms.core.mapper.UserMapper.selectByName.debug:159 -<==      Total: 1
2020-04-20 17:03:45.613 DEBUG [http-nio-8080-exec-2]com.hnxx.zy.clms.core.mapper.ArticleTypeMapper.getList.debug:159 -==>  Preparing: select type_id, type_name, type_count from cl_article_type where is_deleted = 0 and is_enabled = 1 
2020-04-20 17:03:45.614 DEBUG [http-nio-8080-exec-2]com.hnxx.zy.clms.core.mapper.ArticleTypeMapper.getList.debug:159 -==> Parameters: 
2020-04-20 17:03:45.661 DEBUG [http-nio-8080-exec-2]com.hnxx.zy.clms.core.mapper.ArticleTypeMapper.getList.debug:159 -<==      Total: 7
2020-04-20 17:03:45.714 DEBUG [http-nio-8080-exec-2]com.hnxx.zy.clms.core.mapper.LogMapper.save.debug:159 -==>  Preparing: insert into cl_log(log_url, log_params, log_status, log_message, log_method, log_time, log_result, log_ip) values (?, ?, ?, ?, ?, ?, ?, ?) 
2020-04-20 17:03:45.721 DEBUG [http-nio-8080-exec-2]com.hnxx.zy.clms.core.mapper.LogMapper.save.debug:159 -==> Parameters: /articleType/getList(String), ******(String), 1(Integer), null, GET(String), 108(Long), ******(String), 127.0.0.1(String)
2020-04-20 17:03:45.847 DEBUG [http-nio-8080-exec-2]com.hnxx.zy.clms.core.mapper.LogMapper.save.debug:159 -<==    Updates: 1
2020-04-20 17:03:48.010 DEBUG [http-nio-8080-exec-3]com.hnxx.zy.clms.core.mapper.UserMapper.selectByName.debug:159 -==>  Preparing: select user_id,user_name,user_password,user_position_id from cl_user where user_name=? 
2020-04-20 17:03:48.011 DEBUG [http-nio-8080-exec-3]com.hnxx.zy.clms.core.mapper.UserMapper.selectByName.debug:159 -==> Parameters: admin(String)
2020-04-20 17:03:48.045 DEBUG [http-nio-8080-exec-3]com.hnxx.zy.clms.core.mapper.UserMapper.selectByName.debug:159 -<==      Total: 1
2020-04-20 17:03:48.378 DEBUG [http-nio-8080-exec-3]c.h.z.c.c.m.ClassesMapper.findAllClassesByPage_COUNT.debug:159 -==>  Preparing: SELECT count(0) FROM cl_classes 
2020-04-20 17:03:48.379 DEBUG [http-nio-8080-exec-3]c.h.z.c.c.m.ClassesMapper.findAllClassesByPage_COUNT.debug:159 -==> Parameters: 
2020-04-20 17:03:48.422 DEBUG [http-nio-8080-exec-3]c.h.z.c.c.m.ClassesMapper.findAllClassesByPage_COUNT.debug:159 -<==      Total: 1
2020-04-20 17:03:48.425 DEBUG [http-nio-8080-exec-3]c.h.z.c.core.mapper.ClassesMapper.findAllClassesByPage.debug:159 -==>  Preparing: select * from cl_classes LIMIT ? 
2020-04-20 17:03:48.426 DEBUG [http-nio-8080-exec-3]c.h.z.c.core.mapper.ClassesMapper.findAllClassesByPage.debug:159 -==> Parameters: 10(Integer)
2020-04-20 17:03:48.460 DEBUG [http-nio-8080-exec-3]c.h.z.c.core.mapper.ClassesMapper.findAllClassesByPage.debug:159 -<==      Total: 10
2020-04-20 17:03:48.654 DEBUG [http-nio-8080-exec-3]com.hnxx.zy.clms.core.mapper.LogMapper.save.debug:159 -==>  Preparing: insert into cl_log(log_url, log_params, log_status, log_message, log_method, log_time, log_result, log_ip) values (?, ?, ?, ?, ?, ?, ?, ?) 
2020-04-20 17:03:48.655 DEBUG [http-nio-8080-exec-3]com.hnxx.zy.clms.core.mapper.LogMapper.save.debug:159 -==> Parameters: /classes/all/1/10(String), ******(String), 1(Integer), null, GET(String), 407(Long), ******(String), 127.0.0.1(String)
2020-04-20 17:03:48.739 DEBUG [http-nio-8080-exec-3]com.hnxx.zy.clms.core.mapper.LogMapper.save.debug:159 -<==    Updates: 1
2020-04-20 17:03:50.908 DEBUG [http-nio-8080-exec-4]com.hnxx.zy.clms.core.mapper.UserMapper.selectByName.debug:159 -==>  Preparing: select user_id,user_name,user_password,user_position_id from cl_user where user_name=? 
2020-04-20 17:03:50.910 DEBUG [http-nio-8080-exec-4]com.hnxx.zy.clms.core.mapper.UserMapper.selectByName.debug:159 -==> Parameters: admin(String)
2020-04-20 17:03:50.943 DEBUG [http-nio-8080-exec-4]com.hnxx.zy.clms.core.mapper.UserMapper.selectByName.debug:159 -<==      Total: 1
2020-04-20 17:03:51.203 DEBUG [http-nio-8080-exec-4]c.h.z.clms.core.mapper.CollegeMapper.findAllByPage_COUNT.debug:159 -==>  Preparing: SELECT count(0) FROM cl_college 
2020-04-20 17:03:51.205 DEBUG [http-nio-8080-exec-4]c.h.z.clms.core.mapper.CollegeMapper.findAllByPage_COUNT.debug:159 -==> Parameters: 
2020-04-20 17:03:51.239 DEBUG [http-nio-8080-exec-4]c.h.z.clms.core.mapper.CollegeMapper.findAllByPage_COUNT.debug:159 -<==      Total: 1
2020-04-20 17:03:51.242 DEBUG [http-nio-8080-exec-4]com.hnxx.zy.clms.core.mapper.CollegeMapper.findAllByPage.debug:159 -==>  Preparing: select * from cl_college LIMIT ? 
2020-04-20 17:03:51.244 DEBUG [http-nio-8080-exec-4]com.hnxx.zy.clms.core.mapper.CollegeMapper.findAllByPage.debug:159 -==> Parameters: 10(Integer)
2020-04-20 17:03:51.277 DEBUG [http-nio-8080-exec-4]com.hnxx.zy.clms.core.mapper.CollegeMapper.findAllByPage.debug:159 -<==      Total: 1
2020-04-20 17:03:51.398 DEBUG [http-nio-8080-exec-4]com.hnxx.zy.clms.core.mapper.LogMapper.save.debug:159 -==>  Preparing: insert into cl_log(log_url, log_params, log_status, log_message, log_method, log_time, log_result, log_ip) values (?, ?, ?, ?, ?, ?, ?, ?) 
2020-04-20 17:03:51.402 DEBUG [http-nio-8080-exec-4]com.hnxx.zy.clms.core.mapper.LogMapper.save.debug:159 -==> Parameters: /college/all/1/10(String), ******(String), 1(Integer), null, GET(String), 252(Long), ******(String), 127.0.0.1(String)
2020-04-20 17:03:51.471 DEBUG [http-nio-8080-exec-4]com.hnxx.zy.clms.core.mapper.LogMapper.save.debug:159 -<==    Updates: 1
2020-04-20 17:03:53.344 DEBUG [http-nio-8080-exec-5]com.hnxx.zy.clms.core.mapper.UserMapper.selectByName.debug:159 -==>  Preparing: select user_id,user_name,user_password,user_position_id from cl_user where user_name=? 
2020-04-20 17:03:53.346 DEBUG [http-nio-8080-exec-5]com.hnxx.zy.clms.core.mapper.UserMapper.selectByName.debug:159 -==> Parameters: admin(String)
2020-04-20 17:03:53.385 DEBUG [http-nio-8080-exec-5]com.hnxx.zy.clms.core.mapper.UserMapper.selectByName.debug:159 -<==      Total: 1
2020-04-20 17:03:53.619 DEBUG [http-nio-8080-exec-5]c.h.zy.clms.core.mapper.GroupMapper.findAllByPage_COUNT.debug:159 -==>  Preparing: SELECT count(0) FROM cl_group 
2020-04-20 17:03:53.621 DEBUG [http-nio-8080-exec-5]c.h.zy.clms.core.mapper.GroupMapper.findAllByPage_COUNT.debug:159 -==> Parameters: 
2020-04-20 17:03:53.716 DEBUG [http-nio-8080-exec-5]c.h.zy.clms.core.mapper.GroupMapper.findAllByPage_COUNT.debug:159 -<==      Total: 1
2020-04-20 17:03:53.719 DEBUG [http-nio-8080-exec-5]com.hnxx.zy.clms.core.mapper.GroupMapper.findAllByPage.debug:159 -==>  Preparing: select * from cl_group LIMIT ? 
2020-04-20 17:03:53.722 DEBUG [http-nio-8080-exec-5]com.hnxx.zy.clms.core.mapper.GroupMapper.findAllByPage.debug:159 -==> Parameters: 10(Integer)
2020-04-20 17:03:53.759 DEBUG [http-nio-8080-exec-5]com.hnxx.zy.clms.core.mapper.GroupMapper.findAllByPage.debug:159 -<==      Total: 1
2020-04-20 17:03:53.878 DEBUG [http-nio-8080-exec-5]com.hnxx.zy.clms.core.mapper.LogMapper.save.debug:159 -==>  Preparing: insert into cl_log(log_url, log_params, log_status, log_message, log_method, log_time, log_result, log_ip) values (?, ?, ?, ?, ?, ?, ?, ?) 
2020-04-20 17:03:53.881 DEBUG [http-nio-8080-exec-5]com.hnxx.zy.clms.core.mapper.LogMapper.save.debug:159 -==> Parameters: /group/all/1/10(String), ******(String), 1(Integer), null, GET(String), 292(Long), ******(String), 127.0.0.1(String)
2020-04-20 17:03:53.951 DEBUG [http-nio-8080-exec-5]com.hnxx.zy.clms.core.mapper.LogMapper.save.debug:159 -<==    Updates: 1
2020-04-20 17:03:55.987 DEBUG [http-nio-8080-exec-6]com.hnxx.zy.clms.core.mapper.UserMapper.selectByName.debug:159 -==>  Preparing: select user_id,user_name,user_password,user_position_id from cl_user where user_name=? 
2020-04-20 17:03:55.989 DEBUG [http-nio-8080-exec-6]com.hnxx.zy.clms.core.mapper.UserMapper.selectByName.debug:159 -==> Parameters: admin(String)
2020-04-20 17:03:56.023 DEBUG [http-nio-8080-exec-6]com.hnxx.zy.clms.core.mapper.UserMapper.selectByName.debug:159 -<==      Total: 1
2020-04-20 17:03:56.260 DEBUG [http-nio-8080-exec-6]c.h.z.c.core.mapper.PositionMapper.findAllByPage_COUNT.debug:159 -==>  Preparing: SELECT count(0) FROM cl_position 
2020-04-20 17:03:56.261 DEBUG [http-nio-8080-exec-6]c.h.z.c.core.mapper.PositionMapper.findAllByPage_COUNT.debug:159 -==> Parameters: 
2020-04-20 17:03:56.294 DEBUG [http-nio-8080-exec-6]c.h.z.c.core.mapper.PositionMapper.findAllByPage_COUNT.debug:159 -<==      Total: 1
2020-04-20 17:03:56.296 DEBUG [http-nio-8080-exec-6]c.hnxx.zy.clms.core.mapper.PositionMapper.findAllByPage.debug:159 -==>  Preparing: select * from cl_position LIMIT ? 
2020-04-20 17:03:56.297 DEBUG [http-nio-8080-exec-6]c.hnxx.zy.clms.core.mapper.PositionMapper.findAllByPage.debug:159 -==> Parameters: 10(Integer)
2020-04-20 17:03:56.332 DEBUG [http-nio-8080-exec-6]c.hnxx.zy.clms.core.mapper.PositionMapper.findAllByPage.debug:159 -<==      Total: 1
2020-04-20 17:03:56.441 DEBUG [http-nio-8080-exec-6]com.hnxx.zy.clms.core.mapper.LogMapper.save.debug:159 -==>  Preparing: insert into cl_log(log_url, log_params, log_status, log_message, log_method, log_time, log_result, log_ip) values (?, ?, ?, ?, ?, ?, ?, ?) 
2020-04-20 17:03:56.443 DEBUG [http-nio-8080-exec-6]com.hnxx.zy.clms.core.mapper.LogMapper.save.debug:159 -==> Parameters: /position/all/1/10(String), ******(String), 1(Integer), null, GET(String), 254(Long), ******(String), 127.0.0.1(String)
2020-04-20 17:03:56.515 DEBUG [http-nio-8080-exec-6]com.hnxx.zy.clms.core.mapper.LogMapper.save.debug:159 -<==    Updates: 1
2020-04-20 17:12:19.721 DEBUG [http-nio-8080-exec-7]com.hnxx.zy.clms.core.mapper.UserMapper.selectByName.debug:159 -==>  Preparing: select user_id,user_name,user_password,user_position_id from cl_user where user_name=? 
2020-04-20 17:12:19.722 DEBUG [http-nio-8080-exec-7]com.hnxx.zy.clms.core.mapper.UserMapper.selectByName.debug:159 -==> Parameters: admin(String)
2020-04-20 17:12:19.761 DEBUG [http-nio-8080-exec-7]com.hnxx.zy.clms.core.mapper.UserMapper.selectByName.debug:159 -<==      Total: 1
2020-04-20 17:12:19.936 DEBUG [http-nio-8080-exec-7]com.hnxx.zy.clms.core.mapper.ArticleTypeMapper.getList.debug:159 -==>  Preparing: select type_id, type_name, type_count from cl_article_type where is_deleted = 0 and is_enabled = 1 
2020-04-20 17:12:19.937 DEBUG [http-nio-8080-exec-7]com.hnxx.zy.clms.core.mapper.ArticleTypeMapper.getList.debug:159 -==> Parameters: 
2020-04-20 17:12:19.973 DEBUG [http-nio-8080-exec-7]com.hnxx.zy.clms.core.mapper.ArticleTypeMapper.getList.debug:159 -<==      Total: 7
2020-04-20 17:12:20.021 DEBUG [http-nio-8080-exec-7]com.hnxx.zy.clms.core.mapper.LogMapper.save.debug:159 -==>  Preparing: insert into cl_log(log_url, log_params, log_status, log_message, log_method, log_time, log_result, log_ip) values (?, ?, ?, ?, ?, ?, ?, ?) 
2020-04-20 17:12:20.022 DEBUG [http-nio-8080-exec-7]com.hnxx.zy.clms.core.mapper.LogMapper.save.debug:159 -==> Parameters: /articleType/getList(String), ******(String), 1(Integer), null, GET(String), 81(Long), ******(String), 127.0.0.1(String)
2020-04-20 17:12:20.097 DEBUG [http-nio-8080-exec-7]com.hnxx.zy.clms.core.mapper.LogMapper.save.debug:159 -<==    Updates: 1
2020-04-20 17:12:20.740 DEBUG [http-nio-8080-exec-8]com.hnxx.zy.clms.core.mapper.UserMapper.selectByName.debug:159 -==>  Preparing: select user_id,user_name,user_password,user_position_id from cl_user where user_name=? 
2020-04-20 17:12:20.741 DEBUG [http-nio-8080-exec-8]com.hnxx.zy.clms.core.mapper.UserMapper.selectByName.debug:159 -==> Parameters: admin(String)
2020-04-20 17:12:21.079 DEBUG [http-nio-8080-exec-8]com.hnxx.zy.clms.core.mapper.UserMapper.selectByName.debug:159 -<==      Total: 1
2020-04-20 17:12:21.277 DEBUG [http-nio-8080-exec-8]c.h.z.c.core.mapper.PositionMapper.findAllByPage_COUNT.debug:159 -==>  Preparing: SELECT count(0) FROM cl_position 
2020-04-20 17:12:21.279 DEBUG [http-nio-8080-exec-8]c.h.z.c.core.mapper.PositionMapper.findAllByPage_COUNT.debug:159 -==> Parameters: 
2020-04-20 17:12:21.313 DEBUG [http-nio-8080-exec-8]c.h.z.c.core.mapper.PositionMapper.findAllByPage_COUNT.debug:159 -<==      Total: 1
2020-04-20 17:12:21.314 DEBUG [http-nio-8080-exec-8]c.hnxx.zy.clms.core.mapper.PositionMapper.findAllByPage.debug:159 -==>  Preparing: select * from cl_position LIMIT ? 
2020-04-20 17:12:21.315 DEBUG [http-nio-8080-exec-8]c.hnxx.zy.clms.core.mapper.PositionMapper.findAllByPage.debug:159 -==> Parameters: 10(Integer)
2020-04-20 17:12:21.348 DEBUG [http-nio-8080-exec-8]c.hnxx.zy.clms.core.mapper.PositionMapper.findAllByPage.debug:159 -<==      Total: 1
2020-04-20 17:12:21.447 DEBUG [http-nio-8080-exec-8]com.hnxx.zy.clms.core.mapper.LogMapper.save.debug:159 -==>  Preparing: insert into cl_log(log_url, log_params, log_status, log_message, log_method, log_time, log_result, log_ip) values (?, ?, ?, ?, ?, ?, ?, ?) 
2020-04-20 17:12:21.448 DEBUG [http-nio-8080-exec-8]com.hnxx.zy.clms.core.mapper.LogMapper.save.debug:159 -==> Parameters: /position/all/1/10(String), ******(String), 1(Integer), null, GET(String), 211(Long), ******(String), 127.0.0.1(String)
2020-04-20 17:12:21.514 DEBUG [http-nio-8080-exec-8]com.hnxx.zy.clms.core.mapper.LogMapper.save.debug:159 -<==    Updates: 1
2020-04-20 17:14:44.063 DEBUG [http-nio-8080-exec-9]com.hnxx.zy.clms.core.mapper.UserMapper.selectByName.debug:159 -==>  Preparing: select user_id,user_name,user_password,user_position_id from cl_user where user_name=? 
2020-04-20 17:14:44.064 DEBUG [http-nio-8080-exec-9]com.hnxx.zy.clms.core.mapper.UserMapper.selectByName.debug:159 -==> Parameters: admin(String)
2020-04-20 17:14:44.097 DEBUG [http-nio-8080-exec-9]com.hnxx.zy.clms.core.mapper.UserMapper.selectByName.debug:159 -<==      Total: 1
2020-04-20 17:14:44.290 DEBUG [http-nio-8080-exec-9]com.hnxx.zy.clms.core.mapper.ArticleTypeMapper.getAll.debug:159 -==>  Preparing: select * from cl_article_type where is_deleted = 0 
2020-04-20 17:14:44.293 DEBUG [http-nio-8080-exec-9]com.hnxx.zy.clms.core.mapper.ArticleTypeMapper.getAll.debug:159 -==> Parameters: 
2020-04-20 17:14:44.348 DEBUG [http-nio-8080-exec-9]com.hnxx.zy.clms.core.mapper.ArticleTypeMapper.getAll.debug:159 -<==      Total: 8
2020-04-20 17:14:44.389 DEBUG [http-nio-8080-exec-9]com.hnxx.zy.clms.core.mapper.LogMapper.save.debug:159 -==>  Preparing: insert into cl_log(log_url, log_params, log_status, log_message, log_method, log_time, log_result, log_ip) values (?, ?, ?, ?, ?, ?, ?, ?) 
2020-04-20 17:14:44.391 DEBUG [http-nio-8080-exec-9]com.hnxx.zy.clms.core.mapper.LogMapper.save.debug:159 -==> Parameters: /articleType/getAll(String), ******(String), 1(Integer), null, GET(String), 107(Long), ******(String), 127.0.0.1(String)
2020-04-20 17:14:44.458 DEBUG [http-nio-8080-exec-9]com.hnxx.zy.clms.core.mapper.LogMapper.save.debug:159 -<==    Updates: 1
2020-04-20 17:14:47.126 DEBUG [http-nio-8080-exec-10]com.hnxx.zy.clms.core.mapper.UserMapper.selectByName.debug:159 -==>  Preparing: select user_id,user_name,user_password,user_position_id from cl_user where user_name=? 
2020-04-20 17:14:47.128 DEBUG [http-nio-8080-exec-10]com.hnxx.zy.clms.core.mapper.UserMapper.selectByName.debug:159 -==> Parameters: admin(String)
2020-04-20 17:14:47.164 DEBUG [http-nio-8080-exec-10]com.hnxx.zy.clms.core.mapper.UserMapper.selectByName.debug:159 -<==      Total: 1
2020-04-20 17:14:47.487 DEBUG [http-nio-8080-exec-10]com.hnxx.zy.clms.core.mapper.ArticleMapper.getByPage.debug:159 -==>  Preparing: select a.*, t.type_name from cl_article a left join cl_article_type t on a.article_type = t.type_id where a.is_deleted = 0 order by created_time asc limit ?, ? 
2020-04-20 17:14:47.490 DEBUG [http-nio-8080-exec-10]com.hnxx.zy.clms.core.mapper.ArticleMapper.getByPage.debug:159 -==> Parameters: 0(Integer), 10(Integer)
2020-04-20 17:14:47.635 DEBUG [http-nio-8080-exec-10]com.hnxx.zy.clms.core.mapper.ArticleMapper.getByPage.debug:159 -<==      Total: 10
2020-04-20 17:14:47.640 DEBUG [http-nio-8080-exec-10]c.hnxx.zy.clms.core.mapper.ArticleMapper.getCountByPage.debug:159 -==>  Preparing: select count(*) from cl_article where is_deleted = 0 
2020-04-20 17:14:47.642 DEBUG [http-nio-8080-exec-10]c.hnxx.zy.clms.core.mapper.ArticleMapper.getCountByPage.debug:159 -==> Parameters: 
2020-04-20 17:14:47.675 DEBUG [http-nio-8080-exec-10]c.hnxx.zy.clms.core.mapper.ArticleMapper.getCountByPage.debug:159 -<==      Total: 1
2020-04-20 17:14:47.872 DEBUG [http-nio-8080-exec-10]com.hnxx.zy.clms.core.mapper.LogMapper.save.debug:159 -==>  Preparing: insert into cl_log(log_url, log_params, log_status, log_message, log_method, log_time, log_result, log_ip) values (?, ?, ?, ?, ?, ?, ?, ?) 
2020-04-20 17:14:47.874 DEBUG [http-nio-8080-exec-10]com.hnxx.zy.clms.core.mapper.LogMapper.save.debug:159 -==> Parameters: /article/getByPage(String), ******(String), 1(Integer), null, POST(String), 424(Long), ******(String), 127.0.0.1(String)
2020-04-20 17:14:47.947 DEBUG [http-nio-8080-exec-10]com.hnxx.zy.clms.core.mapper.LogMapper.save.debug:159 -<==    Updates: 1
2020-04-20 17:15:05.207 DEBUG [http-nio-8080-exec-1]com.hnxx.zy.clms.core.mapper.UserMapper.selectByName.debug:159 -==>  Preparing: select user_id,user_name,user_password,user_position_id from cl_user where user_name=? 
2020-04-20 17:15:05.208 DEBUG [http-nio-8080-exec-1]com.hnxx.zy.clms.core.mapper.UserMapper.selectByName.debug:159 -==> Parameters: admin(String)
2020-04-20 17:15:05.241 DEBUG [http-nio-8080-exec-1]com.hnxx.zy.clms.core.mapper.UserMapper.selectByName.debug:159 -<==      Total: 1
2020-04-20 17:15:05.444 DEBUG [http-nio-8080-exec-1]com.hnxx.zy.clms.core.mapper.ArticleMapper.getByPage.debug:159 -==>  Preparing: select a.*, t.type_name from cl_article a left join cl_article_type t on a.article_type = t.type_id where a.is_deleted = 0 order by created_time asc limit ?, ? 
2020-04-20 17:15:05.445 DEBUG [http-nio-8080-exec-1]com.hnxx.zy.clms.core.mapper.ArticleMapper.getByPage.debug:159 -==> Parameters: 0(Integer), 10(Integer)
2020-04-20 17:15:05.564 DEBUG [http-nio-8080-exec-1]com.hnxx.zy.clms.core.mapper.ArticleMapper.getByPage.debug:159 -<==      Total: 10
2020-04-20 17:15:05.566 DEBUG [http-nio-8080-exec-1]c.hnxx.zy.clms.core.mapper.ArticleMapper.getCountByPage.debug:159 -==>  Preparing: select count(*) from cl_article where is_deleted = 0 
2020-04-20 17:15:05.568 DEBUG [http-nio-8080-exec-1]c.hnxx.zy.clms.core.mapper.ArticleMapper.getCountByPage.debug:159 -==> Parameters: 
2020-04-20 17:15:05.601 DEBUG [http-nio-8080-exec-1]c.hnxx.zy.clms.core.mapper.ArticleMapper.getCountByPage.debug:159 -<==      Total: 1
2020-04-20 17:15:05.754 DEBUG [http-nio-8080-exec-1]com.hnxx.zy.clms.core.mapper.LogMapper.save.debug:159 -==>  Preparing: insert into cl_log(log_url, log_params, log_status, log_message, log_method, log_time, log_result, log_ip) values (?, ?, ?, ?, ?, ?, ?, ?) 
2020-04-20 17:15:05.755 DEBUG [http-nio-8080-exec-1]com.hnxx.zy.clms.core.mapper.LogMapper.save.debug:159 -==> Parameters: /article/getByPage(String), ******(String), 1(Integer), null, POST(String), 340(Long), ******(String), 127.0.0.1(String)
2020-04-20 17:15:05.823 DEBUG [http-nio-8080-exec-1]com.hnxx.zy.clms.core.mapper.LogMapper.save.debug:159 -<==    Updates: 1
2020-04-20 17:15:08.494 DEBUG [http-nio-8080-exec-2]com.hnxx.zy.clms.core.mapper.UserMapper.selectByName.debug:159 -==>  Preparing: select user_id,user_name,user_password,user_position_id from cl_user where user_name=? 
2020-04-20 17:15:08.496 DEBUG [http-nio-8080-exec-2]com.hnxx.zy.clms.core.mapper.UserMapper.selectByName.debug:159 -==> Parameters: admin(String)
2020-04-20 17:15:08.528 DEBUG [http-nio-8080-exec-2]com.hnxx.zy.clms.core.mapper.UserMapper.selectByName.debug:159 -<==      Total: 1
2020-04-20 17:15:08.712 DEBUG [http-nio-8080-exec-2]com.hnxx.zy.clms.core.mapper.ArticleMapper.getById.debug:159 -==>  Preparing: select a.*, t.type_name from cl_article a left join cl_article_type t on a.article_type = t.type_id where a.article_id = ? and a.is_deleted = 0 
2020-04-20 17:15:08.713 DEBUG [http-nio-8080-exec-2]com.hnxx.zy.clms.core.mapper.ArticleMapper.getById.debug:159 -==> Parameters: 1(Integer)
2020-04-20 17:15:08.750 DEBUG [http-nio-8080-exec-2]com.hnxx.zy.clms.core.mapper.ArticleMapper.getById.debug:159 -<==      Total: 1
2020-04-20 17:15:08.791 DEBUG [http-nio-8080-exec-2]com.hnxx.zy.clms.core.mapper.CommentMapper.getCountByAid.debug:159 -==>  Preparing: select count(*) from cl_comment where comment_article = ? 
2020-04-20 17:15:08.792 DEBUG [http-nio-8080-exec-2]com.hnxx.zy.clms.core.mapper.CommentMapper.getCountByAid.debug:159 -==> Parameters: 1(Integer)
2020-04-20 17:15:08.824 DEBUG [http-nio-8080-exec-2]com.hnxx.zy.clms.core.mapper.CommentMapper.getCountByAid.debug:159 -<==      Total: 1
2020-04-20 17:15:08.861 DEBUG [http-nio-8080-exec-2]com.hnxx.zy.clms.core.mapper.LogMapper.save.debug:159 -==>  Preparing: insert into cl_log(log_url, log_params, log_status, log_message, log_method, log_time, log_result, log_ip) values (?, ?, ?, ?, ?, ?, ?, ?) 
2020-04-20 17:15:08.862 DEBUG [http-nio-8080-exec-2]com.hnxx.zy.clms.core.mapper.LogMapper.save.debug:159 -==> Parameters: /article/get/1(String), ******(String), 1(Integer), null, GET(String), 150(Long), ******(String), 127.0.0.1(String)
2020-04-20 17:15:08.930 DEBUG [http-nio-8080-exec-2]com.hnxx.zy.clms.core.mapper.LogMapper.save.debug:159 -<==    Updates: 1
2020-04-20 17:15:18.668 DEBUG [http-nio-8080-exec-3]com.hnxx.zy.clms.core.mapper.UserMapper.selectByName.debug:159 -==>  Preparing: select user_id,user_name,user_password,user_position_id from cl_user where user_name=? 
2020-04-20 17:15:18.669 DEBUG [http-nio-8080-exec-3]com.hnxx.zy.clms.core.mapper.UserMapper.selectByName.debug:159 -==> Parameters: admin(String)
2020-04-20 17:15:18.707 DEBUG [http-nio-8080-exec-3]com.hnxx.zy.clms.core.mapper.UserMapper.selectByName.debug:159 -<==      Total: 1
2020-04-20 17:15:18.866 DEBUG [http-nio-8080-exec-3]com.hnxx.zy.clms.core.mapper.ArticleTypeMapper.getAll.debug:159 -==>  Preparing: select * from cl_article_type where is_deleted = 0 
2020-04-20 17:15:18.867 DEBUG [http-nio-8080-exec-3]com.hnxx.zy.clms.core.mapper.ArticleTypeMapper.getAll.debug:159 -==> Parameters: 
2020-04-20 17:15:18.903 DEBUG [http-nio-8080-exec-3]com.hnxx.zy.clms.core.mapper.ArticleTypeMapper.getAll.debug:159 -<==      Total: 8
2020-04-20 17:15:18.940 DEBUG [http-nio-8080-exec-3]com.hnxx.zy.clms.core.mapper.LogMapper.save.debug:159 -==>  Preparing: insert into cl_log(log_url, log_params, log_status, log_message, log_method, log_time, log_result, log_ip) values (?, ?, ?, ?, ?, ?, ?, ?) 
2020-04-20 17:15:18.941 DEBUG [http-nio-8080-exec-3]com.hnxx.zy.clms.core.mapper.LogMapper.save.debug:159 -==> Parameters: /articleType/getAll(String), ******(String), 1(Integer), null, GET(String), 75(Long), ******(String), 127.0.0.1(String)
2020-04-20 17:15:19.006 DEBUG [http-nio-8080-exec-3]com.hnxx.zy.clms.core.mapper.LogMapper.save.debug:159 -<==    Updates: 1
2020-04-20 17:20:00.767 DEBUG [http-nio-8080-exec-4]com.hnxx.zy.clms.core.mapper.UserMapper.selectByName.debug:159 -==>  Preparing: select user_id,user_name,user_password,user_position_id from cl_user where user_name=? 
2020-04-20 17:20:00.768 DEBUG [http-nio-8080-exec-4]com.hnxx.zy.clms.core.mapper.UserMapper.selectByName.debug:159 -==> Parameters: admin(String)
2020-04-20 17:20:00.802 DEBUG [http-nio-8080-exec-4]com.hnxx.zy.clms.core.mapper.UserMapper.selectByName.debug:159 -<==      Total: 1
2020-04-20 17:20:00.967 DEBUG [http-nio-8080-exec-4]com.hnxx.zy.clms.core.mapper.ArticleTypeMapper.getList.debug:159 -==>  Preparing: select type_id, type_name, type_count from cl_article_type where is_deleted = 0 and is_enabled = 1 
2020-04-20 17:20:00.968 DEBUG [http-nio-8080-exec-4]com.hnxx.zy.clms.core.mapper.ArticleTypeMapper.getList.debug:159 -==> Parameters: 
2020-04-20 17:20:01.006 DEBUG [http-nio-8080-exec-4]com.hnxx.zy.clms.core.mapper.ArticleTypeMapper.getList.debug:159 -<==      Total: 7
2020-04-20 17:20:01.050 DEBUG [http-nio-8080-exec-4]com.hnxx.zy.clms.core.mapper.LogMapper.save.debug:159 -==>  Preparing: insert into cl_log(log_url, log_params, log_status, log_message, log_method, log_time, log_result, log_ip) values (?, ?, ?, ?, ?, ?, ?, ?) 
2020-04-20 17:20:01.053 DEBUG [http-nio-8080-exec-4]com.hnxx.zy.clms.core.mapper.LogMapper.save.debug:159 -==> Parameters: /articleType/getList(String), ******(String), 1(Integer), null, GET(String), 80(Long), ******(String), 127.0.0.1(String)
2020-04-20 17:20:01.127 DEBUG [http-nio-8080-exec-4]com.hnxx.zy.clms.core.mapper.LogMapper.save.debug:159 -<==    Updates: 1
2020-04-20 17:20:16.770 DEBUG [http-nio-8080-exec-5]com.hnxx.zy.clms.core.mapper.UserMapper.selectByName.debug:159 -==>  Preparing: select user_id,user_name,user_password,user_position_id from cl_user where user_name=? 
2020-04-20 17:20:16.772 DEBUG [http-nio-8080-exec-5]com.hnxx.zy.clms.core.mapper.UserMapper.selectByName.debug:159 -==> Parameters: admin(String)
2020-04-20 17:20:16.807 DEBUG [http-nio-8080-exec-5]com.hnxx.zy.clms.core.mapper.UserMapper.selectByName.debug:159 -<==      Total: 1
2020-04-20 17:20:17.058 DEBUG [http-nio-8080-exec-5]com.hnxx.zy.clms.core.mapper.ArticleTypeMapper.getList.debug:159 -==>  Preparing: select type_id, type_name, type_count from cl_article_type where is_deleted = 0 and is_enabled = 1 
2020-04-20 17:20:17.059 DEBUG [http-nio-8080-exec-5]com.hnxx.zy.clms.core.mapper.ArticleTypeMapper.getList.debug:159 -==> Parameters: 
2020-04-20 17:20:17.097 DEBUG [http-nio-8080-exec-5]com.hnxx.zy.clms.core.mapper.ArticleTypeMapper.getList.debug:159 -<==      Total: 7
2020-04-20 17:20:17.139 DEBUG [http-nio-8080-exec-5]com.hnxx.zy.clms.core.mapper.LogMapper.save.debug:159 -==>  Preparing: insert into cl_log(log_url, log_params, log_status, log_message, log_method, log_time, log_result, log_ip) values (?, ?, ?, ?, ?, ?, ?, ?) 
2020-04-20 17:20:17.141 DEBUG [http-nio-8080-exec-5]com.hnxx.zy.clms.core.mapper.LogMapper.save.debug:159 -==> Parameters: /articleType/getList(String), ******(String), 1(Integer), null, GET(String), 83(Long), ******(String), 127.0.0.1(String)
2020-04-20 17:20:17.213 DEBUG [http-nio-8080-exec-5]com.hnxx.zy.clms.core.mapper.LogMapper.save.debug:159 -<==    Updates: 1
2020-04-20 17:20:19.135 DEBUG [http-nio-8080-exec-6]com.hnxx.zy.clms.core.mapper.UserMapper.selectByName.debug:159 -==>  Preparing: select user_id,user_name,user_password,user_position_id from cl_user where user_name=? 
2020-04-20 17:20:19.139 DEBUG [http-nio-8080-exec-6]com.hnxx.zy.clms.core.mapper.UserMapper.selectByName.debug:159 -==> Parameters: admin(String)
2020-04-20 17:20:19.179 DEBUG [http-nio-8080-exec-6]com.hnxx.zy.clms.core.mapper.UserMapper.selectByName.debug:159 -<==      Total: 1
2020-04-20 17:20:19.397 DEBUG [http-nio-8080-exec-6]c.h.z.c.c.m.ClassesMapper.findAllClassesByPage_COUNT.debug:159 -==>  Preparing: SELECT count(0) FROM cl_classes 
2020-04-20 17:20:19.398 DEBUG [http-nio-8080-exec-6]c.h.z.c.c.m.ClassesMapper.findAllClassesByPage_COUNT.debug:159 -==> Parameters: 
2020-04-20 17:20:19.430 DEBUG [http-nio-8080-exec-6]c.h.z.c.c.m.ClassesMapper.findAllClassesByPage_COUNT.debug:159 -<==      Total: 1
2020-04-20 17:20:19.432 DEBUG [http-nio-8080-exec-6]c.h.z.c.core.mapper.ClassesMapper.findAllClassesByPage.debug:159 -==>  Preparing: select * from cl_classes LIMIT ? 
2020-04-20 17:20:19.432 DEBUG [http-nio-8080-exec-6]c.h.z.c.core.mapper.ClassesMapper.findAllClassesByPage.debug:159 -==> Parameters: 10(Integer)
2020-04-20 17:20:19.471 DEBUG [http-nio-8080-exec-6]c.h.z.c.core.mapper.ClassesMapper.findAllClassesByPage.debug:159 -<==      Total: 10
2020-04-20 17:20:19.574 DEBUG [http-nio-8080-exec-6]com.hnxx.zy.clms.core.mapper.LogMapper.save.debug:159 -==>  Preparing: insert into cl_log(log_url, log_params, log_status, log_message, log_method, log_time, log_result, log_ip) values (?, ?, ?, ?, ?, ?, ?, ?) 
2020-04-20 17:20:19.576 DEBUG [http-nio-8080-exec-6]com.hnxx.zy.clms.core.mapper.LogMapper.save.debug:159 -==> Parameters: /classes/all/1/10(String), ******(String), 1(Integer), null, GET(String), 212(Long), ******(String), 127.0.0.1(String)
2020-04-20 17:20:19.656 DEBUG [http-nio-8080-exec-6]com.hnxx.zy.clms.core.mapper.LogMapper.save.debug:159 -<==    Updates: 1
2020-04-20 17:27:55.323 DEBUG [http-nio-8080-exec-9]com.hnxx.zy.clms.core.mapper.UserMapper.selectByName.debug:159 -==>  Preparing: select user_id,user_name,user_password,user_position_id from cl_user where user_name=? 
2020-04-20 17:27:55.324 DEBUG [http-nio-8080-exec-9]com.hnxx.zy.clms.core.mapper.UserMapper.selectByName.debug:159 -==> Parameters: admin(String)
2020-04-20 17:27:55.357 DEBUG [http-nio-8080-exec-9]com.hnxx.zy.clms.core.mapper.UserMapper.selectByName.debug:159 -<==      Total: 1
2020-04-20 17:28:05.544 DEBUG [http-nio-8080-exec-10]com.hnxx.zy.clms.core.mapper.UserMapper.selectByName.debug:159 -==>  Preparing: select user_id,user_name,user_password,user_position_id from cl_user where user_name=? 
2020-04-20 17:28:05.547 DEBUG [http-nio-8080-exec-10]com.hnxx.zy.clms.core.mapper.UserMapper.selectByName.debug:159 -==> Parameters: admin(String)
2020-04-20 17:28:05.585 DEBUG [http-nio-8080-exec-10]com.hnxx.zy.clms.core.mapper.UserMapper.selectByName.debug:159 -<==      Total: 1
2020-04-20 17:28:06.211 DEBUG [http-nio-8080-exec-1]com.hnxx.zy.clms.core.mapper.UserMapper.selectByName.debug:159 -==>  Preparing: select user_id,user_name,user_password,user_position_id from cl_user where user_name=? 
2020-04-20 17:28:06.212 DEBUG [http-nio-8080-exec-1]com.hnxx.zy.clms.core.mapper.UserMapper.selectByName.debug:159 -==> Parameters: admin(String)
2020-04-20 17:28:06.250 DEBUG [http-nio-8080-exec-1]com.hnxx.zy.clms.core.mapper.UserMapper.selectByName.debug:159 -<==      Total: 1
2020-04-20 17:28:06.507 DEBUG [http-nio-8080-exec-1]com.hnxx.zy.clms.core.mapper.ArticleTypeMapper.getList.debug:159 -==>  Preparing: select type_id, type_name, type_count from cl_article_type where is_deleted = 0 and is_enabled = 1 
2020-04-20 17:28:06.509 DEBUG [http-nio-8080-exec-1]com.hnxx.zy.clms.core.mapper.ArticleTypeMapper.getList.debug:159 -==> Parameters: 
2020-04-20 17:28:06.612 DEBUG [http-nio-8080-exec-1]com.hnxx.zy.clms.core.mapper.ArticleTypeMapper.getList.debug:159 -<==      Total: 7
2020-04-20 17:28:06.615 DEBUG [http-nio-8080-exec-2]com.hnxx.zy.clms.core.mapper.UserMapper.selectByName.debug:159 -==>  Preparing: select user_id,user_name,user_password,user_position_id from cl_user where user_name=? 
2020-04-20 17:28:06.616 DEBUG [http-nio-8080-exec-2]com.hnxx.zy.clms.core.mapper.UserMapper.selectByName.debug:159 -==> Parameters: admin(String)
2020-04-20 17:28:06.661 DEBUG [http-nio-8080-exec-2]com.hnxx.zy.clms.core.mapper.UserMapper.selectByName.debug:159 -<==      Total: 1
2020-04-20 17:28:06.667 DEBUG [http-nio-8080-exec-1]com.hnxx.zy.clms.core.mapper.LogMapper.save.debug:159 -==>  Preparing: insert into cl_log(log_url, log_params, log_status, log_message, log_method, log_time, log_result, log_ip) values (?, ?, ?, ?, ?, ?, ?, ?) 
2020-04-20 17:28:06.671 DEBUG [http-nio-8080-exec-1]com.hnxx.zy.clms.core.mapper.LogMapper.save.debug:159 -==> Parameters: /articleType/getList(String), ******(String), 1(Integer), null, GET(String), 158(Long), ******(String), 127.0.0.1(String)
2020-04-20 17:28:06.752 DEBUG [http-nio-8080-exec-1]com.hnxx.zy.clms.core.mapper.LogMapper.save.debug:159 -<==    Updates: 1
2020-04-20 17:28:06.908 DEBUG [http-nio-8080-exec-2]c.h.z.c.c.m.ClassesMapper.findAllClassesByPage_COUNT.debug:159 -==>  Preparing: SELECT count(0) FROM cl_classes 
2020-04-20 17:28:06.910 DEBUG [http-nio-8080-exec-2]c.h.z.c.c.m.ClassesMapper.findAllClassesByPage_COUNT.debug:159 -==> Parameters: 
2020-04-20 17:28:06.942 DEBUG [http-nio-8080-exec-2]c.h.z.c.c.m.ClassesMapper.findAllClassesByPage_COUNT.debug:159 -<==      Total: 1
2020-04-20 17:28:06.944 DEBUG [http-nio-8080-exec-2]c.h.z.c.core.mapper.ClassesMapper.findAllClassesByPage.debug:159 -==>  Preparing: select * from cl_classes LIMIT ? 
2020-04-20 17:28:06.945 DEBUG [http-nio-8080-exec-2]c.h.z.c.core.mapper.ClassesMapper.findAllClassesByPage.debug:159 -==> Parameters: 10(Integer)
2020-04-20 17:28:06.980 DEBUG [http-nio-8080-exec-2]c.h.z.c.core.mapper.ClassesMapper.findAllClassesByPage.debug:159 -<==      Total: 10
2020-04-20 17:28:07.104 DEBUG [http-nio-8080-exec-2]com.hnxx.zy.clms.core.mapper.LogMapper.save.debug:159 -==>  Preparing: insert into cl_log(log_url, log_params, log_status, log_message, log_method, log_time, log_result, log_ip) values (?, ?, ?, ?, ?, ?, ?, ?) 
2020-04-20 17:28:07.105 DEBUG [http-nio-8080-exec-2]com.hnxx.zy.clms.core.mapper.LogMapper.save.debug:159 -==> Parameters: /classes/all/1/10(String), ******(String), 1(Integer), null, GET(String), 230(Long), ******(String), 127.0.0.1(String)
2020-04-20 17:28:07.183 DEBUG [http-nio-8080-exec-2]com.hnxx.zy.clms.core.mapper.LogMapper.save.debug:159 -<==    Updates: 1
2020-04-20 17:32:02.453 DEBUG [http-nio-8080-exec-4]com.hnxx.zy.clms.core.mapper.UserMapper.selectByName.debug:159 -==>  Preparing: select user_id,user_name,user_password,user_position_id from cl_user where user_name=? 
2020-04-20 17:32:02.455 DEBUG [http-nio-8080-exec-4]com.hnxx.zy.clms.core.mapper.UserMapper.selectByName.debug:159 -==> Parameters: admin(String)
2020-04-20 17:32:02.490 DEBUG [http-nio-8080-exec-4]com.hnxx.zy.clms.core.mapper.UserMapper.selectByName.debug:159 -<==      Total: 1
2020-04-20 17:32:02.762 DEBUG [http-nio-8080-exec-4]c.h.z.clms.core.mapper.CollegeMapper.findAllByPage_COUNT.debug:159 -==>  Preparing: SELECT count(0) FROM cl_college 
2020-04-20 17:32:02.764 DEBUG [http-nio-8080-exec-4]c.h.z.clms.core.mapper.CollegeMapper.findAllByPage_COUNT.debug:159 -==> Parameters: 
2020-04-20 17:32:02.797 DEBUG [http-nio-8080-exec-4]c.h.z.clms.core.mapper.CollegeMapper.findAllByPage_COUNT.debug:159 -<==      Total: 1
2020-04-20 17:32:02.802 DEBUG [http-nio-8080-exec-4]com.hnxx.zy.clms.core.mapper.CollegeMapper.findAllByPage.debug:159 -==>  Preparing: select * from cl_college LIMIT ? 
2020-04-20 17:32:02.804 DEBUG [http-nio-8080-exec-4]com.hnxx.zy.clms.core.mapper.CollegeMapper.findAllByPage.debug:159 -==> Parameters: 10(Integer)
2020-04-20 17:32:02.839 DEBUG [http-nio-8080-exec-4]com.hnxx.zy.clms.core.mapper.CollegeMapper.findAllByPage.debug:159 -<==      Total: 1
2020-04-20 17:32:02.950 DEBUG [http-nio-8080-exec-4]com.hnxx.zy.clms.core.mapper.LogMapper.save.debug:159 -==>  Preparing: insert into cl_log(log_url, log_params, log_status, log_message, log_method, log_time, log_result, log_ip) values (?, ?, ?, ?, ?, ?, ?, ?) 
2020-04-20 17:32:02.951 DEBUG [http-nio-8080-exec-4]com.hnxx.zy.clms.core.mapper.LogMapper.save.debug:159 -==> Parameters: /college/all/1/10(String), ******(String), 1(Integer), null, GET(String), 226(Long), ******(String), 127.0.0.1(String)
2020-04-20 17:32:03.029 DEBUG [http-nio-8080-exec-4]com.hnxx.zy.clms.core.mapper.LogMapper.save.debug:159 -<==    Updates: 1
2020-04-20 17:32:05.633 DEBUG [http-nio-8080-exec-5]com.hnxx.zy.clms.core.mapper.UserMapper.selectByName.debug:159 -==>  Preparing: select user_id,user_name,user_password,user_position_id from cl_user where user_name=? 
2020-04-20 17:32:05.635 DEBUG [http-nio-8080-exec-5]com.hnxx.zy.clms.core.mapper.UserMapper.selectByName.debug:159 -==> Parameters: admin(String)
2020-04-20 17:32:05.670 DEBUG [http-nio-8080-exec-5]com.hnxx.zy.clms.core.mapper.UserMapper.selectByName.debug:159 -<==      Total: 1
2020-04-20 17:32:06.042 DEBUG [http-nio-8080-exec-5]c.h.zy.clms.core.mapper.GroupMapper.findAllByPage_COUNT.debug:159 -==>  Preparing: SELECT count(0) FROM cl_group 
2020-04-20 17:32:06.044 DEBUG [http-nio-8080-exec-5]c.h.zy.clms.core.mapper.GroupMapper.findAllByPage_COUNT.debug:159 -==> Parameters: 
2020-04-20 17:32:06.081 DEBUG [http-nio-8080-exec-5]c.h.zy.clms.core.mapper.GroupMapper.findAllByPage_COUNT.debug:159 -<==      Total: 1
2020-04-20 17:32:06.084 DEBUG [http-nio-8080-exec-5]com.hnxx.zy.clms.core.mapper.GroupMapper.findAllByPage.debug:159 -==>  Preparing: select * from cl_group LIMIT ? 
2020-04-20 17:32:06.085 DEBUG [http-nio-8080-exec-5]com.hnxx.zy.clms.core.mapper.GroupMapper.findAllByPage.debug:159 -==> Parameters: 10(Integer)
2020-04-20 17:32:06.122 DEBUG [http-nio-8080-exec-5]com.hnxx.zy.clms.core.mapper.GroupMapper.findAllByPage.debug:159 -<==      Total: 1
2020-04-20 17:32:06.242 DEBUG [http-nio-8080-exec-5]com.hnxx.zy.clms.core.mapper.LogMapper.save.debug:159 -==>  Preparing: insert into cl_log(log_url, log_params, log_status, log_message, log_method, log_time, log_result, log_ip) values (?, ?, ?, ?, ?, ?, ?, ?) 
2020-04-20 17:32:06.244 DEBUG [http-nio-8080-exec-5]com.hnxx.zy.clms.core.mapper.LogMapper.save.debug:159 -==> Parameters: /group/all/1/10(String), ******(String), 1(Integer), null, GET(String), 311(Long), ******(String), 127.0.0.1(String)
2020-04-20 17:32:06.319 DEBUG [http-nio-8080-exec-5]com.hnxx.zy.clms.core.mapper.LogMapper.save.debug:159 -<==    Updates: 1
2020-04-20 17:32:09.091 DEBUG [http-nio-8080-exec-6]com.hnxx.zy.clms.core.mapper.UserMapper.selectByName.debug:159 -==>  Preparing: select user_id,user_name,user_password,user_position_id from cl_user where user_name=? 
2020-04-20 17:32:09.093 DEBUG [http-nio-8080-exec-6]com.hnxx.zy.clms.core.mapper.UserMapper.selectByName.debug:159 -==> Parameters: admin(String)
2020-04-20 17:32:09.129 DEBUG [http-nio-8080-exec-6]com.hnxx.zy.clms.core.mapper.UserMapper.selectByName.debug:159 -<==      Total: 1
2020-04-20 17:32:09.390 DEBUG [http-nio-8080-exec-6]c.h.z.c.core.mapper.PositionMapper.findAllByPage_COUNT.debug:159 -==>  Preparing: SELECT count(0) FROM cl_position 
2020-04-20 17:32:09.390 DEBUG [http-nio-8080-exec-6]c.h.z.c.core.mapper.PositionMapper.findAllByPage_COUNT.debug:159 -==> Parameters: 
2020-04-20 17:32:09.424 DEBUG [http-nio-8080-exec-6]c.h.z.c.core.mapper.PositionMapper.findAllByPage_COUNT.debug:159 -<==      Total: 1
2020-04-20 17:32:09.426 DEBUG [http-nio-8080-exec-6]c.hnxx.zy.clms.core.mapper.PositionMapper.findAllByPage.debug:159 -==>  Preparing: select * from cl_position LIMIT ? 
2020-04-20 17:32:09.428 DEBUG [http-nio-8080-exec-6]c.hnxx.zy.clms.core.mapper.PositionMapper.findAllByPage.debug:159 -==> Parameters: 10(Integer)
2020-04-20 17:32:09.462 DEBUG [http-nio-8080-exec-6]c.hnxx.zy.clms.core.mapper.PositionMapper.findAllByPage.debug:159 -<==      Total: 1
2020-04-20 17:32:09.587 DEBUG [http-nio-8080-exec-6]com.hnxx.zy.clms.core.mapper.LogMapper.save.debug:159 -==>  Preparing: insert into cl_log(log_url, log_params, log_status, log_message, log_method, log_time, log_result, log_ip) values (?, ?, ?, ?, ?, ?, ?, ?) 
2020-04-20 17:32:09.590 DEBUG [http-nio-8080-exec-6]com.hnxx.zy.clms.core.mapper.LogMapper.save.debug:159 -==> Parameters: /position/all/1/10(String), ******(String), 1(Integer), null, GET(String), 230(Long), ******(String), 127.0.0.1(String)
2020-04-20 17:32:09.669 DEBUG [http-nio-8080-exec-6]com.hnxx.zy.clms.core.mapper.LogMapper.save.debug:159 -<==    Updates: 1
2020-04-20 17:32:51.832 DEBUG [http-nio-8080-exec-7]com.hnxx.zy.clms.core.mapper.UserMapper.selectByName.debug:159 -==>  Preparing: select user_id,user_name,user_password,user_position_id from cl_user where user_name=? 
2020-04-20 17:32:51.834 DEBUG [http-nio-8080-exec-7]com.hnxx.zy.clms.core.mapper.UserMapper.selectByName.debug:159 -==> Parameters: admin(String)
2020-04-20 17:32:51.887 DEBUG [http-nio-8080-exec-7]com.hnxx.zy.clms.core.mapper.UserMapper.selectByName.debug:159 -<==      Total: 1
2020-04-20 17:32:52.211 DEBUG [http-nio-8080-exec-7]c.h.z.c.c.m.ClassesMapper.findAllClassesByPage_COUNT.debug:159 -==>  Preparing: SELECT count(0) FROM cl_classes 
2020-04-20 17:32:52.213 DEBUG [http-nio-8080-exec-7]c.h.z.c.c.m.ClassesMapper.findAllClassesByPage_COUNT.debug:159 -==> Parameters: 
2020-04-20 17:32:52.247 DEBUG [http-nio-8080-exec-7]c.h.z.c.c.m.ClassesMapper.findAllClassesByPage_COUNT.debug:159 -<==      Total: 1
2020-04-20 17:32:52.248 DEBUG [http-nio-8080-exec-7]c.h.z.c.core.mapper.ClassesMapper.findAllClassesByPage.debug:159 -==>  Preparing: select * from cl_classes LIMIT ? 
2020-04-20 17:32:52.250 DEBUG [http-nio-8080-exec-7]c.h.z.c.core.mapper.ClassesMapper.findAllClassesByPage.debug:159 -==> Parameters: 10(Integer)
2020-04-20 17:32:52.286 DEBUG [http-nio-8080-exec-7]c.h.z.c.core.mapper.ClassesMapper.findAllClassesByPage.debug:159 -<==      Total: 10
2020-04-20 17:32:52.402 DEBUG [http-nio-8080-exec-7]com.hnxx.zy.clms.core.mapper.LogMapper.save.debug:159 -==>  Preparing: insert into cl_log(log_url, log_params, log_status, log_message, log_method, log_time, log_result, log_ip) values (?, ?, ?, ?, ?, ?, ?, ?) 
2020-04-20 17:32:52.404 DEBUG [http-nio-8080-exec-7]com.hnxx.zy.clms.core.mapper.LogMapper.save.debug:159 -==> Parameters: /classes/all/1/10(String), ******(String), 1(Integer), null, GET(String), 227(Long), ******(String), 127.0.0.1(String)
2020-04-20 17:32:52.521 DEBUG [http-nio-8080-exec-7]com.hnxx.zy.clms.core.mapper.LogMapper.save.debug:159 -<==    Updates: 1
2020-04-20 17:39:59.736 DEBUG [http-nio-8080-exec-9]com.hnxx.zy.clms.core.mapper.UserMapper.selectByName.debug:159 -==>  Preparing: select user_id,user_name,user_password,user_position_id from cl_user where user_name=? 
2020-04-20 17:39:59.737 DEBUG [http-nio-8080-exec-9]com.hnxx.zy.clms.core.mapper.UserMapper.selectByName.debug:159 -==> Parameters: admin(String)
2020-04-20 17:39:59.774 DEBUG [http-nio-8080-exec-9]com.hnxx.zy.clms.core.mapper.UserMapper.selectByName.debug:159 -<==      Total: 1
2020-04-20 17:40:22.964 DEBUG [http-nio-8080-exec-1]com.hnxx.zy.clms.core.mapper.UserMapper.selectByName.debug:159 -==>  Preparing: select user_id,user_name,user_password,user_position_id from cl_user where user_name=? 
2020-04-20 17:40:22.965 DEBUG [http-nio-8080-exec-1]com.hnxx.zy.clms.core.mapper.UserMapper.selectByName.debug:159 -==> Parameters: admin(String)
2020-04-20 17:40:23.006 DEBUG [http-nio-8080-exec-1]com.hnxx.zy.clms.core.mapper.UserMapper.selectByName.debug:159 -<==      Total: 1
2020-04-20 17:40:24.048 DEBUG [http-nio-8080-exec-2]com.hnxx.zy.clms.core.mapper.UserMapper.selectByName.debug:159 -==>  Preparing: select user_id,user_name,user_password,user_position_id from cl_user where user_name=? 
2020-04-20 17:40:24.050 DEBUG [http-nio-8080-exec-2]com.hnxx.zy.clms.core.mapper.UserMapper.selectByName.debug:159 -==> Parameters: admin(String)
2020-04-20 17:40:24.084 DEBUG [http-nio-8080-exec-2]com.hnxx.zy.clms.core.mapper.UserMapper.selectByName.debug:159 -<==      Total: 1
2020-04-20 17:40:24.467 DEBUG [http-nio-8080-exec-3]com.hnxx.zy.clms.core.mapper.UserMapper.selectByName.debug:159 -==>  Preparing: select user_id,user_name,user_password,user_position_id from cl_user where user_name=? 
2020-04-20 17:40:24.468 DEBUG [http-nio-8080-exec-3]com.hnxx.zy.clms.core.mapper.UserMapper.selectByName.debug:159 -==> Parameters: admin(String)
2020-04-20 17:40:24.489 DEBUG [http-nio-8080-exec-2]com.hnxx.zy.clms.core.mapper.ArticleTypeMapper.getList.debug:159 -==>  Preparing: select type_id, type_name, type_count from cl_article_type where is_deleted = 0 and is_enabled = 1 
2020-04-20 17:40:24.491 DEBUG [http-nio-8080-exec-2]com.hnxx.zy.clms.core.mapper.ArticleTypeMapper.getList.debug:159 -==> Parameters: 
2020-04-20 17:40:24.501 DEBUG [http-nio-8080-exec-3]com.hnxx.zy.clms.core.mapper.UserMapper.selectByName.debug:159 -<==      Total: 1
2020-04-20 17:40:24.529 DEBUG [http-nio-8080-exec-2]com.hnxx.zy.clms.core.mapper.ArticleTypeMapper.getList.debug:159 -<==      Total: 7
2020-04-20 17:40:24.571 DEBUG [http-nio-8080-exec-2]com.hnxx.zy.clms.core.mapper.LogMapper.save.debug:159 -==>  Preparing: insert into cl_log(log_url, log_params, log_status, log_message, log_method, log_time, log_result, log_ip) values (?, ?, ?, ?, ?, ?, ?, ?) 
2020-04-20 17:40:24.576 DEBUG [http-nio-8080-exec-2]com.hnxx.zy.clms.core.mapper.LogMapper.save.debug:159 -==> Parameters: /articleType/getList(String), ******(String), 1(Integer), null, GET(String), 98(Long), ******(String), 127.0.0.1(String)
2020-04-20 17:40:24.647 DEBUG [http-nio-8080-exec-2]com.hnxx.zy.clms.core.mapper.LogMapper.save.debug:159 -<==    Updates: 1
2020-04-20 17:40:24.779 DEBUG [http-nio-8080-exec-3]c.h.z.c.c.m.ClassesMapper.findAllClassesByPage_COUNT.debug:159 -==>  Preparing: SELECT count(0) FROM cl_classes 
2020-04-20 17:40:24.781 DEBUG [http-nio-8080-exec-3]c.h.z.c.c.m.ClassesMapper.findAllClassesByPage_COUNT.debug:159 -==> Parameters: 
2020-04-20 17:40:24.816 DEBUG [http-nio-8080-exec-3]c.h.z.c.c.m.ClassesMapper.findAllClassesByPage_COUNT.debug:159 -<==      Total: 1
2020-04-20 17:40:24.820 DEBUG [http-nio-8080-exec-3]c.h.z.c.core.mapper.ClassesMapper.findAllClassesByPage.debug:159 -==>  Preparing: select * from cl_classes LIMIT ? 
2020-04-20 17:40:24.822 DEBUG [http-nio-8080-exec-3]c.h.z.c.core.mapper.ClassesMapper.findAllClassesByPage.debug:159 -==> Parameters: 10(Integer)
2020-04-20 17:40:24.861 DEBUG [http-nio-8080-exec-3]c.h.z.c.core.mapper.ClassesMapper.findAllClassesByPage.debug:159 -<==      Total: 10
2020-04-20 17:40:24.997 DEBUG [http-nio-8080-exec-3]com.hnxx.zy.clms.core.mapper.LogMapper.save.debug:159 -==>  Preparing: insert into cl_log(log_url, log_params, log_status, log_message, log_method, log_time, log_result, log_ip) values (?, ?, ?, ?, ?, ?, ?, ?) 
2020-04-20 17:40:24.998 DEBUG [http-nio-8080-exec-3]com.hnxx.zy.clms.core.mapper.LogMapper.save.debug:159 -==> Parameters: /classes/all/1/10(String), ******(String), 1(Integer), null, GET(String), 253(Long), ******(String), 127.0.0.1(String)
2020-04-20 17:40:25.092 DEBUG [http-nio-8080-exec-3]com.hnxx.zy.clms.core.mapper.LogMapper.save.debug:159 -<==    Updates: 1
