2020-04-24 00:00:20.139 DEBUG [http-nio-8080-exec-8]com.hnxx.zy.clms.core.mapper.UserMapper.selectByName.debug:159 -==>  Preparing: select user_id,user_name,user_password,user_position_id from cl_user where user_name=? 
2020-04-24 00:00:20.147 DEBUG [http-nio-8080-exec-8]com.hnxx.zy.clms.core.mapper.UserMapper.selectByName.debug:159 -==> Parameters: admin(String)
2020-04-24 00:00:20.190 DEBUG [http-nio-8080-exec-8]com.hnxx.zy.clms.core.mapper.UserMapper.selectByName.debug:159 -<==      Total: 1
2020-04-24 00:00:20.356 DEBUG [http-nio-8080-exec-8]com.hnxx.zy.clms.core.mapper.ArticleTypeMapper.getList.debug:159 -==>  Preparing: select type_id, type_name, type_count from cl_article_type where is_deleted = 0 and is_enabled = 1 
2020-04-24 00:00:20.357 DEBUG [http-nio-8080-exec-8]com.hnxx.zy.clms.core.mapper.ArticleTypeMapper.getList.debug:159 -==> Parameters: 
2020-04-24 00:00:20.393 DEBUG [http-nio-8080-exec-8]com.hnxx.zy.clms.core.mapper.ArticleTypeMapper.getList.debug:159 -<==      Total: 6
2020-04-24 00:00:20.432 DEBUG [http-nio-8080-exec-8]com.hnxx.zy.clms.core.mapper.LogMapper.save.debug:159 -==>  Preparing: insert into cl_log(log_url, log_params, log_status, log_message, log_method, log_time, log_result, log_ip) values (?, ?, ?, ?, ?, ?, ?, ?) 
2020-04-24 00:00:20.434 DEBUG [http-nio-8080-exec-8]com.hnxx.zy.clms.core.mapper.LogMapper.save.debug:159 -==> Parameters: /articleType/getList(String), ******(String), 1(Integer), null, GET(String), 80(Long), ******(String), 127.0.0.1(String)
2020-04-24 00:00:20.580 DEBUG [http-nio-8080-exec-8]com.hnxx.zy.clms.core.mapper.LogMapper.save.debug:159 -<==    Updates: 1
2020-04-24 00:00:24.655 DEBUG [http-nio-8080-exec-9]com.hnxx.zy.clms.core.mapper.UserMapper.selectByName.debug:159 -==>  Preparing: select user_id,user_name,user_password,user_position_id from cl_user where user_name=? 
2020-04-24 00:00:24.657 DEBUG [http-nio-8080-exec-9]com.hnxx.zy.clms.core.mapper.UserMapper.selectByName.debug:159 -==> Parameters: admin(String)
2020-04-24 00:00:24.692 DEBUG [http-nio-8080-exec-9]com.hnxx.zy.clms.core.mapper.UserMapper.selectByName.debug:159 -<==      Total: 1
2020-04-24 00:00:25.015 DEBUG [http-nio-8080-exec-9]com.hnxx.zy.clms.core.mapper.ArticleTypeMapper.getList.debug:159 -==>  Preparing: select type_id, type_name, type_count from cl_article_type where is_deleted = 0 and is_enabled = 1 
2020-04-24 00:00:25.016 DEBUG [http-nio-8080-exec-9]com.hnxx.zy.clms.core.mapper.ArticleTypeMapper.getList.debug:159 -==> Parameters: 
2020-04-24 00:00:25.053 DEBUG [http-nio-8080-exec-9]com.hnxx.zy.clms.core.mapper.ArticleTypeMapper.getList.debug:159 -<==      Total: 6
2020-04-24 00:00:25.094 DEBUG [http-nio-8080-exec-9]com.hnxx.zy.clms.core.mapper.LogMapper.save.debug:159 -==>  Preparing: insert into cl_log(log_url, log_params, log_status, log_message, log_method, log_time, log_result, log_ip) values (?, ?, ?, ?, ?, ?, ?, ?) 
2020-04-24 00:00:25.096 DEBUG [http-nio-8080-exec-9]com.hnxx.zy.clms.core.mapper.LogMapper.save.debug:159 -==> Parameters: /articleType/getList(String), ******(String), 1(Integer), null, GET(String), 88(Long), ******(String), 127.0.0.1(String)
2020-04-24 00:00:25.172 DEBUG [http-nio-8080-exec-9]com.hnxx.zy.clms.core.mapper.LogMapper.save.debug:159 -<==    Updates: 1
2020-04-24 00:00:29.275 DEBUG [http-nio-8080-exec-10]com.hnxx.zy.clms.core.mapper.UserMapper.selectByName.debug:159 -==>  Preparing: select user_id,user_name,user_password,user_position_id from cl_user where user_name=? 
2020-04-24 00:00:29.279 DEBUG [http-nio-8080-exec-10]com.hnxx.zy.clms.core.mapper.UserMapper.selectByName.debug:159 -==> Parameters: admin(String)
2020-04-24 00:00:29.315 DEBUG [http-nio-8080-exec-10]com.hnxx.zy.clms.core.mapper.UserMapper.selectByName.debug:159 -<==      Total: 1
2020-04-24 00:00:29.539 DEBUG [http-nio-8080-exec-10]c.h.z.c.c.m.ClassesMapper.findAllClassesByPage_COUNT.debug:159 -==>  Preparing: SELECT count(0) FROM cl_classes 
2020-04-24 00:00:29.540 DEBUG [http-nio-8080-exec-10]c.h.z.c.c.m.ClassesMapper.findAllClassesByPage_COUNT.debug:159 -==> Parameters: 
2020-04-24 00:00:29.573 DEBUG [http-nio-8080-exec-10]c.h.z.c.c.m.ClassesMapper.findAllClassesByPage_COUNT.debug:159 -<==      Total: 1
2020-04-24 00:00:29.574 DEBUG [http-nio-8080-exec-10]c.h.z.c.core.mapper.ClassesMapper.findAllClassesByPage.debug:159 -==>  Preparing: select * from cl_classes LIMIT ? 
2020-04-24 00:00:29.577 DEBUG [http-nio-8080-exec-10]c.h.z.c.core.mapper.ClassesMapper.findAllClassesByPage.debug:159 -==> Parameters: 10(Integer)
2020-04-24 00:00:29.614 DEBUG [http-nio-8080-exec-10]c.h.z.c.core.mapper.ClassesMapper.findAllClassesByPage.debug:159 -<==      Total: 10
2020-04-24 00:00:29.718 DEBUG [http-nio-8080-exec-10]com.hnxx.zy.clms.core.mapper.LogMapper.save.debug:159 -==>  Preparing: insert into cl_log(log_url, log_params, log_status, log_message, log_method, log_time, log_result, log_ip) values (?, ?, ?, ?, ?, ?, ?, ?) 
2020-04-24 00:00:29.719 DEBUG [http-nio-8080-exec-10]com.hnxx.zy.clms.core.mapper.LogMapper.save.debug:159 -==> Parameters: /classes/all/1/10(String), ******(String), 1(Integer), null, GET(String), 222(Long), ******(String), 127.0.0.1(String)
2020-04-24 00:00:29.789 DEBUG [http-nio-8080-exec-10]com.hnxx.zy.clms.core.mapper.LogMapper.save.debug:159 -<==    Updates: 1
2020-04-24 00:00:32.508 DEBUG [http-nio-8080-exec-2]com.hnxx.zy.clms.core.mapper.UserMapper.selectByName.debug:159 -==>  Preparing: select user_id,user_name,user_password,user_position_id from cl_user where user_name=? 
2020-04-24 00:00:32.514 DEBUG [http-nio-8080-exec-2]com.hnxx.zy.clms.core.mapper.UserMapper.selectByName.debug:159 -==> Parameters: admin(String)
2020-04-24 00:00:32.549 DEBUG [http-nio-8080-exec-2]com.hnxx.zy.clms.core.mapper.UserMapper.selectByName.debug:159 -<==      Total: 1
2020-04-24 00:00:32.765 DEBUG [http-nio-8080-exec-2]c.h.z.clms.core.mapper.CollegeMapper.findAllByPage_COUNT.debug:159 -==>  Preparing: SELECT count(0) FROM cl_college 
2020-04-24 00:00:32.766 DEBUG [http-nio-8080-exec-2]c.h.z.clms.core.mapper.CollegeMapper.findAllByPage_COUNT.debug:159 -==> Parameters: 
2020-04-24 00:00:32.799 DEBUG [http-nio-8080-exec-2]c.h.z.clms.core.mapper.CollegeMapper.findAllByPage_COUNT.debug:159 -<==      Total: 1
2020-04-24 00:00:32.800 DEBUG [http-nio-8080-exec-2]com.hnxx.zy.clms.core.mapper.CollegeMapper.findAllByPage.debug:159 -==>  Preparing: select * from cl_college LIMIT ? 
2020-04-24 00:00:32.801 DEBUG [http-nio-8080-exec-2]com.hnxx.zy.clms.core.mapper.CollegeMapper.findAllByPage.debug:159 -==> Parameters: 10(Integer)
2020-04-24 00:00:32.834 DEBUG [http-nio-8080-exec-2]com.hnxx.zy.clms.core.mapper.CollegeMapper.findAllByPage.debug:159 -<==      Total: 2
2020-04-24 00:00:32.945 DEBUG [http-nio-8080-exec-2]com.hnxx.zy.clms.core.mapper.LogMapper.save.debug:159 -==>  Preparing: insert into cl_log(log_url, log_params, log_status, log_message, log_method, log_time, log_result, log_ip) values (?, ?, ?, ?, ?, ?, ?, ?) 
2020-04-24 00:00:32.947 DEBUG [http-nio-8080-exec-2]com.hnxx.zy.clms.core.mapper.LogMapper.save.debug:159 -==> Parameters: /college/all/1/10(String), ******(String), 1(Integer), null, GET(String), 222(Long), ******(String), 127.0.0.1(String)
2020-04-24 00:00:33.020 DEBUG [http-nio-8080-exec-2]com.hnxx.zy.clms.core.mapper.LogMapper.save.debug:159 -<==    Updates: 1
2020-04-24 00:00:35.361 DEBUG [http-nio-8080-exec-1]com.hnxx.zy.clms.core.mapper.UserMapper.selectByName.debug:159 -==>  Preparing: select user_id,user_name,user_password,user_position_id from cl_user where user_name=? 
2020-04-24 00:00:35.363 DEBUG [http-nio-8080-exec-1]com.hnxx.zy.clms.core.mapper.UserMapper.selectByName.debug:159 -==> Parameters: admin(String)
2020-04-24 00:00:35.398 DEBUG [http-nio-8080-exec-1]com.hnxx.zy.clms.core.mapper.UserMapper.selectByName.debug:159 -<==      Total: 1
2020-04-24 00:00:35.610 DEBUG [http-nio-8080-exec-1]c.h.zy.clms.core.mapper.GroupMapper.findAllByPage_COUNT.debug:159 -==>  Preparing: SELECT count(0) FROM cl_group 
2020-04-24 00:00:35.611 DEBUG [http-nio-8080-exec-1]c.h.zy.clms.core.mapper.GroupMapper.findAllByPage_COUNT.debug:159 -==> Parameters: 
2020-04-24 00:00:35.646 DEBUG [http-nio-8080-exec-1]c.h.zy.clms.core.mapper.GroupMapper.findAllByPage_COUNT.debug:159 -<==      Total: 1
2020-04-24 00:00:35.647 DEBUG [http-nio-8080-exec-1]com.hnxx.zy.clms.core.mapper.GroupMapper.findAllByPage.debug:159 -==>  Preparing: select * from cl_group LIMIT ? 
2020-04-24 00:00:35.649 DEBUG [http-nio-8080-exec-1]com.hnxx.zy.clms.core.mapper.GroupMapper.findAllByPage.debug:159 -==> Parameters: 10(Integer)
2020-04-24 00:00:35.683 DEBUG [http-nio-8080-exec-1]com.hnxx.zy.clms.core.mapper.GroupMapper.findAllByPage.debug:159 -<==      Total: 2
2020-04-24 00:00:35.789 DEBUG [http-nio-8080-exec-1]com.hnxx.zy.clms.core.mapper.LogMapper.save.debug:159 -==>  Preparing: insert into cl_log(log_url, log_params, log_status, log_message, log_method, log_time, log_result, log_ip) values (?, ?, ?, ?, ?, ?, ?, ?) 
2020-04-24 00:00:35.790 DEBUG [http-nio-8080-exec-1]com.hnxx.zy.clms.core.mapper.LogMapper.save.debug:159 -==> Parameters: /group/all/1/10(String), ******(String), 1(Integer), null, GET(String), 220(Long), ******(String), 127.0.0.1(String)
2020-04-24 00:00:35.905 DEBUG [http-nio-8080-exec-1]com.hnxx.zy.clms.core.mapper.LogMapper.save.debug:159 -<==    Updates: 1
2020-04-24 00:02:56.713 DEBUG [http-nio-8080-exec-3]com.hnxx.zy.clms.core.mapper.UserMapper.selectByName.debug:159 -==>  Preparing: select user_id,user_name,user_password,user_position_id from cl_user where user_name=? 
2020-04-24 00:02:56.715 DEBUG [http-nio-8080-exec-3]com.hnxx.zy.clms.core.mapper.UserMapper.selectByName.debug:159 -==> Parameters: admin(String)
2020-04-24 00:02:56.762 DEBUG [http-nio-8080-exec-3]com.hnxx.zy.clms.core.mapper.UserMapper.selectByName.debug:159 -<==      Total: 1
2020-04-24 00:02:56.927 DEBUG [http-nio-8080-exec-4]com.hnxx.zy.clms.core.mapper.UserMapper.selectByName.debug:159 -==>  Preparing: select user_id,user_name,user_password,user_position_id from cl_user where user_name=? 
2020-04-24 00:02:56.930 DEBUG [http-nio-8080-exec-4]com.hnxx.zy.clms.core.mapper.UserMapper.selectByName.debug:159 -==> Parameters: admin(String)
2020-04-24 00:02:56.967 DEBUG [http-nio-8080-exec-4]com.hnxx.zy.clms.core.mapper.UserMapper.selectByName.debug:159 -<==      Total: 1
2020-04-24 00:02:57.267 DEBUG [http-nio-8080-exec-4]c.h.zy.clms.core.mapper.GroupMapper.findAllByPage_COUNT.debug:159 -==>  Preparing: SELECT count(0) FROM cl_group 
2020-04-24 00:02:57.269 DEBUG [http-nio-8080-exec-4]c.h.zy.clms.core.mapper.GroupMapper.findAllByPage_COUNT.debug:159 -==> Parameters: 
2020-04-24 00:02:57.305 DEBUG [http-nio-8080-exec-4]c.h.zy.clms.core.mapper.GroupMapper.findAllByPage_COUNT.debug:159 -<==      Total: 1
2020-04-24 00:02:57.307 DEBUG [http-nio-8080-exec-4]com.hnxx.zy.clms.core.mapper.GroupMapper.findAllByPage.debug:159 -==>  Preparing: select * from cl_group LIMIT ? 
2020-04-24 00:02:57.308 DEBUG [http-nio-8080-exec-4]com.hnxx.zy.clms.core.mapper.GroupMapper.findAllByPage.debug:159 -==> Parameters: 10(Integer)
2020-04-24 00:02:57.344 DEBUG [http-nio-8080-exec-4]com.hnxx.zy.clms.core.mapper.GroupMapper.findAllByPage.debug:159 -<==      Total: 2
2020-04-24 00:02:57.450 DEBUG [http-nio-8080-exec-4]com.hnxx.zy.clms.core.mapper.LogMapper.save.debug:159 -==>  Preparing: insert into cl_log(log_url, log_params, log_status, log_message, log_method, log_time, log_result, log_ip) values (?, ?, ?, ?, ?, ?, ?, ?) 
2020-04-24 00:02:57.451 DEBUG [http-nio-8080-exec-4]com.hnxx.zy.clms.core.mapper.LogMapper.save.debug:159 -==> Parameters: /group/all/1/10(String), ******(String), 1(Integer), null, GET(String), 239(Long), ******(String), 127.0.0.1(String)
2020-04-24 00:02:57.524 DEBUG [http-nio-8080-exec-4]com.hnxx.zy.clms.core.mapper.LogMapper.save.debug:159 -<==    Updates: 1
2020-04-24 00:02:58.000 DEBUG [http-nio-8080-exec-3]com.hnxx.zy.clms.core.mapper.ArticleTypeMapper.getList.debug:159 -==>  Preparing: select type_id, type_name, type_count from cl_article_type where is_deleted = 0 and is_enabled = 1 
2020-04-24 00:02:58.001 DEBUG [http-nio-8080-exec-3]com.hnxx.zy.clms.core.mapper.ArticleTypeMapper.getList.debug:159 -==> Parameters: 
2020-04-24 00:02:58.037 DEBUG [http-nio-8080-exec-3]com.hnxx.zy.clms.core.mapper.ArticleTypeMapper.getList.debug:159 -<==      Total: 6
2020-04-24 00:02:58.079 DEBUG [http-nio-8080-exec-3]com.hnxx.zy.clms.core.mapper.LogMapper.save.debug:159 -==>  Preparing: insert into cl_log(log_url, log_params, log_status, log_message, log_method, log_time, log_result, log_ip) values (?, ?, ?, ?, ?, ?, ?, ?) 
2020-04-24 00:02:58.080 DEBUG [http-nio-8080-exec-3]com.hnxx.zy.clms.core.mapper.LogMapper.save.debug:159 -==> Parameters: /articleType/getList(String), ******(String), 1(Integer), null, GET(String), 1093(Long), ******(String), 127.0.0.1(String)
2020-04-24 00:02:58.157 DEBUG [http-nio-8080-exec-3]com.hnxx.zy.clms.core.mapper.LogMapper.save.debug:159 -<==    Updates: 1
2020-04-24 00:02:58.208 DEBUG [http-nio-8080-exec-5]com.hnxx.zy.clms.core.mapper.UserMapper.selectByName.debug:159 -==>  Preparing: select user_id,user_name,user_password,user_position_id from cl_user where user_name=? 
2020-04-24 00:02:58.209 DEBUG [http-nio-8080-exec-5]com.hnxx.zy.clms.core.mapper.UserMapper.selectByName.debug:159 -==> Parameters: admin(String)
2020-04-24 00:02:58.242 DEBUG [http-nio-8080-exec-5]com.hnxx.zy.clms.core.mapper.UserMapper.selectByName.debug:159 -<==      Total: 1
2020-04-24 00:02:58.404 DEBUG [http-nio-8080-exec-5]com.hnxx.zy.clms.core.mapper.ArticleTypeMapper.getList.debug:159 -==>  Preparing: select type_id, type_name, type_count from cl_article_type where is_deleted = 0 and is_enabled = 1 
2020-04-24 00:02:58.405 DEBUG [http-nio-8080-exec-5]com.hnxx.zy.clms.core.mapper.ArticleTypeMapper.getList.debug:159 -==> Parameters: 
2020-04-24 00:02:58.439 DEBUG [http-nio-8080-exec-5]com.hnxx.zy.clms.core.mapper.ArticleTypeMapper.getList.debug:159 -<==      Total: 6
2020-04-24 00:02:58.479 DEBUG [http-nio-8080-exec-5]com.hnxx.zy.clms.core.mapper.LogMapper.save.debug:159 -==>  Preparing: insert into cl_log(log_url, log_params, log_status, log_message, log_method, log_time, log_result, log_ip) values (?, ?, ?, ?, ?, ?, ?, ?) 
2020-04-24 00:02:58.480 DEBUG [http-nio-8080-exec-5]com.hnxx.zy.clms.core.mapper.LogMapper.save.debug:159 -==> Parameters: /articleType/getList(String), ******(String), 1(Integer), null, GET(String), 75(Long), ******(String), 127.0.0.1(String)
2020-04-24 00:02:58.555 DEBUG [http-nio-8080-exec-5]com.hnxx.zy.clms.core.mapper.LogMapper.save.debug:159 -<==    Updates: 1
2020-04-24 00:04:20.415 DEBUG [http-nio-8080-exec-6]com.hnxx.zy.clms.core.mapper.UserMapper.selectByName.debug:159 -==>  Preparing: select user_id,user_name,user_password,user_position_id from cl_user where user_name=? 
2020-04-24 00:04:20.416 DEBUG [http-nio-8080-exec-6]com.hnxx.zy.clms.core.mapper.UserMapper.selectByName.debug:159 -==> Parameters: admin(String)
2020-04-24 00:04:20.417 DEBUG [http-nio-8080-exec-7]com.hnxx.zy.clms.core.mapper.UserMapper.selectByName.debug:159 -==>  Preparing: select user_id,user_name,user_password,user_position_id from cl_user where user_name=? 
2020-04-24 00:04:20.418 DEBUG [http-nio-8080-exec-7]com.hnxx.zy.clms.core.mapper.UserMapper.selectByName.debug:159 -==> Parameters: admin(String)
2020-04-24 00:04:20.458 DEBUG [http-nio-8080-exec-6]com.hnxx.zy.clms.core.mapper.UserMapper.selectByName.debug:159 -<==      Total: 1
2020-04-24 00:04:20.459 DEBUG [http-nio-8080-exec-7]com.hnxx.zy.clms.core.mapper.UserMapper.selectByName.debug:159 -<==      Total: 1
2020-04-24 00:04:20.788 DEBUG [http-nio-8080-exec-6]com.hnxx.zy.clms.core.mapper.ArticleTypeMapper.getList.debug:159 -==>  Preparing: select type_id, type_name, type_count from cl_article_type where is_deleted = 0 and is_enabled = 1 
2020-04-24 00:04:20.789 DEBUG [http-nio-8080-exec-6]com.hnxx.zy.clms.core.mapper.ArticleTypeMapper.getList.debug:159 -==> Parameters: 
2020-04-24 00:04:20.814 DEBUG [http-nio-8080-exec-7]c.h.zy.clms.core.mapper.GroupMapper.findAllByPage_COUNT.debug:159 -==>  Preparing: SELECT count(0) FROM cl_group 
2020-04-24 00:04:20.815 DEBUG [http-nio-8080-exec-7]c.h.zy.clms.core.mapper.GroupMapper.findAllByPage_COUNT.debug:159 -==> Parameters: 
2020-04-24 00:04:20.851 DEBUG [http-nio-8080-exec-7]c.h.zy.clms.core.mapper.GroupMapper.findAllByPage_COUNT.debug:159 -<==      Total: 1
2020-04-24 00:04:20.853 DEBUG [http-nio-8080-exec-7]com.hnxx.zy.clms.core.mapper.GroupMapper.findAllByPage.debug:159 -==>  Preparing: select * from cl_group LIMIT ? 
2020-04-24 00:04:20.854 DEBUG [http-nio-8080-exec-7]com.hnxx.zy.clms.core.mapper.GroupMapper.findAllByPage.debug:159 -==> Parameters: 10(Integer)
2020-04-24 00:04:20.866 DEBUG [http-nio-8080-exec-6]com.hnxx.zy.clms.core.mapper.ArticleTypeMapper.getList.debug:159 -<==      Total: 6
2020-04-24 00:04:20.889 DEBUG [http-nio-8080-exec-7]com.hnxx.zy.clms.core.mapper.GroupMapper.findAllByPage.debug:159 -<==      Total: 2
2020-04-24 00:04:20.911 DEBUG [http-nio-8080-exec-6]com.hnxx.zy.clms.core.mapper.LogMapper.save.debug:159 -==>  Preparing: insert into cl_log(log_url, log_params, log_status, log_message, log_method, log_time, log_result, log_ip) values (?, ?, ?, ?, ?, ?, ?, ?) 
2020-04-24 00:04:20.918 DEBUG [http-nio-8080-exec-6]com.hnxx.zy.clms.core.mapper.LogMapper.save.debug:159 -==> Parameters: /articleType/getList(String), ******(String), 1(Integer), null, GET(String), 131(Long), ******(String), 127.0.0.1(String)
2020-04-24 00:04:20.989 DEBUG [http-nio-8080-exec-6]com.hnxx.zy.clms.core.mapper.LogMapper.save.debug:159 -<==    Updates: 1
2020-04-24 00:04:21.000 DEBUG [http-nio-8080-exec-7]com.hnxx.zy.clms.core.mapper.LogMapper.save.debug:159 -==>  Preparing: insert into cl_log(log_url, log_params, log_status, log_message, log_method, log_time, log_result, log_ip) values (?, ?, ?, ?, ?, ?, ?, ?) 
2020-04-24 00:04:21.002 DEBUG [http-nio-8080-exec-7]com.hnxx.zy.clms.core.mapper.LogMapper.save.debug:159 -==> Parameters: /group/all/1/10(String), ******(String), 1(Integer), null, GET(String), 236(Long), ******(String), 127.0.0.1(String)
2020-04-24 00:04:21.072 DEBUG [http-nio-8080-exec-7]com.hnxx.zy.clms.core.mapper.LogMapper.save.debug:159 -<==    Updates: 1
2020-05-01 20:31:55.215 DEBUG [restartedMain]com.hnxx.zy.clms.ClmsApplication.logStarting:56 -Running with Spring Boot v2.2.5.RELEASE, Spring v5.2.4.RELEASE
2020-05-01 20:32:03.394 DEBUG [restartedMain]com.hnxx.zy.clms.security.jwt.JwtAuthTokenFilter.init:242 -Filter 'authenticationJwtTokenFilter' configured for use
2020-05-01 20:32:16.388 DEBUG [http-nio-8080-exec-2]com.hnxx.zy.clms.core.mapper.UserMapper.selectByName.debug:159 -==>  Preparing: select user_id,user_name,user_password,user_position_id from cl_user where user_name=? 
2020-05-01 20:32:16.434 DEBUG [http-nio-8080-exec-2]com.hnxx.zy.clms.core.mapper.UserMapper.selectByName.debug:159 -==> Parameters: admin(String)
2020-05-01 20:32:16.512 DEBUG [http-nio-8080-exec-2]com.hnxx.zy.clms.core.mapper.UserMapper.selectByName.debug:159 -<==      Total: 1
2020-05-01 20:32:16.875 DEBUG [http-nio-8080-exec-2]com.hnxx.zy.clms.core.mapper.ReportMapper.getByPage.debug:159 -==>  Preparing: select b.*,c.user_name,x.codename userGroupId,y.codename userClassesId from cl_user_report a left join cl_report b on a.report_id = b.report_id left join cl_user c on a.user_id = c.user_id left join cl_dict x on x.type='group' and x.code = c.user_group_id left join cl_dict y on y.type='classes' and y.code = c.user_classes_id where b.report_type = ? order by created_time asc 
2020-05-01 20:32:16.877 DEBUG [http-nio-8080-exec-2]com.hnxx.zy.clms.core.mapper.ReportMapper.getByPage.debug:159 -==> Parameters: 0(Integer)
2020-05-01 20:32:16.931 DEBUG [http-nio-8080-exec-2]com.hnxx.zy.clms.core.mapper.ReportMapper.getByPage.debug:159 -<==      Total: 9
2020-05-01 20:32:17.144 DEBUG [http-nio-8080-exec-2]com.hnxx.zy.clms.core.mapper.LogMapper.save.debug:159 -==>  Preparing: insert into cl_log(log_url, log_params, log_status, log_message, log_method, log_time, log_result, log_ip) values (?, ?, ?, ?, ?, ?, ?, ?) 
2020-05-01 20:32:17.148 DEBUG [http-nio-8080-exec-2]com.hnxx.zy.clms.core.mapper.LogMapper.save.debug:159 -==> Parameters: /report/getByPage(String), ******(String), 1(Integer), null, POST(String), 177(Long), ******(String), 127.0.0.1(String)
2020-05-01 20:32:17.228 DEBUG [http-nio-8080-exec-2]com.hnxx.zy.clms.core.mapper.LogMapper.save.debug:159 -<==    Updates: 1
2020-05-01 20:32:34.137 DEBUG [http-nio-8080-exec-6]com.hnxx.zy.clms.core.mapper.UserMapper.selectByName.debug:159 -==>  Preparing: select user_id,user_name,user_password,user_position_id from cl_user where user_name=? 
2020-05-01 20:32:34.138 DEBUG [http-nio-8080-exec-6]com.hnxx.zy.clms.core.mapper.UserMapper.selectByName.debug:159 -==> Parameters: admin(String)
2020-05-01 20:32:34.174 DEBUG [http-nio-8080-exec-6]com.hnxx.zy.clms.core.mapper.UserMapper.selectByName.debug:159 -<==      Total: 1
2020-05-01 20:32:34.367 DEBUG [http-nio-8080-exec-6]com.hnxx.zy.clms.core.mapper.ReportMapper.getByPage.debug:159 -==>  Preparing: select b.*,c.user_name,x.codename userGroupId,y.codename userClassesId from cl_user_report a left join cl_report b on a.report_id = b.report_id left join cl_user c on a.user_id = c.user_id left join cl_dict x on x.type='group' and x.code = c.user_group_id left join cl_dict y on y.type='classes' and y.code = c.user_classes_id where b.report_type = ? order by created_time asc 
2020-05-01 20:32:34.368 DEBUG [http-nio-8080-exec-6]com.hnxx.zy.clms.core.mapper.ReportMapper.getByPage.debug:159 -==> Parameters: 1(Integer)
2020-05-01 20:32:34.419 DEBUG [http-nio-8080-exec-6]com.hnxx.zy.clms.core.mapper.ReportMapper.getByPage.debug:159 -<==      Total: 9
2020-05-01 20:32:34.459 DEBUG [http-nio-8080-exec-6]com.hnxx.zy.clms.core.mapper.LogMapper.save.debug:159 -==>  Preparing: insert into cl_log(log_url, log_params, log_status, log_message, log_method, log_time, log_result, log_ip) values (?, ?, ?, ?, ?, ?, ?, ?) 
2020-05-01 20:32:34.462 DEBUG [http-nio-8080-exec-6]com.hnxx.zy.clms.core.mapper.LogMapper.save.debug:159 -==> Parameters: /report/getByPage(String), ******(String), 1(Integer), null, POST(String), 99(Long), ******(String), 127.0.0.1(String)
2020-05-01 20:32:34.540 DEBUG [http-nio-8080-exec-6]com.hnxx.zy.clms.core.mapper.LogMapper.save.debug:159 -<==    Updates: 1
2020-05-01 20:33:01.242 DEBUG [http-nio-8080-exec-8]com.hnxx.zy.clms.core.mapper.UserMapper.selectByName.debug:159 -==>  Preparing: select user_id,user_name,user_password,user_position_id from cl_user where user_name=? 
2020-05-01 20:33:01.243 DEBUG [http-nio-8080-exec-8]com.hnxx.zy.clms.core.mapper.UserMapper.selectByName.debug:159 -==> Parameters: admin(String)
2020-05-01 20:33:01.281 DEBUG [http-nio-8080-exec-8]com.hnxx.zy.clms.core.mapper.UserMapper.selectByName.debug:159 -<==      Total: 1
2020-05-01 20:33:01.488 DEBUG [http-nio-8080-exec-8]com.hnxx.zy.clms.core.mapper.QuestionMapper.getByPage.debug:159 -==>  Preparing: select question_id, question_description, question_content, question_author, question_time, update_time, question_good, answer_count, question_mark from cl_question where is_deleted = 0 order by question_time asc limit ?, ? 
2020-05-01 20:33:01.489 DEBUG [http-nio-8080-exec-8]com.hnxx.zy.clms.core.mapper.QuestionMapper.getByPage.debug:159 -==> Parameters: 0(Integer), 10(Integer)
2020-05-01 20:33:01.728 DEBUG [http-nio-8080-exec-8]com.hnxx.zy.clms.core.mapper.LogMapper.save.debug:159 -==>  Preparing: insert into cl_log(log_url, log_params, log_status, log_message, log_method, log_time, log_result, log_ip) values (?, ?, ?, ?, ?, ?, ?, ?) 
2020-05-01 20:33:01.730 DEBUG [http-nio-8080-exec-8]com.hnxx.zy.clms.core.mapper.LogMapper.save.debug:159 -==> Parameters: /question/getByPage(String), ******(String), 0(Integer), ******(String), POST(String), 0(Long), null, 127.0.0.1(String)
2020-05-01 20:33:01.812 DEBUG [http-nio-8080-exec-8]com.hnxx.zy.clms.core.mapper.LogMapper.save.debug:159 -<==    Updates: 1
2020-05-01 20:33:01.885 DEBUG [http-nio-8080-exec-8]com.hnxx.zy.clms.core.mapper.LogMapper.save.debug:159 -==>  Preparing: insert into cl_log(log_url, log_params, log_status, log_message, log_method, log_time, log_result, log_ip) values (?, ?, ?, ?, ?, ?, ?, ?) 
2020-05-01 20:33:01.886 DEBUG [http-nio-8080-exec-8]com.hnxx.zy.clms.core.mapper.LogMapper.save.debug:159 -==> Parameters: /error(String), ******(String), 1(Integer), ******(String), POST(String), 8(Long), ******(String), 127.0.0.1(String)
2020-05-01 20:33:01.960 DEBUG [http-nio-8080-exec-8]com.hnxx.zy.clms.core.mapper.LogMapper.save.debug:159 -<==    Updates: 1
2020-05-01 20:33:06.317 DEBUG [http-nio-8080-exec-7]com.hnxx.zy.clms.core.mapper.UserMapper.selectByName.debug:159 -==>  Preparing: select user_id,user_name,user_password,user_position_id from cl_user where user_name=? 
2020-05-01 20:33:06.318 DEBUG [http-nio-8080-exec-7]com.hnxx.zy.clms.core.mapper.UserMapper.selectByName.debug:159 -==> Parameters: admin(String)
2020-05-01 20:33:06.357 DEBUG [http-nio-8080-exec-7]com.hnxx.zy.clms.core.mapper.UserMapper.selectByName.debug:159 -<==      Total: 1
2020-05-01 20:33:06.548 DEBUG [http-nio-8080-exec-7]com.hnxx.zy.clms.core.mapper.AnswerMapper.getByPage.debug:159 -==>  Preparing: select answer_id, question_id, answer_content, answer_good, answer_time, update_time, answer_author, answer_mark from cl_answer where is_deleted = 0 order by answer_time asc limit ?, ? 
2020-05-01 20:33:06.549 DEBUG [http-nio-8080-exec-7]com.hnxx.zy.clms.core.mapper.AnswerMapper.getByPage.debug:159 -==> Parameters: 0(Integer), 10(Integer)
2020-05-01 20:33:06.629 DEBUG [http-nio-8080-exec-7]com.hnxx.zy.clms.core.mapper.LogMapper.save.debug:159 -==>  Preparing: insert into cl_log(log_url, log_params, log_status, log_message, log_method, log_time, log_result, log_ip) values (?, ?, ?, ?, ?, ?, ?, ?) 
2020-05-01 20:33:06.630 DEBUG [http-nio-8080-exec-7]com.hnxx.zy.clms.core.mapper.LogMapper.save.debug:159 -==> Parameters: /answer/getByPage(String), ******(String), 0(Integer), ******(String), POST(String), 0(Long), null, 127.0.0.1(String)
2020-05-01 20:33:06.706 DEBUG [http-nio-8080-exec-7]com.hnxx.zy.clms.core.mapper.LogMapper.save.debug:159 -<==    Updates: 1
2020-05-01 20:33:06.753 DEBUG [http-nio-8080-exec-7]com.hnxx.zy.clms.core.mapper.LogMapper.save.debug:159 -==>  Preparing: insert into cl_log(log_url, log_params, log_status, log_message, log_method, log_time, log_result, log_ip) values (?, ?, ?, ?, ?, ?, ?, ?) 
2020-05-01 20:33:06.755 DEBUG [http-nio-8080-exec-7]com.hnxx.zy.clms.core.mapper.LogMapper.save.debug:159 -==> Parameters: /error(String), ******(String), 1(Integer), ******(String), POST(String), 2(Long), ******(String), 127.0.0.1(String)
2020-05-01 20:33:06.831 DEBUG [http-nio-8080-exec-7]com.hnxx.zy.clms.core.mapper.LogMapper.save.debug:159 -<==    Updates: 1
2020-05-01 20:33:21.910 DEBUG [http-nio-8080-exec-4]com.hnxx.zy.clms.core.mapper.UserMapper.selectByName.debug:159 -==>  Preparing: select user_id,user_name,user_password,user_position_id from cl_user where user_name=? 
2020-05-01 20:33:21.912 DEBUG [http-nio-8080-exec-4]com.hnxx.zy.clms.core.mapper.UserMapper.selectByName.debug:159 -==> Parameters: admin(String)
2020-05-01 20:33:21.925 DEBUG [http-nio-8080-exec-3]com.hnxx.zy.clms.core.mapper.UserMapper.selectByName.debug:159 -==>  Preparing: select user_id,user_name,user_password,user_position_id from cl_user where user_name=? 
2020-05-01 20:33:21.928 DEBUG [http-nio-8080-exec-3]com.hnxx.zy.clms.core.mapper.UserMapper.selectByName.debug:159 -==> Parameters: admin(String)
2020-05-01 20:33:21.949 DEBUG [http-nio-8080-exec-4]com.hnxx.zy.clms.core.mapper.UserMapper.selectByName.debug:159 -<==      Total: 1
2020-05-01 20:33:21.967 DEBUG [http-nio-8080-exec-3]com.hnxx.zy.clms.core.mapper.UserMapper.selectByName.debug:159 -<==      Total: 1
2020-05-01 20:33:22.207 DEBUG [http-nio-8080-exec-3]com.hnxx.zy.clms.core.mapper.UserMapper.selectUserNum.debug:159 -==>  Preparing: select count(*) from cl_user 
2020-05-01 20:33:22.208 DEBUG [http-nio-8080-exec-3]com.hnxx.zy.clms.core.mapper.UserMapper.selectUserNum.debug:159 -==> Parameters: 
2020-05-01 20:33:22.232 DEBUG [http-nio-8080-exec-4]com.hnxx.zy.clms.core.mapper.TaskMapper.getByPageAdmin.debug:159 -==>  Preparing: SELECT a.*,b.user_name from cl_task a left JOIN cl_user b ON a.created_id=b.user_id where 1 > 0 order by created_time desc LIMIT ?, ? 
2020-05-01 20:33:22.233 DEBUG [http-nio-8080-exec-4]com.hnxx.zy.clms.core.mapper.TaskMapper.getByPageAdmin.debug:159 -==> Parameters: 0(Integer), 10(Integer)
2020-05-01 20:33:22.243 DEBUG [http-nio-8080-exec-3]com.hnxx.zy.clms.core.mapper.UserMapper.selectUserNum.debug:159 -<==      Total: 1
2020-05-01 20:33:22.274 DEBUG [http-nio-8080-exec-4]com.hnxx.zy.clms.core.mapper.TaskMapper.selectnum.debug:159 -====>  Preparing: select count(*) from cl_task_user where task_id=? 
2020-05-01 20:33:22.276 DEBUG [http-nio-8080-exec-4]com.hnxx.zy.clms.core.mapper.TaskMapper.selectnum.debug:159 -====> Parameters: 11(Integer)
2020-05-01 20:33:22.284 DEBUG [http-nio-8080-exec-3]com.hnxx.zy.clms.core.mapper.LogMapper.save.debug:159 -==>  Preparing: insert into cl_log(log_url, log_params, log_status, log_message, log_method, log_time, log_result, log_ip) values (?, ?, ?, ?, ?, ?, ?, ?) 
2020-05-01 20:33:22.287 DEBUG [http-nio-8080-exec-3]com.hnxx.zy.clms.core.mapper.LogMapper.save.debug:159 -==> Parameters: /task/getUserNum(String), ******(String), 1(Integer), null, GET(String), 89(Long), ******(String), 127.0.0.1(String)
2020-05-01 20:33:22.314 DEBUG [http-nio-8080-exec-4]com.hnxx.zy.clms.core.mapper.TaskMapper.selectnum.debug:159 -<====      Total: 1
2020-05-01 20:33:22.316 DEBUG [http-nio-8080-exec-4]com.hnxx.zy.clms.core.mapper.TaskMapper.selectnum.debug:159 -====>  Preparing: select count(*) from cl_task_user where task_id=? 
2020-05-01 20:33:22.317 DEBUG [http-nio-8080-exec-4]com.hnxx.zy.clms.core.mapper.TaskMapper.selectnum.debug:159 -====> Parameters: 10(Integer)
2020-05-01 20:33:22.355 DEBUG [http-nio-8080-exec-4]com.hnxx.zy.clms.core.mapper.TaskMapper.selectnum.debug:159 -<====      Total: 1
2020-05-01 20:33:22.357 DEBUG [http-nio-8080-exec-4]com.hnxx.zy.clms.core.mapper.TaskMapper.selectnum.debug:159 -====>  Preparing: select count(*) from cl_task_user where task_id=? 
2020-05-01 20:33:22.358 DEBUG [http-nio-8080-exec-4]com.hnxx.zy.clms.core.mapper.TaskMapper.selectnum.debug:159 -====> Parameters: 9(Integer)
2020-05-01 20:33:22.364 DEBUG [http-nio-8080-exec-3]com.hnxx.zy.clms.core.mapper.LogMapper.save.debug:159 -<==    Updates: 1
2020-05-01 20:33:22.399 DEBUG [http-nio-8080-exec-4]com.hnxx.zy.clms.core.mapper.TaskMapper.selectnum.debug:159 -<====      Total: 1
2020-05-01 20:33:22.405 DEBUG [http-nio-8080-exec-4]com.hnxx.zy.clms.core.mapper.TaskMapper.selectnum.debug:159 -====>  Preparing: select count(*) from cl_task_user where task_id=? 
2020-05-01 20:33:22.407 DEBUG [http-nio-8080-exec-4]com.hnxx.zy.clms.core.mapper.TaskMapper.selectnum.debug:159 -====> Parameters: 8(Integer)
2020-05-01 20:33:22.443 DEBUG [http-nio-8080-exec-4]com.hnxx.zy.clms.core.mapper.TaskMapper.selectnum.debug:159 -<====      Total: 1
2020-05-01 20:33:22.445 DEBUG [http-nio-8080-exec-4]com.hnxx.zy.clms.core.mapper.TaskMapper.selectnum.debug:159 -====>  Preparing: select count(*) from cl_task_user where task_id=? 
2020-05-01 20:33:22.446 DEBUG [http-nio-8080-exec-4]com.hnxx.zy.clms.core.mapper.TaskMapper.selectnum.debug:159 -====> Parameters: 7(Integer)
2020-05-01 20:33:22.482 DEBUG [http-nio-8080-exec-4]com.hnxx.zy.clms.core.mapper.TaskMapper.selectnum.debug:159 -<====      Total: 1
2020-05-01 20:33:22.484 DEBUG [http-nio-8080-exec-4]com.hnxx.zy.clms.core.mapper.TaskMapper.selectnum.debug:159 -====>  Preparing: select count(*) from cl_task_user where task_id=? 
2020-05-01 20:33:22.485 DEBUG [http-nio-8080-exec-4]com.hnxx.zy.clms.core.mapper.TaskMapper.selectnum.debug:159 -====> Parameters: 6(Integer)
2020-05-01 20:33:22.524 DEBUG [http-nio-8080-exec-4]com.hnxx.zy.clms.core.mapper.TaskMapper.selectnum.debug:159 -<====      Total: 1
2020-05-01 20:33:22.525 DEBUG [http-nio-8080-exec-4]com.hnxx.zy.clms.core.mapper.TaskMapper.selectnum.debug:159 -====>  Preparing: select count(*) from cl_task_user where task_id=? 
2020-05-01 20:33:22.526 DEBUG [http-nio-8080-exec-4]com.hnxx.zy.clms.core.mapper.TaskMapper.selectnum.debug:159 -====> Parameters: 5(Integer)
2020-05-01 20:33:22.563 DEBUG [http-nio-8080-exec-4]com.hnxx.zy.clms.core.mapper.TaskMapper.selectnum.debug:159 -<====      Total: 1
2020-05-01 20:33:22.566 DEBUG [http-nio-8080-exec-4]com.hnxx.zy.clms.core.mapper.TaskMapper.selectnum.debug:159 -====>  Preparing: select count(*) from cl_task_user where task_id=? 
2020-05-01 20:33:22.567 DEBUG [http-nio-8080-exec-4]com.hnxx.zy.clms.core.mapper.TaskMapper.selectnum.debug:159 -====> Parameters: 4(Integer)
2020-05-01 20:33:22.604 DEBUG [http-nio-8080-exec-4]com.hnxx.zy.clms.core.mapper.TaskMapper.selectnum.debug:159 -<====      Total: 1
2020-05-01 20:33:22.607 DEBUG [http-nio-8080-exec-4]com.hnxx.zy.clms.core.mapper.TaskMapper.selectnum.debug:159 -====>  Preparing: select count(*) from cl_task_user where task_id=? 
2020-05-01 20:33:22.608 DEBUG [http-nio-8080-exec-4]com.hnxx.zy.clms.core.mapper.TaskMapper.selectnum.debug:159 -====> Parameters: 3(Integer)
2020-05-01 20:33:22.644 DEBUG [http-nio-8080-exec-4]com.hnxx.zy.clms.core.mapper.TaskMapper.selectnum.debug:159 -<====      Total: 1
2020-05-01 20:33:22.646 DEBUG [http-nio-8080-exec-4]com.hnxx.zy.clms.core.mapper.TaskMapper.selectnum.debug:159 -====>  Preparing: select count(*) from cl_task_user where task_id=? 
2020-05-01 20:33:22.647 DEBUG [http-nio-8080-exec-4]com.hnxx.zy.clms.core.mapper.TaskMapper.selectnum.debug:159 -====> Parameters: 2(Integer)
2020-05-01 20:33:22.683 DEBUG [http-nio-8080-exec-4]com.hnxx.zy.clms.core.mapper.TaskMapper.selectnum.debug:159 -<====      Total: 1
2020-05-01 20:33:22.684 DEBUG [http-nio-8080-exec-4]com.hnxx.zy.clms.core.mapper.TaskMapper.getByPageAdmin.debug:159 -<==      Total: 10
2020-05-01 20:33:22.775 DEBUG [http-nio-8080-exec-4]com.hnxx.zy.clms.core.mapper.TaskMapper.getCountByPage.debug:159 -==>  Preparing: select count(*) from cl_task a left JOIN cl_user b ON a.created_id=b.user_id WHERE 1>0 
2020-05-01 20:33:22.776 DEBUG [http-nio-8080-exec-4]com.hnxx.zy.clms.core.mapper.TaskMapper.getCountByPage.debug:159 -==> Parameters: 
2020-05-01 20:33:22.814 DEBUG [http-nio-8080-exec-4]com.hnxx.zy.clms.core.mapper.TaskMapper.getCountByPage.debug:159 -<==      Total: 1
2020-05-01 20:33:22.863 DEBUG [http-nio-8080-exec-4]com.hnxx.zy.clms.core.mapper.LogMapper.save.debug:159 -==>  Preparing: insert into cl_log(log_url, log_params, log_status, log_message, log_method, log_time, log_result, log_ip) values (?, ?, ?, ?, ?, ?, ?, ?) 
2020-05-01 20:33:22.865 DEBUG [http-nio-8080-exec-4]com.hnxx.zy.clms.core.mapper.LogMapper.save.debug:159 -==> Parameters: /task/getByPageAdmin(String), ******(String), 1(Integer), null, POST(String), 668(Long), ******(String), 127.0.0.1(String)
2020-05-01 20:33:22.941 DEBUG [http-nio-8080-exec-4]com.hnxx.zy.clms.core.mapper.LogMapper.save.debug:159 -<==    Updates: 1
2020-05-01 20:33:26.321 DEBUG [http-nio-8080-exec-10]com.hnxx.zy.clms.core.mapper.UserMapper.selectByName.debug:159 -==>  Preparing: select user_id,user_name,user_password,user_position_id from cl_user where user_name=? 
2020-05-01 20:33:26.322 DEBUG [http-nio-8080-exec-10]com.hnxx.zy.clms.core.mapper.UserMapper.selectByName.debug:159 -==> Parameters: admin(String)
2020-05-01 20:33:26.360 DEBUG [http-nio-8080-exec-10]com.hnxx.zy.clms.core.mapper.UserMapper.selectByName.debug:159 -<==      Total: 1
2020-05-01 20:33:26.591 DEBUG [http-nio-8080-exec-10]com.hnxx.zy.clms.core.mapper.QuestionMapper.getByPage.debug:159 -==>  Preparing: select question_id, question_description, question_content, question_author, question_time, update_time, question_good, answer_count, question_mark from cl_question where is_deleted = 0 order by question_time asc limit ?, ? 
2020-05-01 20:33:26.592 DEBUG [http-nio-8080-exec-10]com.hnxx.zy.clms.core.mapper.QuestionMapper.getByPage.debug:159 -==> Parameters: 0(Integer), 10(Integer)
2020-05-01 20:33:26.672 DEBUG [http-nio-8080-exec-10]com.hnxx.zy.clms.core.mapper.LogMapper.save.debug:159 -==>  Preparing: insert into cl_log(log_url, log_params, log_status, log_message, log_method, log_time, log_result, log_ip) values (?, ?, ?, ?, ?, ?, ?, ?) 
2020-05-01 20:33:26.674 DEBUG [http-nio-8080-exec-10]com.hnxx.zy.clms.core.mapper.LogMapper.save.debug:159 -==> Parameters: /question/getByPage(String), ******(String), 0(Integer), ******(String), POST(String), 0(Long), null, 127.0.0.1(String)
2020-05-01 20:33:26.750 DEBUG [http-nio-8080-exec-10]com.hnxx.zy.clms.core.mapper.LogMapper.save.debug:159 -<==    Updates: 1
2020-05-01 20:33:26.799 DEBUG [http-nio-8080-exec-10]com.hnxx.zy.clms.core.mapper.LogMapper.save.debug:159 -==>  Preparing: insert into cl_log(log_url, log_params, log_status, log_message, log_method, log_time, log_result, log_ip) values (?, ?, ?, ?, ?, ?, ?, ?) 
2020-05-01 20:33:26.800 DEBUG [http-nio-8080-exec-10]com.hnxx.zy.clms.core.mapper.LogMapper.save.debug:159 -==> Parameters: /error(String), ******(String), 1(Integer), ******(String), POST(String), 2(Long), ******(String), 127.0.0.1(String)
2020-05-01 20:33:26.880 DEBUG [http-nio-8080-exec-10]com.hnxx.zy.clms.core.mapper.LogMapper.save.debug:159 -<==    Updates: 1
2020-05-01 20:33:29.228 DEBUG [http-nio-8080-exec-9]com.hnxx.zy.clms.core.mapper.UserMapper.selectByName.debug:159 -==>  Preparing: select user_id,user_name,user_password,user_position_id from cl_user where user_name=? 
2020-05-01 20:33:29.231 DEBUG [http-nio-8080-exec-9]com.hnxx.zy.clms.core.mapper.UserMapper.selectByName.debug:159 -==> Parameters: admin(String)
2020-05-01 20:33:29.271 DEBUG [http-nio-8080-exec-9]com.hnxx.zy.clms.core.mapper.UserMapper.selectByName.debug:159 -<==      Total: 1
2020-05-01 20:33:29.480 DEBUG [http-nio-8080-exec-9]com.hnxx.zy.clms.core.mapper.AnswerMapper.getByPage.debug:159 -==>  Preparing: select answer_id, question_id, answer_content, answer_good, answer_time, update_time, answer_author, answer_mark from cl_answer where is_deleted = 0 order by answer_time asc limit ?, ? 
2020-05-01 20:33:29.483 DEBUG [http-nio-8080-exec-9]com.hnxx.zy.clms.core.mapper.AnswerMapper.getByPage.debug:159 -==> Parameters: 0(Integer), 10(Integer)
2020-05-01 20:33:29.573 DEBUG [http-nio-8080-exec-9]com.hnxx.zy.clms.core.mapper.LogMapper.save.debug:159 -==>  Preparing: insert into cl_log(log_url, log_params, log_status, log_message, log_method, log_time, log_result, log_ip) values (?, ?, ?, ?, ?, ?, ?, ?) 
2020-05-01 20:33:29.577 DEBUG [http-nio-8080-exec-9]com.hnxx.zy.clms.core.mapper.LogMapper.save.debug:159 -==> Parameters: /answer/getByPage(String), ******(String), 0(Integer), ******(String), POST(String), 0(Long), null, 127.0.0.1(String)
2020-05-01 20:33:29.654 DEBUG [http-nio-8080-exec-9]com.hnxx.zy.clms.core.mapper.LogMapper.save.debug:159 -<==    Updates: 1
2020-05-01 20:33:29.706 DEBUG [http-nio-8080-exec-9]com.hnxx.zy.clms.core.mapper.LogMapper.save.debug:159 -==>  Preparing: insert into cl_log(log_url, log_params, log_status, log_message, log_method, log_time, log_result, log_ip) values (?, ?, ?, ?, ?, ?, ?, ?) 
2020-05-01 20:33:29.707 DEBUG [http-nio-8080-exec-9]com.hnxx.zy.clms.core.mapper.LogMapper.save.debug:159 -==> Parameters: /error(String), ******(String), 1(Integer), ******(String), POST(String), 2(Long), ******(String), 127.0.0.1(String)
2020-05-01 20:33:29.783 DEBUG [http-nio-8080-exec-9]com.hnxx.zy.clms.core.mapper.LogMapper.save.debug:159 -<==    Updates: 1
2020-05-01 20:33:30.670 DEBUG [http-nio-8080-exec-5]com.hnxx.zy.clms.core.mapper.UserMapper.selectByName.debug:159 -==>  Preparing: select user_id,user_name,user_password,user_position_id from cl_user where user_name=? 
2020-05-01 20:33:30.672 DEBUG [http-nio-8080-exec-5]com.hnxx.zy.clms.core.mapper.UserMapper.selectByName.debug:159 -==> Parameters: admin(String)
2020-05-01 20:33:30.678 DEBUG [http-nio-8080-exec-1]com.hnxx.zy.clms.core.mapper.UserMapper.selectByName.debug:159 -==>  Preparing: select user_id,user_name,user_password,user_position_id from cl_user where user_name=? 
2020-05-01 20:33:30.679 DEBUG [http-nio-8080-exec-1]com.hnxx.zy.clms.core.mapper.UserMapper.selectByName.debug:159 -==> Parameters: admin(String)
2020-05-01 20:33:30.707 DEBUG [http-nio-8080-exec-5]com.hnxx.zy.clms.core.mapper.UserMapper.selectByName.debug:159 -<==      Total: 1
2020-05-01 20:33:30.717 DEBUG [http-nio-8080-exec-1]com.hnxx.zy.clms.core.mapper.UserMapper.selectByName.debug:159 -<==      Total: 1
2020-05-01 20:33:30.893 DEBUG [http-nio-8080-exec-5]c.h.z.c.c.mapper.RegistrationMapper.getRegisListByDate.debug:159 -==>  Preparing: SELECT a.*,b.user_name FROM cl_registration a left JOIN cl_user b ON a.user_id=b.user_id where DATE_FORMAT(a.sign_time,'%Y-%m-%d')=? 
2020-05-01 20:33:30.895 DEBUG [http-nio-8080-exec-5]c.h.z.c.c.mapper.RegistrationMapper.getRegisListByDate.debug:159 -==> Parameters: 2020-05-01(String)
2020-05-01 20:33:30.903 DEBUG [http-nio-8080-exec-1]c.h.zy.clms.core.mapper.RegistrationMapper.getNameList.debug:159 -==>  Preparing: select user_id from cl_registration where sign_class like concat('%', ?, '%') and sign_time=? 
2020-05-01 20:33:30.904 DEBUG [http-nio-8080-exec-1]c.h.zy.clms.core.mapper.RegistrationMapper.getNameList.debug:159 -==> Parameters: 1(Integer), 2020-05-01(String)
2020-05-01 20:33:30.930 DEBUG [http-nio-8080-exec-5]c.h.z.c.c.mapper.RegistrationMapper.getRegisListByDate.debug:159 -<==      Total: 0
2020-05-01 20:33:30.947 DEBUG [http-nio-8080-exec-1]c.h.zy.clms.core.mapper.RegistrationMapper.getNameList.debug:159 -<==      Total: 0
2020-05-01 20:33:30.969 DEBUG [http-nio-8080-exec-5]com.hnxx.zy.clms.core.mapper.LogMapper.save.debug:159 -==>  Preparing: insert into cl_log(log_url, log_params, log_status, log_message, log_method, log_time, log_result, log_ip) values (?, ?, ?, ?, ?, ?, ?, ?) 
2020-05-01 20:33:30.971 DEBUG [http-nio-8080-exec-5]com.hnxx.zy.clms.core.mapper.LogMapper.save.debug:159 -==> Parameters: /registration/getListByDate/2020-05-01(String), ******(String), 1(Integer), null, GET(String), 83(Long), ******(String), 127.0.0.1(String)
2020-05-01 20:33:30.986 DEBUG [http-nio-8080-exec-1]com.hnxx.zy.clms.core.mapper.LogMapper.save.debug:159 -==>  Preparing: insert into cl_log(log_url, log_params, log_status, log_message, log_method, log_time, log_result, log_ip) values (?, ?, ?, ?, ?, ?, ?, ?) 
2020-05-01 20:33:30.988 DEBUG [http-nio-8080-exec-1]com.hnxx.zy.clms.core.mapper.LogMapper.save.debug:159 -==> Parameters: /registration/getNameList/1/2020-05-01(String), ******(String), 1(Integer), null, GET(String), 89(Long), ******(String), 127.0.0.1(String)
2020-05-01 20:33:31.043 DEBUG [http-nio-8080-exec-5]com.hnxx.zy.clms.core.mapper.LogMapper.save.debug:159 -<==    Updates: 1
2020-05-01 20:33:31.062 DEBUG [http-nio-8080-exec-1]com.hnxx.zy.clms.core.mapper.LogMapper.save.debug:159 -<==    Updates: 1
2020-05-01 20:33:35.461 DEBUG [http-nio-8080-exec-2]com.hnxx.zy.clms.core.mapper.UserMapper.selectByName.debug:159 -==>  Preparing: select user_id,user_name,user_password,user_position_id from cl_user where user_name=? 
2020-05-01 20:33:35.464 DEBUG [http-nio-8080-exec-2]com.hnxx.zy.clms.core.mapper.UserMapper.selectByName.debug:159 -==> Parameters: admin(String)
2020-05-01 20:33:35.549 DEBUG [http-nio-8080-exec-2]com.hnxx.zy.clms.core.mapper.UserMapper.selectByName.debug:159 -<==      Total: 1
2020-05-01 20:33:35.828 DEBUG [http-nio-8080-exec-6]com.hnxx.zy.clms.core.mapper.UserMapper.selectByName.debug:159 -==>  Preparing: select user_id,user_name,user_password,user_position_id from cl_user where user_name=? 
2020-05-01 20:33:35.829 DEBUG [http-nio-8080-exec-6]com.hnxx.zy.clms.core.mapper.UserMapper.selectByName.debug:159 -==> Parameters: admin(String)
2020-05-01 20:33:35.866 DEBUG [http-nio-8080-exec-6]com.hnxx.zy.clms.core.mapper.UserMapper.selectByName.debug:159 -<==      Total: 1
2020-05-01 20:33:35.905 DEBUG [http-nio-8080-exec-2]com.hnxx.zy.clms.core.mapper.NoticeMapper.getByPageAdmin.debug:159 -==>  Preparing: SELECT a.*,b.user_name from cl_notice a left JOIN cl_user b ON a.created_id=b.user_id where 1 > 0 order by created_time desc LIMIT ?, ? 
2020-05-01 20:33:35.907 DEBUG [http-nio-8080-exec-2]com.hnxx.zy.clms.core.mapper.NoticeMapper.getByPageAdmin.debug:159 -==> Parameters: 0(Integer), 10(Integer)
2020-05-01 20:33:35.946 DEBUG [http-nio-8080-exec-2]com.hnxx.zy.clms.core.mapper.NoticeMapper.selectnum.debug:159 -====>  Preparing: select count(*) from cl_notice_user where notice_id=? 
2020-05-01 20:33:35.947 DEBUG [http-nio-8080-exec-2]com.hnxx.zy.clms.core.mapper.NoticeMapper.selectnum.debug:159 -====> Parameters: 44(Integer)
2020-05-01 20:33:35.986 DEBUG [http-nio-8080-exec-2]com.hnxx.zy.clms.core.mapper.NoticeMapper.selectnum.debug:159 -<====      Total: 1
2020-05-01 20:33:35.992 DEBUG [http-nio-8080-exec-2]com.hnxx.zy.clms.core.mapper.NoticeMapper.selectnum.debug:159 -====>  Preparing: select count(*) from cl_notice_user where notice_id=? 
2020-05-01 20:33:35.993 DEBUG [http-nio-8080-exec-2]com.hnxx.zy.clms.core.mapper.NoticeMapper.selectnum.debug:159 -====> Parameters: 43(Integer)
2020-05-01 20:33:36.030 DEBUG [http-nio-8080-exec-2]com.hnxx.zy.clms.core.mapper.NoticeMapper.selectnum.debug:159 -<====      Total: 1
2020-05-01 20:33:36.032 DEBUG [http-nio-8080-exec-2]com.hnxx.zy.clms.core.mapper.NoticeMapper.selectnum.debug:159 -====>  Preparing: select count(*) from cl_notice_user where notice_id=? 
2020-05-01 20:33:36.034 DEBUG [http-nio-8080-exec-2]com.hnxx.zy.clms.core.mapper.NoticeMapper.selectnum.debug:159 -====> Parameters: 42(Integer)
2020-05-01 20:33:36.071 DEBUG [http-nio-8080-exec-2]com.hnxx.zy.clms.core.mapper.NoticeMapper.selectnum.debug:159 -<====      Total: 1
2020-05-01 20:33:36.073 DEBUG [http-nio-8080-exec-2]com.hnxx.zy.clms.core.mapper.NoticeMapper.selectnum.debug:159 -====>  Preparing: select count(*) from cl_notice_user where notice_id=? 
2020-05-01 20:33:36.075 DEBUG [http-nio-8080-exec-2]com.hnxx.zy.clms.core.mapper.NoticeMapper.selectnum.debug:159 -====> Parameters: 41(Integer)
2020-05-01 20:33:36.104 DEBUG [http-nio-8080-exec-6]com.hnxx.zy.clms.core.mapper.UserMapper.selectUserNum.debug:159 -==>  Preparing: select count(*) from cl_user 
2020-05-01 20:33:36.105 DEBUG [http-nio-8080-exec-6]com.hnxx.zy.clms.core.mapper.UserMapper.selectUserNum.debug:159 -==> Parameters: 
2020-05-01 20:33:36.114 DEBUG [http-nio-8080-exec-2]com.hnxx.zy.clms.core.mapper.NoticeMapper.selectnum.debug:159 -<====      Total: 1
2020-05-01 20:33:36.116 DEBUG [http-nio-8080-exec-2]com.hnxx.zy.clms.core.mapper.NoticeMapper.selectnum.debug:159 -====>  Preparing: select count(*) from cl_notice_user where notice_id=? 
2020-05-01 20:33:36.118 DEBUG [http-nio-8080-exec-2]com.hnxx.zy.clms.core.mapper.NoticeMapper.selectnum.debug:159 -====> Parameters: 40(Integer)
2020-05-01 20:33:36.141 DEBUG [http-nio-8080-exec-6]com.hnxx.zy.clms.core.mapper.UserMapper.selectUserNum.debug:159 -<==      Total: 1
2020-05-01 20:33:36.154 DEBUG [http-nio-8080-exec-2]com.hnxx.zy.clms.core.mapper.NoticeMapper.selectnum.debug:159 -<====      Total: 1
2020-05-01 20:33:36.156 DEBUG [http-nio-8080-exec-2]com.hnxx.zy.clms.core.mapper.NoticeMapper.selectnum.debug:159 -====>  Preparing: select count(*) from cl_notice_user where notice_id=? 
2020-05-01 20:33:36.158 DEBUG [http-nio-8080-exec-2]com.hnxx.zy.clms.core.mapper.NoticeMapper.selectnum.debug:159 -====> Parameters: 39(Integer)
2020-05-01 20:33:36.184 DEBUG [http-nio-8080-exec-6]com.hnxx.zy.clms.core.mapper.LogMapper.save.debug:159 -==>  Preparing: insert into cl_log(log_url, log_params, log_status, log_message, log_method, log_time, log_result, log_ip) values (?, ?, ?, ?, ?, ?, ?, ?) 
2020-05-01 20:33:36.187 DEBUG [http-nio-8080-exec-6]com.hnxx.zy.clms.core.mapper.LogMapper.save.debug:159 -==> Parameters: /notice/getUserNum(String), ******(String), 1(Integer), null, GET(String), 86(Long), ******(String), 127.0.0.1(String)
2020-05-01 20:33:36.193 DEBUG [http-nio-8080-exec-2]com.hnxx.zy.clms.core.mapper.NoticeMapper.selectnum.debug:159 -<====      Total: 1
2020-05-01 20:33:36.196 DEBUG [http-nio-8080-exec-2]com.hnxx.zy.clms.core.mapper.NoticeMapper.selectnum.debug:159 -====>  Preparing: select count(*) from cl_notice_user where notice_id=? 
2020-05-01 20:33:36.197 DEBUG [http-nio-8080-exec-2]com.hnxx.zy.clms.core.mapper.NoticeMapper.selectnum.debug:159 -====> Parameters: 38(Integer)
2020-05-01 20:33:36.233 DEBUG [http-nio-8080-exec-2]com.hnxx.zy.clms.core.mapper.NoticeMapper.selectnum.debug:159 -<====      Total: 1
2020-05-01 20:33:36.236 DEBUG [http-nio-8080-exec-2]com.hnxx.zy.clms.core.mapper.NoticeMapper.selectnum.debug:159 -====>  Preparing: select count(*) from cl_notice_user where notice_id=? 
2020-05-01 20:33:36.238 DEBUG [http-nio-8080-exec-2]com.hnxx.zy.clms.core.mapper.NoticeMapper.selectnum.debug:159 -====> Parameters: 37(Integer)
2020-05-01 20:33:36.265 DEBUG [http-nio-8080-exec-6]com.hnxx.zy.clms.core.mapper.LogMapper.save.debug:159 -<==    Updates: 1
2020-05-01 20:33:36.276 DEBUG [http-nio-8080-exec-2]com.hnxx.zy.clms.core.mapper.NoticeMapper.selectnum.debug:159 -<====      Total: 1
2020-05-01 20:33:36.279 DEBUG [http-nio-8080-exec-2]com.hnxx.zy.clms.core.mapper.NoticeMapper.selectnum.debug:159 -====>  Preparing: select count(*) from cl_notice_user where notice_id=? 
2020-05-01 20:33:36.280 DEBUG [http-nio-8080-exec-2]com.hnxx.zy.clms.core.mapper.NoticeMapper.selectnum.debug:159 -====> Parameters: 34(Integer)
2020-05-01 20:33:36.315 DEBUG [http-nio-8080-exec-2]com.hnxx.zy.clms.core.mapper.NoticeMapper.selectnum.debug:159 -<====      Total: 1
2020-05-01 20:33:36.316 DEBUG [http-nio-8080-exec-2]com.hnxx.zy.clms.core.mapper.NoticeMapper.selectnum.debug:159 -====>  Preparing: select count(*) from cl_notice_user where notice_id=? 
2020-05-01 20:33:36.318 DEBUG [http-nio-8080-exec-2]com.hnxx.zy.clms.core.mapper.NoticeMapper.selectnum.debug:159 -====> Parameters: 33(Integer)
2020-05-01 20:33:36.355 DEBUG [http-nio-8080-exec-2]com.hnxx.zy.clms.core.mapper.NoticeMapper.selectnum.debug:159 -<====      Total: 1
2020-05-01 20:33:36.356 DEBUG [http-nio-8080-exec-2]com.hnxx.zy.clms.core.mapper.NoticeMapper.getByPageAdmin.debug:159 -<==      Total: 10
2020-05-01 20:33:36.397 DEBUG [http-nio-8080-exec-2]com.hnxx.zy.clms.core.mapper.NoticeMapper.getCountByPage.debug:159 -==>  Preparing: select count(*) from cl_notice a left JOIN cl_user b ON a.created_id=b.user_id WHERE 1>0 
2020-05-01 20:33:36.398 DEBUG [http-nio-8080-exec-2]com.hnxx.zy.clms.core.mapper.NoticeMapper.getCountByPage.debug:159 -==> Parameters: 
2020-05-01 20:33:36.433 DEBUG [http-nio-8080-exec-2]com.hnxx.zy.clms.core.mapper.NoticeMapper.getCountByPage.debug:159 -<==      Total: 1
2020-05-01 20:33:36.489 DEBUG [http-nio-8080-exec-2]com.hnxx.zy.clms.core.mapper.LogMapper.save.debug:159 -==>  Preparing: insert into cl_log(log_url, log_params, log_status, log_message, log_method, log_time, log_result, log_ip) values (?, ?, ?, ?, ?, ?, ?, ?) 
2020-05-01 20:33:36.493 DEBUG [http-nio-8080-exec-2]com.hnxx.zy.clms.core.mapper.LogMapper.save.debug:159 -==> Parameters: /notice/getByPageAdmin(String), ******(String), 1(Integer), null, POST(String), 668(Long), ******(String), 127.0.0.1(String)
2020-05-01 20:33:36.567 DEBUG [http-nio-8080-exec-2]com.hnxx.zy.clms.core.mapper.LogMapper.save.debug:159 -<==    Updates: 1
2020-05-01 20:33:42.599 DEBUG [http-nio-8080-exec-7]com.hnxx.zy.clms.core.mapper.UserMapper.selectByName.debug:159 -==>  Preparing: select user_id,user_name,user_password,user_position_id from cl_user where user_name=? 
2020-05-01 20:33:42.603 DEBUG [http-nio-8080-exec-7]com.hnxx.zy.clms.core.mapper.UserMapper.selectByName.debug:159 -==> Parameters: admin(String)
2020-05-01 20:33:42.634 DEBUG [http-nio-8080-exec-8]com.hnxx.zy.clms.core.mapper.UserMapper.selectByName.debug:159 -==>  Preparing: select user_id,user_name,user_password,user_position_id from cl_user where user_name=? 
2020-05-01 20:33:42.638 DEBUG [http-nio-8080-exec-8]com.hnxx.zy.clms.core.mapper.UserMapper.selectByName.debug:159 -==> Parameters: admin(String)
2020-05-01 20:33:42.643 DEBUG [http-nio-8080-exec-7]com.hnxx.zy.clms.core.mapper.UserMapper.selectByName.debug:159 -<==      Total: 1
2020-05-01 20:33:42.677 DEBUG [http-nio-8080-exec-8]com.hnxx.zy.clms.core.mapper.UserMapper.selectByName.debug:159 -<==      Total: 1
2020-05-01 20:33:42.870 DEBUG [http-nio-8080-exec-7]com.hnxx.zy.clms.core.mapper.UserMapper.selectUserNum.debug:159 -==>  Preparing: select count(*) from cl_user 
2020-05-01 20:33:42.871 DEBUG [http-nio-8080-exec-7]com.hnxx.zy.clms.core.mapper.UserMapper.selectUserNum.debug:159 -==> Parameters: 
2020-05-01 20:33:42.903 DEBUG [http-nio-8080-exec-8]com.hnxx.zy.clms.core.mapper.TaskMapper.getByPageAdmin.debug:159 -==>  Preparing: SELECT a.*,b.user_name from cl_task a left JOIN cl_user b ON a.created_id=b.user_id where 1 > 0 order by created_time desc LIMIT ?, ? 
2020-05-01 20:33:42.905 DEBUG [http-nio-8080-exec-8]com.hnxx.zy.clms.core.mapper.TaskMapper.getByPageAdmin.debug:159 -==> Parameters: 0(Integer), 10(Integer)
2020-05-01 20:33:42.907 DEBUG [http-nio-8080-exec-7]com.hnxx.zy.clms.core.mapper.UserMapper.selectUserNum.debug:159 -<==      Total: 1
2020-05-01 20:33:42.941 DEBUG [http-nio-8080-exec-8]com.hnxx.zy.clms.core.mapper.TaskMapper.selectnum.debug:159 -====>  Preparing: select count(*) from cl_task_user where task_id=? 
2020-05-01 20:33:42.942 DEBUG [http-nio-8080-exec-8]com.hnxx.zy.clms.core.mapper.TaskMapper.selectnum.debug:159 -====> Parameters: 11(Integer)
2020-05-01 20:33:42.958 DEBUG [http-nio-8080-exec-7]com.hnxx.zy.clms.core.mapper.LogMapper.save.debug:159 -==>  Preparing: insert into cl_log(log_url, log_params, log_status, log_message, log_method, log_time, log_result, log_ip) values (?, ?, ?, ?, ?, ?, ?, ?) 
2020-05-01 20:33:42.959 DEBUG [http-nio-8080-exec-7]com.hnxx.zy.clms.core.mapper.LogMapper.save.debug:159 -==> Parameters: /task/getUserNum(String), ******(String), 1(Integer), ******(String), GET(String), 84(Long), ******(String), 127.0.0.1(String)
2020-05-01 20:33:42.976 DEBUG [http-nio-8080-exec-8]com.hnxx.zy.clms.core.mapper.TaskMapper.selectnum.debug:159 -<====      Total: 1
2020-05-01 20:33:42.978 DEBUG [http-nio-8080-exec-8]com.hnxx.zy.clms.core.mapper.TaskMapper.selectnum.debug:159 -====>  Preparing: select count(*) from cl_task_user where task_id=? 
2020-05-01 20:33:42.979 DEBUG [http-nio-8080-exec-8]com.hnxx.zy.clms.core.mapper.TaskMapper.selectnum.debug:159 -====> Parameters: 10(Integer)
2020-05-01 20:33:43.013 DEBUG [http-nio-8080-exec-8]com.hnxx.zy.clms.core.mapper.TaskMapper.selectnum.debug:159 -<====      Total: 1
2020-05-01 20:33:43.015 DEBUG [http-nio-8080-exec-8]com.hnxx.zy.clms.core.mapper.TaskMapper.selectnum.debug:159 -====>  Preparing: select count(*) from cl_task_user where task_id=? 
2020-05-01 20:33:43.016 DEBUG [http-nio-8080-exec-8]com.hnxx.zy.clms.core.mapper.TaskMapper.selectnum.debug:159 -====> Parameters: 9(Integer)
2020-05-01 20:33:43.036 DEBUG [http-nio-8080-exec-7]com.hnxx.zy.clms.core.mapper.LogMapper.save.debug:159 -<==    Updates: 1
2020-05-01 20:33:43.052 DEBUG [http-nio-8080-exec-8]com.hnxx.zy.clms.core.mapper.TaskMapper.selectnum.debug:159 -<====      Total: 1
2020-05-01 20:33:43.056 DEBUG [http-nio-8080-exec-8]com.hnxx.zy.clms.core.mapper.TaskMapper.selectnum.debug:159 -====>  Preparing: select count(*) from cl_task_user where task_id=? 
2020-05-01 20:33:43.057 DEBUG [http-nio-8080-exec-8]com.hnxx.zy.clms.core.mapper.TaskMapper.selectnum.debug:159 -====> Parameters: 8(Integer)
2020-05-01 20:33:43.093 DEBUG [http-nio-8080-exec-8]com.hnxx.zy.clms.core.mapper.TaskMapper.selectnum.debug:159 -<====      Total: 1
2020-05-01 20:33:43.095 DEBUG [http-nio-8080-exec-8]com.hnxx.zy.clms.core.mapper.TaskMapper.selectnum.debug:159 -====>  Preparing: select count(*) from cl_task_user where task_id=? 
2020-05-01 20:33:43.097 DEBUG [http-nio-8080-exec-8]com.hnxx.zy.clms.core.mapper.TaskMapper.selectnum.debug:159 -====> Parameters: 7(Integer)
2020-05-01 20:33:43.137 DEBUG [http-nio-8080-exec-8]com.hnxx.zy.clms.core.mapper.TaskMapper.selectnum.debug:159 -<====      Total: 1
2020-05-01 20:33:43.142 DEBUG [http-nio-8080-exec-8]com.hnxx.zy.clms.core.mapper.TaskMapper.selectnum.debug:159 -====>  Preparing: select count(*) from cl_task_user where task_id=? 
2020-05-01 20:33:43.143 DEBUG [http-nio-8080-exec-8]com.hnxx.zy.clms.core.mapper.TaskMapper.selectnum.debug:159 -====> Parameters: 6(Integer)
2020-05-01 20:33:43.239 DEBUG [http-nio-8080-exec-8]com.hnxx.zy.clms.core.mapper.TaskMapper.selectnum.debug:159 -<====      Total: 1
2020-05-01 20:33:43.241 DEBUG [http-nio-8080-exec-8]com.hnxx.zy.clms.core.mapper.TaskMapper.selectnum.debug:159 -====>  Preparing: select count(*) from cl_task_user where task_id=? 
2020-05-01 20:33:43.242 DEBUG [http-nio-8080-exec-8]com.hnxx.zy.clms.core.mapper.TaskMapper.selectnum.debug:159 -====> Parameters: 5(Integer)
2020-05-01 20:33:43.277 DEBUG [http-nio-8080-exec-8]com.hnxx.zy.clms.core.mapper.TaskMapper.selectnum.debug:159 -<====      Total: 1
2020-05-01 20:33:43.278 DEBUG [http-nio-8080-exec-8]com.hnxx.zy.clms.core.mapper.TaskMapper.selectnum.debug:159 -====>  Preparing: select count(*) from cl_task_user where task_id=? 
2020-05-01 20:33:43.279 DEBUG [http-nio-8080-exec-8]com.hnxx.zy.clms.core.mapper.TaskMapper.selectnum.debug:159 -====> Parameters: 4(Integer)
2020-05-01 20:33:43.315 DEBUG [http-nio-8080-exec-8]com.hnxx.zy.clms.core.mapper.TaskMapper.selectnum.debug:159 -<====      Total: 1
2020-05-01 20:33:43.319 DEBUG [http-nio-8080-exec-8]com.hnxx.zy.clms.core.mapper.TaskMapper.selectnum.debug:159 -====>  Preparing: select count(*) from cl_task_user where task_id=? 
2020-05-01 20:33:43.320 DEBUG [http-nio-8080-exec-8]com.hnxx.zy.clms.core.mapper.TaskMapper.selectnum.debug:159 -====> Parameters: 3(Integer)
2020-05-01 20:33:43.355 DEBUG [http-nio-8080-exec-8]com.hnxx.zy.clms.core.mapper.TaskMapper.selectnum.debug:159 -<====      Total: 1
2020-05-01 20:33:43.356 DEBUG [http-nio-8080-exec-8]com.hnxx.zy.clms.core.mapper.TaskMapper.selectnum.debug:159 -====>  Preparing: select count(*) from cl_task_user where task_id=? 
2020-05-01 20:33:43.357 DEBUG [http-nio-8080-exec-8]com.hnxx.zy.clms.core.mapper.TaskMapper.selectnum.debug:159 -====> Parameters: 2(Integer)
2020-05-01 20:33:43.391 DEBUG [http-nio-8080-exec-8]com.hnxx.zy.clms.core.mapper.TaskMapper.selectnum.debug:159 -<====      Total: 1
2020-05-01 20:33:43.392 DEBUG [http-nio-8080-exec-8]com.hnxx.zy.clms.core.mapper.TaskMapper.getByPageAdmin.debug:159 -<==      Total: 10
2020-05-01 20:33:43.430 DEBUG [http-nio-8080-exec-8]com.hnxx.zy.clms.core.mapper.TaskMapper.getCountByPage.debug:159 -==>  Preparing: select count(*) from cl_task a left JOIN cl_user b ON a.created_id=b.user_id WHERE 1>0 
2020-05-01 20:33:43.431 DEBUG [http-nio-8080-exec-8]com.hnxx.zy.clms.core.mapper.TaskMapper.getCountByPage.debug:159 -==> Parameters: 
2020-05-01 20:33:43.465 DEBUG [http-nio-8080-exec-8]com.hnxx.zy.clms.core.mapper.TaskMapper.getCountByPage.debug:159 -<==      Total: 1
2020-05-01 20:33:43.506 DEBUG [http-nio-8080-exec-8]com.hnxx.zy.clms.core.mapper.LogMapper.save.debug:159 -==>  Preparing: insert into cl_log(log_url, log_params, log_status, log_message, log_method, log_time, log_result, log_ip) values (?, ?, ?, ?, ?, ?, ?, ?) 
2020-05-01 20:33:43.507 DEBUG [http-nio-8080-exec-8]com.hnxx.zy.clms.core.mapper.LogMapper.save.debug:159 -==> Parameters: /task/getByPageAdmin(String), ******(String), 1(Integer), ******(String), POST(String), 613(Long), ******(String), 127.0.0.1(String)
2020-05-01 20:33:43.579 DEBUG [http-nio-8080-exec-8]com.hnxx.zy.clms.core.mapper.LogMapper.save.debug:159 -<==    Updates: 1
2020-05-01 20:33:50.404 DEBUG [http-nio-8080-exec-3]com.hnxx.zy.clms.core.mapper.UserMapper.selectByName.debug:159 -==>  Preparing: select user_id,user_name,user_password,user_position_id from cl_user where user_name=? 
2020-05-01 20:33:50.405 DEBUG [http-nio-8080-exec-3]com.hnxx.zy.clms.core.mapper.UserMapper.selectByName.debug:159 -==> Parameters: admin(String)
2020-05-01 20:33:50.442 DEBUG [http-nio-8080-exec-3]com.hnxx.zy.clms.core.mapper.UserMapper.selectByName.debug:159 -<==      Total: 1
2020-05-01 20:33:50.746 DEBUG [http-nio-8080-exec-3]c.h.z.c.c.m.ClassesMapper.findAllClassesByPage_COUNT.debug:159 -==>  Preparing: SELECT count(0) FROM cl_classes 
2020-05-01 20:33:50.746 DEBUG [http-nio-8080-exec-3]c.h.z.c.c.m.ClassesMapper.findAllClassesByPage_COUNT.debug:159 -==> Parameters: 
2020-05-01 20:33:50.781 DEBUG [http-nio-8080-exec-3]c.h.z.c.c.m.ClassesMapper.findAllClassesByPage_COUNT.debug:159 -<==      Total: 1
2020-05-01 20:33:50.785 DEBUG [http-nio-8080-exec-3]c.h.z.c.core.mapper.ClassesMapper.findAllClassesByPage.debug:159 -==>  Preparing: select * from cl_classes LIMIT ? 
2020-05-01 20:33:50.786 DEBUG [http-nio-8080-exec-3]c.h.z.c.core.mapper.ClassesMapper.findAllClassesByPage.debug:159 -==> Parameters: 10(Integer)
2020-05-01 20:33:50.821 DEBUG [http-nio-8080-exec-3]c.h.z.c.core.mapper.ClassesMapper.findAllClassesByPage.debug:159 -<==      Total: 10
2020-05-01 20:33:50.989 DEBUG [http-nio-8080-exec-3]com.hnxx.zy.clms.core.mapper.LogMapper.save.debug:159 -==>  Preparing: insert into cl_log(log_url, log_params, log_status, log_message, log_method, log_time, log_result, log_ip) values (?, ?, ?, ?, ?, ?, ?, ?) 
2020-05-01 20:33:50.990 DEBUG [http-nio-8080-exec-3]com.hnxx.zy.clms.core.mapper.LogMapper.save.debug:159 -==> Parameters: /classes/all/1/10(String), ******(String), 1(Integer), null, GET(String), 361(Long), ******(String), 127.0.0.1(String)
2020-05-01 20:33:51.062 DEBUG [http-nio-8080-exec-3]com.hnxx.zy.clms.core.mapper.LogMapper.save.debug:159 -<==    Updates: 1
