2020-04-21 16:47:25.958 INFO  [restartedMain]com.hnxx.zy.clms.ClmsApplication.logStarting:55 -Starting ClmsApplication on WIN-20190617RXB with PID 8460 (D:\clms\target\classes started by Administrator in D:\clms)
2020-04-21 16:47:25.971 DEBUG [restartedMain]com.hnxx.zy.clms.ClmsApplication.logStarting:56 -Running with Spring Boot v2.2.5.RELEASE, Spring v5.2.4.RELEASE
2020-04-21 16:47:25.975 INFO  [restartedMain]com.hnxx.zy.clms.ClmsApplication.logStartupProfileInfo:651 -No active profile set, falling back to default profiles: default
2020-04-21 16:47:26.169 INFO  [restartedMain]org.springframework.boot.devtools.restart.ChangeableUrls.logTo:225 -The Class-Path manifest attribute in C:\repo\com\sun\xml\bind\jaxb-impl\2.3.0\jaxb-impl-2.3.0.jar referenced one or more files that do not exist: file:/C:/repo/com/sun/xml/bind/jaxb-impl/2.3.0/jaxb-core.jar
2020-04-21 16:47:26.170 INFO  [restartedMain]org.springframework.boot.devtools.restart.ChangeableUrls.logTo:225 -The Class-Path manifest attribute in C:\repo\com\sun\xml\bind\jaxb-core\2.3.0\jaxb-core-2.3.0.jar referenced one or more files that do not exist: file:/C:/repo/com/sun/xml/bind/jaxb-core/2.3.0/jaxb-api.jar
2020-04-21 16:47:26.171 INFO  [restartedMain]o.s.b.devtools.env.DevToolsPropertyDefaultsPostProcessor.logTo:225 -Devtools property defaults active! Set 'spring.devtools.add-properties' to 'false' to disable
2020-04-21 16:47:26.172 INFO  [restartedMain]o.s.b.devtools.env.DevToolsPropertyDefaultsPostProcessor.logTo:225 -For additional web related logging consider setting the 'logging.level.web' property to 'DEBUG'
2020-04-21 16:47:30.750 INFO  [restartedMain]o.s.boot.web.embedded.tomcat.TomcatWebServer.initialize:92 -Tomcat initialized with port(s): 8080 (http)
2020-04-21 16:47:30.775 INFO  [restartedMain]org.apache.coyote.http11.Http11NioProtocol.log:173 -Initializing ProtocolHandler ["http-nio-8080"]
2020-04-21 16:47:30.777 INFO  [restartedMain]org.apache.catalina.core.StandardService.log:173 -Starting service [Tomcat]
2020-04-21 16:47:30.778 INFO  [restartedMain]org.apache.catalina.core.StandardEngine.log:173 -Starting Servlet engine: [Apache Tomcat/9.0.31]
2020-04-21 16:47:31.506 INFO  [restartedMain]o.a.catalina.core.ContainerBase.[Tomcat].[localhost].[/].log:173 -Initializing Spring embedded WebApplicationContext
2020-04-21 16:47:31.506 INFO  [restartedMain]org.springframework.web.context.ContextLoader.prepareWebApplicationContext:284 -Root WebApplicationContext: initialization completed in 5333 ms
2020-04-21 16:47:32.290 INFO  [restartedMain]c.a.d.s.boot.autoconfigure.DruidDataSourceAutoConfigure.dataSource:56 -Init DruidDataSource
2020-04-21 16:47:37.219 INFO  [restartedMain]com.alibaba.druid.pool.DruidDataSource.init:930 -{dataSource-1} inited
2020-04-21 16:47:37.755 DEBUG [restartedMain]com.hnxx.zy.clms.security.jwt.JwtAuthTokenFilter.init:242 -Filter 'authenticationJwtTokenFilter' configured for use
2020-04-21 16:47:40.098 INFO  [restartedMain]o.s.security.web.DefaultSecurityFilterChain.<init>:43 -Creating filter chain: Ant [pattern='/css/**'], []
2020-04-21 16:47:40.099 INFO  [restartedMain]o.s.security.web.DefaultSecurityFilterChain.<init>:43 -Creating filter chain: Ant [pattern='/js/**,/static/**'], []
2020-04-21 16:47:40.879 INFO  [restartedMain]o.s.security.web.DefaultSecurityFilterChain.<init>:43 -Creating filter chain: any request, [org.springframework.security.web.context.request.async.WebAsyncManagerIntegrationFilter@31cd339c, org.springframework.security.web.context.SecurityContextPersistenceFilter@232186e4, org.springframework.security.web.header.HeaderWriterFilter@191d61a4, org.springframework.web.filter.CorsFilter@10030d7f, org.springframework.security.web.authentication.logout.LogoutFilter@7a42dd3, com.hnxx.zy.clms.security.jwt.JwtAuthTokenFilter@3fa8df84, org.springframework.security.web.authentication.UsernamePasswordAuthenticationFilter@224f004d, org.springframework.security.web.savedrequest.RequestCacheAwareFilter@54adbc46, org.springframework.security.web.servletapi.SecurityContextHolderAwareRequestFilter@6f482a0a, org.springframework.security.web.authentication.AnonymousAuthenticationFilter@da0a87f, org.springframework.security.web.session.SessionManagementFilter@450279d0, org.springframework.security.web.access.ExceptionTranslationFilter@5707bd9a, org.springframework.security.web.access.intercept.FilterSecurityInterceptor@1362dc45]
2020-04-21 16:47:40.993 INFO  [restartedMain]o.s.scheduling.concurrent.ThreadPoolTaskExecutor.initialize:181 -Initializing ExecutorService 'applicationTaskExecutor'
2020-04-21 16:47:41.443 INFO  [restartedMain]o.s.scheduling.concurrent.ThreadPoolTaskScheduler.initialize:181 -Initializing ExecutorService 'taskScheduler'
2020-04-21 16:47:41.606 INFO  [restartedMain]o.s.boot.devtools.autoconfigure.OptionalLiveReloadServer.startServer:58 -LiveReload server is running on port 35729
2020-04-21 16:47:41.673 INFO  [restartedMain]org.apache.coyote.http11.Http11NioProtocol.log:173 -Starting ProtocolHandler ["http-nio-8080"]
2020-04-21 16:47:41.729 INFO  [restartedMain]o.s.boot.web.embedded.tomcat.TomcatWebServer.start:204 -Tomcat started on port(s): 8080 (http) with context path ''
2020-04-21 16:47:41.734 INFO  [restartedMain]com.hnxx.zy.clms.ClmsApplication.logStarted:61 -Started ClmsApplication in 17.325 seconds (JVM running for 21.071)
2020-04-21 16:49:03.398 INFO  [http-nio-8080-exec-1]o.a.catalina.core.ContainerBase.[Tomcat].[localhost].[/].log:173 -Initializing Spring DispatcherServlet 'dispatcherServlet'
2020-04-21 16:49:03.402 INFO  [http-nio-8080-exec-1]org.springframework.web.servlet.DispatcherServlet.initServletBean:525 -Initializing Servlet 'dispatcherServlet'
2020-04-21 16:49:03.436 INFO  [http-nio-8080-exec-1]org.springframework.web.servlet.DispatcherServlet.initServletBean:547 -Completed initialization in 33 ms
2020-04-21 16:49:03.776 DEBUG [http-nio-8080-exec-1]com.hnxx.zy.clms.core.mapper.UserMapper.selectByName.debug:159 -==>  Preparing: select user_id,user_name,user_password,user_position_id from cl_user where user_name=? 
2020-04-21 16:49:03.830 DEBUG [http-nio-8080-exec-1]com.hnxx.zy.clms.core.mapper.UserMapper.selectByName.debug:159 -==> Parameters: admin(String)
2020-04-21 16:49:03.906 DEBUG [http-nio-8080-exec-1]com.hnxx.zy.clms.core.mapper.UserMapper.selectByName.debug:159 -<==      Total: 1
2020-04-21 16:49:04.940 DEBUG [http-nio-8080-exec-2]com.hnxx.zy.clms.core.mapper.UserMapper.selectByName.debug:159 -==>  Preparing: select user_id,user_name,user_password,user_position_id from cl_user where user_name=? 
2020-04-21 16:49:04.941 DEBUG [http-nio-8080-exec-2]com.hnxx.zy.clms.core.mapper.UserMapper.selectByName.debug:159 -==> Parameters: admin(String)
2020-04-21 16:49:04.977 DEBUG [http-nio-8080-exec-2]com.hnxx.zy.clms.core.mapper.UserMapper.selectByName.debug:159 -<==      Total: 1
2020-04-21 16:49:05.178 INFO  [http-nio-8080-exec-2]com.hnxx.zy.clms.common.aspect.RequestAspect.printRequestLog:142 -请求地址 : /articleType/getList
2020-04-21 16:49:05.180 INFO  [http-nio-8080-exec-2]com.hnxx.zy.clms.common.aspect.RequestAspect.printRequestLog:143 -请求方式 : GET
2020-04-21 16:49:05.186 INFO  [http-nio-8080-exec-2]com.hnxx.zy.clms.common.aspect.RequestAspect.printRequestLog:146 -IP : 127.0.0.1
2020-04-21 16:49:05.189 INFO  [http-nio-8080-exec-2]com.hnxx.zy.clms.common.aspect.RequestAspect.printRequestLog:148 -方法 : com.hnxx.zy.clms.controller.ArticleTypeController.getList
2020-04-21 16:49:05.190 INFO  [http-nio-8080-exec-2]com.hnxx.zy.clms.common.aspect.RequestAspect.printRequestLog:152 -请求参数：******
2020-04-21 16:49:05.232 DEBUG [http-nio-8080-exec-2]com.hnxx.zy.clms.core.mapper.ArticleTypeMapper.getList.debug:159 -==>  Preparing: select type_id, type_name, type_count from cl_article_type where is_deleted = 0 and is_enabled = 1 
2020-04-21 16:49:05.233 DEBUG [http-nio-8080-exec-2]com.hnxx.zy.clms.core.mapper.ArticleTypeMapper.getList.debug:159 -==> Parameters: 
2020-04-21 16:49:05.269 DEBUG [http-nio-8080-exec-2]com.hnxx.zy.clms.core.mapper.ArticleTypeMapper.getList.debug:159 -<==      Total: 7
2020-04-21 16:49:05.273 INFO  [http-nio-8080-exec-2]com.hnxx.zy.clms.common.aspect.RequestAspect.doAround:91 -耗时 : 96
2020-04-21 16:49:05.283 INFO  [http-nio-8080-exec-2]com.hnxx.zy.clms.common.aspect.RequestAspect.doAfterReturning:109 -返回值:"******"
2020-04-21 16:49:05.322 DEBUG [http-nio-8080-exec-2]com.hnxx.zy.clms.core.mapper.LogMapper.save.debug:159 -==>  Preparing: insert into cl_log(log_url, log_params, log_status, log_message, log_method, log_time, log_result, log_ip) values (?, ?, ?, ?, ?, ?, ?, ?) 
2020-04-21 16:49:05.327 DEBUG [http-nio-8080-exec-2]com.hnxx.zy.clms.core.mapper.LogMapper.save.debug:159 -==> Parameters: /articleType/getList(String), ******(String), 1(Integer), null, GET(String), 96(Long), ******(String), 127.0.0.1(String)
2020-04-21 16:49:05.402 DEBUG [http-nio-8080-exec-2]com.hnxx.zy.clms.core.mapper.LogMapper.save.debug:159 -<==    Updates: 1
2020-04-21 16:49:35.641 DEBUG [http-nio-8080-exec-4]com.hnxx.zy.clms.core.mapper.UserMapper.selectByName.debug:159 -==>  Preparing: select user_id,user_name,user_password,user_position_id from cl_user where user_name=? 
2020-04-21 16:49:35.643 DEBUG [http-nio-8080-exec-4]com.hnxx.zy.clms.core.mapper.UserMapper.selectByName.debug:159 -==> Parameters: admin(String)
2020-04-21 16:49:35.676 DEBUG [http-nio-8080-exec-4]com.hnxx.zy.clms.core.mapper.UserMapper.selectByName.debug:159 -<==      Total: 1
2020-04-21 16:49:35.842 INFO  [http-nio-8080-exec-4]com.hnxx.zy.clms.common.aspect.RequestAspect.printRequestLog:142 -请求地址 : /classes/all/1/10
2020-04-21 16:49:35.844 INFO  [http-nio-8080-exec-4]com.hnxx.zy.clms.common.aspect.RequestAspect.printRequestLog:143 -请求方式 : GET
2020-04-21 16:49:35.847 INFO  [http-nio-8080-exec-4]com.hnxx.zy.clms.common.aspect.RequestAspect.printRequestLog:146 -IP : 127.0.0.1
2020-04-21 16:49:35.849 INFO  [http-nio-8080-exec-4]com.hnxx.zy.clms.common.aspect.RequestAspect.printRequestLog:148 -方法 : com.hnxx.zy.clms.controller.ClassesController.findAllClassesByPage
2020-04-21 16:49:35.850 INFO  [http-nio-8080-exec-4]com.hnxx.zy.clms.common.aspect.RequestAspect.printRequestLog:152 -请求参数：******
2020-04-21 16:49:36.017 DEBUG [http-nio-8080-exec-4]c.h.z.c.c.m.ClassesMapper.findAllClassesByPage_COUNT.debug:159 -==>  Preparing: SELECT count(0) FROM cl_classes 
2020-04-21 16:49:36.018 DEBUG [http-nio-8080-exec-4]c.h.z.c.c.m.ClassesMapper.findAllClassesByPage_COUNT.debug:159 -==> Parameters: 
2020-04-21 16:49:36.052 DEBUG [http-nio-8080-exec-4]c.h.z.c.c.m.ClassesMapper.findAllClassesByPage_COUNT.debug:159 -<==      Total: 1
2020-04-21 16:49:36.055 DEBUG [http-nio-8080-exec-4]c.h.z.c.core.mapper.ClassesMapper.findAllClassesByPage.debug:159 -==>  Preparing: select * from cl_classes LIMIT ? 
2020-04-21 16:49:36.055 DEBUG [http-nio-8080-exec-4]c.h.z.c.core.mapper.ClassesMapper.findAllClassesByPage.debug:159 -==> Parameters: 10(Integer)
2020-04-21 16:49:36.096 DEBUG [http-nio-8080-exec-4]c.h.z.c.core.mapper.ClassesMapper.findAllClassesByPage.debug:159 -<==      Total: 10
2020-04-21 16:49:36.161 INFO  [http-nio-8080-exec-4]com.hnxx.zy.clms.common.aspect.RequestAspect.doAround:91 -耗时 : 319
2020-04-21 16:49:36.173 INFO  [http-nio-8080-exec-4]com.hnxx.zy.clms.common.aspect.RequestAspect.doAfterReturning:109 -返回值:"******"
2020-04-21 16:49:36.207 DEBUG [http-nio-8080-exec-4]com.hnxx.zy.clms.core.mapper.LogMapper.save.debug:159 -==>  Preparing: insert into cl_log(log_url, log_params, log_status, log_message, log_method, log_time, log_result, log_ip) values (?, ?, ?, ?, ?, ?, ?, ?) 
2020-04-21 16:49:36.209 DEBUG [http-nio-8080-exec-4]com.hnxx.zy.clms.core.mapper.LogMapper.save.debug:159 -==> Parameters: /classes/all/1/10(String), ******(String), 1(Integer), null, GET(String), 319(Long), ******(String), 127.0.0.1(String)
2020-04-21 16:49:36.283 DEBUG [http-nio-8080-exec-4]com.hnxx.zy.clms.core.mapper.LogMapper.save.debug:159 -<==    Updates: 1
2020-04-21 18:15:05.111 DEBUG [http-nio-8080-exec-5]com.hnxx.zy.clms.core.mapper.UserMapper.selectByName.debug:159 -==>  Preparing: select user_id,user_name,user_password,user_position_id from cl_user where user_name=? 
2020-04-21 18:15:05.112 DEBUG [http-nio-8080-exec-5]com.hnxx.zy.clms.core.mapper.UserMapper.selectByName.debug:159 -==> Parameters: admin(String)
2020-04-21 18:15:05.149 DEBUG [http-nio-8080-exec-5]com.hnxx.zy.clms.core.mapper.UserMapper.selectByName.debug:159 -<==      Total: 1
2020-04-21 18:15:05.632 DEBUG [http-nio-8080-exec-6]com.hnxx.zy.clms.core.mapper.UserMapper.selectByName.debug:159 -==>  Preparing: select user_id,user_name,user_password,user_position_id from cl_user where user_name=? 
2020-04-21 18:15:05.635 DEBUG [http-nio-8080-exec-6]com.hnxx.zy.clms.core.mapper.UserMapper.selectByName.debug:159 -==> Parameters: admin(String)
2020-04-21 18:15:05.670 DEBUG [http-nio-8080-exec-6]com.hnxx.zy.clms.core.mapper.UserMapper.selectByName.debug:159 -<==      Total: 1
2020-04-21 18:15:05.829 INFO  [http-nio-8080-exec-6]com.hnxx.zy.clms.common.aspect.RequestAspect.printRequestLog:142 -请求地址 : /articleType/getList
2020-04-21 18:15:05.833 INFO  [http-nio-8080-exec-6]com.hnxx.zy.clms.common.aspect.RequestAspect.printRequestLog:143 -请求方式 : GET
2020-04-21 18:15:05.834 INFO  [http-nio-8080-exec-6]com.hnxx.zy.clms.common.aspect.RequestAspect.printRequestLog:146 -IP : 127.0.0.1
2020-04-21 18:15:05.835 INFO  [http-nio-8080-exec-6]com.hnxx.zy.clms.common.aspect.RequestAspect.printRequestLog:148 -方法 : com.hnxx.zy.clms.controller.ArticleTypeController.getList
2020-04-21 18:15:05.836 INFO  [http-nio-8080-exec-6]com.hnxx.zy.clms.common.aspect.RequestAspect.printRequestLog:152 -请求参数：******
2020-04-21 18:15:05.931 DEBUG [http-nio-8080-exec-6]com.hnxx.zy.clms.core.mapper.ArticleTypeMapper.getList.debug:159 -==>  Preparing: select type_id, type_name, type_count from cl_article_type where is_deleted = 0 and is_enabled = 1 
2020-04-21 18:15:05.932 DEBUG [http-nio-8080-exec-6]com.hnxx.zy.clms.core.mapper.ArticleTypeMapper.getList.debug:159 -==> Parameters: 
2020-04-21 18:15:05.965 DEBUG [http-nio-8080-exec-6]com.hnxx.zy.clms.core.mapper.ArticleTypeMapper.getList.debug:159 -<==      Total: 7
2020-04-21 18:15:05.966 INFO  [http-nio-8080-exec-6]com.hnxx.zy.clms.common.aspect.RequestAspect.doAround:91 -耗时 : 137
2020-04-21 18:15:05.967 INFO  [http-nio-8080-exec-6]com.hnxx.zy.clms.common.aspect.RequestAspect.doAfterReturning:109 -返回值:"******"
2020-04-21 18:15:06.002 DEBUG [http-nio-8080-exec-6]com.hnxx.zy.clms.core.mapper.LogMapper.save.debug:159 -==>  Preparing: insert into cl_log(log_url, log_params, log_status, log_message, log_method, log_time, log_result, log_ip) values (?, ?, ?, ?, ?, ?, ?, ?) 
2020-04-21 18:15:06.005 DEBUG [http-nio-8080-exec-6]com.hnxx.zy.clms.core.mapper.LogMapper.save.debug:159 -==> Parameters: /articleType/getList(String), ******(String), 1(Integer), null, GET(String), 137(Long), ******(String), 127.0.0.1(String)
2020-04-21 18:15:06.076 DEBUG [http-nio-8080-exec-6]com.hnxx.zy.clms.core.mapper.LogMapper.save.debug:159 -<==    Updates: 1
2020-04-21 18:15:10.022 DEBUG [http-nio-8080-exec-8]com.hnxx.zy.clms.core.mapper.UserMapper.selectByName.debug:159 -==>  Preparing: select user_id,user_name,user_password,user_position_id from cl_user where user_name=? 
2020-04-21 18:15:10.024 DEBUG [http-nio-8080-exec-8]com.hnxx.zy.clms.core.mapper.UserMapper.selectByName.debug:159 -==> Parameters: admin(String)
2020-04-21 18:15:10.057 DEBUG [http-nio-8080-exec-8]com.hnxx.zy.clms.core.mapper.UserMapper.selectByName.debug:159 -<==      Total: 1
2020-04-21 18:15:10.226 INFO  [http-nio-8080-exec-8]com.hnxx.zy.clms.common.aspect.RequestAspect.printRequestLog:142 -请求地址 : /classes/all/1/10
2020-04-21 18:15:10.227 INFO  [http-nio-8080-exec-8]com.hnxx.zy.clms.common.aspect.RequestAspect.printRequestLog:143 -请求方式 : GET
2020-04-21 18:15:10.228 INFO  [http-nio-8080-exec-8]com.hnxx.zy.clms.common.aspect.RequestAspect.printRequestLog:146 -IP : 127.0.0.1
2020-04-21 18:15:10.232 INFO  [http-nio-8080-exec-8]com.hnxx.zy.clms.common.aspect.RequestAspect.printRequestLog:148 -方法 : com.hnxx.zy.clms.controller.ClassesController.findAllClassesByPage
2020-04-21 18:15:10.234 INFO  [http-nio-8080-exec-8]com.hnxx.zy.clms.common.aspect.RequestAspect.printRequestLog:152 -请求参数：******
2020-04-21 18:15:10.309 DEBUG [http-nio-8080-exec-8]c.h.z.c.c.m.ClassesMapper.findAllClassesByPage_COUNT.debug:159 -==>  Preparing: SELECT count(0) FROM cl_classes 
2020-04-21 18:15:10.311 DEBUG [http-nio-8080-exec-8]c.h.z.c.c.m.ClassesMapper.findAllClassesByPage_COUNT.debug:159 -==> Parameters: 
2020-04-21 18:15:10.350 DEBUG [http-nio-8080-exec-8]c.h.z.c.c.m.ClassesMapper.findAllClassesByPage_COUNT.debug:159 -<==      Total: 1
2020-04-21 18:15:10.353 DEBUG [http-nio-8080-exec-8]c.h.z.c.core.mapper.ClassesMapper.findAllClassesByPage.debug:159 -==>  Preparing: select * from cl_classes LIMIT ? 
2020-04-21 18:15:10.354 DEBUG [http-nio-8080-exec-8]c.h.z.c.core.mapper.ClassesMapper.findAllClassesByPage.debug:159 -==> Parameters: 10(Integer)
2020-04-21 18:15:10.391 DEBUG [http-nio-8080-exec-8]c.h.z.c.core.mapper.ClassesMapper.findAllClassesByPage.debug:159 -<==      Total: 10
2020-04-21 18:15:10.459 INFO  [http-nio-8080-exec-8]com.hnxx.zy.clms.common.aspect.RequestAspect.doAround:91 -耗时 : 233
2020-04-21 18:15:10.460 INFO  [http-nio-8080-exec-8]com.hnxx.zy.clms.common.aspect.RequestAspect.doAfterReturning:109 -返回值:"******"
2020-04-21 18:15:10.499 DEBUG [http-nio-8080-exec-8]com.hnxx.zy.clms.core.mapper.LogMapper.save.debug:159 -==>  Preparing: insert into cl_log(log_url, log_params, log_status, log_message, log_method, log_time, log_result, log_ip) values (?, ?, ?, ?, ?, ?, ?, ?) 
2020-04-21 18:15:10.501 DEBUG [http-nio-8080-exec-8]com.hnxx.zy.clms.core.mapper.LogMapper.save.debug:159 -==> Parameters: /classes/all/1/10(String), ******(String), 1(Integer), null, GET(String), 233(Long), ******(String), 127.0.0.1(String)
2020-04-21 18:15:10.572 DEBUG [http-nio-8080-exec-8]com.hnxx.zy.clms.core.mapper.LogMapper.save.debug:159 -<==    Updates: 1
2020-04-21 18:15:33.442 DEBUG [http-nio-8080-exec-9]com.hnxx.zy.clms.core.mapper.UserMapper.selectByName.debug:159 -==>  Preparing: select user_id,user_name,user_password,user_position_id from cl_user where user_name=? 
2020-04-21 18:15:33.444 DEBUG [http-nio-8080-exec-9]com.hnxx.zy.clms.core.mapper.UserMapper.selectByName.debug:159 -==> Parameters: admin(String)
2020-04-21 18:15:33.479 DEBUG [http-nio-8080-exec-9]com.hnxx.zy.clms.core.mapper.UserMapper.selectByName.debug:159 -<==      Total: 1
2020-04-21 18:15:33.619 INFO  [http-nio-8080-exec-9]com.hnxx.zy.clms.common.aspect.RequestAspect.printRequestLog:142 -请求地址 : /articleType/getAll
2020-04-21 18:15:33.619 INFO  [http-nio-8080-exec-9]com.hnxx.zy.clms.common.aspect.RequestAspect.printRequestLog:143 -请求方式 : GET
2020-04-21 18:15:33.620 INFO  [http-nio-8080-exec-9]com.hnxx.zy.clms.common.aspect.RequestAspect.printRequestLog:146 -IP : 127.0.0.1
2020-04-21 18:15:33.621 INFO  [http-nio-8080-exec-9]com.hnxx.zy.clms.common.aspect.RequestAspect.printRequestLog:148 -方法 : com.hnxx.zy.clms.controller.ArticleTypeController.getAll
2020-04-21 18:15:33.622 INFO  [http-nio-8080-exec-9]com.hnxx.zy.clms.common.aspect.RequestAspect.printRequestLog:152 -请求参数：******
2020-04-21 18:15:33.663 DEBUG [http-nio-8080-exec-9]com.hnxx.zy.clms.core.mapper.ArticleTypeMapper.getAll.debug:159 -==>  Preparing: select * from cl_article_type where is_deleted = 0 
2020-04-21 18:15:33.663 DEBUG [http-nio-8080-exec-9]com.hnxx.zy.clms.core.mapper.ArticleTypeMapper.getAll.debug:159 -==> Parameters: 
2020-04-21 18:15:33.724 DEBUG [http-nio-8080-exec-9]com.hnxx.zy.clms.core.mapper.ArticleTypeMapper.getAll.debug:159 -<==      Total: 8
2020-04-21 18:15:33.729 INFO  [http-nio-8080-exec-9]com.hnxx.zy.clms.common.aspect.RequestAspect.doAround:91 -耗时 : 110
2020-04-21 18:15:33.730 INFO  [http-nio-8080-exec-9]com.hnxx.zy.clms.common.aspect.RequestAspect.doAfterReturning:109 -返回值:"******"
2020-04-21 18:15:33.770 DEBUG [http-nio-8080-exec-9]com.hnxx.zy.clms.core.mapper.LogMapper.save.debug:159 -==>  Preparing: insert into cl_log(log_url, log_params, log_status, log_message, log_method, log_time, log_result, log_ip) values (?, ?, ?, ?, ?, ?, ?, ?) 
2020-04-21 18:15:33.773 DEBUG [http-nio-8080-exec-9]com.hnxx.zy.clms.core.mapper.LogMapper.save.debug:159 -==> Parameters: /articleType/getAll(String), ******(String), 1(Integer), null, GET(String), 110(Long), ******(String), 127.0.0.1(String)
2020-04-21 18:15:34.150 DEBUG [http-nio-8080-exec-9]com.hnxx.zy.clms.core.mapper.LogMapper.save.debug:159 -<==    Updates: 1
2020-04-21 20:35:10.496 INFO  [restartedMain]com.hnxx.zy.clms.ClmsApplication.logStarting:55 -Starting ClmsApplication on WIN-20190617RXB with PID 7024 (D:\clms\target\classes started by Administrator in D:\clms)
2020-04-21 20:35:10.500 DEBUG [restartedMain]com.hnxx.zy.clms.ClmsApplication.logStarting:56 -Running with Spring Boot v2.2.5.RELEASE, Spring v5.2.4.RELEASE
2020-04-21 20:35:10.501 INFO  [restartedMain]com.hnxx.zy.clms.ClmsApplication.logStartupProfileInfo:651 -No active profile set, falling back to default profiles: default
2020-04-21 20:35:10.566 INFO  [restartedMain]org.springframework.boot.devtools.restart.ChangeableUrls.logTo:225 -The Class-Path manifest attribute in C:\repo\com\sun\xml\bind\jaxb-impl\2.3.0\jaxb-impl-2.3.0.jar referenced one or more files that do not exist: file:/C:/repo/com/sun/xml/bind/jaxb-impl/2.3.0/jaxb-core.jar
2020-04-21 20:35:10.567 INFO  [restartedMain]org.springframework.boot.devtools.restart.ChangeableUrls.logTo:225 -The Class-Path manifest attribute in C:\repo\com\sun\xml\bind\jaxb-core\2.3.0\jaxb-core-2.3.0.jar referenced one or more files that do not exist: file:/C:/repo/com/sun/xml/bind/jaxb-core/2.3.0/jaxb-api.jar
2020-04-21 20:35:10.567 INFO  [restartedMain]o.s.b.devtools.env.DevToolsPropertyDefaultsPostProcessor.logTo:225 -Devtools property defaults active! Set 'spring.devtools.add-properties' to 'false' to disable
2020-04-21 20:35:10.568 INFO  [restartedMain]o.s.b.devtools.env.DevToolsPropertyDefaultsPostProcessor.logTo:225 -For additional web related logging consider setting the 'logging.level.web' property to 'DEBUG'
2020-04-21 20:35:13.288 INFO  [restartedMain]o.s.boot.web.embedded.tomcat.TomcatWebServer.initialize:92 -Tomcat initialized with port(s): 8080 (http)
2020-04-21 20:35:13.312 INFO  [restartedMain]org.apache.coyote.http11.Http11NioProtocol.log:173 -Initializing ProtocolHandler ["http-nio-8080"]
2020-04-21 20:35:13.313 INFO  [restartedMain]org.apache.catalina.core.StandardService.log:173 -Starting service [Tomcat]
2020-04-21 20:35:13.313 INFO  [restartedMain]org.apache.catalina.core.StandardEngine.log:173 -Starting Servlet engine: [Apache Tomcat/9.0.31]
2020-04-21 20:35:13.567 INFO  [restartedMain]o.a.catalina.core.ContainerBase.[Tomcat].[localhost].[/].log:173 -Initializing Spring embedded WebApplicationContext
2020-04-21 20:35:13.568 INFO  [restartedMain]org.springframework.web.context.ContextLoader.prepareWebApplicationContext:284 -Root WebApplicationContext: initialization completed in 3000 ms
2020-04-21 20:35:13.884 INFO  [restartedMain]c.a.d.s.boot.autoconfigure.DruidDataSourceAutoConfigure.dataSource:56 -Init DruidDataSource
2020-04-21 20:35:17.346 INFO  [restartedMain]com.alibaba.druid.pool.DruidDataSource.init:930 -{dataSource-1} inited
2020-04-21 20:35:17.680 DEBUG [restartedMain]com.hnxx.zy.clms.security.jwt.JwtAuthTokenFilter.init:242 -Filter 'authenticationJwtTokenFilter' configured for use
2020-04-21 20:35:18.548 INFO  [restartedMain]o.s.security.web.DefaultSecurityFilterChain.<init>:43 -Creating filter chain: Ant [pattern='/css/**'], []
2020-04-21 20:35:18.548 INFO  [restartedMain]o.s.security.web.DefaultSecurityFilterChain.<init>:43 -Creating filter chain: Ant [pattern='/js/**,/static/**'], []
2020-04-21 20:35:19.046 INFO  [restartedMain]o.s.security.web.DefaultSecurityFilterChain.<init>:43 -Creating filter chain: any request, [org.springframework.security.web.context.request.async.WebAsyncManagerIntegrationFilter@2ecfb634, org.springframework.security.web.context.SecurityContextPersistenceFilter@300e791a, org.springframework.security.web.header.HeaderWriterFilter@669301f5, org.springframework.web.filter.CorsFilter@60cef68d, org.springframework.security.web.authentication.logout.LogoutFilter@182f5ed, com.hnxx.zy.clms.security.jwt.JwtAuthTokenFilter@5e80f5e7, org.springframework.security.web.authentication.UsernamePasswordAuthenticationFilter@16576db1, org.springframework.security.web.savedrequest.RequestCacheAwareFilter@290cdb09, org.springframework.security.web.servletapi.SecurityContextHolderAwareRequestFilter@386a4046, org.springframework.security.web.authentication.AnonymousAuthenticationFilter@58590ce3, org.springframework.security.web.session.SessionManagementFilter@6bd0e945, org.springframework.security.web.access.ExceptionTranslationFilter@7d1a8fb5, org.springframework.security.web.access.intercept.FilterSecurityInterceptor@728b743b]
2020-04-21 20:35:19.174 INFO  [restartedMain]o.s.scheduling.concurrent.ThreadPoolTaskExecutor.initialize:181 -Initializing ExecutorService 'applicationTaskExecutor'
2020-04-21 20:35:19.609 INFO  [restartedMain]o.s.scheduling.concurrent.ThreadPoolTaskScheduler.initialize:181 -Initializing ExecutorService 'taskScheduler'
2020-04-21 20:35:19.732 INFO  [restartedMain]o.s.boot.devtools.autoconfigure.OptionalLiveReloadServer.startServer:58 -LiveReload server is running on port 35729
2020-04-21 20:35:19.783 INFO  [restartedMain]org.apache.coyote.http11.Http11NioProtocol.log:173 -Starting ProtocolHandler ["http-nio-8080"]
2020-04-21 20:35:19.798 INFO  [restartedMain]org.apache.coyote.http11.Http11NioProtocol.log:173 -Pausing ProtocolHandler ["http-nio-8080"]
2020-04-21 20:35:19.799 INFO  [restartedMain]org.apache.catalina.core.StandardService.log:173 -Stopping service [Tomcat]
2020-04-21 20:35:19.805 WARN  [restartedMain]org.apache.catalina.loader.WebappClassLoaderBase.log:173 -The web application [ROOT] appears to have started a thread named [Druid-ConnectionPool-Create-914743134] but has failed to stop it. This is very likely to create a memory leak. Stack trace of thread:
 sun.misc.Unsafe.park(Native Method)
 java.util.concurrent.locks.LockSupport.park(LockSupport.java:175)
 java.util.concurrent.locks.AbstractQueuedSynchronizer$ConditionObject.await(AbstractQueuedSynchronizer.java:2039)
 com.alibaba.druid.pool.DruidDataSource$CreateConnectionThread.run(DruidDataSource.java:2443)
2020-04-21 20:35:19.808 WARN  [restartedMain]org.apache.catalina.loader.WebappClassLoaderBase.log:173 -The web application [ROOT] appears to have started a thread named [Druid-ConnectionPool-Destroy-914743134] but has failed to stop it. This is very likely to create a memory leak. Stack trace of thread:
 java.lang.Thread.sleep(Native Method)
 com.alibaba.druid.pool.DruidDataSource$DestroyConnectionThread.run(DruidDataSource.java:2540)
2020-04-21 20:35:19.812 INFO  [restartedMain]org.apache.coyote.http11.Http11NioProtocol.log:173 -Stopping ProtocolHandler ["http-nio-8080"]
2020-04-21 20:35:19.838 INFO  [restartedMain]org.apache.coyote.http11.Http11NioProtocol.log:173 -Destroying ProtocolHandler ["http-nio-8080"]
2020-04-21 20:35:19.854 INFO  [restartedMain]o.s.b.a.logging.ConditionEvaluationReportLoggingListener.logMessage:136 -

Error starting ApplicationContext. To display the conditions report re-run your application with 'debug' enabled.
2020-04-21 20:35:19.867 ERROR [restartedMain]o.s.boot.diagnostics.LoggingFailureAnalysisReporter.report:40 -

***************************
APPLICATION FAILED TO START
***************************

Description:

Web server failed to start. Port 8080 was already in use.

Action:

Identify and stop the process that's listening on port 8080 or configure this application to listen on another port.

2020-04-21 20:35:19.897 INFO  [restartedMain]o.s.scheduling.concurrent.ThreadPoolTaskScheduler.shutdown:218 -Shutting down ExecutorService 'taskScheduler'
2020-04-21 20:35:19.899 INFO  [restartedMain]o.s.scheduling.concurrent.ThreadPoolTaskExecutor.shutdown:218 -Shutting down ExecutorService 'applicationTaskExecutor'
2020-04-21 20:35:19.918 INFO  [restartedMain]com.alibaba.druid.pool.DruidDataSource.close:1825 -{dataSource-1} closed
2020-04-21 20:36:01.438 INFO  [restartedMain]com.hnxx.zy.clms.ClmsApplication.logStarting:55 -Starting ClmsApplication on WIN-20190617RXB with PID 9840 (D:\clms\target\classes started by Administrator in D:\clms)
2020-04-21 20:36:01.443 DEBUG [restartedMain]com.hnxx.zy.clms.ClmsApplication.logStarting:56 -Running with Spring Boot v2.2.5.RELEASE, Spring v5.2.4.RELEASE
2020-04-21 20:36:01.444 INFO  [restartedMain]com.hnxx.zy.clms.ClmsApplication.logStartupProfileInfo:651 -No active profile set, falling back to default profiles: default
2020-04-21 20:36:01.968 INFO  [restartedMain]org.springframework.boot.devtools.restart.ChangeableUrls.logTo:225 -The Class-Path manifest attribute in C:\repo\com\sun\xml\bind\jaxb-impl\2.3.0\jaxb-impl-2.3.0.jar referenced one or more files that do not exist: file:/C:/repo/com/sun/xml/bind/jaxb-impl/2.3.0/jaxb-core.jar
2020-04-21 20:36:01.969 INFO  [restartedMain]org.springframework.boot.devtools.restart.ChangeableUrls.logTo:225 -The Class-Path manifest attribute in C:\repo\com\sun\xml\bind\jaxb-core\2.3.0\jaxb-core-2.3.0.jar referenced one or more files that do not exist: file:/C:/repo/com/sun/xml/bind/jaxb-core/2.3.0/jaxb-api.jar
2020-04-21 20:36:01.970 INFO  [restartedMain]o.s.b.devtools.env.DevToolsPropertyDefaultsPostProcessor.logTo:225 -Devtools property defaults active! Set 'spring.devtools.add-properties' to 'false' to disable
2020-04-21 20:36:01.970 INFO  [restartedMain]o.s.b.devtools.env.DevToolsPropertyDefaultsPostProcessor.logTo:225 -For additional web related logging consider setting the 'logging.level.web' property to 'DEBUG'
2020-04-21 20:36:04.246 INFO  [restartedMain]o.s.boot.web.embedded.tomcat.TomcatWebServer.initialize:92 -Tomcat initialized with port(s): 8082 (http)
2020-04-21 20:36:04.264 INFO  [restartedMain]org.apache.coyote.http11.Http11NioProtocol.log:173 -Initializing ProtocolHandler ["http-nio-8082"]
2020-04-21 20:36:04.266 INFO  [restartedMain]org.apache.catalina.core.StandardService.log:173 -Starting service [Tomcat]
2020-04-21 20:36:04.266 INFO  [restartedMain]org.apache.catalina.core.StandardEngine.log:173 -Starting Servlet engine: [Apache Tomcat/9.0.31]
2020-04-21 20:36:12.083 INFO  [restartedMain]com.hnxx.zy.clms.ClmsApplication.logStarting:55 -Starting ClmsApplication on WIN-20190617RXB with PID 7616 (D:\clms\target\classes started by Administrator in D:\clms)
2020-04-21 20:36:12.089 DEBUG [restartedMain]com.hnxx.zy.clms.ClmsApplication.logStarting:56 -Running with Spring Boot v2.2.5.RELEASE, Spring v5.2.4.RELEASE
2020-04-21 20:36:12.090 INFO  [restartedMain]com.hnxx.zy.clms.ClmsApplication.logStartupProfileInfo:651 -No active profile set, falling back to default profiles: default
2020-04-21 20:36:12.283 INFO  [restartedMain]org.springframework.boot.devtools.restart.ChangeableUrls.logTo:225 -The Class-Path manifest attribute in C:\repo\com\sun\xml\bind\jaxb-impl\2.3.0\jaxb-impl-2.3.0.jar referenced one or more files that do not exist: file:/C:/repo/com/sun/xml/bind/jaxb-impl/2.3.0/jaxb-core.jar
2020-04-21 20:36:12.284 INFO  [restartedMain]org.springframework.boot.devtools.restart.ChangeableUrls.logTo:225 -The Class-Path manifest attribute in C:\repo\com\sun\xml\bind\jaxb-core\2.3.0\jaxb-core-2.3.0.jar referenced one or more files that do not exist: file:/C:/repo/com/sun/xml/bind/jaxb-core/2.3.0/jaxb-api.jar
2020-04-21 20:36:12.284 INFO  [restartedMain]o.s.b.devtools.env.DevToolsPropertyDefaultsPostProcessor.logTo:225 -Devtools property defaults active! Set 'spring.devtools.add-properties' to 'false' to disable
2020-04-21 20:36:12.285 INFO  [restartedMain]o.s.b.devtools.env.DevToolsPropertyDefaultsPostProcessor.logTo:225 -For additional web related logging consider setting the 'logging.level.web' property to 'DEBUG'
2020-04-21 20:36:14.411 INFO  [restartedMain]o.s.boot.web.embedded.tomcat.TomcatWebServer.initialize:92 -Tomcat initialized with port(s): 8080 (http)
2020-04-21 20:36:14.421 INFO  [restartedMain]org.apache.coyote.http11.Http11NioProtocol.log:173 -Initializing ProtocolHandler ["http-nio-8080"]
2020-04-21 20:36:14.423 INFO  [restartedMain]org.apache.catalina.core.StandardService.log:173 -Starting service [Tomcat]
2020-04-21 20:36:14.423 INFO  [restartedMain]org.apache.catalina.core.StandardEngine.log:173 -Starting Servlet engine: [Apache Tomcat/9.0.31]
2020-04-21 20:36:14.576 INFO  [restartedMain]o.a.catalina.core.ContainerBase.[Tomcat].[localhost].[/].log:173 -Initializing Spring embedded WebApplicationContext
2020-04-21 20:36:14.577 INFO  [restartedMain]org.springframework.web.context.ContextLoader.prepareWebApplicationContext:284 -Root WebApplicationContext: initialization completed in 2292 ms
2020-04-21 20:36:15.126 INFO  [restartedMain]c.a.d.s.boot.autoconfigure.DruidDataSourceAutoConfigure.dataSource:56 -Init DruidDataSource
2020-04-21 20:36:18.405 INFO  [restartedMain]com.alibaba.druid.pool.DruidDataSource.init:930 -{dataSource-1} inited
2020-04-21 20:36:18.950 DEBUG [restartedMain]com.hnxx.zy.clms.security.jwt.JwtAuthTokenFilter.init:242 -Filter 'authenticationJwtTokenFilter' configured for use
2020-04-21 20:36:19.925 INFO  [restartedMain]o.s.security.web.DefaultSecurityFilterChain.<init>:43 -Creating filter chain: Ant [pattern='/css/**'], []
2020-04-21 20:36:19.926 INFO  [restartedMain]o.s.security.web.DefaultSecurityFilterChain.<init>:43 -Creating filter chain: Ant [pattern='/js/**,/static/**'], []
2020-04-21 20:36:20.410 INFO  [restartedMain]o.s.security.web.DefaultSecurityFilterChain.<init>:43 -Creating filter chain: any request, [org.springframework.security.web.context.request.async.WebAsyncManagerIntegrationFilter@2cc32482, org.springframework.security.web.context.SecurityContextPersistenceFilter@69f86f19, org.springframework.security.web.header.HeaderWriterFilter@51203212, org.springframework.web.filter.CorsFilter@41433647, org.springframework.security.web.authentication.logout.LogoutFilter@40b50591, com.hnxx.zy.clms.security.jwt.JwtAuthTokenFilter@514737a7, org.springframework.security.web.authentication.UsernamePasswordAuthenticationFilter@7e7bbd13, org.springframework.security.web.savedrequest.RequestCacheAwareFilter@1258106e, org.springframework.security.web.servletapi.SecurityContextHolderAwareRequestFilter@5fad7623, org.springframework.security.web.authentication.AnonymousAuthenticationFilter@680f3e7e, org.springframework.security.web.session.SessionManagementFilter@3f77a738, org.springframework.security.web.access.ExceptionTranslationFilter@48d12043, org.springframework.security.web.access.intercept.FilterSecurityInterceptor@5b317e7a]
2020-04-21 20:36:20.524 INFO  [restartedMain]o.s.scheduling.concurrent.ThreadPoolTaskExecutor.initialize:181 -Initializing ExecutorService 'applicationTaskExecutor'
2020-04-21 20:36:21.005 INFO  [restartedMain]o.s.scheduling.concurrent.ThreadPoolTaskScheduler.initialize:181 -Initializing ExecutorService 'taskScheduler'
2020-04-21 20:36:21.123 INFO  [restartedMain]o.s.boot.devtools.autoconfigure.OptionalLiveReloadServer.startServer:58 -LiveReload server is running on port 35729
2020-04-21 20:36:21.173 INFO  [restartedMain]org.apache.coyote.http11.Http11NioProtocol.log:173 -Starting ProtocolHandler ["http-nio-8080"]
2020-04-21 20:36:21.190 INFO  [restartedMain]org.apache.coyote.http11.Http11NioProtocol.log:173 -Pausing ProtocolHandler ["http-nio-8080"]
2020-04-21 20:36:21.191 INFO  [restartedMain]org.apache.catalina.core.StandardService.log:173 -Stopping service [Tomcat]
2020-04-21 20:36:21.195 WARN  [restartedMain]org.apache.catalina.loader.WebappClassLoaderBase.log:173 -The web application [ROOT] appears to have started a thread named [Druid-ConnectionPool-Create-1754980585] but has failed to stop it. This is very likely to create a memory leak. Stack trace of thread:
 sun.misc.Unsafe.park(Native Method)
 java.util.concurrent.locks.LockSupport.park(LockSupport.java:175)
 java.util.concurrent.locks.AbstractQueuedSynchronizer$ConditionObject.await(AbstractQueuedSynchronizer.java:2039)
 com.alibaba.druid.pool.DruidDataSource$CreateConnectionThread.run(DruidDataSource.java:2443)
2020-04-21 20:36:21.196 WARN  [restartedMain]org.apache.catalina.loader.WebappClassLoaderBase.log:173 -The web application [ROOT] appears to have started a thread named [Druid-ConnectionPool-Destroy-1754980585] but has failed to stop it. This is very likely to create a memory leak. Stack trace of thread:
 java.lang.Thread.sleep(Native Method)
 com.alibaba.druid.pool.DruidDataSource$DestroyConnectionThread.run(DruidDataSource.java:2540)
2020-04-21 20:36:21.199 INFO  [restartedMain]org.apache.coyote.http11.Http11NioProtocol.log:173 -Stopping ProtocolHandler ["http-nio-8080"]
2020-04-21 20:36:21.200 INFO  [restartedMain]org.apache.coyote.http11.Http11NioProtocol.log:173 -Destroying ProtocolHandler ["http-nio-8080"]
2020-04-21 20:36:21.203 INFO  [restartedMain]o.s.b.a.logging.ConditionEvaluationReportLoggingListener.logMessage:136 -

Error starting ApplicationContext. To display the conditions report re-run your application with 'debug' enabled.
2020-04-21 20:36:21.214 ERROR [restartedMain]o.s.boot.diagnostics.LoggingFailureAnalysisReporter.report:40 -

***************************
APPLICATION FAILED TO START
***************************

Description:

Web server failed to start. Port 8080 was already in use.

Action:

Identify and stop the process that's listening on port 8080 or configure this application to listen on another port.

2020-04-21 20:36:21.223 INFO  [restartedMain]o.s.scheduling.concurrent.ThreadPoolTaskScheduler.shutdown:218 -Shutting down ExecutorService 'taskScheduler'
2020-04-21 20:36:21.225 INFO  [restartedMain]o.s.scheduling.concurrent.ThreadPoolTaskExecutor.shutdown:218 -Shutting down ExecutorService 'applicationTaskExecutor'
2020-04-21 20:36:21.233 INFO  [restartedMain]com.alibaba.druid.pool.DruidDataSource.close:1825 -{dataSource-1} closed
2020-04-21 20:37:31.164 INFO  [restartedMain]com.hnxx.zy.clms.ClmsApplication.logStarting:55 -Starting ClmsApplication on WIN-20190617RXB with PID 8352 (D:\clms\target\classes started by Administrator in D:\clms)
2020-04-21 20:37:31.171 DEBUG [restartedMain]com.hnxx.zy.clms.ClmsApplication.logStarting:56 -Running with Spring Boot v2.2.5.RELEASE, Spring v5.2.4.RELEASE
2020-04-21 20:37:31.172 INFO  [restartedMain]com.hnxx.zy.clms.ClmsApplication.logStartupProfileInfo:651 -No active profile set, falling back to default profiles: default
2020-04-21 20:37:31.456 INFO  [restartedMain]org.springframework.boot.devtools.restart.ChangeableUrls.logTo:225 -The Class-Path manifest attribute in C:\repo\com\sun\xml\bind\jaxb-impl\2.3.0\jaxb-impl-2.3.0.jar referenced one or more files that do not exist: file:/C:/repo/com/sun/xml/bind/jaxb-impl/2.3.0/jaxb-core.jar
2020-04-21 20:37:31.457 INFO  [restartedMain]org.springframework.boot.devtools.restart.ChangeableUrls.logTo:225 -The Class-Path manifest attribute in C:\repo\com\sun\xml\bind\jaxb-core\2.3.0\jaxb-core-2.3.0.jar referenced one or more files that do not exist: file:/C:/repo/com/sun/xml/bind/jaxb-core/2.3.0/jaxb-api.jar
2020-04-21 20:37:31.464 INFO  [restartedMain]o.s.b.devtools.env.DevToolsPropertyDefaultsPostProcessor.logTo:225 -Devtools property defaults active! Set 'spring.devtools.add-properties' to 'false' to disable
2020-04-21 20:37:31.470 INFO  [restartedMain]o.s.b.devtools.env.DevToolsPropertyDefaultsPostProcessor.logTo:225 -For additional web related logging consider setting the 'logging.level.web' property to 'DEBUG'
2020-04-21 20:37:35.248 INFO  [restartedMain]o.s.boot.web.embedded.tomcat.TomcatWebServer.initialize:92 -Tomcat initialized with port(s): 8080 (http)
2020-04-21 20:37:35.265 INFO  [restartedMain]org.apache.coyote.http11.Http11NioProtocol.log:173 -Initializing ProtocolHandler ["http-nio-8080"]
2020-04-21 20:37:35.267 INFO  [restartedMain]org.apache.catalina.core.StandardService.log:173 -Starting service [Tomcat]
2020-04-21 20:37:35.267 INFO  [restartedMain]org.apache.catalina.core.StandardEngine.log:173 -Starting Servlet engine: [Apache Tomcat/9.0.31]
2020-04-21 20:37:35.631 INFO  [restartedMain]o.a.catalina.core.ContainerBase.[Tomcat].[localhost].[/].log:173 -Initializing Spring embedded WebApplicationContext
2020-04-21 20:37:35.633 INFO  [restartedMain]org.springframework.web.context.ContextLoader.prepareWebApplicationContext:284 -Root WebApplicationContext: initialization completed in 4162 ms
2020-04-21 20:37:36.232 INFO  [restartedMain]c.a.d.s.boot.autoconfigure.DruidDataSourceAutoConfigure.dataSource:56 -Init DruidDataSource
2020-04-21 20:37:39.762 INFO  [restartedMain]com.alibaba.druid.pool.DruidDataSource.init:930 -{dataSource-1} inited
2020-04-21 20:37:40.101 DEBUG [restartedMain]com.hnxx.zy.clms.security.jwt.JwtAuthTokenFilter.init:242 -Filter 'authenticationJwtTokenFilter' configured for use
2020-04-21 20:37:41.184 INFO  [restartedMain]o.s.security.web.DefaultSecurityFilterChain.<init>:43 -Creating filter chain: Ant [pattern='/css/**'], []
2020-04-21 20:37:41.185 INFO  [restartedMain]o.s.security.web.DefaultSecurityFilterChain.<init>:43 -Creating filter chain: Ant [pattern='/js/**,/static/**'], []
2020-04-21 20:37:41.745 INFO  [restartedMain]o.s.security.web.DefaultSecurityFilterChain.<init>:43 -Creating filter chain: any request, [org.springframework.security.web.context.request.async.WebAsyncManagerIntegrationFilter@1b11108, org.springframework.security.web.context.SecurityContextPersistenceFilter@57a05cb4, org.springframework.security.web.header.HeaderWriterFilter@514b38e1, org.springframework.web.filter.CorsFilter@3aac98b5, org.springframework.security.web.authentication.logout.LogoutFilter@32abea62, com.hnxx.zy.clms.security.jwt.JwtAuthTokenFilter@199ece59, org.springframework.security.web.authentication.UsernamePasswordAuthenticationFilter@39a714ad, org.springframework.security.web.savedrequest.RequestCacheAwareFilter@286eb97c, org.springframework.security.web.servletapi.SecurityContextHolderAwareRequestFilter@7c24e151, org.springframework.security.web.authentication.AnonymousAuthenticationFilter@6084a8ac, org.springframework.security.web.session.SessionManagementFilter@2fe644d5, org.springframework.security.web.access.ExceptionTranslationFilter@d860067, org.springframework.security.web.access.intercept.FilterSecurityInterceptor@7a7262de]
2020-04-21 20:37:41.865 INFO  [restartedMain]o.s.scheduling.concurrent.ThreadPoolTaskExecutor.initialize:181 -Initializing ExecutorService 'applicationTaskExecutor'
2020-04-21 20:37:42.227 INFO  [restartedMain]o.s.scheduling.concurrent.ThreadPoolTaskScheduler.initialize:181 -Initializing ExecutorService 'taskScheduler'
2020-04-21 20:37:42.352 INFO  [restartedMain]o.s.boot.devtools.autoconfigure.OptionalLiveReloadServer.startServer:58 -LiveReload server is running on port 35729
2020-04-21 20:37:42.400 INFO  [restartedMain]org.apache.coyote.http11.Http11NioProtocol.log:173 -Starting ProtocolHandler ["http-nio-8080"]
2020-04-21 20:37:42.429 INFO  [restartedMain]o.s.boot.web.embedded.tomcat.TomcatWebServer.start:204 -Tomcat started on port(s): 8080 (http) with context path ''
2020-04-21 20:37:42.441 INFO  [restartedMain]com.hnxx.zy.clms.ClmsApplication.logStarted:61 -Started ClmsApplication in 12.431 seconds (JVM running for 14.168)
2020-04-21 20:37:52.671 INFO  [http-nio-8080-exec-2]o.a.catalina.core.ContainerBase.[Tomcat].[localhost].[/].log:173 -Initializing Spring DispatcherServlet 'dispatcherServlet'
2020-04-21 20:37:52.674 INFO  [http-nio-8080-exec-2]org.springframework.web.servlet.DispatcherServlet.initServletBean:525 -Initializing Servlet 'dispatcherServlet'
2020-04-21 20:37:52.721 INFO  [http-nio-8080-exec-2]org.springframework.web.servlet.DispatcherServlet.initServletBean:547 -Completed initialization in 46 ms
2020-04-21 20:37:53.023 DEBUG [http-nio-8080-exec-2]com.hnxx.zy.clms.core.mapper.UserMapper.selectByName.debug:159 -==>  Preparing: select user_id,user_name,user_password,user_position_id from cl_user where user_name=? 
2020-04-21 20:37:53.075 DEBUG [http-nio-8080-exec-2]com.hnxx.zy.clms.core.mapper.UserMapper.selectByName.debug:159 -==> Parameters: admin(String)
2020-04-21 20:37:53.158 DEBUG [http-nio-8080-exec-2]com.hnxx.zy.clms.core.mapper.UserMapper.selectByName.debug:159 -<==      Total: 1
2020-04-21 20:37:53.360 INFO  [http-nio-8080-exec-2]com.hnxx.zy.clms.common.aspect.RequestAspect.printRequestLog:142 -请求地址 : /articleType/getList
2020-04-21 20:37:53.363 INFO  [http-nio-8080-exec-2]com.hnxx.zy.clms.common.aspect.RequestAspect.printRequestLog:143 -请求方式 : GET
2020-04-21 20:37:53.374 INFO  [http-nio-8080-exec-2]com.hnxx.zy.clms.common.aspect.RequestAspect.printRequestLog:146 -IP : 127.0.0.1
2020-04-21 20:37:53.380 INFO  [http-nio-8080-exec-2]com.hnxx.zy.clms.common.aspect.RequestAspect.printRequestLog:148 -方法 : com.hnxx.zy.clms.controller.ArticleTypeController.getList
2020-04-21 20:37:53.382 INFO  [http-nio-8080-exec-2]com.hnxx.zy.clms.common.aspect.RequestAspect.printRequestLog:152 -请求参数：******
2020-04-21 20:37:53.477 DEBUG [http-nio-8080-exec-2]com.hnxx.zy.clms.core.mapper.ArticleTypeMapper.getList.debug:159 -==>  Preparing: select type_id, type_name, type_count from cl_article_type where is_deleted = 0 and is_enabled = 1 
2020-04-21 20:37:53.478 DEBUG [http-nio-8080-exec-2]com.hnxx.zy.clms.core.mapper.ArticleTypeMapper.getList.debug:159 -==> Parameters: 
2020-04-21 20:37:53.517 DEBUG [http-nio-8080-exec-2]com.hnxx.zy.clms.core.mapper.ArticleTypeMapper.getList.debug:159 -<==      Total: 7
2020-04-21 20:37:53.519 INFO  [http-nio-8080-exec-2]com.hnxx.zy.clms.common.aspect.RequestAspect.doAround:91 -耗时 : 160
2020-04-21 20:37:53.753 INFO  [http-nio-8080-exec-2]com.hnxx.zy.clms.common.aspect.RequestAspect.doAfterReturning:109 -返回值:"******"
2020-04-21 20:37:53.795 DEBUG [http-nio-8080-exec-2]com.hnxx.zy.clms.core.mapper.LogMapper.save.debug:159 -==>  Preparing: insert into cl_log(log_url, log_params, log_status, log_message, log_method, log_time, log_result, log_ip) values (?, ?, ?, ?, ?, ?, ?, ?) 
2020-04-21 20:37:53.801 DEBUG [http-nio-8080-exec-2]com.hnxx.zy.clms.core.mapper.LogMapper.save.debug:159 -==> Parameters: /articleType/getList(String), ******(String), 1(Integer), null, GET(String), 160(Long), ******(String), 127.0.0.1(String)
2020-04-21 20:37:53.876 DEBUG [http-nio-8080-exec-2]com.hnxx.zy.clms.core.mapper.LogMapper.save.debug:159 -<==    Updates: 1
2020-04-21 20:37:55.201 DEBUG [http-nio-8080-exec-3]com.hnxx.zy.clms.core.mapper.UserMapper.selectByName.debug:159 -==>  Preparing: select user_id,user_name,user_password,user_position_id from cl_user where user_name=? 
2020-04-21 20:37:55.203 DEBUG [http-nio-8080-exec-3]com.hnxx.zy.clms.core.mapper.UserMapper.selectByName.debug:159 -==> Parameters: admin(String)
2020-04-21 20:37:55.240 DEBUG [http-nio-8080-exec-3]com.hnxx.zy.clms.core.mapper.UserMapper.selectByName.debug:159 -<==      Total: 1
2020-04-21 20:37:55.425 INFO  [http-nio-8080-exec-3]com.hnxx.zy.clms.common.aspect.RequestAspect.printRequestLog:142 -请求地址 : /classes/all/1/10
2020-04-21 20:37:55.426 INFO  [http-nio-8080-exec-3]com.hnxx.zy.clms.common.aspect.RequestAspect.printRequestLog:143 -请求方式 : GET
2020-04-21 20:37:55.428 INFO  [http-nio-8080-exec-3]com.hnxx.zy.clms.common.aspect.RequestAspect.printRequestLog:146 -IP : 127.0.0.1
2020-04-21 20:37:55.430 INFO  [http-nio-8080-exec-3]com.hnxx.zy.clms.common.aspect.RequestAspect.printRequestLog:148 -方法 : com.hnxx.zy.clms.controller.ClassesController.findAllClassesByPage
2020-04-21 20:37:55.433 INFO  [http-nio-8080-exec-3]com.hnxx.zy.clms.common.aspect.RequestAspect.printRequestLog:152 -请求参数：******
2020-04-21 20:37:55.610 DEBUG [http-nio-8080-exec-3]c.h.z.c.c.m.ClassesMapper.findAllClassesByPage_COUNT.debug:159 -==>  Preparing: SELECT count(0) FROM cl_classes 
2020-04-21 20:37:55.611 DEBUG [http-nio-8080-exec-3]c.h.z.c.c.m.ClassesMapper.findAllClassesByPage_COUNT.debug:159 -==> Parameters: 
2020-04-21 20:37:55.646 DEBUG [http-nio-8080-exec-3]c.h.z.c.c.m.ClassesMapper.findAllClassesByPage_COUNT.debug:159 -<==      Total: 1
2020-04-21 20:37:55.651 DEBUG [http-nio-8080-exec-3]c.h.z.c.core.mapper.ClassesMapper.findAllClassesByPage.debug:159 -==>  Preparing: select * from cl_classes LIMIT ? 
2020-04-21 20:37:55.652 DEBUG [http-nio-8080-exec-3]c.h.z.c.core.mapper.ClassesMapper.findAllClassesByPage.debug:159 -==> Parameters: 10(Integer)
2020-04-21 20:37:55.688 DEBUG [http-nio-8080-exec-3]c.h.z.c.core.mapper.ClassesMapper.findAllClassesByPage.debug:159 -<==      Total: 10
2020-04-21 20:37:55.758 INFO  [http-nio-8080-exec-3]com.hnxx.zy.clms.common.aspect.RequestAspect.doAround:91 -耗时 : 333
2020-04-21 20:37:55.765 INFO  [http-nio-8080-exec-3]com.hnxx.zy.clms.common.aspect.RequestAspect.doAfterReturning:109 -返回值:"******"
2020-04-21 20:37:55.807 DEBUG [http-nio-8080-exec-3]com.hnxx.zy.clms.core.mapper.LogMapper.save.debug:159 -==>  Preparing: insert into cl_log(log_url, log_params, log_status, log_message, log_method, log_time, log_result, log_ip) values (?, ?, ?, ?, ?, ?, ?, ?) 
2020-04-21 20:37:55.811 DEBUG [http-nio-8080-exec-3]com.hnxx.zy.clms.core.mapper.LogMapper.save.debug:159 -==> Parameters: /classes/all/1/10(String), ******(String), 1(Integer), null, GET(String), 333(Long), ******(String), 127.0.0.1(String)
2020-04-21 20:37:55.888 DEBUG [http-nio-8080-exec-3]com.hnxx.zy.clms.core.mapper.LogMapper.save.debug:159 -<==    Updates: 1
2020-04-21 20:37:58.911 DEBUG [http-nio-8080-exec-4]com.hnxx.zy.clms.core.mapper.UserMapper.selectByName.debug:159 -==>  Preparing: select user_id,user_name,user_password,user_position_id from cl_user where user_name=? 
2020-04-21 20:37:58.913 DEBUG [http-nio-8080-exec-4]com.hnxx.zy.clms.core.mapper.UserMapper.selectByName.debug:159 -==> Parameters: admin(String)
2020-04-21 20:37:58.950 DEBUG [http-nio-8080-exec-4]com.hnxx.zy.clms.core.mapper.UserMapper.selectByName.debug:159 -<==      Total: 1
2020-04-21 20:37:59.127 INFO  [http-nio-8080-exec-4]com.hnxx.zy.clms.common.aspect.RequestAspect.printRequestLog:142 -请求地址 : /classes/all/2/10
2020-04-21 20:37:59.128 INFO  [http-nio-8080-exec-4]com.hnxx.zy.clms.common.aspect.RequestAspect.printRequestLog:143 -请求方式 : GET
2020-04-21 20:37:59.129 INFO  [http-nio-8080-exec-4]com.hnxx.zy.clms.common.aspect.RequestAspect.printRequestLog:146 -IP : 127.0.0.1
2020-04-21 20:37:59.130 INFO  [http-nio-8080-exec-4]com.hnxx.zy.clms.common.aspect.RequestAspect.printRequestLog:148 -方法 : com.hnxx.zy.clms.controller.ClassesController.findAllClassesByPage
2020-04-21 20:37:59.131 INFO  [http-nio-8080-exec-4]com.hnxx.zy.clms.common.aspect.RequestAspect.printRequestLog:152 -请求参数：******
2020-04-21 20:37:59.212 DEBUG [http-nio-8080-exec-4]c.h.z.c.c.m.ClassesMapper.findAllClassesByPage_COUNT.debug:159 -==>  Preparing: SELECT count(0) FROM cl_classes 
2020-04-21 20:37:59.213 DEBUG [http-nio-8080-exec-4]c.h.z.c.c.m.ClassesMapper.findAllClassesByPage_COUNT.debug:159 -==> Parameters: 
2020-04-21 20:37:59.248 DEBUG [http-nio-8080-exec-4]c.h.z.c.c.m.ClassesMapper.findAllClassesByPage_COUNT.debug:159 -<==      Total: 1
2020-04-21 20:37:59.249 DEBUG [http-nio-8080-exec-4]c.h.z.c.core.mapper.ClassesMapper.findAllClassesByPage.debug:159 -==>  Preparing: select * from cl_classes LIMIT ?, ? 
2020-04-21 20:37:59.250 DEBUG [http-nio-8080-exec-4]c.h.z.c.core.mapper.ClassesMapper.findAllClassesByPage.debug:159 -==> Parameters: 10(Integer), 10(Integer)
2020-04-21 20:37:59.285 DEBUG [http-nio-8080-exec-4]c.h.z.c.core.mapper.ClassesMapper.findAllClassesByPage.debug:159 -<==      Total: 3
2020-04-21 20:37:59.350 INFO  [http-nio-8080-exec-4]com.hnxx.zy.clms.common.aspect.RequestAspect.doAround:91 -耗时 : 223
2020-04-21 20:37:59.350 INFO  [http-nio-8080-exec-4]com.hnxx.zy.clms.common.aspect.RequestAspect.doAfterReturning:109 -返回值:"******"
2020-04-21 20:37:59.392 DEBUG [http-nio-8080-exec-4]com.hnxx.zy.clms.core.mapper.LogMapper.save.debug:159 -==>  Preparing: insert into cl_log(log_url, log_params, log_status, log_message, log_method, log_time, log_result, log_ip) values (?, ?, ?, ?, ?, ?, ?, ?) 
2020-04-21 20:37:59.396 DEBUG [http-nio-8080-exec-4]com.hnxx.zy.clms.core.mapper.LogMapper.save.debug:159 -==> Parameters: /classes/all/2/10(String), ******(String), 1(Integer), null, GET(String), 223(Long), ******(String), 127.0.0.1(String)
2020-04-21 20:37:59.471 DEBUG [http-nio-8080-exec-4]com.hnxx.zy.clms.core.mapper.LogMapper.save.debug:159 -<==    Updates: 1
2020-04-21 20:38:02.640 DEBUG [http-nio-8080-exec-5]com.hnxx.zy.clms.core.mapper.UserMapper.selectByName.debug:159 -==>  Preparing: select user_id,user_name,user_password,user_position_id from cl_user where user_name=? 
2020-04-21 20:38:02.645 DEBUG [http-nio-8080-exec-5]com.hnxx.zy.clms.core.mapper.UserMapper.selectByName.debug:159 -==> Parameters: admin(String)
2020-04-21 20:38:02.681 DEBUG [http-nio-8080-exec-5]com.hnxx.zy.clms.core.mapper.UserMapper.selectByName.debug:159 -<==      Total: 1
2020-04-21 20:38:02.801 INFO  [http-nio-8080-exec-5]com.hnxx.zy.clms.common.aspect.RequestAspect.printRequestLog:142 -请求地址 : /classes/all/1/10
2020-04-21 20:38:02.802 INFO  [http-nio-8080-exec-5]com.hnxx.zy.clms.common.aspect.RequestAspect.printRequestLog:143 -请求方式 : GET
2020-04-21 20:38:02.803 INFO  [http-nio-8080-exec-5]com.hnxx.zy.clms.common.aspect.RequestAspect.printRequestLog:146 -IP : 127.0.0.1
2020-04-21 20:38:02.803 INFO  [http-nio-8080-exec-5]com.hnxx.zy.clms.common.aspect.RequestAspect.printRequestLog:148 -方法 : com.hnxx.zy.clms.controller.ClassesController.findAllClassesByPage
2020-04-21 20:38:02.804 INFO  [http-nio-8080-exec-5]com.hnxx.zy.clms.common.aspect.RequestAspect.printRequestLog:152 -请求参数：******
2020-04-21 20:38:02.878 DEBUG [http-nio-8080-exec-5]c.h.z.c.c.m.ClassesMapper.findAllClassesByPage_COUNT.debug:159 -==>  Preparing: SELECT count(0) FROM cl_classes 
2020-04-21 20:38:02.880 DEBUG [http-nio-8080-exec-5]c.h.z.c.c.m.ClassesMapper.findAllClassesByPage_COUNT.debug:159 -==> Parameters: 
2020-04-21 20:38:02.913 DEBUG [http-nio-8080-exec-5]c.h.z.c.c.m.ClassesMapper.findAllClassesByPage_COUNT.debug:159 -<==      Total: 1
2020-04-21 20:38:02.915 DEBUG [http-nio-8080-exec-5]c.h.z.c.core.mapper.ClassesMapper.findAllClassesByPage.debug:159 -==>  Preparing: select * from cl_classes LIMIT ? 
2020-04-21 20:38:02.916 DEBUG [http-nio-8080-exec-5]c.h.z.c.core.mapper.ClassesMapper.findAllClassesByPage.debug:159 -==> Parameters: 10(Integer)
2020-04-21 20:38:02.957 DEBUG [http-nio-8080-exec-5]c.h.z.c.core.mapper.ClassesMapper.findAllClassesByPage.debug:159 -<==      Total: 10
2020-04-21 20:38:03.024 INFO  [http-nio-8080-exec-5]com.hnxx.zy.clms.common.aspect.RequestAspect.doAround:91 -耗时 : 223
2020-04-21 20:38:03.025 INFO  [http-nio-8080-exec-5]com.hnxx.zy.clms.common.aspect.RequestAspect.doAfterReturning:109 -返回值:"******"
2020-04-21 20:38:03.063 DEBUG [http-nio-8080-exec-5]com.hnxx.zy.clms.core.mapper.LogMapper.save.debug:159 -==>  Preparing: insert into cl_log(log_url, log_params, log_status, log_message, log_method, log_time, log_result, log_ip) values (?, ?, ?, ?, ?, ?, ?, ?) 
2020-04-21 20:38:03.064 DEBUG [http-nio-8080-exec-5]com.hnxx.zy.clms.core.mapper.LogMapper.save.debug:159 -==> Parameters: /classes/all/1/10(String), ******(String), 1(Integer), null, GET(String), 223(Long), ******(String), 127.0.0.1(String)
2020-04-21 20:38:03.140 DEBUG [http-nio-8080-exec-5]com.hnxx.zy.clms.core.mapper.LogMapper.save.debug:159 -<==    Updates: 1
2020-04-21 20:38:16.226 DEBUG [http-nio-8080-exec-6]com.hnxx.zy.clms.core.mapper.UserMapper.selectByName.debug:159 -==>  Preparing: select user_id,user_name,user_password,user_position_id from cl_user where user_name=? 
2020-04-21 20:38:16.227 DEBUG [http-nio-8080-exec-6]com.hnxx.zy.clms.core.mapper.UserMapper.selectByName.debug:159 -==> Parameters: admin(String)
2020-04-21 20:38:16.264 DEBUG [http-nio-8080-exec-6]com.hnxx.zy.clms.core.mapper.UserMapper.selectByName.debug:159 -<==      Total: 1
2020-04-21 20:38:16.386 INFO  [http-nio-8080-exec-6]com.hnxx.zy.clms.common.aspect.RequestAspect.printRequestLog:142 -请求地址 : /classes/all/2/10
2020-04-21 20:38:16.386 INFO  [http-nio-8080-exec-6]com.hnxx.zy.clms.common.aspect.RequestAspect.printRequestLog:143 -请求方式 : GET
2020-04-21 20:38:16.387 INFO  [http-nio-8080-exec-6]com.hnxx.zy.clms.common.aspect.RequestAspect.printRequestLog:146 -IP : 127.0.0.1
2020-04-21 20:38:16.387 INFO  [http-nio-8080-exec-6]com.hnxx.zy.clms.common.aspect.RequestAspect.printRequestLog:148 -方法 : com.hnxx.zy.clms.controller.ClassesController.findAllClassesByPage
2020-04-21 20:38:16.388 INFO  [http-nio-8080-exec-6]com.hnxx.zy.clms.common.aspect.RequestAspect.printRequestLog:152 -请求参数：******
2020-04-21 20:38:16.531 DEBUG [http-nio-8080-exec-6]c.h.z.c.c.m.ClassesMapper.findAllClassesByPage_COUNT.debug:159 -==>  Preparing: SELECT count(0) FROM cl_classes 
2020-04-21 20:38:16.532 DEBUG [http-nio-8080-exec-6]c.h.z.c.c.m.ClassesMapper.findAllClassesByPage_COUNT.debug:159 -==> Parameters: 
2020-04-21 20:38:16.566 DEBUG [http-nio-8080-exec-6]c.h.z.c.c.m.ClassesMapper.findAllClassesByPage_COUNT.debug:159 -<==      Total: 1
2020-04-21 20:38:16.567 DEBUG [http-nio-8080-exec-6]c.h.z.c.core.mapper.ClassesMapper.findAllClassesByPage.debug:159 -==>  Preparing: select * from cl_classes LIMIT ?, ? 
2020-04-21 20:38:16.568 DEBUG [http-nio-8080-exec-6]c.h.z.c.core.mapper.ClassesMapper.findAllClassesByPage.debug:159 -==> Parameters: 10(Integer), 10(Integer)
2020-04-21 20:38:16.603 DEBUG [http-nio-8080-exec-6]c.h.z.c.core.mapper.ClassesMapper.findAllClassesByPage.debug:159 -<==      Total: 3
2020-04-21 20:38:16.674 INFO  [http-nio-8080-exec-6]com.hnxx.zy.clms.common.aspect.RequestAspect.doAround:91 -耗时 : 288
2020-04-21 20:38:16.675 INFO  [http-nio-8080-exec-6]com.hnxx.zy.clms.common.aspect.RequestAspect.doAfterReturning:109 -返回值:"******"
2020-04-21 20:38:16.712 DEBUG [http-nio-8080-exec-6]com.hnxx.zy.clms.core.mapper.LogMapper.save.debug:159 -==>  Preparing: insert into cl_log(log_url, log_params, log_status, log_message, log_method, log_time, log_result, log_ip) values (?, ?, ?, ?, ?, ?, ?, ?) 
2020-04-21 20:38:16.714 DEBUG [http-nio-8080-exec-6]com.hnxx.zy.clms.core.mapper.LogMapper.save.debug:159 -==> Parameters: /classes/all/2/10(String), ******(String), 1(Integer), null, GET(String), 288(Long), ******(String), 127.0.0.1(String)
2020-04-21 20:38:16.788 DEBUG [http-nio-8080-exec-6]com.hnxx.zy.clms.core.mapper.LogMapper.save.debug:159 -<==    Updates: 1
2020-04-21 20:38:18.255 DEBUG [http-nio-8080-exec-7]com.hnxx.zy.clms.core.mapper.UserMapper.selectByName.debug:159 -==>  Preparing: select user_id,user_name,user_password,user_position_id from cl_user where user_name=? 
2020-04-21 20:38:18.256 DEBUG [http-nio-8080-exec-7]com.hnxx.zy.clms.core.mapper.UserMapper.selectByName.debug:159 -==> Parameters: admin(String)
2020-04-21 20:38:18.290 DEBUG [http-nio-8080-exec-7]com.hnxx.zy.clms.core.mapper.UserMapper.selectByName.debug:159 -<==      Total: 1
2020-04-21 20:38:18.421 INFO  [http-nio-8080-exec-7]com.hnxx.zy.clms.common.aspect.RequestAspect.printRequestLog:142 -请求地址 : /classes/all/1/10
2020-04-21 20:38:18.421 INFO  [http-nio-8080-exec-7]com.hnxx.zy.clms.common.aspect.RequestAspect.printRequestLog:143 -请求方式 : GET
2020-04-21 20:38:18.422 INFO  [http-nio-8080-exec-7]com.hnxx.zy.clms.common.aspect.RequestAspect.printRequestLog:146 -IP : 127.0.0.1
2020-04-21 20:38:18.423 INFO  [http-nio-8080-exec-7]com.hnxx.zy.clms.common.aspect.RequestAspect.printRequestLog:148 -方法 : com.hnxx.zy.clms.controller.ClassesController.findAllClassesByPage
2020-04-21 20:38:18.423 INFO  [http-nio-8080-exec-7]com.hnxx.zy.clms.common.aspect.RequestAspect.printRequestLog:152 -请求参数：******
2020-04-21 20:38:18.500 DEBUG [http-nio-8080-exec-7]c.h.z.c.c.m.ClassesMapper.findAllClassesByPage_COUNT.debug:159 -==>  Preparing: SELECT count(0) FROM cl_classes 
2020-04-21 20:38:18.501 DEBUG [http-nio-8080-exec-7]c.h.z.c.c.m.ClassesMapper.findAllClassesByPage_COUNT.debug:159 -==> Parameters: 
2020-04-21 20:38:18.538 DEBUG [http-nio-8080-exec-7]c.h.z.c.c.m.ClassesMapper.findAllClassesByPage_COUNT.debug:159 -<==      Total: 1
2020-04-21 20:38:18.541 DEBUG [http-nio-8080-exec-7]c.h.z.c.core.mapper.ClassesMapper.findAllClassesByPage.debug:159 -==>  Preparing: select * from cl_classes LIMIT ? 
2020-04-21 20:38:18.543 DEBUG [http-nio-8080-exec-7]c.h.z.c.core.mapper.ClassesMapper.findAllClassesByPage.debug:159 -==> Parameters: 10(Integer)
2020-04-21 20:38:18.580 DEBUG [http-nio-8080-exec-7]c.h.z.c.core.mapper.ClassesMapper.findAllClassesByPage.debug:159 -<==      Total: 10
2020-04-21 20:38:18.651 INFO  [http-nio-8080-exec-7]com.hnxx.zy.clms.common.aspect.RequestAspect.doAround:91 -耗时 : 230
2020-04-21 20:38:18.652 INFO  [http-nio-8080-exec-7]com.hnxx.zy.clms.common.aspect.RequestAspect.doAfterReturning:109 -返回值:"******"
2020-04-21 20:38:18.689 DEBUG [http-nio-8080-exec-7]com.hnxx.zy.clms.core.mapper.LogMapper.save.debug:159 -==>  Preparing: insert into cl_log(log_url, log_params, log_status, log_message, log_method, log_time, log_result, log_ip) values (?, ?, ?, ?, ?, ?, ?, ?) 
2020-04-21 20:38:18.690 DEBUG [http-nio-8080-exec-7]com.hnxx.zy.clms.core.mapper.LogMapper.save.debug:159 -==> Parameters: /classes/all/1/10(String), ******(String), 1(Integer), null, GET(String), 230(Long), ******(String), 127.0.0.1(String)
2020-04-21 20:38:18.765 DEBUG [http-nio-8080-exec-7]com.hnxx.zy.clms.core.mapper.LogMapper.save.debug:159 -<==    Updates: 1
2020-04-21 20:38:31.149 DEBUG [http-nio-8080-exec-8]com.hnxx.zy.clms.core.mapper.UserMapper.selectByName.debug:159 -==>  Preparing: select user_id,user_name,user_password,user_position_id from cl_user where user_name=? 
2020-04-21 20:38:31.151 DEBUG [http-nio-8080-exec-8]com.hnxx.zy.clms.core.mapper.UserMapper.selectByName.debug:159 -==> Parameters: admin(String)
2020-04-21 20:38:31.193 DEBUG [http-nio-8080-exec-8]com.hnxx.zy.clms.core.mapper.UserMapper.selectByName.debug:159 -<==      Total: 1
2020-04-21 20:38:31.349 INFO  [http-nio-8080-exec-8]com.hnxx.zy.clms.common.aspect.RequestAspect.printRequestLog:142 -请求地址 : /college/all/1/10
2020-04-21 20:38:31.350 INFO  [http-nio-8080-exec-8]com.hnxx.zy.clms.common.aspect.RequestAspect.printRequestLog:143 -请求方式 : GET
2020-04-21 20:38:31.352 INFO  [http-nio-8080-exec-8]com.hnxx.zy.clms.common.aspect.RequestAspect.printRequestLog:146 -IP : 127.0.0.1
2020-04-21 20:38:31.353 INFO  [http-nio-8080-exec-8]com.hnxx.zy.clms.common.aspect.RequestAspect.printRequestLog:148 -方法 : com.hnxx.zy.clms.controller.CollegeController.findAllByPage
2020-04-21 20:38:31.354 INFO  [http-nio-8080-exec-8]com.hnxx.zy.clms.common.aspect.RequestAspect.printRequestLog:152 -请求参数：******
2020-04-21 20:38:31.437 DEBUG [http-nio-8080-exec-8]c.h.z.clms.core.mapper.CollegeMapper.findAllByPage_COUNT.debug:159 -==>  Preparing: SELECT count(0) FROM cl_college 
2020-04-21 20:38:31.438 DEBUG [http-nio-8080-exec-8]c.h.z.clms.core.mapper.CollegeMapper.findAllByPage_COUNT.debug:159 -==> Parameters: 
2020-04-21 20:38:31.470 DEBUG [http-nio-8080-exec-8]c.h.z.clms.core.mapper.CollegeMapper.findAllByPage_COUNT.debug:159 -<==      Total: 1
2020-04-21 20:38:31.471 DEBUG [http-nio-8080-exec-8]com.hnxx.zy.clms.core.mapper.CollegeMapper.findAllByPage.debug:159 -==>  Preparing: select * from cl_college LIMIT ? 
2020-04-21 20:38:31.472 DEBUG [http-nio-8080-exec-8]com.hnxx.zy.clms.core.mapper.CollegeMapper.findAllByPage.debug:159 -==> Parameters: 10(Integer)
2020-04-21 20:38:31.510 DEBUG [http-nio-8080-exec-8]com.hnxx.zy.clms.core.mapper.CollegeMapper.findAllByPage.debug:159 -<==      Total: 1
2020-04-21 20:38:31.584 INFO  [http-nio-8080-exec-8]com.hnxx.zy.clms.common.aspect.RequestAspect.doAround:91 -耗时 : 235
2020-04-21 20:38:31.586 INFO  [http-nio-8080-exec-8]com.hnxx.zy.clms.common.aspect.RequestAspect.doAfterReturning:109 -返回值:"******"
2020-04-21 20:38:31.628 DEBUG [http-nio-8080-exec-8]com.hnxx.zy.clms.core.mapper.LogMapper.save.debug:159 -==>  Preparing: insert into cl_log(log_url, log_params, log_status, log_message, log_method, log_time, log_result, log_ip) values (?, ?, ?, ?, ?, ?, ?, ?) 
2020-04-21 20:38:31.630 DEBUG [http-nio-8080-exec-8]com.hnxx.zy.clms.core.mapper.LogMapper.save.debug:159 -==> Parameters: /college/all/1/10(String), ******(String), 1(Integer), null, GET(String), 235(Long), ******(String), 127.0.0.1(String)
2020-04-21 20:38:31.714 DEBUG [http-nio-8080-exec-8]com.hnxx.zy.clms.core.mapper.LogMapper.save.debug:159 -<==    Updates: 1
2020-04-21 20:38:33.725 DEBUG [http-nio-8080-exec-9]com.hnxx.zy.clms.core.mapper.UserMapper.selectByName.debug:159 -==>  Preparing: select user_id,user_name,user_password,user_position_id from cl_user where user_name=? 
2020-04-21 20:38:33.727 DEBUG [http-nio-8080-exec-9]com.hnxx.zy.clms.core.mapper.UserMapper.selectByName.debug:159 -==> Parameters: admin(String)
2020-04-21 20:38:33.766 DEBUG [http-nio-8080-exec-9]com.hnxx.zy.clms.core.mapper.UserMapper.selectByName.debug:159 -<==      Total: 1
2020-04-21 20:38:33.914 INFO  [http-nio-8080-exec-9]com.hnxx.zy.clms.common.aspect.RequestAspect.printRequestLog:142 -请求地址 : /classes/all/1/10
2020-04-21 20:38:33.914 INFO  [http-nio-8080-exec-9]com.hnxx.zy.clms.common.aspect.RequestAspect.printRequestLog:143 -请求方式 : GET
2020-04-21 20:38:33.915 INFO  [http-nio-8080-exec-9]com.hnxx.zy.clms.common.aspect.RequestAspect.printRequestLog:146 -IP : 127.0.0.1
2020-04-21 20:38:33.915 INFO  [http-nio-8080-exec-9]com.hnxx.zy.clms.common.aspect.RequestAspect.printRequestLog:148 -方法 : com.hnxx.zy.clms.controller.ClassesController.findAllClassesByPage
2020-04-21 20:38:33.915 INFO  [http-nio-8080-exec-9]com.hnxx.zy.clms.common.aspect.RequestAspect.printRequestLog:152 -请求参数：******
2020-04-21 20:38:33.985 DEBUG [http-nio-8080-exec-9]c.h.z.c.c.m.ClassesMapper.findAllClassesByPage_COUNT.debug:159 -==>  Preparing: SELECT count(0) FROM cl_classes 
2020-04-21 20:38:33.986 DEBUG [http-nio-8080-exec-9]c.h.z.c.c.m.ClassesMapper.findAllClassesByPage_COUNT.debug:159 -==> Parameters: 
2020-04-21 20:38:34.025 DEBUG [http-nio-8080-exec-9]c.h.z.c.c.m.ClassesMapper.findAllClassesByPage_COUNT.debug:159 -<==      Total: 1
2020-04-21 20:38:34.028 DEBUG [http-nio-8080-exec-9]c.h.z.c.core.mapper.ClassesMapper.findAllClassesByPage.debug:159 -==>  Preparing: select * from cl_classes LIMIT ? 
2020-04-21 20:38:34.030 DEBUG [http-nio-8080-exec-9]c.h.z.c.core.mapper.ClassesMapper.findAllClassesByPage.debug:159 -==> Parameters: 10(Integer)
2020-04-21 20:38:34.065 DEBUG [http-nio-8080-exec-9]c.h.z.c.core.mapper.ClassesMapper.findAllClassesByPage.debug:159 -<==      Total: 10
2020-04-21 20:38:34.132 INFO  [http-nio-8080-exec-9]com.hnxx.zy.clms.common.aspect.RequestAspect.doAround:91 -耗时 : 219
2020-04-21 20:38:34.133 INFO  [http-nio-8080-exec-9]com.hnxx.zy.clms.common.aspect.RequestAspect.doAfterReturning:109 -返回值:"******"
2020-04-21 20:38:34.169 DEBUG [http-nio-8080-exec-9]com.hnxx.zy.clms.core.mapper.LogMapper.save.debug:159 -==>  Preparing: insert into cl_log(log_url, log_params, log_status, log_message, log_method, log_time, log_result, log_ip) values (?, ?, ?, ?, ?, ?, ?, ?) 
2020-04-21 20:38:34.170 DEBUG [http-nio-8080-exec-9]com.hnxx.zy.clms.core.mapper.LogMapper.save.debug:159 -==> Parameters: /classes/all/1/10(String), ******(String), 1(Integer), null, GET(String), 219(Long), ******(String), 127.0.0.1(String)
2020-04-21 20:38:34.242 DEBUG [http-nio-8080-exec-9]com.hnxx.zy.clms.core.mapper.LogMapper.save.debug:159 -<==    Updates: 1
2020-04-21 21:32:08.106 DEBUG [http-nio-8080-exec-10]com.hnxx.zy.clms.core.mapper.UserMapper.selectByName.debug:159 -==>  Preparing: select user_id,user_name,user_password,user_position_id from cl_user where user_name=? 
2020-04-21 21:32:08.109 DEBUG [http-nio-8080-exec-10]com.hnxx.zy.clms.core.mapper.UserMapper.selectByName.debug:159 -==> Parameters: admin(String)
2020-04-21 21:32:08.150 DEBUG [http-nio-8080-exec-10]com.hnxx.zy.clms.core.mapper.UserMapper.selectByName.debug:159 -<==      Total: 1
2020-04-21 21:32:08.309 INFO  [http-nio-8080-exec-10]com.hnxx.zy.clms.common.aspect.RequestAspect.printRequestLog:142 -请求地址 : /articleType/getList
2020-04-21 21:32:08.309 INFO  [http-nio-8080-exec-10]com.hnxx.zy.clms.common.aspect.RequestAspect.printRequestLog:143 -请求方式 : GET
2020-04-21 21:32:08.310 INFO  [http-nio-8080-exec-10]com.hnxx.zy.clms.common.aspect.RequestAspect.printRequestLog:146 -IP : 127.0.0.1
2020-04-21 21:32:08.311 INFO  [http-nio-8080-exec-10]com.hnxx.zy.clms.common.aspect.RequestAspect.printRequestLog:148 -方法 : com.hnxx.zy.clms.controller.ArticleTypeController.getList
2020-04-21 21:32:08.312 INFO  [http-nio-8080-exec-10]com.hnxx.zy.clms.common.aspect.RequestAspect.printRequestLog:152 -请求参数：******
2020-04-21 21:32:08.350 DEBUG [http-nio-8080-exec-10]com.hnxx.zy.clms.core.mapper.ArticleTypeMapper.getList.debug:159 -==>  Preparing: select type_id, type_name, type_count from cl_article_type where is_deleted = 0 and is_enabled = 1 
2020-04-21 21:32:08.352 DEBUG [http-nio-8080-exec-10]com.hnxx.zy.clms.core.mapper.ArticleTypeMapper.getList.debug:159 -==> Parameters: 
2020-04-21 21:32:08.391 DEBUG [http-nio-8080-exec-10]com.hnxx.zy.clms.core.mapper.ArticleTypeMapper.getList.debug:159 -<==      Total: 7
2020-04-21 21:32:08.393 INFO  [http-nio-8080-exec-10]com.hnxx.zy.clms.common.aspect.RequestAspect.doAround:91 -耗时 : 85
2020-04-21 21:32:08.394 INFO  [http-nio-8080-exec-10]com.hnxx.zy.clms.common.aspect.RequestAspect.doAfterReturning:109 -返回值:"******"
2020-04-21 21:32:08.439 DEBUG [http-nio-8080-exec-10]com.hnxx.zy.clms.core.mapper.LogMapper.save.debug:159 -==>  Preparing: insert into cl_log(log_url, log_params, log_status, log_message, log_method, log_time, log_result, log_ip) values (?, ?, ?, ?, ?, ?, ?, ?) 
2020-04-21 21:32:08.441 DEBUG [http-nio-8080-exec-10]com.hnxx.zy.clms.core.mapper.LogMapper.save.debug:159 -==> Parameters: /articleType/getList(String), ******(String), 1(Integer), null, GET(String), 85(Long), ******(String), 127.0.0.1(String)
2020-04-21 21:32:08.564 DEBUG [http-nio-8080-exec-10]com.hnxx.zy.clms.core.mapper.LogMapper.save.debug:159 -<==    Updates: 1
2020-04-21 21:32:09.094 DEBUG [http-nio-8080-exec-1]com.hnxx.zy.clms.core.mapper.UserMapper.selectByName.debug:159 -==>  Preparing: select user_id,user_name,user_password,user_position_id from cl_user where user_name=? 
2020-04-21 21:32:09.095 DEBUG [http-nio-8080-exec-1]com.hnxx.zy.clms.core.mapper.UserMapper.selectByName.debug:159 -==> Parameters: admin(String)
2020-04-21 21:32:09.128 DEBUG [http-nio-8080-exec-1]com.hnxx.zy.clms.core.mapper.UserMapper.selectByName.debug:159 -<==      Total: 1
2020-04-21 21:32:09.294 INFO  [http-nio-8080-exec-1]com.hnxx.zy.clms.common.aspect.RequestAspect.printRequestLog:142 -请求地址 : /classes/all/1/10
2020-04-21 21:32:09.295 INFO  [http-nio-8080-exec-1]com.hnxx.zy.clms.common.aspect.RequestAspect.printRequestLog:143 -请求方式 : GET
2020-04-21 21:32:09.295 INFO  [http-nio-8080-exec-1]com.hnxx.zy.clms.common.aspect.RequestAspect.printRequestLog:146 -IP : 127.0.0.1
2020-04-21 21:32:09.296 INFO  [http-nio-8080-exec-1]com.hnxx.zy.clms.common.aspect.RequestAspect.printRequestLog:148 -方法 : com.hnxx.zy.clms.controller.ClassesController.findAllClassesByPage
2020-04-21 21:32:09.297 INFO  [http-nio-8080-exec-1]com.hnxx.zy.clms.common.aspect.RequestAspect.printRequestLog:152 -请求参数：******
2020-04-21 21:32:09.370 DEBUG [http-nio-8080-exec-1]c.h.z.c.c.m.ClassesMapper.findAllClassesByPage_COUNT.debug:159 -==>  Preparing: SELECT count(0) FROM cl_classes 
2020-04-21 21:32:09.372 DEBUG [http-nio-8080-exec-1]c.h.z.c.c.m.ClassesMapper.findAllClassesByPage_COUNT.debug:159 -==> Parameters: 
2020-04-21 21:32:09.406 DEBUG [http-nio-8080-exec-1]c.h.z.c.c.m.ClassesMapper.findAllClassesByPage_COUNT.debug:159 -<==      Total: 1
2020-04-21 21:32:09.409 DEBUG [http-nio-8080-exec-1]c.h.z.c.core.mapper.ClassesMapper.findAllClassesByPage.debug:159 -==>  Preparing: select * from cl_classes LIMIT ? 
2020-04-21 21:32:09.410 DEBUG [http-nio-8080-exec-1]c.h.z.c.core.mapper.ClassesMapper.findAllClassesByPage.debug:159 -==> Parameters: 10(Integer)
2020-04-21 21:32:09.445 DEBUG [http-nio-8080-exec-1]c.h.z.c.core.mapper.ClassesMapper.findAllClassesByPage.debug:159 -<==      Total: 10
2020-04-21 21:32:09.511 INFO  [http-nio-8080-exec-1]com.hnxx.zy.clms.common.aspect.RequestAspect.doAround:91 -耗时 : 217
2020-04-21 21:32:09.512 INFO  [http-nio-8080-exec-1]com.hnxx.zy.clms.common.aspect.RequestAspect.doAfterReturning:109 -返回值:"******"
2020-04-21 21:32:09.551 DEBUG [http-nio-8080-exec-1]com.hnxx.zy.clms.core.mapper.LogMapper.save.debug:159 -==>  Preparing: insert into cl_log(log_url, log_params, log_status, log_message, log_method, log_time, log_result, log_ip) values (?, ?, ?, ?, ?, ?, ?, ?) 
2020-04-21 21:32:09.554 DEBUG [http-nio-8080-exec-1]com.hnxx.zy.clms.core.mapper.LogMapper.save.debug:159 -==> Parameters: /classes/all/1/10(String), ******(String), 1(Integer), null, GET(String), 217(Long), ******(String), 127.0.0.1(String)
2020-04-21 21:32:09.627 DEBUG [http-nio-8080-exec-1]com.hnxx.zy.clms.core.mapper.LogMapper.save.debug:159 -<==    Updates: 1
2020-04-21 22:00:02.126 DEBUG [scheduling-1]c.h.zy.clms.core.mapper.ReportMapper.getToDayAllReport.debug:159 -==>  Preparing: select * from cl_report where report_type = 0 and is_deleted = 0 and created_time <=? and created_time >= ? 
2020-04-21 22:00:02.128 DEBUG [scheduling-1]c.h.zy.clms.core.mapper.ReportMapper.getToDayAllReport.debug:159 -==> Parameters: 2020-04-21 22:00:00(String), 2020-04-21(String)
2020-04-21 22:00:02.163 DEBUG [scheduling-1]c.h.zy.clms.core.mapper.ReportMapper.getToDayAllReport.debug:159 -<==      Total: 0
