2020-04-20 19:30:12.224 INFO  [main]com.hnxx.zy.clms.ClmsApplicationTests.logStarting:55 -Starting ClmsApplicationTests on DESKTOP-UFFICG8 with PID 22276 (started by 25610 in G:\Code_fusheng\°æ∞‡ŒÒπ‹¿ÌœµÕ≥°ø\clms)
2020-04-20 19:30:12.279 INFO  [main]com.hnxx.zy.clms.ClmsApplicationTests.logStartupProfileInfo:651 -No active profile set, falling back to default profiles: default
2020-04-20 19:30:20.809 INFO  [main]c.a.d.s.boot.autoconfigure.DruidDataSourceAutoConfigure.dataSource:56 -Init DruidDataSource
2020-04-20 19:30:26.595 INFO  [main]com.alibaba.druid.pool.DruidDataSource.init:930 -{dataSource-1} inited
2020-04-20 19:30:32.763 INFO  [main]o.s.security.web.DefaultSecurityFilterChain.<init>:43 -Creating filter chain: Ant [pattern='/css/**'], []
2020-04-20 19:30:32.767 INFO  [main]o.s.security.web.DefaultSecurityFilterChain.<init>:43 -Creating filter chain: Ant [pattern='/js/**,/static/**'], []
2020-04-20 19:30:37.518 INFO  [main]o.s.security.web.DefaultSecurityFilterChain.<init>:43 -Creating filter chain: any request, [org.springframework.security.web.context.request.async.WebAsyncManagerIntegrationFilter@3b481bf5, org.springframework.security.web.context.SecurityContextPersistenceFilter@478b0739, org.springframework.security.web.header.HeaderWriterFilter@7edb6fca, org.springframework.web.filter.CorsFilter@2233cac0, org.springframework.security.web.authentication.logout.LogoutFilter@413bef78, com.hnxx.zy.clms.security.jwt.JwtAuthTokenFilter@488f3dd1, org.springframework.security.web.authentication.UsernamePasswordAuthenticationFilter@16c1519e, org.springframework.security.web.savedrequest.RequestCacheAwareFilter@51f95f0d, org.springframework.security.web.servletapi.SecurityContextHolderAwareRequestFilter@6bbab114, org.springframework.security.web.authentication.AnonymousAuthenticationFilter@67fb5025, org.springframework.security.web.session.SessionManagementFilter@716185fe, org.springframework.security.web.access.ExceptionTranslationFilter@75b38c36, org.springframework.security.web.access.intercept.FilterSecurityInterceptor@52ea0269]
2020-04-20 19:30:39.258 INFO  [main]o.s.scheduling.concurrent.ThreadPoolTaskExecutor.initialize:181 -Initializing ExecutorService 'applicationTaskExecutor'
2020-04-20 19:30:41.040 INFO  [main]o.s.scheduling.concurrent.ThreadPoolTaskScheduler.initialize:181 -Initializing ExecutorService 'taskScheduler'
2020-04-20 19:30:42.374 INFO  [main]com.hnxx.zy.clms.ClmsApplicationTests.logStarted:61 -Started ClmsApplicationTests in 32.015 seconds (JVM running for 35.197)
2020-04-20 19:30:44.574 INFO  [SpringContextShutdownHook]o.s.scheduling.concurrent.ThreadPoolTaskScheduler.shutdown:218 -Shutting down ExecutorService 'taskScheduler'
2020-04-20 19:30:44.586 INFO  [SpringContextShutdownHook]o.s.scheduling.concurrent.ThreadPoolTaskExecutor.shutdown:218 -Shutting down ExecutorService 'applicationTaskExecutor'
2020-04-20 19:30:44.722 INFO  [SpringContextShutdownHook]com.alibaba.druid.pool.DruidDataSource.close:1825 -{dataSource-1} closed
2020-04-20 19:55:05.872 INFO  [restartedMain]com.hnxx.zy.clms.ClmsApplication.logStarting:55 -Starting ClmsApplication on DESKTOP-UFFICG8 with PID 20372 (started by 25610 in G:\Code_fusheng\„ÄêÁè≠Âä°ÁÆ°ÁêÜÁ≥ªÁªü„Äë\clms)
2020-04-20 19:55:05.882 INFO  [restartedMain]com.hnxx.zy.clms.ClmsApplication.logStartupProfileInfo:651 -No active profile set, falling back to default profiles: default
2020-04-20 19:55:06.078 INFO  [restartedMain]org.springframework.boot.devtools.restart.ChangeableUrls.logTo:225 -The Class-Path manifest attribute in D:\repo\com\sun\xml\bind\jaxb-impl\2.3.0\jaxb-impl-2.3.0.jar referenced one or more files that do not exist: file:/D:/repo/com/sun/xml/bind/jaxb-impl/2.3.0/jaxb-core.jar
2020-04-20 19:55:06.079 INFO  [restartedMain]org.springframework.boot.devtools.restart.ChangeableUrls.logTo:225 -The Class-Path manifest attribute in D:\repo\com\sun\xml\bind\jaxb-core\2.3.0\jaxb-core-2.3.0.jar referenced one or more files that do not exist: file:/D:/repo/com/sun/xml/bind/jaxb-core/2.3.0/jaxb-api.jar
2020-04-20 19:55:06.080 INFO  [restartedMain]o.s.b.devtools.env.DevToolsPropertyDefaultsPostProcessor.logTo:225 -Devtools property defaults active! Set 'spring.devtools.add-properties' to 'false' to disable
2020-04-20 19:55:06.081 INFO  [restartedMain]o.s.b.devtools.env.DevToolsPropertyDefaultsPostProcessor.logTo:225 -For additional web related logging consider setting the 'logging.level.web' property to 'DEBUG'
2020-04-20 19:55:11.771 INFO  [restartedMain]o.s.boot.web.embedded.tomcat.TomcatWebServer.initialize:92 -Tomcat initialized with port(s): 8080 (http)
2020-04-20 19:55:11.795 INFO  [restartedMain]org.apache.coyote.http11.Http11NioProtocol.log:173 -Initializing ProtocolHandler ["http-nio-8080"]
2020-04-20 19:55:11.798 INFO  [restartedMain]org.apache.catalina.core.StandardService.log:173 -Starting service [Tomcat]
2020-04-20 19:55:11.798 INFO  [restartedMain]org.apache.catalina.core.StandardEngine.log:173 -Starting Servlet engine: [Apache Tomcat/9.0.31]
2020-04-20 19:55:12.169 INFO  [restartedMain]o.a.catalina.core.ContainerBase.[Tomcat].[localhost].[/].log:173 -Initializing Spring embedded WebApplicationContext
2020-04-20 19:55:12.170 INFO  [restartedMain]org.springframework.web.context.ContextLoader.prepareWebApplicationContext:284 -Root WebApplicationContext: initialization completed in 6087 ms
2020-04-20 19:55:12.922 INFO  [restartedMain]c.a.d.s.boot.autoconfigure.DruidDataSourceAutoConfigure.dataSource:56 -Init DruidDataSource
2020-04-20 19:55:15.892 INFO  [restartedMain]com.alibaba.druid.pool.DruidDataSource.init:930 -{dataSource-1} inited
2020-04-20 19:55:17.751 INFO  [restartedMain]o.s.security.web.DefaultSecurityFilterChain.<init>:43 -Creating filter chain: Ant [pattern='/css/**'], []
2020-04-20 19:55:17.752 INFO  [restartedMain]o.s.security.web.DefaultSecurityFilterChain.<init>:43 -Creating filter chain: Ant [pattern='/js/**,/static/**'], []
2020-04-20 19:55:19.301 INFO  [restartedMain]o.s.security.web.DefaultSecurityFilterChain.<init>:43 -Creating filter chain: any request, [org.springframework.security.web.context.request.async.WebAsyncManagerIntegrationFilter@125a8e2c, org.springframework.security.web.context.SecurityContextPersistenceFilter@471d6084, org.springframework.security.web.header.HeaderWriterFilter@2d377cd7, org.springframework.web.filter.CorsFilter@7f599c16, org.springframework.security.web.authentication.logout.LogoutFilter@46595760, com.hnxx.zy.clms.security.jwt.JwtAuthTokenFilter@6c0a29fe, org.springframework.security.web.authentication.UsernamePasswordAuthenticationFilter@3aa5fb22, org.springframework.security.web.savedrequest.RequestCacheAwareFilter@a5f0ce2, org.springframework.security.web.servletapi.SecurityContextHolderAwareRequestFilter@2d66253d, org.springframework.security.web.authentication.AnonymousAuthenticationFilter@7fc32a6, org.springframework.security.web.session.SessionManagementFilter@64697e5c, org.springframework.security.web.access.ExceptionTranslationFilter@50e42ffd, org.springframework.security.web.access.intercept.FilterSecurityInterceptor@6867dced]
2020-04-20 19:55:19.647 INFO  [restartedMain]o.s.scheduling.concurrent.ThreadPoolTaskExecutor.initialize:181 -Initializing ExecutorService 'applicationTaskExecutor'
2020-04-20 19:55:20.132 INFO  [restartedMain]o.s.scheduling.concurrent.ThreadPoolTaskScheduler.initialize:181 -Initializing ExecutorService 'taskScheduler'
2020-04-20 19:55:20.290 INFO  [restartedMain]o.s.boot.devtools.autoconfigure.OptionalLiveReloadServer.startServer:58 -LiveReload server is running on port 35729
2020-04-20 19:55:20.354 INFO  [restartedMain]org.apache.coyote.http11.Http11NioProtocol.log:173 -Starting ProtocolHandler ["http-nio-8080"]
2020-04-20 19:55:20.394 INFO  [restartedMain]o.s.boot.web.embedded.tomcat.TomcatWebServer.start:204 -Tomcat started on port(s): 8080 (http) with context path ''
2020-04-20 19:55:20.398 INFO  [restartedMain]com.hnxx.zy.clms.ClmsApplication.logStarted:61 -Started ClmsApplication in 16.492 seconds (JVM running for 19.578)
2020-04-20 20:04:19.358 INFO  [main]com.hnxx.zy.clms.ClmsApplicationTests.logStarting:55 -Starting ClmsApplicationTests on DESKTOP-UFFICG8 with PID 8872 (started by 25610 in G:\Code_fusheng\°æ∞‡ŒÒπ‹¿ÌœµÕ≥°ø\clms)
2020-04-20 20:04:19.375 INFO  [main]com.hnxx.zy.clms.ClmsApplicationTests.logStartupProfileInfo:651 -No active profile set, falling back to default profiles: default
2020-04-20 20:04:24.949 INFO  [main]c.a.d.s.boot.autoconfigure.DruidDataSourceAutoConfigure.dataSource:56 -Init DruidDataSource
2020-04-20 20:04:30.046 INFO  [main]com.alibaba.druid.pool.DruidDataSource.init:930 -{dataSource-1} inited
2020-04-20 20:04:34.581 INFO  [main]o.s.security.web.DefaultSecurityFilterChain.<init>:43 -Creating filter chain: Ant [pattern='/css/**'], []
2020-04-20 20:04:34.605 INFO  [main]o.s.security.web.DefaultSecurityFilterChain.<init>:43 -Creating filter chain: Ant [pattern='/js/**,/static/**'], []
2020-04-20 20:04:39.463 INFO  [main]o.s.security.web.DefaultSecurityFilterChain.<init>:43 -Creating filter chain: any request, [org.springframework.security.web.context.request.async.WebAsyncManagerIntegrationFilter@28cd2c2, org.springframework.security.web.context.SecurityContextPersistenceFilter@144ab983, org.springframework.security.web.header.HeaderWriterFilter@51f95f0d, org.springframework.web.filter.CorsFilter@8e25d3f, org.springframework.security.web.authentication.logout.LogoutFilter@7944b8b4, com.hnxx.zy.clms.security.jwt.JwtAuthTokenFilter@481558ce, org.springframework.security.web.authentication.UsernamePasswordAuthenticationFilter@377874b4, org.springframework.security.web.savedrequest.RequestCacheAwareFilter@609319c3, org.springframework.security.web.servletapi.SecurityContextHolderAwareRequestFilter@72bd2871, org.springframework.security.web.authentication.AnonymousAuthenticationFilter@18a096b5, org.springframework.security.web.session.SessionManagementFilter@706ddbc8, org.springframework.security.web.access.ExceptionTranslationFilter@716185fe, org.springframework.security.web.access.intercept.FilterSecurityInterceptor@61db86bf]
2020-04-20 20:04:43.148 INFO  [main]o.s.scheduling.concurrent.ThreadPoolTaskExecutor.initialize:181 -Initializing ExecutorService 'applicationTaskExecutor'
2020-04-20 20:04:45.067 INFO  [main]o.s.scheduling.concurrent.ThreadPoolTaskScheduler.initialize:181 -Initializing ExecutorService 'taskScheduler'
2020-04-20 20:04:45.740 INFO  [main]com.hnxx.zy.clms.ClmsApplicationTests.logStarted:61 -Started ClmsApplicationTests in 27.898 seconds (JVM running for 31.817)
2020-04-20 20:04:47.896 INFO  [SpringContextShutdownHook]o.s.scheduling.concurrent.ThreadPoolTaskScheduler.shutdown:218 -Shutting down ExecutorService 'taskScheduler'
2020-04-20 20:04:47.899 INFO  [SpringContextShutdownHook]o.s.scheduling.concurrent.ThreadPoolTaskExecutor.shutdown:218 -Shutting down ExecutorService 'applicationTaskExecutor'
2020-04-20 20:04:47.944 INFO  [SpringContextShutdownHook]com.alibaba.druid.pool.DruidDataSource.close:1825 -{dataSource-1} closed
2020-04-20 20:13:29.641 INFO  [restartedMain]com.hnxx.zy.clms.ClmsApplication.logStarting:55 -Starting ClmsApplication on DESKTOP-UFFICG8 with PID 8284 (started by 25610 in G:\Code_fusheng\„ÄêÁè≠Âä°ÁÆ°ÁêÜÁ≥ªÁªü„Äë\clms)
2020-04-20 20:13:29.703 INFO  [restartedMain]com.hnxx.zy.clms.ClmsApplication.logStartupProfileInfo:651 -No active profile set, falling back to default profiles: default
2020-04-20 20:13:29.981 INFO  [restartedMain]org.springframework.boot.devtools.restart.ChangeableUrls.logTo:225 -The Class-Path manifest attribute in D:\repo\com\sun\xml\bind\jaxb-impl\2.3.0\jaxb-impl-2.3.0.jar referenced one or more files that do not exist: file:/D:/repo/com/sun/xml/bind/jaxb-impl/2.3.0/jaxb-core.jar
2020-04-20 20:13:29.982 INFO  [restartedMain]org.springframework.boot.devtools.restart.ChangeableUrls.logTo:225 -The Class-Path manifest attribute in D:\repo\com\sun\xml\bind\jaxb-core\2.3.0\jaxb-core-2.3.0.jar referenced one or more files that do not exist: file:/D:/repo/com/sun/xml/bind/jaxb-core/2.3.0/jaxb-api.jar
2020-04-20 20:13:29.985 INFO  [restartedMain]o.s.b.devtools.env.DevToolsPropertyDefaultsPostProcessor.logTo:225 -Devtools property defaults active! Set 'spring.devtools.add-properties' to 'false' to disable
2020-04-20 20:13:29.985 INFO  [restartedMain]o.s.b.devtools.env.DevToolsPropertyDefaultsPostProcessor.logTo:225 -For additional web related logging consider setting the 'logging.level.web' property to 'DEBUG'
2020-04-20 20:13:36.622 INFO  [restartedMain]o.s.boot.web.embedded.tomcat.TomcatWebServer.initialize:92 -Tomcat initialized with port(s): 8080 (http)
2020-04-20 20:13:36.661 INFO  [restartedMain]org.apache.coyote.http11.Http11NioProtocol.log:173 -Initializing ProtocolHandler ["http-nio-8080"]
2020-04-20 20:13:36.663 INFO  [restartedMain]org.apache.catalina.core.StandardService.log:173 -Starting service [Tomcat]
2020-04-20 20:13:36.664 INFO  [restartedMain]org.apache.catalina.core.StandardEngine.log:173 -Starting Servlet engine: [Apache Tomcat/9.0.31]
2020-04-20 20:13:37.345 INFO  [restartedMain]o.a.catalina.core.ContainerBase.[Tomcat].[localhost].[/].log:173 -Initializing Spring embedded WebApplicationContext
2020-04-20 20:13:37.345 INFO  [restartedMain]org.springframework.web.context.ContextLoader.prepareWebApplicationContext:284 -Root WebApplicationContext: initialization completed in 7358 ms
2020-04-20 20:13:38.361 INFO  [restartedMain]c.a.d.s.boot.autoconfigure.DruidDataSourceAutoConfigure.dataSource:56 -Init DruidDataSource
2020-04-20 20:13:42.260 INFO  [restartedMain]com.alibaba.druid.pool.DruidDataSource.init:930 -{dataSource-1} inited
2020-04-20 20:13:46.457 INFO  [restartedMain]o.s.security.web.DefaultSecurityFilterChain.<init>:43 -Creating filter chain: Ant [pattern='/css/**'], []
2020-04-20 20:13:46.457 INFO  [restartedMain]o.s.security.web.DefaultSecurityFilterChain.<init>:43 -Creating filter chain: Ant [pattern='/js/**,/static/**'], []
2020-04-20 20:13:48.181 INFO  [restartedMain]o.s.security.web.DefaultSecurityFilterChain.<init>:43 -Creating filter chain: any request, [org.springframework.security.web.context.request.async.WebAsyncManagerIntegrationFilter@44bca8d9, org.springframework.security.web.context.SecurityContextPersistenceFilter@72ca6861, org.springframework.security.web.header.HeaderWriterFilter@f6ad126, org.springframework.web.filter.CorsFilter@172ca635, org.springframework.security.web.authentication.logout.LogoutFilter@7cd5e8b5, com.hnxx.zy.clms.security.jwt.JwtAuthTokenFilter@74f9ac1a, org.springframework.security.web.authentication.UsernamePasswordAuthenticationFilter@9e3dcba, org.springframework.security.web.savedrequest.RequestCacheAwareFilter@16ec0497, org.springframework.security.web.servletapi.SecurityContextHolderAwareRequestFilter@1a5ee204, org.springframework.security.web.authentication.AnonymousAuthenticationFilter@877d222, org.springframework.security.web.session.SessionManagementFilter@2944204d, org.springframework.security.web.access.ExceptionTranslationFilter@68dc4590, org.springframework.security.web.access.intercept.FilterSecurityInterceptor@49e7022]
2020-04-20 20:13:48.473 INFO  [restartedMain]o.s.scheduling.concurrent.ThreadPoolTaskExecutor.initialize:181 -Initializing ExecutorService 'applicationTaskExecutor'
2020-04-20 20:13:48.944 INFO  [restartedMain]o.s.scheduling.concurrent.ThreadPoolTaskScheduler.initialize:181 -Initializing ExecutorService 'taskScheduler'
2020-04-20 20:13:49.092 INFO  [restartedMain]o.s.boot.devtools.autoconfigure.OptionalLiveReloadServer.startServer:58 -LiveReload server is running on port 35729
2020-04-20 20:13:49.155 INFO  [restartedMain]org.apache.coyote.http11.Http11NioProtocol.log:173 -Starting ProtocolHandler ["http-nio-8080"]
2020-04-20 20:13:49.246 INFO  [restartedMain]o.s.boot.web.embedded.tomcat.TomcatWebServer.start:204 -Tomcat started on port(s): 8080 (http) with context path ''
2020-04-20 20:13:49.251 INFO  [restartedMain]com.hnxx.zy.clms.ClmsApplication.logStarted:61 -Started ClmsApplication in 24.244 seconds (JVM running for 32.928)
2020-04-20 20:16:09.138 INFO  [http-nio-8080-exec-1]o.a.catalina.core.ContainerBase.[Tomcat].[localhost].[/].log:173 -Initializing Spring DispatcherServlet 'dispatcherServlet'
2020-04-20 20:16:09.140 INFO  [http-nio-8080-exec-1]org.springframework.web.servlet.DispatcherServlet.initServletBean:525 -Initializing Servlet 'dispatcherServlet'
2020-04-20 20:16:09.171 INFO  [http-nio-8080-exec-1]org.springframework.web.servlet.DispatcherServlet.initServletBean:547 -Completed initialization in 31 ms
2020-04-20 20:16:13.249 INFO  [http-nio-8080-exec-2]com.hnxx.zy.clms.common.aspect.RequestAspect.printRequestLog:142 -ËØ∑Ê±ÇÂú∞ÂùÄ : /articleType/getList
2020-04-20 20:16:13.291 INFO  [http-nio-8080-exec-2]com.hnxx.zy.clms.common.aspect.RequestAspect.printRequestLog:143 -ËØ∑Ê±ÇÊñπÂºè : GET
2020-04-20 20:16:13.354 INFO  [http-nio-8080-exec-2]com.hnxx.zy.clms.common.aspect.RequestAspect.printRequestLog:146 -IP : 127.0.0.1
2020-04-20 20:16:13.358 INFO  [http-nio-8080-exec-2]com.hnxx.zy.clms.common.aspect.RequestAspect.printRequestLog:148 -ÊñπÊ≥ï : com.hnxx.zy.clms.controller.ArticleTypeController.getList
2020-04-20 20:16:13.359 INFO  [http-nio-8080-exec-2]com.hnxx.zy.clms.common.aspect.RequestAspect.printRequestLog:152 -ËØ∑Ê±ÇÂèÇÊï∞Ôºö******
2020-04-20 20:16:13.486 INFO  [http-nio-8080-exec-2]com.hnxx.zy.clms.common.aspect.RequestAspect.doAround:91 -ËÄóÊó∂ : 316
2020-04-20 20:16:13.497 INFO  [http-nio-8080-exec-2]com.hnxx.zy.clms.common.aspect.RequestAspect.doAfterReturning:109 -ËøîÂõûÂÄº:"******"
2020-04-20 20:16:30.115 INFO  [http-nio-8080-exec-5]com.hnxx.zy.clms.common.aspect.RequestAspect.printRequestLog:142 -ËØ∑Ê±ÇÂú∞ÂùÄ : /articleType/getList
2020-04-20 20:16:30.116 INFO  [http-nio-8080-exec-5]com.hnxx.zy.clms.common.aspect.RequestAspect.printRequestLog:143 -ËØ∑Ê±ÇÊñπÂºè : GET
2020-04-20 20:16:30.117 INFO  [http-nio-8080-exec-5]com.hnxx.zy.clms.common.aspect.RequestAspect.printRequestLog:146 -IP : 127.0.0.1
2020-04-20 20:16:30.121 INFO  [http-nio-8080-exec-5]com.hnxx.zy.clms.common.aspect.RequestAspect.printRequestLog:148 -ÊñπÊ≥ï : com.hnxx.zy.clms.controller.ArticleTypeController.getList
2020-04-20 20:16:30.123 INFO  [http-nio-8080-exec-5]com.hnxx.zy.clms.common.aspect.RequestAspect.printRequestLog:152 -ËØ∑Ê±ÇÂèÇÊï∞Ôºö******
2020-04-20 20:16:30.226 INFO  [http-nio-8080-exec-5]com.hnxx.zy.clms.common.aspect.RequestAspect.doAround:91 -ËÄóÊó∂ : 111
2020-04-20 20:16:30.228 INFO  [http-nio-8080-exec-5]com.hnxx.zy.clms.common.aspect.RequestAspect.doAfterReturning:109 -ËøîÂõûÂÄº:"******"
2020-04-20 20:18:29.090 INFO  [main]com.hnxx.zy.clms.ClmsApplicationTests.logStarting:55 -Starting ClmsApplicationTests on DESKTOP-UFFICG8 with PID 19512 (started by 25610 in G:\Code_fusheng\°æ∞‡ŒÒπ‹¿ÌœµÕ≥°ø\clms)
2020-04-20 20:18:29.136 INFO  [main]com.hnxx.zy.clms.ClmsApplicationTests.logStartupProfileInfo:651 -No active profile set, falling back to default profiles: default
2020-04-20 20:18:41.077 INFO  [main]c.a.d.s.boot.autoconfigure.DruidDataSourceAutoConfigure.dataSource:56 -Init DruidDataSource
2020-04-20 20:18:46.596 INFO  [main]com.alibaba.druid.pool.DruidDataSource.init:930 -{dataSource-1} inited
2020-04-20 20:18:53.471 INFO  [main]o.s.security.web.DefaultSecurityFilterChain.<init>:43 -Creating filter chain: Ant [pattern='/css/**'], []
2020-04-20 20:18:53.473 INFO  [main]o.s.security.web.DefaultSecurityFilterChain.<init>:43 -Creating filter chain: Ant [pattern='/js/**,/static/**'], []
2020-04-20 20:18:57.977 INFO  [main]o.s.security.web.DefaultSecurityFilterChain.<init>:43 -Creating filter chain: any request, [org.springframework.security.web.context.request.async.WebAsyncManagerIntegrationFilter@28babeca, org.springframework.security.web.context.SecurityContextPersistenceFilter@63f6bed1, org.springframework.security.web.header.HeaderWriterFilter@a6e4897, org.springframework.web.filter.CorsFilter@1ad9b8d3, org.springframework.security.web.authentication.logout.LogoutFilter@2349f14d, com.hnxx.zy.clms.security.jwt.JwtAuthTokenFilter@f25f48a, org.springframework.security.web.authentication.UsernamePasswordAuthenticationFilter@66bf40e5, org.springframework.security.web.savedrequest.RequestCacheAwareFilter@115ca7de, org.springframework.security.web.servletapi.SecurityContextHolderAwareRequestFilter@327e5be5, org.springframework.security.web.authentication.AnonymousAuthenticationFilter@168ad26f, org.springframework.security.web.session.SessionManagementFilter@19bedeb8, org.springframework.security.web.access.ExceptionTranslationFilter@664212ab, org.springframework.security.web.access.intercept.FilterSecurityInterceptor@707ca986]
2020-04-20 20:18:59.507 INFO  [main]o.s.scheduling.concurrent.ThreadPoolTaskExecutor.initialize:181 -Initializing ExecutorService 'applicationTaskExecutor'
2020-04-20 20:19:01.099 INFO  [main]o.s.scheduling.concurrent.ThreadPoolTaskScheduler.initialize:181 -Initializing ExecutorService 'taskScheduler'
2020-04-20 20:19:01.635 INFO  [main]com.hnxx.zy.clms.ClmsApplicationTests.logStarted:61 -Started ClmsApplicationTests in 35.675 seconds (JVM running for 38.825)
2020-04-20 20:19:03.212 INFO  [SpringContextShutdownHook]o.s.scheduling.concurrent.ThreadPoolTaskScheduler.shutdown:218 -Shutting down ExecutorService 'taskScheduler'
2020-04-20 20:19:03.215 INFO  [SpringContextShutdownHook]o.s.scheduling.concurrent.ThreadPoolTaskExecutor.shutdown:218 -Shutting down ExecutorService 'applicationTaskExecutor'
2020-04-20 20:19:03.354 INFO  [SpringContextShutdownHook]com.alibaba.druid.pool.DruidDataSource.close:1825 -{dataSource-1} closed
2020-04-20 20:42:39.432 INFO  [restartedMain]com.hnxx.zy.clms.ClmsApplication.logStarting:55 -Starting ClmsApplication on DESKTOP-UFFICG8 with PID 22388 (started by 25610 in G:\Code_fusheng\„ÄêÁè≠Âä°ÁÆ°ÁêÜÁ≥ªÁªü„Äë\clms)
2020-04-20 20:42:39.482 INFO  [restartedMain]com.hnxx.zy.clms.ClmsApplication.logStartupProfileInfo:651 -No active profile set, falling back to default profiles: default
2020-04-20 20:42:39.887 INFO  [restartedMain]org.springframework.boot.devtools.restart.ChangeableUrls.logTo:225 -The Class-Path manifest attribute in D:\repo\com\sun\xml\bind\jaxb-impl\2.3.0\jaxb-impl-2.3.0.jar referenced one or more files that do not exist: file:/D:/repo/com/sun/xml/bind/jaxb-impl/2.3.0/jaxb-core.jar
2020-04-20 20:42:39.888 INFO  [restartedMain]org.springframework.boot.devtools.restart.ChangeableUrls.logTo:225 -The Class-Path manifest attribute in D:\repo\com\sun\xml\bind\jaxb-core\2.3.0\jaxb-core-2.3.0.jar referenced one or more files that do not exist: file:/D:/repo/com/sun/xml/bind/jaxb-core/2.3.0/jaxb-api.jar
2020-04-20 20:42:39.891 INFO  [restartedMain]o.s.b.devtools.env.DevToolsPropertyDefaultsPostProcessor.logTo:225 -Devtools property defaults active! Set 'spring.devtools.add-properties' to 'false' to disable
2020-04-20 20:42:39.893 INFO  [restartedMain]o.s.b.devtools.env.DevToolsPropertyDefaultsPostProcessor.logTo:225 -For additional web related logging consider setting the 'logging.level.web' property to 'DEBUG'
2020-04-20 20:42:50.478 INFO  [restartedMain]o.s.boot.web.embedded.tomcat.TomcatWebServer.initialize:92 -Tomcat initialized with port(s): 8080 (http)
2020-04-20 20:42:50.494 INFO  [restartedMain]org.apache.coyote.http11.Http11NioProtocol.log:173 -Initializing ProtocolHandler ["http-nio-8080"]
2020-04-20 20:42:50.495 INFO  [restartedMain]org.apache.catalina.core.StandardService.log:173 -Starting service [Tomcat]
2020-04-20 20:42:50.496 INFO  [restartedMain]org.apache.catalina.core.StandardEngine.log:173 -Starting Servlet engine: [Apache Tomcat/9.0.31]
2020-04-20 20:42:51.071 INFO  [restartedMain]o.a.catalina.core.ContainerBase.[Tomcat].[localhost].[/].log:173 -Initializing Spring embedded WebApplicationContext
2020-04-20 20:42:51.072 INFO  [restartedMain]org.springframework.web.context.ContextLoader.prepareWebApplicationContext:284 -Root WebApplicationContext: initialization completed in 11176 ms
2020-04-20 20:42:55.419 INFO  [restartedMain]c.a.d.s.boot.autoconfigure.DruidDataSourceAutoConfigure.dataSource:56 -Init DruidDataSource
2020-04-20 20:43:02.260 INFO  [restartedMain]com.alibaba.druid.pool.DruidDataSource.init:930 -{dataSource-1} inited
2020-04-20 20:43:04.772 INFO  [restartedMain]o.s.security.web.DefaultSecurityFilterChain.<init>:43 -Creating filter chain: Ant [pattern='/css/**'], []
2020-04-20 20:43:04.773 INFO  [restartedMain]o.s.security.web.DefaultSecurityFilterChain.<init>:43 -Creating filter chain: Ant [pattern='/js/**,/static/**'], []
2020-04-20 20:43:07.197 INFO  [restartedMain]o.s.security.web.DefaultSecurityFilterChain.<init>:43 -Creating filter chain: any request, [org.springframework.security.web.context.request.async.WebAsyncManagerIntegrationFilter@788ba97b, org.springframework.security.web.context.SecurityContextPersistenceFilter@6e8e5ece, org.springframework.security.web.header.HeaderWriterFilter@191c0ecd, org.springframework.web.filter.CorsFilter@411c84c6, org.springframework.security.web.authentication.logout.LogoutFilter@6b94378e, com.hnxx.zy.clms.security.jwt.JwtAuthTokenFilter@2b9c4385, org.springframework.security.web.authentication.UsernamePasswordAuthenticationFilter@45764550, org.springframework.security.web.savedrequest.RequestCacheAwareFilter@27c2e285, org.springframework.security.web.servletapi.SecurityContextHolderAwareRequestFilter@1dfd9335, org.springframework.security.web.authentication.AnonymousAuthenticationFilter@214b0583, org.springframework.security.web.session.SessionManagementFilter@78c4d18d, org.springframework.security.web.access.ExceptionTranslationFilter@45f102f2, org.springframework.security.web.access.intercept.FilterSecurityInterceptor@5987bb8a]
2020-04-20 20:43:07.654 INFO  [restartedMain]o.s.scheduling.concurrent.ThreadPoolTaskExecutor.initialize:181 -Initializing ExecutorService 'applicationTaskExecutor'
2020-04-20 20:43:08.264 INFO  [restartedMain]o.s.scheduling.concurrent.ThreadPoolTaskScheduler.initialize:181 -Initializing ExecutorService 'taskScheduler'
2020-04-20 20:43:08.470 INFO  [restartedMain]o.s.boot.devtools.autoconfigure.OptionalLiveReloadServer.startServer:58 -LiveReload server is running on port 35729
2020-04-20 20:43:08.558 INFO  [restartedMain]org.apache.coyote.http11.Http11NioProtocol.log:173 -Starting ProtocolHandler ["http-nio-8080"]
2020-04-20 20:43:08.626 INFO  [restartedMain]o.s.boot.web.embedded.tomcat.TomcatWebServer.start:204 -Tomcat started on port(s): 8080 (http) with context path ''
2020-04-20 20:43:08.632 INFO  [restartedMain]com.hnxx.zy.clms.ClmsApplication.logStarted:61 -Started ClmsApplication in 31.442 seconds (JVM running for 35.906)
2020-04-20 20:48:02.767 INFO  [main]com.hnxx.zy.clms.ClmsApplicationTests.logStarting:55 -Starting ClmsApplicationTests on DESKTOP-UFFICG8 with PID 3500 (started by 25610 in G:\Code_fusheng\°æ∞‡ŒÒπ‹¿ÌœµÕ≥°ø\clms)
2020-04-20 20:48:02.788 INFO  [main]com.hnxx.zy.clms.ClmsApplicationTests.logStartupProfileInfo:651 -No active profile set, falling back to default profiles: default
2020-04-20 20:48:09.943 INFO  [main]c.a.d.s.boot.autoconfigure.DruidDataSourceAutoConfigure.dataSource:56 -Init DruidDataSource
2020-04-20 20:48:17.019 INFO  [main]com.alibaba.druid.pool.DruidDataSource.init:930 -{dataSource-1} inited
2020-04-20 20:48:25.102 INFO  [main]o.s.security.web.DefaultSecurityFilterChain.<init>:43 -Creating filter chain: Ant [pattern='/css/**'], []
2020-04-20 20:48:25.107 INFO  [main]o.s.security.web.DefaultSecurityFilterChain.<init>:43 -Creating filter chain: Ant [pattern='/js/**,/static/**'], []
2020-04-20 20:48:29.632 INFO  [main]o.s.security.web.DefaultSecurityFilterChain.<init>:43 -Creating filter chain: any request, [org.springframework.security.web.context.request.async.WebAsyncManagerIntegrationFilter@55acec99, org.springframework.security.web.context.SecurityContextPersistenceFilter@4cc7d00d, org.springframework.security.web.header.HeaderWriterFilter@3513c84c, org.springframework.web.filter.CorsFilter@61191222, org.springframework.security.web.authentication.logout.LogoutFilter@6397248c, com.hnxx.zy.clms.security.jwt.JwtAuthTokenFilter@43ac0a68, org.springframework.security.web.authentication.UsernamePasswordAuthenticationFilter@5a058be5, org.springframework.security.web.savedrequest.RequestCacheAwareFilter@91da29b, org.springframework.security.web.servletapi.SecurityContextHolderAwareRequestFilter@1dcedc93, org.springframework.security.web.authentication.AnonymousAuthenticationFilter@58833798, org.springframework.security.web.session.SessionManagementFilter@7bc6935c, org.springframework.security.web.access.ExceptionTranslationFilter@566f1852, org.springframework.security.web.access.intercept.FilterSecurityInterceptor@79476a4e]
2020-04-20 20:48:31.954 INFO  [main]o.s.scheduling.concurrent.ThreadPoolTaskExecutor.initialize:181 -Initializing ExecutorService 'applicationTaskExecutor'
2020-04-20 20:48:34.395 INFO  [main]o.s.scheduling.concurrent.ThreadPoolTaskScheduler.initialize:181 -Initializing ExecutorService 'taskScheduler'
2020-04-20 20:48:34.953 INFO  [main]com.hnxx.zy.clms.ClmsApplicationTests.logStarted:61 -Started ClmsApplicationTests in 33.642 seconds (JVM running for 37.878)
2020-04-20 20:48:36.414 INFO  [SpringContextShutdownHook]o.s.scheduling.concurrent.ThreadPoolTaskScheduler.shutdown:218 -Shutting down ExecutorService 'taskScheduler'
2020-04-20 20:48:36.419 INFO  [SpringContextShutdownHook]o.s.scheduling.concurrent.ThreadPoolTaskExecutor.shutdown:218 -Shutting down ExecutorService 'applicationTaskExecutor'
2020-04-20 20:48:36.453 INFO  [SpringContextShutdownHook]com.alibaba.druid.pool.DruidDataSource.close:1825 -{dataSource-1} closed
2020-04-20 21:24:47.780 INFO  [restartedMain]com.hnxx.zy.clms.ClmsApplication.logStarting:55 -Starting ClmsApplication on DESKTOP-UFFICG8 with PID 9480 (started by 25610 in G:\Code_fusheng\„ÄêÁè≠Âä°ÁÆ°ÁêÜÁ≥ªÁªü„Äë\clms)
2020-04-20 21:24:47.843 INFO  [restartedMain]com.hnxx.zy.clms.ClmsApplication.logStartupProfileInfo:651 -No active profile set, falling back to default profiles: default
2020-04-20 21:24:48.071 INFO  [restartedMain]org.springframework.boot.devtools.restart.ChangeableUrls.logTo:225 -The Class-Path manifest attribute in D:\repo\com\sun\xml\bind\jaxb-impl\2.3.0\jaxb-impl-2.3.0.jar referenced one or more files that do not exist: file:/D:/repo/com/sun/xml/bind/jaxb-impl/2.3.0/jaxb-core.jar
2020-04-20 21:24:48.072 INFO  [restartedMain]org.springframework.boot.devtools.restart.ChangeableUrls.logTo:225 -The Class-Path manifest attribute in D:\repo\com\sun\xml\bind\jaxb-core\2.3.0\jaxb-core-2.3.0.jar referenced one or more files that do not exist: file:/D:/repo/com/sun/xml/bind/jaxb-core/2.3.0/jaxb-api.jar
2020-04-20 21:24:48.073 INFO  [restartedMain]o.s.b.devtools.env.DevToolsPropertyDefaultsPostProcessor.logTo:225 -Devtools property defaults active! Set 'spring.devtools.add-properties' to 'false' to disable
2020-04-20 21:24:48.073 INFO  [restartedMain]o.s.b.devtools.env.DevToolsPropertyDefaultsPostProcessor.logTo:225 -For additional web related logging consider setting the 'logging.level.web' property to 'DEBUG'
2020-04-20 21:24:54.582 INFO  [restartedMain]o.s.boot.web.embedded.tomcat.TomcatWebServer.initialize:92 -Tomcat initialized with port(s): 8080 (http)
2020-04-20 21:24:54.594 INFO  [restartedMain]org.apache.coyote.http11.Http11NioProtocol.log:173 -Initializing ProtocolHandler ["http-nio-8080"]
2020-04-20 21:24:54.597 INFO  [restartedMain]org.apache.catalina.core.StandardService.log:173 -Starting service [Tomcat]
2020-04-20 21:24:54.598 INFO  [restartedMain]org.apache.catalina.core.StandardEngine.log:173 -Starting Servlet engine: [Apache Tomcat/9.0.31]
2020-04-20 21:24:55.259 INFO  [restartedMain]o.a.catalina.core.ContainerBase.[Tomcat].[localhost].[/].log:173 -Initializing Spring embedded WebApplicationContext
2020-04-20 21:24:55.260 INFO  [restartedMain]org.springframework.web.context.ContextLoader.prepareWebApplicationContext:284 -Root WebApplicationContext: initialization completed in 7186 ms
2020-04-20 21:24:55.932 INFO  [restartedMain]c.a.d.s.boot.autoconfigure.DruidDataSourceAutoConfigure.dataSource:56 -Init DruidDataSource
2020-04-20 21:24:59.078 INFO  [restartedMain]com.alibaba.druid.pool.DruidDataSource.init:930 -{dataSource-1} inited
2020-04-20 21:25:03.311 INFO  [restartedMain]o.s.security.web.DefaultSecurityFilterChain.<init>:43 -Creating filter chain: Ant [pattern='/css/**'], []
2020-04-20 21:25:03.312 INFO  [restartedMain]o.s.security.web.DefaultSecurityFilterChain.<init>:43 -Creating filter chain: Ant [pattern='/js/**,/static/**'], []
2020-04-20 21:25:05.245 INFO  [restartedMain]o.s.security.web.DefaultSecurityFilterChain.<init>:43 -Creating filter chain: any request, [org.springframework.security.web.context.request.async.WebAsyncManagerIntegrationFilter@779fe27d, org.springframework.security.web.context.SecurityContextPersistenceFilter@2b8863bb, org.springframework.security.web.header.HeaderWriterFilter@10ecd30f, org.springframework.web.filter.CorsFilter@7fe701e6, org.springframework.security.web.authentication.logout.LogoutFilter@5fff301c, com.hnxx.zy.clms.security.jwt.JwtAuthTokenFilter@54d48a19, org.springframework.security.web.authentication.UsernamePasswordAuthenticationFilter@1bcfa9d1, org.springframework.security.web.savedrequest.RequestCacheAwareFilter@47ea7236, org.springframework.security.web.servletapi.SecurityContextHolderAwareRequestFilter@76005a17, org.springframework.security.web.authentication.AnonymousAuthenticationFilter@7c24d23d, org.springframework.security.web.session.SessionManagementFilter@56ac257c, org.springframework.security.web.access.ExceptionTranslationFilter@7cd8c15c, org.springframework.security.web.access.intercept.FilterSecurityInterceptor@16a047b7]
2020-04-20 21:25:05.883 INFO  [restartedMain]o.s.scheduling.concurrent.ThreadPoolTaskExecutor.initialize:181 -Initializing ExecutorService 'applicationTaskExecutor'
2020-04-20 21:25:08.187 INFO  [restartedMain]o.s.scheduling.concurrent.ThreadPoolTaskScheduler.initialize:181 -Initializing ExecutorService 'taskScheduler'
2020-04-20 21:25:08.414 INFO  [restartedMain]o.s.boot.devtools.autoconfigure.OptionalLiveReloadServer.startServer:58 -LiveReload server is running on port 35729
2020-04-20 21:25:08.473 INFO  [restartedMain]org.apache.coyote.http11.Http11NioProtocol.log:173 -Starting ProtocolHandler ["http-nio-8080"]
2020-04-20 21:25:08.535 INFO  [restartedMain]o.s.boot.web.embedded.tomcat.TomcatWebServer.start:204 -Tomcat started on port(s): 8080 (http) with context path ''
2020-04-20 21:25:08.542 INFO  [restartedMain]com.hnxx.zy.clms.ClmsApplication.logStarted:61 -Started ClmsApplication in 24.161 seconds (JVM running for 30.707)
2020-04-20 21:26:39.451 INFO  [http-nio-8080-exec-1]o.a.catalina.core.ContainerBase.[Tomcat].[localhost].[/].log:173 -Initializing Spring DispatcherServlet 'dispatcherServlet'
2020-04-20 21:26:39.455 INFO  [http-nio-8080-exec-1]org.springframework.web.servlet.DispatcherServlet.initServletBean:525 -Initializing Servlet 'dispatcherServlet'
2020-04-20 21:26:39.497 INFO  [http-nio-8080-exec-1]org.springframework.web.servlet.DispatcherServlet.initServletBean:547 -Completed initialization in 40 ms
2020-04-20 21:26:43.661 INFO  [http-nio-8080-exec-2]com.hnxx.zy.clms.common.aspect.RequestAspect.printRequestLog:142 -ËØ∑Ê±ÇÂú∞ÂùÄ : /articleType/getList
2020-04-20 21:26:43.703 INFO  [http-nio-8080-exec-2]com.hnxx.zy.clms.common.aspect.RequestAspect.printRequestLog:143 -ËØ∑Ê±ÇÊñπÂºè : GET
2020-04-20 21:26:43.741 INFO  [http-nio-8080-exec-2]com.hnxx.zy.clms.common.aspect.RequestAspect.printRequestLog:146 -IP : 127.0.0.1
2020-04-20 21:26:43.759 INFO  [http-nio-8080-exec-2]com.hnxx.zy.clms.common.aspect.RequestAspect.printRequestLog:148 -ÊñπÊ≥ï : com.hnxx.zy.clms.controller.ArticleTypeController.getList
2020-04-20 21:26:43.761 INFO  [http-nio-8080-exec-2]com.hnxx.zy.clms.common.aspect.RequestAspect.printRequestLog:152 -ËØ∑Ê±ÇÂèÇÊï∞Ôºö******
2020-04-20 21:26:43.873 INFO  [http-nio-8080-exec-2]com.hnxx.zy.clms.common.aspect.RequestAspect.doAround:91 -ËÄóÊó∂ : 220
2020-04-20 21:26:43.884 INFO  [http-nio-8080-exec-2]com.hnxx.zy.clms.common.aspect.RequestAspect.doAfterReturning:109 -ËøîÂõûÂÄº:"******"
2020-04-20 21:50:34.232 INFO  [http-nio-8080-exec-3]com.hnxx.zy.clms.common.aspect.RequestAspect.printRequestLog:142 -ËØ∑Ê±ÇÂú∞ÂùÄ : /articleType/getList
2020-04-20 21:50:34.234 INFO  [http-nio-8080-exec-3]com.hnxx.zy.clms.common.aspect.RequestAspect.printRequestLog:143 -ËØ∑Ê±ÇÊñπÂºè : GET
2020-04-20 21:50:34.236 INFO  [http-nio-8080-exec-3]com.hnxx.zy.clms.common.aspect.RequestAspect.printRequestLog:146 -IP : 127.0.0.1
2020-04-20 21:50:34.237 INFO  [http-nio-8080-exec-3]com.hnxx.zy.clms.common.aspect.RequestAspect.printRequestLog:148 -ÊñπÊ≥ï : com.hnxx.zy.clms.controller.ArticleTypeController.getList
2020-04-20 21:50:34.239 INFO  [http-nio-8080-exec-3]com.hnxx.zy.clms.common.aspect.RequestAspect.printRequestLog:152 -ËØ∑Ê±ÇÂèÇÊï∞Ôºö******
2020-04-20 21:50:34.334 INFO  [http-nio-8080-exec-3]com.hnxx.zy.clms.common.aspect.RequestAspect.doAround:91 -ËÄóÊó∂ : 102
2020-04-20 21:50:34.334 INFO  [http-nio-8080-exec-3]com.hnxx.zy.clms.common.aspect.RequestAspect.doAfterReturning:109 -ËøîÂõûÂÄº:"******"
2020-04-20 21:50:44.144 INFO  [http-nio-8080-exec-4]com.hnxx.zy.clms.common.aspect.RequestAspect.printRequestLog:142 -ËØ∑Ê±ÇÂú∞ÂùÄ : /log/getByPage
2020-04-20 21:50:44.145 INFO  [http-nio-8080-exec-4]com.hnxx.zy.clms.common.aspect.RequestAspect.printRequestLog:143 -ËØ∑Ê±ÇÊñπÂºè : POST
2020-04-20 21:50:44.145 INFO  [http-nio-8080-exec-4]com.hnxx.zy.clms.common.aspect.RequestAspect.printRequestLog:146 -IP : 127.0.0.1
2020-04-20 21:50:44.146 INFO  [http-nio-8080-exec-4]com.hnxx.zy.clms.common.aspect.RequestAspect.printRequestLog:148 -ÊñπÊ≥ï : com.hnxx.zy.clms.controller.LogController.getByPage
2020-04-20 21:50:44.147 INFO  [http-nio-8080-exec-4]com.hnxx.zy.clms.common.aspect.RequestAspect.printRequestLog:152 -ËØ∑Ê±ÇÂèÇÊï∞Ôºö******
2020-04-20 21:50:44.542 INFO  [http-nio-8080-exec-4]com.hnxx.zy.clms.common.aspect.RequestAspect.doAround:91 -ËÄóÊó∂ : 398
2020-04-20 21:50:44.571 INFO  [http-nio-8080-exec-4]com.hnxx.zy.clms.common.aspect.RequestAspect.doAfterReturning:109 -ËøîÂõûÂÄº:"******"
2020-04-20 21:58:32.347 INFO  [http-nio-8080-exec-9]com.hnxx.zy.clms.common.aspect.RequestAspect.printRequestLog:142 -ËØ∑Ê±ÇÂú∞ÂùÄ : /articleType/getList
2020-04-20 21:58:32.348 INFO  [http-nio-8080-exec-9]com.hnxx.zy.clms.common.aspect.RequestAspect.printRequestLog:143 -ËØ∑Ê±ÇÊñπÂºè : GET
2020-04-20 21:58:32.349 INFO  [http-nio-8080-exec-9]com.hnxx.zy.clms.common.aspect.RequestAspect.printRequestLog:146 -IP : 127.0.0.1
2020-04-20 21:58:32.349 INFO  [http-nio-8080-exec-9]com.hnxx.zy.clms.common.aspect.RequestAspect.printRequestLog:148 -ÊñπÊ≥ï : com.hnxx.zy.clms.controller.ArticleTypeController.getList
2020-04-20 21:58:32.350 INFO  [http-nio-8080-exec-9]com.hnxx.zy.clms.common.aspect.RequestAspect.printRequestLog:152 -ËØ∑Ê±ÇÂèÇÊï∞Ôºö******
2020-04-20 21:58:32.352 INFO  [http-nio-8080-exec-10]com.hnxx.zy.clms.common.aspect.RequestAspect.printRequestLog:142 -ËØ∑Ê±ÇÂú∞ÂùÄ : /log/getByPage
2020-04-20 21:58:32.353 INFO  [http-nio-8080-exec-10]com.hnxx.zy.clms.common.aspect.RequestAspect.printRequestLog:143 -ËØ∑Ê±ÇÊñπÂºè : POST
2020-04-20 21:58:32.355 INFO  [http-nio-8080-exec-10]com.hnxx.zy.clms.common.aspect.RequestAspect.printRequestLog:146 -IP : 127.0.0.1
2020-04-20 21:58:32.355 INFO  [http-nio-8080-exec-10]com.hnxx.zy.clms.common.aspect.RequestAspect.printRequestLog:148 -ÊñπÊ≥ï : com.hnxx.zy.clms.controller.LogController.getByPage
2020-04-20 21:58:32.356 INFO  [http-nio-8080-exec-10]com.hnxx.zy.clms.common.aspect.RequestAspect.printRequestLog:152 -ËØ∑Ê±ÇÂèÇÊï∞Ôºö******
2020-04-20 21:58:32.441 INFO  [http-nio-8080-exec-9]com.hnxx.zy.clms.common.aspect.RequestAspect.doAround:91 -ËÄóÊó∂ : 94
2020-04-20 21:58:32.442 INFO  [http-nio-8080-exec-9]com.hnxx.zy.clms.common.aspect.RequestAspect.doAfterReturning:109 -ËøîÂõûÂÄº:"******"
2020-04-20 21:58:32.598 INFO  [http-nio-8080-exec-10]com.hnxx.zy.clms.common.aspect.RequestAspect.doAround:91 -ËÄóÊó∂ : 246
2020-04-20 21:58:32.600 INFO  [http-nio-8080-exec-10]com.hnxx.zy.clms.common.aspect.RequestAspect.doAfterReturning:109 -ËøîÂõûÂÄº:"******"
2020-04-20 22:08:53.652 INFO  [http-nio-8080-exec-2]com.hnxx.zy.clms.common.aspect.RequestAspect.printRequestLog:142 -ËØ∑Ê±ÇÂú∞ÂùÄ : /articleType/getList
2020-04-20 22:08:53.653 INFO  [http-nio-8080-exec-2]com.hnxx.zy.clms.common.aspect.RequestAspect.printRequestLog:143 -ËØ∑Ê±ÇÊñπÂºè : GET
2020-04-20 22:08:53.653 INFO  [http-nio-8080-exec-2]com.hnxx.zy.clms.common.aspect.RequestAspect.printRequestLog:146 -IP : 127.0.0.1
2020-04-20 22:08:53.654 INFO  [http-nio-8080-exec-2]com.hnxx.zy.clms.common.aspect.RequestAspect.printRequestLog:148 -ÊñπÊ≥ï : com.hnxx.zy.clms.controller.ArticleTypeController.getList
2020-04-20 22:08:53.654 INFO  [http-nio-8080-exec-2]com.hnxx.zy.clms.common.aspect.RequestAspect.printRequestLog:152 -ËØ∑Ê±ÇÂèÇÊï∞Ôºö******
2020-04-20 22:08:53.828 INFO  [http-nio-8080-exec-2]com.hnxx.zy.clms.common.aspect.RequestAspect.doAround:91 -ËÄóÊó∂ : 176
2020-04-20 22:08:53.829 INFO  [http-nio-8080-exec-2]com.hnxx.zy.clms.common.aspect.RequestAspect.doAfterReturning:109 -ËøîÂõûÂÄº:"******"
2020-04-20 22:10:00.133 INFO  [http-nio-8080-exec-3]com.hnxx.zy.clms.common.aspect.RequestAspect.printRequestLog:142 -ËØ∑Ê±ÇÂú∞ÂùÄ : /articleType/getList
2020-04-20 22:10:00.134 INFO  [http-nio-8080-exec-3]com.hnxx.zy.clms.common.aspect.RequestAspect.printRequestLog:143 -ËØ∑Ê±ÇÊñπÂºè : GET
2020-04-20 22:10:00.134 INFO  [http-nio-8080-exec-3]com.hnxx.zy.clms.common.aspect.RequestAspect.printRequestLog:146 -IP : 127.0.0.1
2020-04-20 22:10:00.135 INFO  [http-nio-8080-exec-3]com.hnxx.zy.clms.common.aspect.RequestAspect.printRequestLog:148 -ÊñπÊ≥ï : com.hnxx.zy.clms.controller.ArticleTypeController.getList
2020-04-20 22:10:00.136 INFO  [http-nio-8080-exec-3]com.hnxx.zy.clms.common.aspect.RequestAspect.printRequestLog:152 -ËØ∑Ê±ÇÂèÇÊï∞Ôºö******
2020-04-20 22:10:00.230 INFO  [http-nio-8080-exec-3]com.hnxx.zy.clms.common.aspect.RequestAspect.doAround:91 -ËÄóÊó∂ : 97
2020-04-20 22:10:00.231 INFO  [http-nio-8080-exec-3]com.hnxx.zy.clms.common.aspect.RequestAspect.doAfterReturning:109 -ËøîÂõûÂÄº:"******"
2020-04-20 22:10:18.790 INFO  [http-nio-8080-exec-4]com.hnxx.zy.clms.common.aspect.RequestAspect.printRequestLog:142 -ËØ∑Ê±ÇÂú∞ÂùÄ : /report/getByPage
2020-04-20 22:10:18.792 INFO  [http-nio-8080-exec-4]com.hnxx.zy.clms.common.aspect.RequestAspect.printRequestLog:143 -ËØ∑Ê±ÇÊñπÂºè : POST
2020-04-20 22:10:18.792 INFO  [http-nio-8080-exec-4]com.hnxx.zy.clms.common.aspect.RequestAspect.printRequestLog:146 -IP : 127.0.0.1
2020-04-20 22:10:18.793 INFO  [http-nio-8080-exec-4]com.hnxx.zy.clms.common.aspect.RequestAspect.printRequestLog:148 -ÊñπÊ≥ï : com.hnxx.zy.clms.controller.ReportController.getByPage
2020-04-20 22:10:18.793 INFO  [http-nio-8080-exec-4]com.hnxx.zy.clms.common.aspect.RequestAspect.printRequestLog:152 -ËØ∑Ê±ÇÂèÇÊï∞Ôºö******
2020-04-20 22:10:21.660 INFO  [http-nio-8080-exec-4]com.hnxx.zy.clms.common.aspect.RequestAspect.printRequestLog:142 -ËØ∑Ê±ÇÂú∞ÂùÄ : /error
2020-04-20 22:10:21.660 INFO  [http-nio-8080-exec-4]com.hnxx.zy.clms.common.aspect.RequestAspect.printRequestLog:143 -ËØ∑Ê±ÇÊñπÂºè : POST
2020-04-20 22:10:21.661 INFO  [http-nio-8080-exec-4]com.hnxx.zy.clms.common.aspect.RequestAspect.printRequestLog:146 -IP : 127.0.0.1
2020-04-20 22:10:21.662 INFO  [http-nio-8080-exec-4]com.hnxx.zy.clms.common.aspect.RequestAspect.printRequestLog:148 -ÊñπÊ≥ï : com.hnxx.zy.clms.controller.MyErrorController.handleError
2020-04-20 22:10:21.663 INFO  [http-nio-8080-exec-4]com.hnxx.zy.clms.common.aspect.RequestAspect.printRequestLog:152 -ËØ∑Ê±ÇÂèÇÊï∞Ôºö******
2020-04-20 22:10:21.668 INFO  [http-nio-8080-exec-4]com.hnxx.zy.clms.common.aspect.RequestAspect.doAround:91 -ËÄóÊó∂ : 8
2020-04-20 22:10:21.669 INFO  [http-nio-8080-exec-4]com.hnxx.zy.clms.common.aspect.RequestAspect.doAfterReturning:109 -ËøîÂõûÂÄº:"******"
2020-04-20 22:10:45.416 INFO  [http-nio-8080-exec-5]com.hnxx.zy.clms.common.aspect.RequestAspect.printRequestLog:142 -ËØ∑Ê±ÇÂú∞ÂùÄ : /report/getByPage
2020-04-20 22:10:45.417 INFO  [http-nio-8080-exec-5]com.hnxx.zy.clms.common.aspect.RequestAspect.printRequestLog:143 -ËØ∑Ê±ÇÊñπÂºè : POST
2020-04-20 22:10:45.418 INFO  [http-nio-8080-exec-5]com.hnxx.zy.clms.common.aspect.RequestAspect.printRequestLog:146 -IP : 127.0.0.1
2020-04-20 22:10:45.418 INFO  [http-nio-8080-exec-5]com.hnxx.zy.clms.common.aspect.RequestAspect.printRequestLog:148 -ÊñπÊ≥ï : com.hnxx.zy.clms.controller.ReportController.getByPage
2020-04-20 22:10:45.419 INFO  [http-nio-8080-exec-5]com.hnxx.zy.clms.common.aspect.RequestAspect.printRequestLog:152 -ËØ∑Ê±ÇÂèÇÊï∞Ôºö******
2020-04-20 22:10:45.686 INFO  [http-nio-8080-exec-5]com.hnxx.zy.clms.common.aspect.RequestAspect.printRequestLog:142 -ËØ∑Ê±ÇÂú∞ÂùÄ : /error
2020-04-20 22:10:45.687 INFO  [http-nio-8080-exec-5]com.hnxx.zy.clms.common.aspect.RequestAspect.printRequestLog:143 -ËØ∑Ê±ÇÊñπÂºè : POST
2020-04-20 22:10:45.687 INFO  [http-nio-8080-exec-5]com.hnxx.zy.clms.common.aspect.RequestAspect.printRequestLog:146 -IP : 127.0.0.1
2020-04-20 22:10:45.687 INFO  [http-nio-8080-exec-5]com.hnxx.zy.clms.common.aspect.RequestAspect.printRequestLog:148 -ÊñπÊ≥ï : com.hnxx.zy.clms.controller.MyErrorController.handleError
2020-04-20 22:10:45.688 INFO  [http-nio-8080-exec-5]com.hnxx.zy.clms.common.aspect.RequestAspect.printRequestLog:152 -ËØ∑Ê±ÇÂèÇÊï∞Ôºö******
2020-04-20 22:10:45.688 INFO  [http-nio-8080-exec-5]com.hnxx.zy.clms.common.aspect.RequestAspect.doAround:91 -ËÄóÊó∂ : 2
2020-04-20 22:10:45.689 INFO  [http-nio-8080-exec-5]com.hnxx.zy.clms.common.aspect.RequestAspect.doAfterReturning:109 -ËøîÂõûÂÄº:"******"
2020-04-20 22:10:51.635 INFO  [http-nio-8080-exec-6]com.hnxx.zy.clms.common.aspect.RequestAspect.printRequestLog:142 -ËØ∑Ê±ÇÂú∞ÂùÄ : /question/getByPage
2020-04-20 22:10:51.637 INFO  [http-nio-8080-exec-6]com.hnxx.zy.clms.common.aspect.RequestAspect.printRequestLog:143 -ËØ∑Ê±ÇÊñπÂºè : POST
2020-04-20 22:10:51.638 INFO  [http-nio-8080-exec-6]com.hnxx.zy.clms.common.aspect.RequestAspect.printRequestLog:146 -IP : 127.0.0.1
2020-04-20 22:10:51.640 INFO  [http-nio-8080-exec-6]com.hnxx.zy.clms.common.aspect.RequestAspect.printRequestLog:148 -ÊñπÊ≥ï : com.hnxx.zy.clms.controller.QuestionController.getByPage
2020-04-20 22:10:51.641 INFO  [http-nio-8080-exec-6]com.hnxx.zy.clms.common.aspect.RequestAspect.printRequestLog:152 -ËØ∑Ê±ÇÂèÇÊï∞Ôºö******
2020-04-20 22:10:51.872 INFO  [http-nio-8080-exec-6]com.hnxx.zy.clms.common.aspect.RequestAspect.doAround:91 -ËÄóÊó∂ : 237
2020-04-20 22:10:51.882 INFO  [http-nio-8080-exec-6]com.hnxx.zy.clms.common.aspect.RequestAspect.doAfterReturning:109 -ËøîÂõûÂÄº:"******"
2020-04-20 22:10:56.791 INFO  [http-nio-8080-exec-7]com.hnxx.zy.clms.common.aspect.RequestAspect.printRequestLog:142 -ËØ∑Ê±ÇÂú∞ÂùÄ : /answer/getByPage
2020-04-20 22:10:56.792 INFO  [http-nio-8080-exec-7]com.hnxx.zy.clms.common.aspect.RequestAspect.printRequestLog:143 -ËØ∑Ê±ÇÊñπÂºè : POST
2020-04-20 22:10:56.793 INFO  [http-nio-8080-exec-7]com.hnxx.zy.clms.common.aspect.RequestAspect.printRequestLog:146 -IP : 127.0.0.1
2020-04-20 22:10:56.793 INFO  [http-nio-8080-exec-7]com.hnxx.zy.clms.common.aspect.RequestAspect.printRequestLog:148 -ÊñπÊ≥ï : com.hnxx.zy.clms.controller.AnswerController.getByPage
2020-04-20 22:10:56.794 INFO  [http-nio-8080-exec-7]com.hnxx.zy.clms.common.aspect.RequestAspect.printRequestLog:152 -ËØ∑Ê±ÇÂèÇÊï∞Ôºö******
2020-04-20 22:10:57.037 INFO  [http-nio-8080-exec-7]com.hnxx.zy.clms.common.aspect.RequestAspect.doAround:91 -ËÄóÊó∂ : 246
2020-04-20 22:10:57.057 INFO  [http-nio-8080-exec-7]com.hnxx.zy.clms.common.aspect.RequestAspect.doAfterReturning:109 -ËøîÂõûÂÄº:"******"
2020-04-20 22:11:03.666 INFO  [http-nio-8080-exec-8]com.hnxx.zy.clms.common.aspect.RequestAspect.printRequestLog:142 -ËØ∑Ê±ÇÂú∞ÂùÄ : /good/getByPage
2020-04-20 22:11:03.667 INFO  [http-nio-8080-exec-8]com.hnxx.zy.clms.common.aspect.RequestAspect.printRequestLog:143 -ËØ∑Ê±ÇÊñπÂºè : POST
2020-04-20 22:11:03.668 INFO  [http-nio-8080-exec-8]com.hnxx.zy.clms.common.aspect.RequestAspect.printRequestLog:146 -IP : 127.0.0.1
2020-04-20 22:11:03.669 INFO  [http-nio-8080-exec-8]com.hnxx.zy.clms.common.aspect.RequestAspect.printRequestLog:148 -ÊñπÊ≥ï : com.hnxx.zy.clms.controller.GoodController.getByPage
2020-04-20 22:11:03.669 INFO  [http-nio-8080-exec-8]com.hnxx.zy.clms.common.aspect.RequestAspect.printRequestLog:152 -ËØ∑Ê±ÇÂèÇÊï∞Ôºö******
2020-04-20 22:11:03.945 INFO  [http-nio-8080-exec-8]com.hnxx.zy.clms.common.aspect.RequestAspect.doAround:91 -ËÄóÊó∂ : 279
2020-04-20 22:11:03.950 INFO  [http-nio-8080-exec-8]com.hnxx.zy.clms.common.aspect.RequestAspect.doAfterReturning:109 -ËøîÂõûÂÄº:"******"
2020-04-20 22:11:09.167 INFO  [http-nio-8080-exec-9]com.hnxx.zy.clms.common.aspect.RequestAspect.printRequestLog:142 -ËØ∑Ê±ÇÂú∞ÂùÄ : /task/getByPageAdmin
2020-04-20 22:11:09.167 INFO  [http-nio-8080-exec-9]com.hnxx.zy.clms.common.aspect.RequestAspect.printRequestLog:143 -ËØ∑Ê±ÇÊñπÂºè : POST
2020-04-20 22:11:09.168 INFO  [http-nio-8080-exec-9]com.hnxx.zy.clms.common.aspect.RequestAspect.printRequestLog:146 -IP : 127.0.0.1
2020-04-20 22:11:09.168 INFO  [http-nio-8080-exec-9]com.hnxx.zy.clms.common.aspect.RequestAspect.printRequestLog:148 -ÊñπÊ≥ï : com.hnxx.zy.clms.controller.TaskController.getByPageAdmin
2020-04-20 22:11:09.169 INFO  [http-nio-8080-exec-9]com.hnxx.zy.clms.common.aspect.RequestAspect.printRequestLog:152 -ËØ∑Ê±ÇÂèÇÊï∞Ôºö******
2020-04-20 22:11:09.327 INFO  [http-nio-8080-exec-10]com.hnxx.zy.clms.common.aspect.RequestAspect.printRequestLog:142 -ËØ∑Ê±ÇÂú∞ÂùÄ : /task/getUserNum
2020-04-20 22:11:09.327 INFO  [http-nio-8080-exec-10]com.hnxx.zy.clms.common.aspect.RequestAspect.printRequestLog:143 -ËØ∑Ê±ÇÊñπÂºè : GET
2020-04-20 22:11:09.328 INFO  [http-nio-8080-exec-10]com.hnxx.zy.clms.common.aspect.RequestAspect.printRequestLog:146 -IP : 127.0.0.1
2020-04-20 22:11:09.329 INFO  [http-nio-8080-exec-10]com.hnxx.zy.clms.common.aspect.RequestAspect.printRequestLog:148 -ÊñπÊ≥ï : com.hnxx.zy.clms.controller.TaskController.getUserNum
2020-04-20 22:11:09.330 INFO  [http-nio-8080-exec-10]com.hnxx.zy.clms.common.aspect.RequestAspect.printRequestLog:152 -ËØ∑Ê±ÇÂèÇÊï∞Ôºö******
2020-04-20 22:11:09.489 INFO  [http-nio-8080-exec-10]com.hnxx.zy.clms.common.aspect.RequestAspect.doAround:91 -ËÄóÊó∂ : 163
2020-04-20 22:11:09.491 INFO  [http-nio-8080-exec-10]com.hnxx.zy.clms.common.aspect.RequestAspect.doAfterReturning:109 -ËøîÂõûÂÄº:"******"
2020-04-20 22:11:10.655 INFO  [http-nio-8080-exec-9]com.hnxx.zy.clms.common.aspect.RequestAspect.doAround:91 -ËÄóÊó∂ : 1488
2020-04-20 22:11:10.673 INFO  [http-nio-8080-exec-9]com.hnxx.zy.clms.common.aspect.RequestAspect.doAfterReturning:109 -ËøîÂõûÂÄº:"******"
2020-04-20 22:11:15.015 INFO  [http-nio-8080-exec-1]com.hnxx.zy.clms.common.aspect.RequestAspect.printRequestLog:142 -ËØ∑Ê±ÇÂú∞ÂùÄ : /report/getByPage
2020-04-20 22:11:15.018 INFO  [http-nio-8080-exec-1]com.hnxx.zy.clms.common.aspect.RequestAspect.printRequestLog:143 -ËØ∑Ê±ÇÊñπÂºè : POST
2020-04-20 22:11:15.018 INFO  [http-nio-8080-exec-1]com.hnxx.zy.clms.common.aspect.RequestAspect.printRequestLog:146 -IP : 127.0.0.1
2020-04-20 22:11:15.019 INFO  [http-nio-8080-exec-1]com.hnxx.zy.clms.common.aspect.RequestAspect.printRequestLog:148 -ÊñπÊ≥ï : com.hnxx.zy.clms.controller.ReportController.getByPage
2020-04-20 22:11:15.019 INFO  [http-nio-8080-exec-1]com.hnxx.zy.clms.common.aspect.RequestAspect.printRequestLog:152 -ËØ∑Ê±ÇÂèÇÊï∞Ôºö******
2020-04-20 22:11:15.272 INFO  [http-nio-8080-exec-1]com.hnxx.zy.clms.common.aspect.RequestAspect.printRequestLog:142 -ËØ∑Ê±ÇÂú∞ÂùÄ : /error
2020-04-20 22:11:15.273 INFO  [http-nio-8080-exec-1]com.hnxx.zy.clms.common.aspect.RequestAspect.printRequestLog:143 -ËØ∑Ê±ÇÊñπÂºè : POST
2020-04-20 22:11:15.273 INFO  [http-nio-8080-exec-1]com.hnxx.zy.clms.common.aspect.RequestAspect.printRequestLog:146 -IP : 127.0.0.1
2020-04-20 22:11:15.274 INFO  [http-nio-8080-exec-1]com.hnxx.zy.clms.common.aspect.RequestAspect.printRequestLog:148 -ÊñπÊ≥ï : com.hnxx.zy.clms.controller.MyErrorController.handleError
2020-04-20 22:11:15.274 INFO  [http-nio-8080-exec-1]com.hnxx.zy.clms.common.aspect.RequestAspect.printRequestLog:152 -ËØ∑Ê±ÇÂèÇÊï∞Ôºö******
2020-04-20 22:11:15.274 INFO  [http-nio-8080-exec-1]com.hnxx.zy.clms.common.aspect.RequestAspect.doAround:91 -ËÄóÊó∂ : 2
2020-04-20 22:11:15.274 INFO  [http-nio-8080-exec-1]com.hnxx.zy.clms.common.aspect.RequestAspect.doAfterReturning:109 -ËøîÂõûÂÄº:"******"
2020-04-20 22:11:24.087 INFO  [http-nio-8080-exec-2]com.hnxx.zy.clms.common.aspect.RequestAspect.printRequestLog:142 -ËØ∑Ê±ÇÂú∞ÂùÄ : /reportMarking/getAllMarking
2020-04-20 22:11:24.088 INFO  [http-nio-8080-exec-2]com.hnxx.zy.clms.common.aspect.RequestAspect.printRequestLog:143 -ËØ∑Ê±ÇÊñπÂºè : POST
2020-04-20 22:11:24.088 INFO  [http-nio-8080-exec-2]com.hnxx.zy.clms.common.aspect.RequestAspect.printRequestLog:146 -IP : 127.0.0.1
2020-04-20 22:11:24.089 INFO  [http-nio-8080-exec-2]com.hnxx.zy.clms.common.aspect.RequestAspect.printRequestLog:148 -ÊñπÊ≥ï : com.hnxx.zy.clms.controller.ReportMarkingController.getAllMarking
2020-04-20 22:11:24.090 INFO  [http-nio-8080-exec-2]com.hnxx.zy.clms.common.aspect.RequestAspect.printRequestLog:152 -ËØ∑Ê±ÇÂèÇÊï∞Ôºö******
2020-04-20 22:11:24.200 INFO  [http-nio-8080-exec-2]com.hnxx.zy.clms.common.aspect.RequestAspect.doAround:91 -ËÄóÊó∂ : 113
2020-04-20 22:11:24.207 INFO  [http-nio-8080-exec-2]com.hnxx.zy.clms.common.aspect.RequestAspect.doAfterReturning:109 -ËøîÂõûÂÄº:"******"
2020-04-20 22:11:27.801 INFO  [http-nio-8080-exec-3]com.hnxx.zy.clms.common.aspect.RequestAspect.printRequestLog:142 -ËØ∑Ê±ÇÂú∞ÂùÄ : /report/getByPage
2020-04-20 22:11:27.804 INFO  [http-nio-8080-exec-3]com.hnxx.zy.clms.common.aspect.RequestAspect.printRequestLog:143 -ËØ∑Ê±ÇÊñπÂºè : POST
2020-04-20 22:11:27.805 INFO  [http-nio-8080-exec-3]com.hnxx.zy.clms.common.aspect.RequestAspect.printRequestLog:146 -IP : 127.0.0.1
2020-04-20 22:11:27.806 INFO  [http-nio-8080-exec-3]com.hnxx.zy.clms.common.aspect.RequestAspect.printRequestLog:148 -ÊñπÊ≥ï : com.hnxx.zy.clms.controller.ReportController.getByPage
2020-04-20 22:11:27.806 INFO  [http-nio-8080-exec-3]com.hnxx.zy.clms.common.aspect.RequestAspect.printRequestLog:152 -ËØ∑Ê±ÇÂèÇÊï∞Ôºö******
2020-04-20 22:11:28.043 INFO  [http-nio-8080-exec-3]com.hnxx.zy.clms.common.aspect.RequestAspect.printRequestLog:142 -ËØ∑Ê±ÇÂú∞ÂùÄ : /error
2020-04-20 22:11:28.044 INFO  [http-nio-8080-exec-3]com.hnxx.zy.clms.common.aspect.RequestAspect.printRequestLog:143 -ËØ∑Ê±ÇÊñπÂºè : POST
2020-04-20 22:11:28.044 INFO  [http-nio-8080-exec-3]com.hnxx.zy.clms.common.aspect.RequestAspect.printRequestLog:146 -IP : 127.0.0.1
2020-04-20 22:11:28.045 INFO  [http-nio-8080-exec-3]com.hnxx.zy.clms.common.aspect.RequestAspect.printRequestLog:148 -ÊñπÊ≥ï : com.hnxx.zy.clms.controller.MyErrorController.handleError
2020-04-20 22:11:28.045 INFO  [http-nio-8080-exec-3]com.hnxx.zy.clms.common.aspect.RequestAspect.printRequestLog:152 -ËØ∑Ê±ÇÂèÇÊï∞Ôºö******
2020-04-20 22:11:28.046 INFO  [http-nio-8080-exec-3]com.hnxx.zy.clms.common.aspect.RequestAspect.doAround:91 -ËÄóÊó∂ : 3
2020-04-20 22:11:28.046 INFO  [http-nio-8080-exec-3]com.hnxx.zy.clms.common.aspect.RequestAspect.doAfterReturning:109 -ËøîÂõûÂÄº:"******"
2020-04-20 22:11:34.469 INFO  [http-nio-8080-exec-4]com.hnxx.zy.clms.common.aspect.RequestAspect.printRequestLog:142 -ËØ∑Ê±ÇÂú∞ÂùÄ : /task/getByPageAdmin
2020-04-20 22:11:34.470 INFO  [http-nio-8080-exec-4]com.hnxx.zy.clms.common.aspect.RequestAspect.printRequestLog:143 -ËØ∑Ê±ÇÊñπÂºè : POST
2020-04-20 22:11:34.471 INFO  [http-nio-8080-exec-4]com.hnxx.zy.clms.common.aspect.RequestAspect.printRequestLog:146 -IP : 127.0.0.1
2020-04-20 22:11:34.472 INFO  [http-nio-8080-exec-4]com.hnxx.zy.clms.common.aspect.RequestAspect.printRequestLog:148 -ÊñπÊ≥ï : com.hnxx.zy.clms.controller.TaskController.getByPageAdmin
2020-04-20 22:11:34.473 INFO  [http-nio-8080-exec-4]com.hnxx.zy.clms.common.aspect.RequestAspect.printRequestLog:152 -ËØ∑Ê±ÇÂèÇÊï∞Ôºö******
2020-04-20 22:11:34.501 INFO  [http-nio-8080-exec-5]com.hnxx.zy.clms.common.aspect.RequestAspect.printRequestLog:142 -ËØ∑Ê±ÇÂú∞ÂùÄ : /task/getUserNum
2020-04-20 22:11:34.502 INFO  [http-nio-8080-exec-5]com.hnxx.zy.clms.common.aspect.RequestAspect.printRequestLog:143 -ËØ∑Ê±ÇÊñπÂºè : GET
2020-04-20 22:11:34.503 INFO  [http-nio-8080-exec-5]com.hnxx.zy.clms.common.aspect.RequestAspect.printRequestLog:146 -IP : 127.0.0.1
2020-04-20 22:11:34.504 INFO  [http-nio-8080-exec-5]com.hnxx.zy.clms.common.aspect.RequestAspect.printRequestLog:148 -ÊñπÊ≥ï : com.hnxx.zy.clms.controller.TaskController.getUserNum
2020-04-20 22:11:34.504 INFO  [http-nio-8080-exec-5]com.hnxx.zy.clms.common.aspect.RequestAspect.printRequestLog:152 -ËØ∑Ê±ÇÂèÇÊï∞Ôºö******
2020-04-20 22:11:34.595 INFO  [http-nio-8080-exec-5]com.hnxx.zy.clms.common.aspect.RequestAspect.doAround:91 -ËÄóÊó∂ : 94
2020-04-20 22:11:34.596 INFO  [http-nio-8080-exec-5]com.hnxx.zy.clms.common.aspect.RequestAspect.doAfterReturning:109 -ËøîÂõûÂÄº:"******"
2020-04-20 22:11:35.122 INFO  [http-nio-8080-exec-4]com.hnxx.zy.clms.common.aspect.RequestAspect.doAround:91 -ËÄóÊó∂ : 653
2020-04-20 22:11:35.123 INFO  [http-nio-8080-exec-4]com.hnxx.zy.clms.common.aspect.RequestAspect.doAfterReturning:109 -ËøîÂõûÂÄº:"******"
2020-04-20 22:11:40.421 INFO  [http-nio-8080-exec-6]com.hnxx.zy.clms.common.aspect.RequestAspect.printRequestLog:142 -ËØ∑Ê±ÇÂú∞ÂùÄ : /articleType/getList
2020-04-20 22:11:40.432 INFO  [http-nio-8080-exec-6]com.hnxx.zy.clms.common.aspect.RequestAspect.printRequestLog:143 -ËØ∑Ê±ÇÊñπÂºè : GET
2020-04-20 22:11:40.437 INFO  [http-nio-8080-exec-6]com.hnxx.zy.clms.common.aspect.RequestAspect.printRequestLog:146 -IP : 127.0.0.1
2020-04-20 22:11:40.437 INFO  [http-nio-8080-exec-6]com.hnxx.zy.clms.common.aspect.RequestAspect.printRequestLog:148 -ÊñπÊ≥ï : com.hnxx.zy.clms.controller.ArticleTypeController.getList
2020-04-20 22:11:40.440 INFO  [http-nio-8080-exec-6]com.hnxx.zy.clms.common.aspect.RequestAspect.printRequestLog:152 -ËØ∑Ê±ÇÂèÇÊï∞Ôºö******
2020-04-20 22:11:40.443 INFO  [http-nio-8080-exec-7]com.hnxx.zy.clms.common.aspect.RequestAspect.printRequestLog:142 -ËØ∑Ê±ÇÂú∞ÂùÄ : /task/getByPageAdmin
2020-04-20 22:11:40.443 INFO  [http-nio-8080-exec-7]com.hnxx.zy.clms.common.aspect.RequestAspect.printRequestLog:143 -ËØ∑Ê±ÇÊñπÂºè : POST
2020-04-20 22:11:40.445 INFO  [http-nio-8080-exec-7]com.hnxx.zy.clms.common.aspect.RequestAspect.printRequestLog:146 -IP : 127.0.0.1
2020-04-20 22:11:40.446 INFO  [http-nio-8080-exec-7]com.hnxx.zy.clms.common.aspect.RequestAspect.printRequestLog:148 -ÊñπÊ≥ï : com.hnxx.zy.clms.controller.TaskController.getByPageAdmin
2020-04-20 22:11:40.448 INFO  [http-nio-8080-exec-7]com.hnxx.zy.clms.common.aspect.RequestAspect.printRequestLog:152 -ËØ∑Ê±ÇÂèÇÊï∞Ôºö******
2020-04-20 22:11:40.534 INFO  [http-nio-8080-exec-6]com.hnxx.zy.clms.common.aspect.RequestAspect.doAround:91 -ËÄóÊó∂ : 113
2020-04-20 22:11:40.535 INFO  [http-nio-8080-exec-6]com.hnxx.zy.clms.common.aspect.RequestAspect.doAfterReturning:109 -ËøîÂõûÂÄº:"******"
2020-04-20 22:11:41.111 INFO  [http-nio-8080-exec-7]com.hnxx.zy.clms.common.aspect.RequestAspect.doAround:91 -ËÄóÊó∂ : 668
2020-04-20 22:11:41.112 INFO  [http-nio-8080-exec-7]com.hnxx.zy.clms.common.aspect.RequestAspect.doAfterReturning:109 -ËøîÂõûÂÄº:"******"
2020-04-20 22:11:41.435 INFO  [http-nio-8080-exec-8]com.hnxx.zy.clms.common.aspect.RequestAspect.printRequestLog:142 -ËØ∑Ê±ÇÂú∞ÂùÄ : /task/getUserNum
2020-04-20 22:11:41.436 INFO  [http-nio-8080-exec-8]com.hnxx.zy.clms.common.aspect.RequestAspect.printRequestLog:143 -ËØ∑Ê±ÇÊñπÂºè : GET
2020-04-20 22:11:41.445 INFO  [http-nio-8080-exec-8]com.hnxx.zy.clms.common.aspect.RequestAspect.printRequestLog:146 -IP : 127.0.0.1
2020-04-20 22:11:41.448 INFO  [http-nio-8080-exec-8]com.hnxx.zy.clms.common.aspect.RequestAspect.printRequestLog:148 -ÊñπÊ≥ï : com.hnxx.zy.clms.controller.TaskController.getUserNum
2020-04-20 22:11:41.449 INFO  [http-nio-8080-exec-8]com.hnxx.zy.clms.common.aspect.RequestAspect.printRequestLog:152 -ËØ∑Ê±ÇÂèÇÊï∞Ôºö******
2020-04-20 22:11:41.540 INFO  [http-nio-8080-exec-8]com.hnxx.zy.clms.common.aspect.RequestAspect.doAround:91 -ËÄóÊó∂ : 105
2020-04-20 22:11:41.541 INFO  [http-nio-8080-exec-8]com.hnxx.zy.clms.common.aspect.RequestAspect.doAfterReturning:109 -ËøîÂõûÂÄº:"******"
2020-04-20 22:16:13.440 INFO  [http-nio-8080-exec-10]com.hnxx.zy.clms.common.aspect.RequestAspect.printRequestLog:142 -ËØ∑Ê±ÇÂú∞ÂùÄ : /articleType/getList
2020-04-20 22:16:13.441 INFO  [http-nio-8080-exec-10]com.hnxx.zy.clms.common.aspect.RequestAspect.printRequestLog:143 -ËØ∑Ê±ÇÊñπÂºè : GET
2020-04-20 22:16:13.442 INFO  [http-nio-8080-exec-10]com.hnxx.zy.clms.common.aspect.RequestAspect.printRequestLog:146 -IP : 127.0.0.1
2020-04-20 22:16:13.442 INFO  [http-nio-8080-exec-10]com.hnxx.zy.clms.common.aspect.RequestAspect.printRequestLog:148 -ÊñπÊ≥ï : com.hnxx.zy.clms.controller.ArticleTypeController.getList
2020-04-20 22:16:13.443 INFO  [http-nio-8080-exec-10]com.hnxx.zy.clms.common.aspect.RequestAspect.printRequestLog:152 -ËØ∑Ê±ÇÂèÇÊï∞Ôºö******
2020-04-20 22:16:13.532 INFO  [http-nio-8080-exec-10]com.hnxx.zy.clms.common.aspect.RequestAspect.doAround:91 -ËÄóÊó∂ : 92
2020-04-20 22:16:13.532 INFO  [http-nio-8080-exec-10]com.hnxx.zy.clms.common.aspect.RequestAspect.doAfterReturning:109 -ËøîÂõûÂÄº:"******"
2020-04-20 22:16:38.714 INFO  [http-nio-8080-exec-9]com.hnxx.zy.clms.common.aspect.RequestAspect.printRequestLog:142 -ËØ∑Ê±ÇÂú∞ÂùÄ : /articleType/getList
2020-04-20 22:16:38.715 INFO  [http-nio-8080-exec-9]com.hnxx.zy.clms.common.aspect.RequestAspect.printRequestLog:143 -ËØ∑Ê±ÇÊñπÂºè : GET
2020-04-20 22:16:38.716 INFO  [http-nio-8080-exec-9]com.hnxx.zy.clms.common.aspect.RequestAspect.printRequestLog:146 -IP : 127.0.0.1
2020-04-20 22:16:38.717 INFO  [http-nio-8080-exec-9]com.hnxx.zy.clms.common.aspect.RequestAspect.printRequestLog:148 -ÊñπÊ≥ï : com.hnxx.zy.clms.controller.ArticleTypeController.getList
2020-04-20 22:16:38.717 INFO  [http-nio-8080-exec-9]com.hnxx.zy.clms.common.aspect.RequestAspect.printRequestLog:152 -ËØ∑Ê±ÇÂèÇÊï∞Ôºö******
2020-04-20 22:16:38.825 INFO  [http-nio-8080-exec-9]com.hnxx.zy.clms.common.aspect.RequestAspect.doAround:91 -ËÄóÊó∂ : 111
2020-04-20 22:16:38.825 INFO  [http-nio-8080-exec-9]com.hnxx.zy.clms.common.aspect.RequestAspect.doAfterReturning:109 -ËøîÂõûÂÄº:"******"
2020-04-20 22:16:43.711 INFO  [http-nio-8080-exec-1]com.hnxx.zy.clms.common.aspect.RequestAspect.printRequestLog:142 -ËØ∑Ê±ÇÂú∞ÂùÄ : /articleType/getList
2020-04-20 22:16:43.712 INFO  [http-nio-8080-exec-1]com.hnxx.zy.clms.common.aspect.RequestAspect.printRequestLog:143 -ËØ∑Ê±ÇÊñπÂºè : GET
2020-04-20 22:16:43.713 INFO  [http-nio-8080-exec-1]com.hnxx.zy.clms.common.aspect.RequestAspect.printRequestLog:146 -IP : 127.0.0.1
2020-04-20 22:16:43.713 INFO  [http-nio-8080-exec-1]com.hnxx.zy.clms.common.aspect.RequestAspect.printRequestLog:148 -ÊñπÊ≥ï : com.hnxx.zy.clms.controller.ArticleTypeController.getList
2020-04-20 22:16:43.714 INFO  [http-nio-8080-exec-1]com.hnxx.zy.clms.common.aspect.RequestAspect.printRequestLog:152 -ËØ∑Ê±ÇÂèÇÊï∞Ôºö******
2020-04-20 22:16:43.804 INFO  [http-nio-8080-exec-1]com.hnxx.zy.clms.common.aspect.RequestAspect.doAround:91 -ËÄóÊó∂ : 93
2020-04-20 22:16:43.806 INFO  [http-nio-8080-exec-1]com.hnxx.zy.clms.common.aspect.RequestAspect.doAfterReturning:109 -ËøîÂõûÂÄº:"******"
2020-04-20 22:16:46.010 INFO  [http-nio-8080-exec-2]com.hnxx.zy.clms.common.aspect.RequestAspect.printRequestLog:142 -ËØ∑Ê±ÇÂú∞ÂùÄ : /report/getByPage
2020-04-20 22:16:46.010 INFO  [http-nio-8080-exec-2]com.hnxx.zy.clms.common.aspect.RequestAspect.printRequestLog:143 -ËØ∑Ê±ÇÊñπÂºè : POST
2020-04-20 22:16:46.011 INFO  [http-nio-8080-exec-2]com.hnxx.zy.clms.common.aspect.RequestAspect.printRequestLog:146 -IP : 127.0.0.1
2020-04-20 22:16:46.012 INFO  [http-nio-8080-exec-2]com.hnxx.zy.clms.common.aspect.RequestAspect.printRequestLog:148 -ÊñπÊ≥ï : com.hnxx.zy.clms.controller.ReportController.getByPage
2020-04-20 22:16:46.013 INFO  [http-nio-8080-exec-2]com.hnxx.zy.clms.common.aspect.RequestAspect.printRequestLog:152 -ËØ∑Ê±ÇÂèÇÊï∞Ôºö******
2020-04-20 22:16:46.249 INFO  [http-nio-8080-exec-2]com.hnxx.zy.clms.common.aspect.RequestAspect.printRequestLog:142 -ËØ∑Ê±ÇÂú∞ÂùÄ : /error
2020-04-20 22:16:46.250 INFO  [http-nio-8080-exec-2]com.hnxx.zy.clms.common.aspect.RequestAspect.printRequestLog:143 -ËØ∑Ê±ÇÊñπÂºè : POST
2020-04-20 22:16:46.250 INFO  [http-nio-8080-exec-2]com.hnxx.zy.clms.common.aspect.RequestAspect.printRequestLog:146 -IP : 127.0.0.1
2020-04-20 22:16:46.251 INFO  [http-nio-8080-exec-2]com.hnxx.zy.clms.common.aspect.RequestAspect.printRequestLog:148 -ÊñπÊ≥ï : com.hnxx.zy.clms.controller.MyErrorController.handleError
2020-04-20 22:16:46.251 INFO  [http-nio-8080-exec-2]com.hnxx.zy.clms.common.aspect.RequestAspect.printRequestLog:152 -ËØ∑Ê±ÇÂèÇÊï∞Ôºö******
2020-04-20 22:16:46.251 INFO  [http-nio-8080-exec-2]com.hnxx.zy.clms.common.aspect.RequestAspect.doAround:91 -ËÄóÊó∂ : 2
2020-04-20 22:16:46.252 INFO  [http-nio-8080-exec-2]com.hnxx.zy.clms.common.aspect.RequestAspect.doAfterReturning:109 -ËøîÂõûÂÄº:"******"
2020-04-20 22:16:46.732 INFO  [http-nio-8080-exec-3]com.hnxx.zy.clms.common.aspect.RequestAspect.printRequestLog:142 -ËØ∑Ê±ÇÂú∞ÂùÄ : /report/getByPage
2020-04-20 22:16:46.732 INFO  [http-nio-8080-exec-3]com.hnxx.zy.clms.common.aspect.RequestAspect.printRequestLog:143 -ËØ∑Ê±ÇÊñπÂºè : POST
2020-04-20 22:16:46.733 INFO  [http-nio-8080-exec-3]com.hnxx.zy.clms.common.aspect.RequestAspect.printRequestLog:146 -IP : 127.0.0.1
2020-04-20 22:16:46.733 INFO  [http-nio-8080-exec-3]com.hnxx.zy.clms.common.aspect.RequestAspect.printRequestLog:148 -ÊñπÊ≥ï : com.hnxx.zy.clms.controller.ReportController.getByPage
2020-04-20 22:16:46.733 INFO  [http-nio-8080-exec-3]com.hnxx.zy.clms.common.aspect.RequestAspect.printRequestLog:152 -ËØ∑Ê±ÇÂèÇÊï∞Ôºö******
2020-04-20 22:16:46.974 INFO  [http-nio-8080-exec-3]com.hnxx.zy.clms.common.aspect.RequestAspect.printRequestLog:142 -ËØ∑Ê±ÇÂú∞ÂùÄ : /error
2020-04-20 22:16:46.974 INFO  [http-nio-8080-exec-3]com.hnxx.zy.clms.common.aspect.RequestAspect.printRequestLog:143 -ËØ∑Ê±ÇÊñπÂºè : POST
2020-04-20 22:16:46.975 INFO  [http-nio-8080-exec-3]com.hnxx.zy.clms.common.aspect.RequestAspect.printRequestLog:146 -IP : 127.0.0.1
2020-04-20 22:16:46.975 INFO  [http-nio-8080-exec-3]com.hnxx.zy.clms.common.aspect.RequestAspect.printRequestLog:148 -ÊñπÊ≥ï : com.hnxx.zy.clms.controller.MyErrorController.handleError
2020-04-20 22:16:46.976 INFO  [http-nio-8080-exec-3]com.hnxx.zy.clms.common.aspect.RequestAspect.printRequestLog:152 -ËØ∑Ê±ÇÂèÇÊï∞Ôºö******
2020-04-20 22:16:46.977 INFO  [http-nio-8080-exec-3]com.hnxx.zy.clms.common.aspect.RequestAspect.doAround:91 -ËÄóÊó∂ : 3
2020-04-20 22:16:46.978 INFO  [http-nio-8080-exec-3]com.hnxx.zy.clms.common.aspect.RequestAspect.doAfterReturning:109 -ËøîÂõûÂÄº:"******"
2020-04-20 22:16:54.300 INFO  [http-nio-8080-exec-5]com.hnxx.zy.clms.common.aspect.RequestAspect.printRequestLog:142 -ËØ∑Ê±ÇÂú∞ÂùÄ : /question/getByPage
2020-04-20 22:16:54.302 INFO  [http-nio-8080-exec-5]com.hnxx.zy.clms.common.aspect.RequestAspect.printRequestLog:143 -ËØ∑Ê±ÇÊñπÂºè : POST
2020-04-20 22:16:54.303 INFO  [http-nio-8080-exec-5]com.hnxx.zy.clms.common.aspect.RequestAspect.printRequestLog:146 -IP : 127.0.0.1
2020-04-20 22:16:54.304 INFO  [http-nio-8080-exec-5]com.hnxx.zy.clms.common.aspect.RequestAspect.printRequestLog:148 -ÊñπÊ≥ï : com.hnxx.zy.clms.controller.QuestionController.getByPage
2020-04-20 22:16:54.305 INFO  [http-nio-8080-exec-5]com.hnxx.zy.clms.common.aspect.RequestAspect.printRequestLog:152 -ËØ∑Ê±ÇÂèÇÊï∞Ôºö******
2020-04-20 22:16:54.491 INFO  [http-nio-8080-exec-5]com.hnxx.zy.clms.common.aspect.RequestAspect.doAround:91 -ËÄóÊó∂ : 191
2020-04-20 22:16:54.492 INFO  [http-nio-8080-exec-5]com.hnxx.zy.clms.common.aspect.RequestAspect.doAfterReturning:109 -ËøîÂõûÂÄº:"******"
2020-04-20 22:16:56.749 INFO  [http-nio-8080-exec-4]com.hnxx.zy.clms.common.aspect.RequestAspect.printRequestLog:142 -ËØ∑Ê±ÇÂú∞ÂùÄ : /answer/getByPage
2020-04-20 22:16:56.750 INFO  [http-nio-8080-exec-4]com.hnxx.zy.clms.common.aspect.RequestAspect.printRequestLog:143 -ËØ∑Ê±ÇÊñπÂºè : POST
2020-04-20 22:16:56.751 INFO  [http-nio-8080-exec-4]com.hnxx.zy.clms.common.aspect.RequestAspect.printRequestLog:146 -IP : 127.0.0.1
2020-04-20 22:16:56.752 INFO  [http-nio-8080-exec-4]com.hnxx.zy.clms.common.aspect.RequestAspect.printRequestLog:148 -ÊñπÊ≥ï : com.hnxx.zy.clms.controller.AnswerController.getByPage
2020-04-20 22:16:56.754 INFO  [http-nio-8080-exec-4]com.hnxx.zy.clms.common.aspect.RequestAspect.printRequestLog:152 -ËØ∑Ê±ÇÂèÇÊï∞Ôºö******
2020-04-20 22:16:56.958 INFO  [http-nio-8080-exec-4]com.hnxx.zy.clms.common.aspect.RequestAspect.doAround:91 -ËÄóÊó∂ : 209
2020-04-20 22:16:56.959 INFO  [http-nio-8080-exec-4]com.hnxx.zy.clms.common.aspect.RequestAspect.doAfterReturning:109 -ËøîÂõûÂÄº:"******"
2020-04-20 22:17:03.324 INFO  [http-nio-8080-exec-6]com.hnxx.zy.clms.common.aspect.RequestAspect.printRequestLog:142 -ËØ∑Ê±ÇÂú∞ÂùÄ : /articleType/getAll
2020-04-20 22:17:03.325 INFO  [http-nio-8080-exec-6]com.hnxx.zy.clms.common.aspect.RequestAspect.printRequestLog:143 -ËØ∑Ê±ÇÊñπÂºè : GET
2020-04-20 22:17:03.325 INFO  [http-nio-8080-exec-6]com.hnxx.zy.clms.common.aspect.RequestAspect.printRequestLog:146 -IP : 127.0.0.1
2020-04-20 22:17:03.326 INFO  [http-nio-8080-exec-6]com.hnxx.zy.clms.common.aspect.RequestAspect.printRequestLog:148 -ÊñπÊ≥ï : com.hnxx.zy.clms.controller.ArticleTypeController.getAll
2020-04-20 22:17:03.327 INFO  [http-nio-8080-exec-6]com.hnxx.zy.clms.common.aspect.RequestAspect.printRequestLog:152 -ËØ∑Ê±ÇÂèÇÊï∞Ôºö******
2020-04-20 22:17:03.450 INFO  [http-nio-8080-exec-6]com.hnxx.zy.clms.common.aspect.RequestAspect.doAround:91 -ËÄóÊó∂ : 126
2020-04-20 22:17:03.451 INFO  [http-nio-8080-exec-6]com.hnxx.zy.clms.common.aspect.RequestAspect.doAfterReturning:109 -ËøîÂõûÂÄº:"******"
2020-04-20 22:17:05.982 INFO  [http-nio-8080-exec-7]com.hnxx.zy.clms.common.aspect.RequestAspect.printRequestLog:142 -ËØ∑Ê±ÇÂú∞ÂùÄ : /comment/getByPage
2020-04-20 22:17:05.982 INFO  [http-nio-8080-exec-7]com.hnxx.zy.clms.common.aspect.RequestAspect.printRequestLog:143 -ËØ∑Ê±ÇÊñπÂºè : POST
2020-04-20 22:17:05.983 INFO  [http-nio-8080-exec-7]com.hnxx.zy.clms.common.aspect.RequestAspect.printRequestLog:146 -IP : 127.0.0.1
2020-04-20 22:17:05.984 INFO  [http-nio-8080-exec-7]com.hnxx.zy.clms.common.aspect.RequestAspect.printRequestLog:148 -ÊñπÊ≥ï : com.hnxx.zy.clms.controller.CommentController.getByPage
2020-04-20 22:17:05.984 INFO  [http-nio-8080-exec-7]com.hnxx.zy.clms.common.aspect.RequestAspect.printRequestLog:152 -ËØ∑Ê±ÇÂèÇÊï∞Ôºö******
2020-04-20 22:17:06.263 INFO  [http-nio-8080-exec-7]com.hnxx.zy.clms.common.aspect.RequestAspect.doAround:91 -ËÄóÊó∂ : 281
2020-04-20 22:17:06.298 INFO  [http-nio-8080-exec-7]com.hnxx.zy.clms.common.aspect.RequestAspect.doAfterReturning:109 -ËøîÂõûÂÄº:"******"
2020-04-20 22:22:20.684 INFO  [http-nio-8080-exec-8]com.hnxx.zy.clms.common.aspect.RequestAspect.printRequestLog:142 -ËØ∑Ê±ÇÂú∞ÂùÄ : /articleType/getList
2020-04-20 22:22:20.685 INFO  [http-nio-8080-exec-8]com.hnxx.zy.clms.common.aspect.RequestAspect.printRequestLog:143 -ËØ∑Ê±ÇÊñπÂºè : GET
2020-04-20 22:22:20.685 INFO  [http-nio-8080-exec-8]com.hnxx.zy.clms.common.aspect.RequestAspect.printRequestLog:146 -IP : 127.0.0.1
2020-04-20 22:22:20.686 INFO  [http-nio-8080-exec-8]com.hnxx.zy.clms.common.aspect.RequestAspect.printRequestLog:148 -ÊñπÊ≥ï : com.hnxx.zy.clms.controller.ArticleTypeController.getList
2020-04-20 22:22:20.686 INFO  [http-nio-8080-exec-8]com.hnxx.zy.clms.common.aspect.RequestAspect.printRequestLog:152 -ËØ∑Ê±ÇÂèÇÊï∞Ôºö******
2020-04-20 22:22:20.777 INFO  [http-nio-8080-exec-8]com.hnxx.zy.clms.common.aspect.RequestAspect.doAround:91 -ËÄóÊó∂ : 93
2020-04-20 22:22:20.778 INFO  [http-nio-8080-exec-8]com.hnxx.zy.clms.common.aspect.RequestAspect.doAfterReturning:109 -ËøîÂõûÂÄº:"******"
2020-04-20 22:22:21.852 INFO  [http-nio-8080-exec-10]com.hnxx.zy.clms.common.aspect.RequestAspect.printRequestLog:142 -ËØ∑Ê±ÇÂú∞ÂùÄ : /comment/getByPage
2020-04-20 22:22:21.854 INFO  [http-nio-8080-exec-10]com.hnxx.zy.clms.common.aspect.RequestAspect.printRequestLog:143 -ËØ∑Ê±ÇÊñπÂºè : POST
2020-04-20 22:22:21.855 INFO  [http-nio-8080-exec-10]com.hnxx.zy.clms.common.aspect.RequestAspect.printRequestLog:146 -IP : 127.0.0.1
2020-04-20 22:22:21.857 INFO  [http-nio-8080-exec-10]com.hnxx.zy.clms.common.aspect.RequestAspect.printRequestLog:148 -ÊñπÊ≥ï : com.hnxx.zy.clms.controller.CommentController.getByPage
2020-04-20 22:22:21.859 INFO  [http-nio-8080-exec-10]com.hnxx.zy.clms.common.aspect.RequestAspect.printRequestLog:152 -ËØ∑Ê±ÇÂèÇÊï∞Ôºö******
2020-04-20 22:22:22.104 INFO  [http-nio-8080-exec-10]com.hnxx.zy.clms.common.aspect.RequestAspect.doAround:91 -ËÄóÊó∂ : 252
2020-04-20 22:22:22.104 INFO  [http-nio-8080-exec-10]com.hnxx.zy.clms.common.aspect.RequestAspect.doAfterReturning:109 -ËøîÂõûÂÄº:"******"
2020-04-20 22:36:13.976 INFO  [http-nio-8080-exec-1]com.hnxx.zy.clms.common.aspect.RequestAspect.printRequestLog:142 -ËØ∑Ê±ÇÂú∞ÂùÄ : /articleType/getList
2020-04-20 22:36:13.977 INFO  [http-nio-8080-exec-1]com.hnxx.zy.clms.common.aspect.RequestAspect.printRequestLog:143 -ËØ∑Ê±ÇÊñπÂºè : GET
2020-04-20 22:36:13.977 INFO  [http-nio-8080-exec-1]com.hnxx.zy.clms.common.aspect.RequestAspect.printRequestLog:146 -IP : 127.0.0.1
2020-04-20 22:36:13.978 INFO  [http-nio-8080-exec-1]com.hnxx.zy.clms.common.aspect.RequestAspect.printRequestLog:148 -ÊñπÊ≥ï : com.hnxx.zy.clms.controller.ArticleTypeController.getList
2020-04-20 22:36:13.979 INFO  [http-nio-8080-exec-1]com.hnxx.zy.clms.common.aspect.RequestAspect.printRequestLog:152 -ËØ∑Ê±ÇÂèÇÊï∞Ôºö******
2020-04-20 22:36:14.067 INFO  [http-nio-8080-exec-1]com.hnxx.zy.clms.common.aspect.RequestAspect.doAround:91 -ËÄóÊó∂ : 91
2020-04-20 22:36:14.068 INFO  [http-nio-8080-exec-1]com.hnxx.zy.clms.common.aspect.RequestAspect.doAfterReturning:109 -ËøîÂõûÂÄº:"******"
