2020-05-06 23:53:37.129 INFO  [restartedMain]com.hnxx.zy.clms.ClmsApplication.logStarting:55 -Starting ClmsApplication on WIN-20190617RXB with PID 4908 (D:\clms\target\classes started by Administrator in D:\clms)
2020-05-06 23:53:37.144 INFO  [restartedMain]com.hnxx.zy.clms.ClmsApplication.logStartupProfileInfo:651 -No active profile set, falling back to default profiles: default
2020-05-06 23:53:37.487 INFO  [restartedMain]org.springframework.boot.devtools.restart.ChangeableUrls.logTo:225 -The Class-Path manifest attribute in C:\repo\com\sun\xml\bind\jaxb-impl\2.3.0\jaxb-impl-2.3.0.jar referenced one or more files that do not exist: file:/C:/repo/com/sun/xml/bind/jaxb-impl/2.3.0/jaxb-core.jar
2020-05-06 23:53:37.488 INFO  [restartedMain]org.springframework.boot.devtools.restart.ChangeableUrls.logTo:225 -The Class-Path manifest attribute in C:\repo\com\sun\xml\bind\jaxb-core\2.3.0\jaxb-core-2.3.0.jar referenced one or more files that do not exist: file:/C:/repo/com/sun/xml/bind/jaxb-core/2.3.0/jaxb-api.jar
2020-05-06 23:53:37.499 INFO  [restartedMain]o.s.b.devtools.env.DevToolsPropertyDefaultsPostProcessor.logTo:225 -Devtools property defaults active! Set 'spring.devtools.add-properties' to 'false' to disable
2020-05-06 23:53:37.505 INFO  [restartedMain]o.s.b.devtools.env.DevToolsPropertyDefaultsPostProcessor.logTo:225 -For additional web related logging consider setting the 'logging.level.web' property to 'DEBUG'
2020-05-06 23:53:43.873 INFO  [restartedMain]o.s.boot.web.embedded.tomcat.TomcatWebServer.initialize:92 -Tomcat initialized with port(s): 8080 (http)
2020-05-06 23:53:43.890 INFO  [restartedMain]org.apache.coyote.http11.Http11NioProtocol.log:173 -Initializing ProtocolHandler ["http-nio-8080"]
2020-05-06 23:53:43.891 INFO  [restartedMain]org.apache.catalina.core.StandardService.log:173 -Starting service [Tomcat]
2020-05-06 23:53:43.892 INFO  [restartedMain]org.apache.catalina.core.StandardEngine.log:173 -Starting Servlet engine: [Apache Tomcat/9.0.31]
2020-05-06 23:53:44.424 INFO  [restartedMain]o.a.catalina.core.ContainerBase.[Tomcat].[localhost].[/].log:173 -Initializing Spring embedded WebApplicationContext
2020-05-06 23:53:44.425 INFO  [restartedMain]org.springframework.web.context.ContextLoader.prepareWebApplicationContext:284 -Root WebApplicationContext: initialization completed in 6919 ms
2020-05-06 23:53:45.786 INFO  [restartedMain]org.springframework.boot.web.servlet.RegistrationBean.register:110 -Filter webStatFilter was not registered (possibly already registered?)
2020-05-06 23:53:45.790 INFO  [restartedMain]org.springframework.boot.web.servlet.RegistrationBean.register:110 -Servlet statViewServlet was not registered (possibly already registered?)
2020-05-06 23:53:47.512 INFO  [restartedMain]o.s.security.web.DefaultSecurityFilterChain.<init>:43 -Creating filter chain: Ant [pattern='/css/**'], []
2020-05-06 23:53:47.513 INFO  [restartedMain]o.s.security.web.DefaultSecurityFilterChain.<init>:43 -Creating filter chain: Ant [pattern='/js/**,/static/**'], []
2020-05-06 23:53:47.513 INFO  [restartedMain]o.s.security.web.DefaultSecurityFilterChain.<init>:43 -Creating filter chain: Ant [pattern='/templates/**'], []
2020-05-06 23:53:47.514 INFO  [restartedMain]o.s.security.web.DefaultSecurityFilterChain.<init>:43 -Creating filter chain: Ant [pattern='/img/**'], []
2020-05-06 23:53:48.460 INFO  [restartedMain]o.s.security.web.DefaultSecurityFilterChain.<init>:43 -Creating filter chain: any request, [org.springframework.security.web.context.request.async.WebAsyncManagerIntegrationFilter@654d1ee6, org.springframework.security.web.context.SecurityContextPersistenceFilter@ccb4f51, org.springframework.security.web.header.HeaderWriterFilter@43597625, org.springframework.web.filter.CorsFilter@5585b133, org.springframework.security.web.authentication.logout.LogoutFilter@7daa8d97, com.hnxx.zy.clms.security.jwt.JwtAuthTokenFilter@232e91ce, org.springframework.security.web.authentication.UsernamePasswordAuthenticationFilter@3e60c0a4, org.springframework.security.web.savedrequest.RequestCacheAwareFilter@451142cc, org.springframework.security.web.servletapi.SecurityContextHolderAwareRequestFilter@2fc5e6c1, org.springframework.security.web.authentication.AnonymousAuthenticationFilter@511a5b9a, org.springframework.security.web.session.SessionManagementFilter@7fe4692a, org.springframework.security.web.access.ExceptionTranslationFilter@254b01df, org.springframework.security.web.access.intercept.FilterSecurityInterceptor@544a946b]
2020-05-06 23:53:48.765 INFO  [restartedMain]o.s.scheduling.concurrent.ThreadPoolTaskExecutor.initialize:181 -Initializing ExecutorService 'applicationTaskExecutor'
2020-05-06 23:53:49.704 INFO  [restartedMain]o.s.scheduling.concurrent.ThreadPoolTaskScheduler.initialize:181 -Initializing ExecutorService 'taskScheduler'
2020-05-06 23:53:49.968 INFO  [restartedMain]o.s.boot.devtools.autoconfigure.OptionalLiveReloadServer.startServer:58 -LiveReload server is running on port 35729
2020-05-06 23:53:50.063 INFO  [restartedMain]org.apache.coyote.http11.Http11NioProtocol.log:173 -Starting ProtocolHandler ["http-nio-8080"]
2020-05-06 23:53:50.109 INFO  [restartedMain]o.s.boot.web.embedded.tomcat.TomcatWebServer.start:204 -Tomcat started on port(s): 8080 (http) with context path ''
2020-05-06 23:53:50.114 INFO  [restartedMain]com.hnxx.zy.clms.ClmsApplication.logStarted:61 -Started ClmsApplication in 14.551 seconds (JVM running for 17.406)
2020-05-06 23:53:56.279 INFO  [http-nio-8080-exec-1]o.a.catalina.core.ContainerBase.[Tomcat].[localhost].[/].log:173 -Initializing Spring DispatcherServlet 'dispatcherServlet'
2020-05-06 23:53:56.280 INFO  [http-nio-8080-exec-1]org.springframework.web.servlet.DispatcherServlet.initServletBean:525 -Initializing Servlet 'dispatcherServlet'
2020-05-06 23:53:56.312 INFO  [http-nio-8080-exec-1]org.springframework.web.servlet.DispatcherServlet.initServletBean:547 -Completed initialization in 31 ms
2020-05-06 23:53:57.006 INFO  [http-nio-8080-exec-4]com.hnxx.zy.clms.common.aspect.RequestAspect.printRequestLog:142 -请求地址 : /login
2020-05-06 23:53:57.008 INFO  [http-nio-8080-exec-4]com.hnxx.zy.clms.common.aspect.RequestAspect.printRequestLog:143 -请求方式 : GET
2020-05-06 23:53:57.013 INFO  [http-nio-8080-exec-4]com.hnxx.zy.clms.common.aspect.RequestAspect.printRequestLog:146 -IP : 0:0:0:0:0:0:0:1
2020-05-06 23:53:57.015 INFO  [http-nio-8080-exec-4]com.hnxx.zy.clms.common.aspect.RequestAspect.printRequestLog:148 -方法 : com.hnxx.zy.clms.controller.LoginController.callbackLogin
2020-05-06 23:53:57.016 INFO  [http-nio-8080-exec-4]com.hnxx.zy.clms.common.aspect.RequestAspect.printRequestLog:152 -请求参数：******
2020-05-06 23:53:57.026 INFO  [http-nio-8080-exec-4]com.hnxx.zy.clms.common.aspect.RequestAspect.doAround:91 -耗时 : 20
2020-05-06 23:53:57.197 INFO  [http-nio-8080-exec-4]com.hnxx.zy.clms.common.aspect.RequestAspect.doAfterReturning:109 -返回值:"******"
2020-05-06 23:53:57.307 INFO  [http-nio-8080-exec-4]com.alibaba.druid.pool.DruidDataSource.init:930 -{dataSource-1} inited
2020-05-06 23:54:01.994 INFO  [http-nio-8080-exec-6]com.hnxx.zy.clms.common.aspect.RequestAspect.printRequestLog:142 -请求地址 : /login
2020-05-06 23:54:01.995 INFO  [http-nio-8080-exec-6]com.hnxx.zy.clms.common.aspect.RequestAspect.printRequestLog:143 -请求方式 : GET
2020-05-06 23:54:01.996 INFO  [http-nio-8080-exec-6]com.hnxx.zy.clms.common.aspect.RequestAspect.printRequestLog:146 -IP : 0:0:0:0:0:0:0:1
2020-05-06 23:54:01.997 INFO  [http-nio-8080-exec-6]com.hnxx.zy.clms.common.aspect.RequestAspect.printRequestLog:148 -方法 : com.hnxx.zy.clms.controller.LoginController.callbackLogin
2020-05-06 23:54:01.998 INFO  [http-nio-8080-exec-6]com.hnxx.zy.clms.common.aspect.RequestAspect.printRequestLog:152 -请求参数：******
2020-05-06 23:54:01.999 INFO  [http-nio-8080-exec-6]com.hnxx.zy.clms.common.aspect.RequestAspect.doAround:91 -耗时 : 5
2020-05-06 23:54:02.000 INFO  [http-nio-8080-exec-6]com.hnxx.zy.clms.common.aspect.RequestAspect.doAfterReturning:109 -返回值:"******"
2020-05-06 23:54:07.579 INFO  [http-nio-8080-exec-8]com.hnxx.zy.clms.common.aspect.RequestAspect.printRequestLog:142 -请求地址 : /login
2020-05-06 23:54:07.581 INFO  [http-nio-8080-exec-8]com.hnxx.zy.clms.common.aspect.RequestAspect.printRequestLog:143 -请求方式 : GET
2020-05-06 23:54:07.582 INFO  [http-nio-8080-exec-8]com.hnxx.zy.clms.common.aspect.RequestAspect.printRequestLog:146 -IP : 0:0:0:0:0:0:0:1
2020-05-06 23:54:07.584 INFO  [http-nio-8080-exec-8]com.hnxx.zy.clms.common.aspect.RequestAspect.printRequestLog:148 -方法 : com.hnxx.zy.clms.controller.LoginController.callbackLogin
2020-05-06 23:54:07.585 INFO  [http-nio-8080-exec-8]com.hnxx.zy.clms.common.aspect.RequestAspect.printRequestLog:152 -请求参数：******
2020-05-06 23:54:07.586 INFO  [http-nio-8080-exec-8]com.hnxx.zy.clms.common.aspect.RequestAspect.doAround:91 -耗时 : 7
2020-05-06 23:54:07.586 INFO  [http-nio-8080-exec-8]com.hnxx.zy.clms.common.aspect.RequestAspect.doAfterReturning:109 -返回值:"******"
2020-05-06 23:54:11.513 INFO  [http-nio-8080-exec-10]com.hnxx.zy.clms.common.aspect.RequestAspect.printRequestLog:142 -请求地址 : /login
2020-05-06 23:54:11.513 INFO  [http-nio-8080-exec-10]com.hnxx.zy.clms.common.aspect.RequestAspect.printRequestLog:143 -请求方式 : GET
2020-05-06 23:54:11.514 INFO  [http-nio-8080-exec-10]com.hnxx.zy.clms.common.aspect.RequestAspect.printRequestLog:146 -IP : 0:0:0:0:0:0:0:1
2020-05-06 23:54:11.516 INFO  [http-nio-8080-exec-10]com.hnxx.zy.clms.common.aspect.RequestAspect.printRequestLog:148 -方法 : com.hnxx.zy.clms.controller.LoginController.callbackLogin
2020-05-06 23:54:11.518 INFO  [http-nio-8080-exec-10]com.hnxx.zy.clms.common.aspect.RequestAspect.printRequestLog:152 -请求参数：******
2020-05-06 23:54:11.518 INFO  [http-nio-8080-exec-10]com.hnxx.zy.clms.common.aspect.RequestAspect.doAround:91 -耗时 : 5
2020-05-06 23:54:11.519 INFO  [http-nio-8080-exec-10]com.hnxx.zy.clms.common.aspect.RequestAspect.doAfterReturning:109 -返回值:"******"
2020-05-06 23:54:27.191 INFO  [http-nio-8080-exec-2]com.hnxx.zy.clms.common.aspect.RequestAspect.printRequestLog:142 -请求地址 : /login
2020-05-06 23:54:27.192 INFO  [http-nio-8080-exec-2]com.hnxx.zy.clms.common.aspect.RequestAspect.printRequestLog:143 -请求方式 : GET
2020-05-06 23:54:27.192 INFO  [http-nio-8080-exec-2]com.hnxx.zy.clms.common.aspect.RequestAspect.printRequestLog:146 -IP : 0:0:0:0:0:0:0:1
2020-05-06 23:54:27.193 INFO  [http-nio-8080-exec-2]com.hnxx.zy.clms.common.aspect.RequestAspect.printRequestLog:148 -方法 : com.hnxx.zy.clms.controller.LoginController.callbackLogin
2020-05-06 23:54:27.193 INFO  [http-nio-8080-exec-2]com.hnxx.zy.clms.common.aspect.RequestAspect.printRequestLog:152 -请求参数：******
2020-05-06 23:54:27.193 INFO  [http-nio-8080-exec-2]com.hnxx.zy.clms.common.aspect.RequestAspect.doAround:91 -耗时 : 2
2020-05-06 23:54:27.194 INFO  [http-nio-8080-exec-2]com.hnxx.zy.clms.common.aspect.RequestAspect.doAfterReturning:109 -返回值:"******"
2020-05-06 23:54:29.906 INFO  [http-nio-8080-exec-3]com.hnxx.zy.clms.common.aspect.RequestAspect.printRequestLog:142 -请求地址 : /login
2020-05-06 23:54:29.907 INFO  [http-nio-8080-exec-3]com.hnxx.zy.clms.common.aspect.RequestAspect.printRequestLog:143 -请求方式 : GET
2020-05-06 23:54:29.908 INFO  [http-nio-8080-exec-3]com.hnxx.zy.clms.common.aspect.RequestAspect.printRequestLog:146 -IP : 0:0:0:0:0:0:0:1
2020-05-06 23:54:29.908 INFO  [http-nio-8080-exec-3]com.hnxx.zy.clms.common.aspect.RequestAspect.printRequestLog:148 -方法 : com.hnxx.zy.clms.controller.LoginController.callbackLogin
2020-05-06 23:54:29.909 INFO  [http-nio-8080-exec-3]com.hnxx.zy.clms.common.aspect.RequestAspect.printRequestLog:152 -请求参数：******
2020-05-06 23:54:29.910 INFO  [http-nio-8080-exec-3]com.hnxx.zy.clms.common.aspect.RequestAspect.doAround:91 -耗时 : 4
2020-05-06 23:54:29.911 INFO  [http-nio-8080-exec-3]com.hnxx.zy.clms.common.aspect.RequestAspect.doAfterReturning:109 -返回值:"******"
2020-05-06 23:54:32.667 INFO  [http-nio-8080-exec-6]com.hnxx.zy.clms.common.aspect.RequestAspect.printRequestLog:142 -请求地址 : /login
2020-05-06 23:54:32.668 INFO  [http-nio-8080-exec-6]com.hnxx.zy.clms.common.aspect.RequestAspect.printRequestLog:143 -请求方式 : GET
2020-05-06 23:54:32.669 INFO  [http-nio-8080-exec-6]com.hnxx.zy.clms.common.aspect.RequestAspect.printRequestLog:146 -IP : 0:0:0:0:0:0:0:1
2020-05-06 23:54:32.669 INFO  [http-nio-8080-exec-6]com.hnxx.zy.clms.common.aspect.RequestAspect.printRequestLog:148 -方法 : com.hnxx.zy.clms.controller.LoginController.callbackLogin
2020-05-06 23:54:32.669 INFO  [http-nio-8080-exec-6]com.hnxx.zy.clms.common.aspect.RequestAspect.printRequestLog:152 -请求参数：******
2020-05-06 23:54:32.670 INFO  [http-nio-8080-exec-6]com.hnxx.zy.clms.common.aspect.RequestAspect.doAround:91 -耗时 : 3
2020-05-06 23:54:32.670 INFO  [http-nio-8080-exec-6]com.hnxx.zy.clms.common.aspect.RequestAspect.doAfterReturning:109 -返回值:"******"
2020-05-06 23:54:34.768 INFO  [http-nio-8080-exec-8]com.hnxx.zy.clms.common.aspect.RequestAspect.printRequestLog:142 -请求地址 : /login
2020-05-06 23:54:34.768 INFO  [http-nio-8080-exec-8]com.hnxx.zy.clms.common.aspect.RequestAspect.printRequestLog:143 -请求方式 : GET
2020-05-06 23:54:34.769 INFO  [http-nio-8080-exec-8]com.hnxx.zy.clms.common.aspect.RequestAspect.printRequestLog:146 -IP : 0:0:0:0:0:0:0:1
2020-05-06 23:54:34.769 INFO  [http-nio-8080-exec-8]com.hnxx.zy.clms.common.aspect.RequestAspect.printRequestLog:148 -方法 : com.hnxx.zy.clms.controller.LoginController.callbackLogin
2020-05-06 23:54:34.770 INFO  [http-nio-8080-exec-8]com.hnxx.zy.clms.common.aspect.RequestAspect.printRequestLog:152 -请求参数：******
2020-05-06 23:54:34.770 INFO  [http-nio-8080-exec-8]com.hnxx.zy.clms.common.aspect.RequestAspect.doAround:91 -耗时 : 2
2020-05-06 23:54:34.771 INFO  [http-nio-8080-exec-8]com.hnxx.zy.clms.common.aspect.RequestAspect.doAfterReturning:109 -返回值:"******"
2020-05-06 23:54:37.972 INFO  [http-nio-8080-exec-1]com.hnxx.zy.clms.common.aspect.RequestAspect.printRequestLog:142 -请求地址 : /login
2020-05-06 23:54:37.973 INFO  [http-nio-8080-exec-1]com.hnxx.zy.clms.common.aspect.RequestAspect.printRequestLog:143 -请求方式 : GET
2020-05-06 23:54:37.974 INFO  [http-nio-8080-exec-1]com.hnxx.zy.clms.common.aspect.RequestAspect.printRequestLog:146 -IP : 0:0:0:0:0:0:0:1
2020-05-06 23:54:37.975 INFO  [http-nio-8080-exec-1]com.hnxx.zy.clms.common.aspect.RequestAspect.printRequestLog:148 -方法 : com.hnxx.zy.clms.controller.LoginController.callbackLogin
2020-05-06 23:54:37.982 INFO  [http-nio-8080-exec-1]com.hnxx.zy.clms.common.aspect.RequestAspect.printRequestLog:152 -请求参数：******
2020-05-06 23:54:37.983 INFO  [http-nio-8080-exec-1]com.hnxx.zy.clms.common.aspect.RequestAspect.doAround:91 -耗时 : 11
2020-05-06 23:54:37.984 INFO  [http-nio-8080-exec-1]com.hnxx.zy.clms.common.aspect.RequestAspect.doAfterReturning:109 -返回值:"******"
2020-05-06 23:54:38.131 INFO  [http-nio-8080-exec-2]com.hnxx.zy.clms.common.aspect.RequestAspect.printRequestLog:142 -请求地址 : /login
2020-05-06 23:54:38.132 INFO  [http-nio-8080-exec-2]com.hnxx.zy.clms.common.aspect.RequestAspect.printRequestLog:143 -请求方式 : GET
2020-05-06 23:54:38.134 INFO  [http-nio-8080-exec-2]com.hnxx.zy.clms.common.aspect.RequestAspect.printRequestLog:146 -IP : 0:0:0:0:0:0:0:1
2020-05-06 23:54:38.135 INFO  [http-nio-8080-exec-2]com.hnxx.zy.clms.common.aspect.RequestAspect.printRequestLog:148 -方法 : com.hnxx.zy.clms.controller.LoginController.callbackLogin
2020-05-06 23:54:38.136 INFO  [http-nio-8080-exec-2]com.hnxx.zy.clms.common.aspect.RequestAspect.printRequestLog:152 -请求参数：******
2020-05-06 23:54:38.137 INFO  [http-nio-8080-exec-2]com.hnxx.zy.clms.common.aspect.RequestAspect.doAround:91 -耗时 : 6
2020-05-06 23:54:38.139 INFO  [http-nio-8080-exec-2]com.hnxx.zy.clms.common.aspect.RequestAspect.doAfterReturning:109 -返回值:"******"
2020-05-06 23:54:43.790 INFO  [http-nio-8080-exec-3]com.hnxx.zy.clms.common.aspect.RequestAspect.printRequestLog:142 -请求地址 : /login
2020-05-06 23:54:43.791 INFO  [http-nio-8080-exec-3]com.hnxx.zy.clms.common.aspect.RequestAspect.printRequestLog:143 -请求方式 : GET
2020-05-06 23:54:43.792 INFO  [http-nio-8080-exec-3]com.hnxx.zy.clms.common.aspect.RequestAspect.printRequestLog:146 -IP : 0:0:0:0:0:0:0:1
2020-05-06 23:54:43.792 INFO  [http-nio-8080-exec-3]com.hnxx.zy.clms.common.aspect.RequestAspect.printRequestLog:148 -方法 : com.hnxx.zy.clms.controller.LoginController.callbackLogin
2020-05-06 23:54:43.793 INFO  [http-nio-8080-exec-3]com.hnxx.zy.clms.common.aspect.RequestAspect.printRequestLog:152 -请求参数：******
2020-05-06 23:54:43.793 INFO  [http-nio-8080-exec-3]com.hnxx.zy.clms.common.aspect.RequestAspect.doAround:91 -耗时 : 3
2020-05-06 23:54:43.797 INFO  [http-nio-8080-exec-3]com.hnxx.zy.clms.common.aspect.RequestAspect.doAfterReturning:109 -返回值:"******"
2020-05-06 23:54:46.079 INFO  [http-nio-8080-exec-6]com.hnxx.zy.clms.common.aspect.RequestAspect.printRequestLog:142 -请求地址 : /login
2020-05-06 23:54:46.080 INFO  [http-nio-8080-exec-6]com.hnxx.zy.clms.common.aspect.RequestAspect.printRequestLog:143 -请求方式 : GET
2020-05-06 23:54:46.080 INFO  [http-nio-8080-exec-6]com.hnxx.zy.clms.common.aspect.RequestAspect.printRequestLog:146 -IP : 0:0:0:0:0:0:0:1
2020-05-06 23:54:46.080 INFO  [http-nio-8080-exec-6]com.hnxx.zy.clms.common.aspect.RequestAspect.printRequestLog:148 -方法 : com.hnxx.zy.clms.controller.LoginController.callbackLogin
2020-05-06 23:54:46.081 INFO  [http-nio-8080-exec-6]com.hnxx.zy.clms.common.aspect.RequestAspect.printRequestLog:152 -请求参数：******
2020-05-06 23:54:46.081 INFO  [http-nio-8080-exec-6]com.hnxx.zy.clms.common.aspect.RequestAspect.doAround:91 -耗时 : 2
2020-05-06 23:54:46.082 INFO  [http-nio-8080-exec-6]com.hnxx.zy.clms.common.aspect.RequestAspect.doAfterReturning:109 -返回值:"******"
2020-05-06 23:54:59.865 INFO  [http-nio-8080-exec-8]com.hnxx.zy.clms.common.aspect.RequestAspect.printRequestLog:142 -请求地址 : /login
2020-05-06 23:54:59.866 INFO  [http-nio-8080-exec-8]com.hnxx.zy.clms.common.aspect.RequestAspect.printRequestLog:143 -请求方式 : GET
2020-05-06 23:54:59.867 INFO  [http-nio-8080-exec-8]com.hnxx.zy.clms.common.aspect.RequestAspect.printRequestLog:146 -IP : 0:0:0:0:0:0:0:1
2020-05-06 23:54:59.868 INFO  [http-nio-8080-exec-8]com.hnxx.zy.clms.common.aspect.RequestAspect.printRequestLog:148 -方法 : com.hnxx.zy.clms.controller.LoginController.callbackLogin
2020-05-06 23:54:59.868 INFO  [http-nio-8080-exec-8]com.hnxx.zy.clms.common.aspect.RequestAspect.printRequestLog:152 -请求参数：******
2020-05-06 23:54:59.869 INFO  [http-nio-8080-exec-8]com.hnxx.zy.clms.common.aspect.RequestAspect.doAround:91 -耗时 : 4
2020-05-06 23:54:59.870 INFO  [http-nio-8080-exec-8]com.hnxx.zy.clms.common.aspect.RequestAspect.doAfterReturning:109 -返回值:"******"
